my_type=hypothesis
proj=yarn
u_test=org.apache.hadoop.yarn.server.resourcemanager.TestSubmitApplicationWithRMHA#testGetApplicationReportIdempotent
h_list[1]=yarn.http.policy@@@yarn:ResourceManager@@@-2@@@HTTP_ONLY@@@HTTPS_ONLY
proj: yarn
u_test: org.apache.hadoop.yarn.server.resourcemanager.TestSubmitApplicationWithRMHA#testGetApplicationReportIdempotent
h_list: yarn.http.policy@@@yarn:ResourceManager@@@-2@@@HTTP_ONLY@@@HTTPS_ONLY
updating test result for file org.apache.hadoop.yarn.server.resourcemanager.TestSubmitApplicationWithRMHA#testGetApplicationReportIdempotent
v1v2 running time = 11318925575
---> v1v2 test failed.
proj: yarn
u_test: org.apache.hadoop.yarn.server.resourcemanager.TestSubmitApplicationWithRMHA#testGetApplicationReportIdempotent
h_list: yarn.http.policy@@@yarn:ResourceManager@@@-2@@@HTTP_ONLY@@@HTTPS_ONLY
vv_mode: v1v2
result: FAIL
failureMessage: Invalid configuration! yarn.resourcemanager.hostname.rm1 or yarn.resourcemanager.webapp.https.address.rm1 needs to be set in an HA configuration.
stackTrace: org.apache.hadoop.yarn.exceptions.YarnRuntimeException: Invalid configuration! yarn.resourcemanager.hostname.rm1 or yarn.resourcemanager.webapp.https.address.rm1 needs to be set in an HA configuration.
	at org.apache.hadoop.yarn.conf.HAUtil.throwBadConfigurationException(HAUtil.java:45)
	at org.apache.hadoop.yarn.conf.HAUtil.checkAndSetRMRPCAddress(HAUtil.java:342)
	at org.apache.hadoop.yarn.conf.HAUtil.verifyAndSetRMHAIdsList(HAUtil.java:130)
	at org.apache.hadoop.yarn.conf.HAUtil.verifyAndSetConfiguration(HAUtil.java:105)
	at org.apache.hadoop.yarn.server.resourcemanager.ResourceManager.serviceInit(ResourceManager.java:284)
	at org.apache.hadoop.yarn.server.resourcemanager.MockRM.serviceInit(MockRM.java:1429)
	at org.apache.hadoop.service.AbstractService.init(AbstractService.java:164)
	at org.apache.hadoop.yarn.server.resourcemanager.MockRM.<init>(MockRM.java:164)
	at org.apache.hadoop.yarn.server.resourcemanager.RMHATestBase$1.<init>(RMHATestBase.java:109)
	at org.apache.hadoop.yarn.server.resourcemanager.RMHATestBase.initMockRMWithOldConf(RMHATestBase.java:109)
	at org.apache.hadoop.yarn.server.resourcemanager.RMHATestBase.startRMs(RMHATestBase.java:135)
	at org.apache.hadoop.yarn.server.resourcemanager.TestSubmitApplicationWithRMHA.testGetApplicationReportIdempotent(TestSubmitApplicationWithRMHA.java:182)
	at sun.reflect.NativeMethodAccessorImpl.invoke0(Native Method)
	at sun.reflect.NativeMethodAccessorImpl.invoke(NativeMethodAccessorImpl.java:62)
	at sun.reflect.DelegatingMethodAccessorImpl.invoke(DelegatingMethodAccessorImpl.java:43)
	at java.lang.reflect.Method.invoke(Method.java:498)
	at org.junit.runners.model.FrameworkMethod$1.runReflectiveCall(FrameworkMethod.java:50)
	at org.junit.internal.runners.model.ReflectiveCallable.run(ReflectiveCallable.java:12)
	at org.junit.runners.model.FrameworkMethod.invokeExplosively(FrameworkMethod.java:47)
	at org.junit.internal.runners.statements.InvokeMethod.evaluate(InvokeMethod.java:17)
	at org.apache.zookeeper.JUnit4ZKTestRunner$LoggedInvokeMethod.evaluate(JUnit4ZKTestRunner.java:55)
	at org.junit.internal.runners.statements.RunBefores.evaluate(RunBefores.java:26)
	at org.junit.internal.runners.statements.RunAfters.evaluate(RunAfters.java:27)
	at org.junit.rules.TestWatchman$1.evaluate(TestWatchman.java:53)
	at org.junit.runners.ParentRunner.runLeaf(ParentRunner.java:325)
	at org.junit.runners.BlockJUnit4ClassRunner.runChild(BlockJUnit4ClassRunner.java:78)
	at org.junit.runners.BlockJUnit4ClassRunner.runChild(BlockJUnit4ClassRunner.java:57)
	at org.junit.runners.ParentRunner$3.run(ParentRunner.java:290)
	at org.junit.runners.ParentRunner$1.schedule(ParentRunner.java:71)
	at org.junit.runners.ParentRunner.runChildren(ParentRunner.java:288)
	at org.junit.runners.ParentRunner.access$000(ParentRunner.java:58)
	at org.junit.runners.ParentRunner$2.evaluate(ParentRunner.java:268)
	at org.junit.runners.ParentRunner.run(ParentRunner.java:363)
	at org.apache.maven.surefire.junit4.JUnit4Provider.execute(JUnit4Provider.java:365)
	at org.apache.maven.surefire.junit4.JUnit4Provider.executeWithRerun(JUnit4Provider.java:273)
	at org.apache.maven.surefire.junit4.JUnit4Provider.executeTestSet(JUnit4Provider.java:238)
	at org.apache.maven.surefire.junit4.JUnit4Provider.invoke(JUnit4Provider.java:159)
	at org.apache.maven.surefire.booter.ForkedBooter.invokeProviderInSameClassLoader(ForkedBooter.java:384)
	at org.apache.maven.surefire.booter.ForkedBooter.runSuitesInProcess(ForkedBooter.java:345)
	at org.apache.maven.surefire.booter.ForkedBooter.execute(ForkedBooter.java:126)
	at org.apache.maven.surefire.booter.ForkedBooter.main(ForkedBooter.java:418)


updating test result for file org.apache.hadoop.yarn.server.resourcemanager.TestSubmitApplicationWithRMHA#testGetApplicationReportIdempotent
v1v1 running time = 12557206831
updating test result for file org.apache.hadoop.yarn.server.resourcemanager.TestSubmitApplicationWithRMHA#testGetApplicationReportIdempotent
v2v2 running time = 12928712254
---> v1v1 and v2v2 test test suceeded.
updating test result for file org.apache.hadoop.yarn.server.resourcemanager.TestSubmitApplicationWithRMHA#testGetApplicationReportIdempotent
v1v2 running time = 12254367167
---> v1v2 test failed.
proj: yarn
u_test: org.apache.hadoop.yarn.server.resourcemanager.TestSubmitApplicationWithRMHA#testGetApplicationReportIdempotent
h_list: yarn.http.policy@@@yarn:ResourceManager@@@-2@@@HTTP_ONLY@@@HTTPS_ONLY
vv_mode: v1v2
result: FAIL
failureMessage: Invalid configuration! yarn.resourcemanager.hostname.rm1 or yarn.resourcemanager.webapp.https.address.rm1 needs to be set in an HA configuration.
stackTrace: org.apache.hadoop.yarn.exceptions.YarnRuntimeException: Invalid configuration! yarn.resourcemanager.hostname.rm1 or yarn.resourcemanager.webapp.https.address.rm1 needs to be set in an HA configuration.
	at org.apache.hadoop.yarn.conf.HAUtil.throwBadConfigurationException(HAUtil.java:45)
	at org.apache.hadoop.yarn.conf.HAUtil.checkAndSetRMRPCAddress(HAUtil.java:342)
	at org.apache.hadoop.yarn.conf.HAUtil.verifyAndSetRMHAIdsList(HAUtil.java:130)
	at org.apache.hadoop.yarn.conf.HAUtil.verifyAndSetConfiguration(HAUtil.java:105)
	at org.apache.hadoop.yarn.server.resourcemanager.ResourceManager.serviceInit(ResourceManager.java:284)
	at org.apache.hadoop.yarn.server.resourcemanager.MockRM.serviceInit(MockRM.java:1429)
	at org.apache.hadoop.service.AbstractService.init(AbstractService.java:164)
	at org.apache.hadoop.yarn.server.resourcemanager.MockRM.<init>(MockRM.java:164)
	at org.apache.hadoop.yarn.server.resourcemanager.RMHATestBase$1.<init>(RMHATestBase.java:109)
	at org.apache.hadoop.yarn.server.resourcemanager.RMHATestBase.initMockRMWithOldConf(RMHATestBase.java:109)
	at org.apache.hadoop.yarn.server.resourcemanager.RMHATestBase.startRMs(RMHATestBase.java:135)
	at org.apache.hadoop.yarn.server.resourcemanager.TestSubmitApplicationWithRMHA.testGetApplicationReportIdempotent(TestSubmitApplicationWithRMHA.java:182)
	at sun.reflect.NativeMethodAccessorImpl.invoke0(Native Method)
	at sun.reflect.NativeMethodAccessorImpl.invoke(NativeMethodAccessorImpl.java:62)
	at sun.reflect.DelegatingMethodAccessorImpl.invoke(DelegatingMethodAccessorImpl.java:43)
	at java.lang.reflect.Method.invoke(Method.java:498)
	at org.junit.runners.model.FrameworkMethod$1.runReflectiveCall(FrameworkMethod.java:50)
	at org.junit.internal.runners.model.ReflectiveCallable.run(ReflectiveCallable.java:12)
	at org.junit.runners.model.FrameworkMethod.invokeExplosively(FrameworkMethod.java:47)
	at org.junit.internal.runners.statements.InvokeMethod.evaluate(InvokeMethod.java:17)
	at org.apache.zookeeper.JUnit4ZKTestRunner$LoggedInvokeMethod.evaluate(JUnit4ZKTestRunner.java:55)
	at org.junit.internal.runners.statements.RunBefores.evaluate(RunBefores.java:26)
	at org.junit.internal.runners.statements.RunAfters.evaluate(RunAfters.java:27)
	at org.junit.rules.TestWatchman$1.evaluate(TestWatchman.java:53)
	at org.junit.runners.ParentRunner.runLeaf(ParentRunner.java:325)
	at org.junit.runners.BlockJUnit4ClassRunner.runChild(BlockJUnit4ClassRunner.java:78)
	at org.junit.runners.BlockJUnit4ClassRunner.runChild(BlockJUnit4ClassRunner.java:57)
	at org.junit.runners.ParentRunner$3.run(ParentRunner.java:290)
	at org.junit.runners.ParentRunner$1.schedule(ParentRunner.java:71)
	at org.junit.runners.ParentRunner.runChildren(ParentRunner.java:288)
	at org.junit.runners.ParentRunner.access$000(ParentRunner.java:58)
	at org.junit.runners.ParentRunner$2.evaluate(ParentRunner.java:268)
	at org.junit.runners.ParentRunner.run(ParentRunner.java:363)
	at org.apache.maven.surefire.junit4.JUnit4Provider.execute(JUnit4Provider.java:365)
	at org.apache.maven.surefire.junit4.JUnit4Provider.executeWithRerun(JUnit4Provider.java:273)
	at org.apache.maven.surefire.junit4.JUnit4Provider.executeTestSet(JUnit4Provider.java:238)
	at org.apache.maven.surefire.junit4.JUnit4Provider.invoke(JUnit4Provider.java:159)
	at org.apache.maven.surefire.booter.ForkedBooter.invokeProviderInSameClassLoader(ForkedBooter.java:384)
	at org.apache.maven.surefire.booter.ForkedBooter.runSuitesInProcess(ForkedBooter.java:345)
	at org.apache.maven.surefire.booter.ForkedBooter.execute(ForkedBooter.java:126)
	at org.apache.maven.surefire.booter.ForkedBooter.main(ForkedBooter.java:418)


updating test result for file org.apache.hadoop.yarn.server.resourcemanager.TestSubmitApplicationWithRMHA#testGetApplicationReportIdempotent
v1v1 running time = 15321762923
updating test result for file org.apache.hadoop.yarn.server.resourcemanager.TestSubmitApplicationWithRMHA#testGetApplicationReportIdempotent
v2v2 running time = 15239130251
---> v1v1 and v2v2 test test suceeded.
updating test result for file org.apache.hadoop.yarn.server.resourcemanager.TestSubmitApplicationWithRMHA#testGetApplicationReportIdempotent
v1v2 running time = 12182693646
---> v1v2 test failed.
proj: yarn
u_test: org.apache.hadoop.yarn.server.resourcemanager.TestSubmitApplicationWithRMHA#testGetApplicationReportIdempotent
h_list: yarn.http.policy@@@yarn:ResourceManager@@@-2@@@HTTP_ONLY@@@HTTPS_ONLY
vv_mode: v1v2
result: FAIL
failureMessage: Invalid configuration! yarn.resourcemanager.hostname.rm1 or yarn.resourcemanager.webapp.https.address.rm1 needs to be set in an HA configuration.
stackTrace: org.apache.hadoop.yarn.exceptions.YarnRuntimeException: Invalid configuration! yarn.resourcemanager.hostname.rm1 or yarn.resourcemanager.webapp.https.address.rm1 needs to be set in an HA configuration.
	at org.apache.hadoop.yarn.conf.HAUtil.throwBadConfigurationException(HAUtil.java:45)
	at org.apache.hadoop.yarn.conf.HAUtil.checkAndSetRMRPCAddress(HAUtil.java:342)
	at org.apache.hadoop.yarn.conf.HAUtil.verifyAndSetRMHAIdsList(HAUtil.java:130)
	at org.apache.hadoop.yarn.conf.HAUtil.verifyAndSetConfiguration(HAUtil.java:105)
	at org.apache.hadoop.yarn.server.resourcemanager.ResourceManager.serviceInit(ResourceManager.java:284)
	at org.apache.hadoop.yarn.server.resourcemanager.MockRM.serviceInit(MockRM.java:1429)
	at org.apache.hadoop.service.AbstractService.init(AbstractService.java:164)
	at org.apache.hadoop.yarn.server.resourcemanager.MockRM.<init>(MockRM.java:164)
	at org.apache.hadoop.yarn.server.resourcemanager.RMHATestBase$1.<init>(RMHATestBase.java:109)
	at org.apache.hadoop.yarn.server.resourcemanager.RMHATestBase.initMockRMWithOldConf(RMHATestBase.java:109)
	at org.apache.hadoop.yarn.server.resourcemanager.RMHATestBase.startRMs(RMHATestBase.java:135)
	at org.apache.hadoop.yarn.server.resourcemanager.TestSubmitApplicationWithRMHA.testGetApplicationReportIdempotent(TestSubmitApplicationWithRMHA.java:182)
	at sun.reflect.NativeMethodAccessorImpl.invoke0(Native Method)
	at sun.reflect.NativeMethodAccessorImpl.invoke(NativeMethodAccessorImpl.java:62)
	at sun.reflect.DelegatingMethodAccessorImpl.invoke(DelegatingMethodAccessorImpl.java:43)
	at java.lang.reflect.Method.invoke(Method.java:498)
	at org.junit.runners.model.FrameworkMethod$1.runReflectiveCall(FrameworkMethod.java:50)
	at org.junit.internal.runners.model.ReflectiveCallable.run(ReflectiveCallable.java:12)
	at org.junit.runners.model.FrameworkMethod.invokeExplosively(FrameworkMethod.java:47)
	at org.junit.internal.runners.statements.InvokeMethod.evaluate(InvokeMethod.java:17)
	at org.apache.zookeeper.JUnit4ZKTestRunner$LoggedInvokeMethod.evaluate(JUnit4ZKTestRunner.java:55)
	at org.junit.internal.runners.statements.RunBefores.evaluate(RunBefores.java:26)
	at org.junit.internal.runners.statements.RunAfters.evaluate(RunAfters.java:27)
	at org.junit.rules.TestWatchman$1.evaluate(TestWatchman.java:53)
	at org.junit.runners.ParentRunner.runLeaf(ParentRunner.java:325)
	at org.junit.runners.BlockJUnit4ClassRunner.runChild(BlockJUnit4ClassRunner.java:78)
	at org.junit.runners.BlockJUnit4ClassRunner.runChild(BlockJUnit4ClassRunner.java:57)
	at org.junit.runners.ParentRunner$3.run(ParentRunner.java:290)
	at org.junit.runners.ParentRunner$1.schedule(ParentRunner.java:71)
	at org.junit.runners.ParentRunner.runChildren(ParentRunner.java:288)
	at org.junit.runners.ParentRunner.access$000(ParentRunner.java:58)
	at org.junit.runners.ParentRunner$2.evaluate(ParentRunner.java:268)
	at org.junit.runners.ParentRunner.run(ParentRunner.java:363)
	at org.apache.maven.surefire.junit4.JUnit4Provider.execute(JUnit4Provider.java:365)
	at org.apache.maven.surefire.junit4.JUnit4Provider.executeWithRerun(JUnit4Provider.java:273)
	at org.apache.maven.surefire.junit4.JUnit4Provider.executeTestSet(JUnit4Provider.java:238)
	at org.apache.maven.surefire.junit4.JUnit4Provider.invoke(JUnit4Provider.java:159)
	at org.apache.maven.surefire.booter.ForkedBooter.invokeProviderInSameClassLoader(ForkedBooter.java:384)
	at org.apache.maven.surefire.booter.ForkedBooter.runSuitesInProcess(ForkedBooter.java:345)
	at org.apache.maven.surefire.booter.ForkedBooter.execute(ForkedBooter.java:126)
	at org.apache.maven.surefire.booter.ForkedBooter.main(ForkedBooter.java:418)


updating test result for file org.apache.hadoop.yarn.server.resourcemanager.TestSubmitApplicationWithRMHA#testGetApplicationReportIdempotent
v1v1 running time = 15999494886
updating test result for file org.apache.hadoop.yarn.server.resourcemanager.TestSubmitApplicationWithRMHA#testGetApplicationReportIdempotent
v2v2 running time = 15730539380
---> v1v1 and v2v2 test test suceeded.
updating test result for file org.apache.hadoop.yarn.server.resourcemanager.TestSubmitApplicationWithRMHA#testGetApplicationReportIdempotent
v1v2 running time = 13350826330
---> v1v2 test failed.
proj: yarn
u_test: org.apache.hadoop.yarn.server.resourcemanager.TestSubmitApplicationWithRMHA#testGetApplicationReportIdempotent
h_list: yarn.http.policy@@@yarn:ResourceManager@@@-2@@@HTTP_ONLY@@@HTTPS_ONLY
vv_mode: v1v2
result: FAIL
failureMessage: Invalid configuration! yarn.resourcemanager.hostname.rm1 or yarn.resourcemanager.webapp.https.address.rm1 needs to be set in an HA configuration.
stackTrace: org.apache.hadoop.yarn.exceptions.YarnRuntimeException: Invalid configuration! yarn.resourcemanager.hostname.rm1 or yarn.resourcemanager.webapp.https.address.rm1 needs to be set in an HA configuration.
	at org.apache.hadoop.yarn.conf.HAUtil.throwBadConfigurationException(HAUtil.java:45)
	at org.apache.hadoop.yarn.conf.HAUtil.checkAndSetRMRPCAddress(HAUtil.java:342)
	at org.apache.hadoop.yarn.conf.HAUtil.verifyAndSetRMHAIdsList(HAUtil.java:130)
	at org.apache.hadoop.yarn.conf.HAUtil.verifyAndSetConfiguration(HAUtil.java:105)
	at org.apache.hadoop.yarn.server.resourcemanager.ResourceManager.serviceInit(ResourceManager.java:284)
	at org.apache.hadoop.yarn.server.resourcemanager.MockRM.serviceInit(MockRM.java:1429)
	at org.apache.hadoop.service.AbstractService.init(AbstractService.java:164)
	at org.apache.hadoop.yarn.server.resourcemanager.MockRM.<init>(MockRM.java:164)
	at org.apache.hadoop.yarn.server.resourcemanager.RMHATestBase$1.<init>(RMHATestBase.java:109)
	at org.apache.hadoop.yarn.server.resourcemanager.RMHATestBase.initMockRMWithOldConf(RMHATestBase.java:109)
	at org.apache.hadoop.yarn.server.resourcemanager.RMHATestBase.startRMs(RMHATestBase.java:135)
	at org.apache.hadoop.yarn.server.resourcemanager.TestSubmitApplicationWithRMHA.testGetApplicationReportIdempotent(TestSubmitApplicationWithRMHA.java:182)
	at sun.reflect.NativeMethodAccessorImpl.invoke0(Native Method)
	at sun.reflect.NativeMethodAccessorImpl.invoke(NativeMethodAccessorImpl.java:62)
	at sun.reflect.DelegatingMethodAccessorImpl.invoke(DelegatingMethodAccessorImpl.java:43)
	at java.lang.reflect.Method.invoke(Method.java:498)
	at org.junit.runners.model.FrameworkMethod$1.runReflectiveCall(FrameworkMethod.java:50)
	at org.junit.internal.runners.model.ReflectiveCallable.run(ReflectiveCallable.java:12)
	at org.junit.runners.model.FrameworkMethod.invokeExplosively(FrameworkMethod.java:47)
	at org.junit.internal.runners.statements.InvokeMethod.evaluate(InvokeMethod.java:17)
	at org.apache.zookeeper.JUnit4ZKTestRunner$LoggedInvokeMethod.evaluate(JUnit4ZKTestRunner.java:55)
	at org.junit.internal.runners.statements.RunBefores.evaluate(RunBefores.java:26)
	at org.junit.internal.runners.statements.RunAfters.evaluate(RunAfters.java:27)
	at org.junit.rules.TestWatchman$1.evaluate(TestWatchman.java:53)
	at org.junit.runners.ParentRunner.runLeaf(ParentRunner.java:325)
	at org.junit.runners.BlockJUnit4ClassRunner.runChild(BlockJUnit4ClassRunner.java:78)
	at org.junit.runners.BlockJUnit4ClassRunner.runChild(BlockJUnit4ClassRunner.java:57)
	at org.junit.runners.ParentRunner$3.run(ParentRunner.java:290)
	at org.junit.runners.ParentRunner$1.schedule(ParentRunner.java:71)
	at org.junit.runners.ParentRunner.runChildren(ParentRunner.java:288)
	at org.junit.runners.ParentRunner.access$000(ParentRunner.java:58)
	at org.junit.runners.ParentRunner$2.evaluate(ParentRunner.java:268)
	at org.junit.runners.ParentRunner.run(ParentRunner.java:363)
	at org.apache.maven.surefire.junit4.JUnit4Provider.execute(JUnit4Provider.java:365)
	at org.apache.maven.surefire.junit4.JUnit4Provider.executeWithRerun(JUnit4Provider.java:273)
	at org.apache.maven.surefire.junit4.JUnit4Provider.executeTestSet(JUnit4Provider.java:238)
	at org.apache.maven.surefire.junit4.JUnit4Provider.invoke(JUnit4Provider.java:159)
	at org.apache.maven.surefire.booter.ForkedBooter.invokeProviderInSameClassLoader(ForkedBooter.java:384)
	at org.apache.maven.surefire.booter.ForkedBooter.runSuitesInProcess(ForkedBooter.java:345)
	at org.apache.maven.surefire.booter.ForkedBooter.execute(ForkedBooter.java:126)
	at org.apache.maven.surefire.booter.ForkedBooter.main(ForkedBooter.java:418)


updating test result for file org.apache.hadoop.yarn.server.resourcemanager.TestSubmitApplicationWithRMHA#testGetApplicationReportIdempotent
v1v1 running time = 16426433184
updating test result for file org.apache.hadoop.yarn.server.resourcemanager.TestSubmitApplicationWithRMHA#testGetApplicationReportIdempotent
v2v2 running time = 16310319129
---> v1v1 and v2v2 test test suceeded.
updating test result for file org.apache.hadoop.yarn.server.resourcemanager.TestSubmitApplicationWithRMHA#testGetApplicationReportIdempotent
v1v2 running time = 13662990544
---> v1v2 test failed.
proj: yarn
u_test: org.apache.hadoop.yarn.server.resourcemanager.TestSubmitApplicationWithRMHA#testGetApplicationReportIdempotent
h_list: yarn.http.policy@@@yarn:ResourceManager@@@-2@@@HTTP_ONLY@@@HTTPS_ONLY
vv_mode: v1v2
result: FAIL
failureMessage: Invalid configuration! yarn.resourcemanager.hostname.rm1 or yarn.resourcemanager.webapp.https.address.rm1 needs to be set in an HA configuration.
stackTrace: org.apache.hadoop.yarn.exceptions.YarnRuntimeException: Invalid configuration! yarn.resourcemanager.hostname.rm1 or yarn.resourcemanager.webapp.https.address.rm1 needs to be set in an HA configuration.
	at org.apache.hadoop.yarn.conf.HAUtil.throwBadConfigurationException(HAUtil.java:45)
	at org.apache.hadoop.yarn.conf.HAUtil.checkAndSetRMRPCAddress(HAUtil.java:342)
	at org.apache.hadoop.yarn.conf.HAUtil.verifyAndSetRMHAIdsList(HAUtil.java:130)
	at org.apache.hadoop.yarn.conf.HAUtil.verifyAndSetConfiguration(HAUtil.java:105)
	at org.apache.hadoop.yarn.server.resourcemanager.ResourceManager.serviceInit(ResourceManager.java:284)
	at org.apache.hadoop.yarn.server.resourcemanager.MockRM.serviceInit(MockRM.java:1429)
	at org.apache.hadoop.service.AbstractService.init(AbstractService.java:164)
	at org.apache.hadoop.yarn.server.resourcemanager.MockRM.<init>(MockRM.java:164)
	at org.apache.hadoop.yarn.server.resourcemanager.RMHATestBase$1.<init>(RMHATestBase.java:109)
	at org.apache.hadoop.yarn.server.resourcemanager.RMHATestBase.initMockRMWithOldConf(RMHATestBase.java:109)
	at org.apache.hadoop.yarn.server.resourcemanager.RMHATestBase.startRMs(RMHATestBase.java:135)
	at org.apache.hadoop.yarn.server.resourcemanager.TestSubmitApplicationWithRMHA.testGetApplicationReportIdempotent(TestSubmitApplicationWithRMHA.java:182)
	at sun.reflect.NativeMethodAccessorImpl.invoke0(Native Method)
	at sun.reflect.NativeMethodAccessorImpl.invoke(NativeMethodAccessorImpl.java:62)
	at sun.reflect.DelegatingMethodAccessorImpl.invoke(DelegatingMethodAccessorImpl.java:43)
	at java.lang.reflect.Method.invoke(Method.java:498)
	at org.junit.runners.model.FrameworkMethod$1.runReflectiveCall(FrameworkMethod.java:50)
	at org.junit.internal.runners.model.ReflectiveCallable.run(ReflectiveCallable.java:12)
	at org.junit.runners.model.FrameworkMethod.invokeExplosively(FrameworkMethod.java:47)
	at org.junit.internal.runners.statements.InvokeMethod.evaluate(InvokeMethod.java:17)
	at org.apache.zookeeper.JUnit4ZKTestRunner$LoggedInvokeMethod.evaluate(JUnit4ZKTestRunner.java:55)
	at org.junit.internal.runners.statements.RunBefores.evaluate(RunBefores.java:26)
	at org.junit.internal.runners.statements.RunAfters.evaluate(RunAfters.java:27)
	at org.junit.rules.TestWatchman$1.evaluate(TestWatchman.java:53)
	at org.junit.runners.ParentRunner.runLeaf(ParentRunner.java:325)
	at org.junit.runners.BlockJUnit4ClassRunner.runChild(BlockJUnit4ClassRunner.java:78)
	at org.junit.runners.BlockJUnit4ClassRunner.runChild(BlockJUnit4ClassRunner.java:57)
	at org.junit.runners.ParentRunner$3.run(ParentRunner.java:290)
	at org.junit.runners.ParentRunner$1.schedule(ParentRunner.java:71)
	at org.junit.runners.ParentRunner.runChildren(ParentRunner.java:288)
	at org.junit.runners.ParentRunner.access$000(ParentRunner.java:58)
	at org.junit.runners.ParentRunner$2.evaluate(ParentRunner.java:268)
	at org.junit.runners.ParentRunner.run(ParentRunner.java:363)
	at org.apache.maven.surefire.junit4.JUnit4Provider.execute(JUnit4Provider.java:365)
	at org.apache.maven.surefire.junit4.JUnit4Provider.executeWithRerun(JUnit4Provider.java:273)
	at org.apache.maven.surefire.junit4.JUnit4Provider.executeTestSet(JUnit4Provider.java:238)
	at org.apache.maven.surefire.junit4.JUnit4Provider.invoke(JUnit4Provider.java:159)
	at org.apache.maven.surefire.booter.ForkedBooter.invokeProviderInSameClassLoader(ForkedBooter.java:384)
	at org.apache.maven.surefire.booter.ForkedBooter.runSuitesInProcess(ForkedBooter.java:345)
	at org.apache.maven.surefire.booter.ForkedBooter.execute(ForkedBooter.java:126)
	at org.apache.maven.surefire.booter.ForkedBooter.main(ForkedBooter.java:418)


updating test result for file org.apache.hadoop.yarn.server.resourcemanager.TestSubmitApplicationWithRMHA#testGetApplicationReportIdempotent
v1v1 running time = 13787075346
updating test result for file org.apache.hadoop.yarn.server.resourcemanager.TestSubmitApplicationWithRMHA#testGetApplicationReportIdempotent
v2v2 running time = 15644132431
---> v1v1 and v2v2 test test suceeded.
updating test result for file org.apache.hadoop.yarn.server.resourcemanager.TestSubmitApplicationWithRMHA#testGetApplicationReportIdempotent
v1v2 running time = 11863426939
---> v1v2 test failed.
proj: yarn
u_test: org.apache.hadoop.yarn.server.resourcemanager.TestSubmitApplicationWithRMHA#testGetApplicationReportIdempotent
h_list: yarn.http.policy@@@yarn:ResourceManager@@@-2@@@HTTP_ONLY@@@HTTPS_ONLY
vv_mode: v1v2
result: FAIL
failureMessage: Invalid configuration! yarn.resourcemanager.hostname.rm1 or yarn.resourcemanager.webapp.https.address.rm1 needs to be set in an HA configuration.
stackTrace: org.apache.hadoop.yarn.exceptions.YarnRuntimeException: Invalid configuration! yarn.resourcemanager.hostname.rm1 or yarn.resourcemanager.webapp.https.address.rm1 needs to be set in an HA configuration.
	at org.apache.hadoop.yarn.conf.HAUtil.throwBadConfigurationException(HAUtil.java:45)
	at org.apache.hadoop.yarn.conf.HAUtil.checkAndSetRMRPCAddress(HAUtil.java:342)
	at org.apache.hadoop.yarn.conf.HAUtil.verifyAndSetRMHAIdsList(HAUtil.java:130)
	at org.apache.hadoop.yarn.conf.HAUtil.verifyAndSetConfiguration(HAUtil.java:105)
	at org.apache.hadoop.yarn.server.resourcemanager.ResourceManager.serviceInit(ResourceManager.java:284)
	at org.apache.hadoop.yarn.server.resourcemanager.MockRM.serviceInit(MockRM.java:1429)
	at org.apache.hadoop.service.AbstractService.init(AbstractService.java:164)
	at org.apache.hadoop.yarn.server.resourcemanager.MockRM.<init>(MockRM.java:164)
	at org.apache.hadoop.yarn.server.resourcemanager.RMHATestBase$1.<init>(RMHATestBase.java:109)
	at org.apache.hadoop.yarn.server.resourcemanager.RMHATestBase.initMockRMWithOldConf(RMHATestBase.java:109)
	at org.apache.hadoop.yarn.server.resourcemanager.RMHATestBase.startRMs(RMHATestBase.java:135)
	at org.apache.hadoop.yarn.server.resourcemanager.TestSubmitApplicationWithRMHA.testGetApplicationReportIdempotent(TestSubmitApplicationWithRMHA.java:182)
	at sun.reflect.NativeMethodAccessorImpl.invoke0(Native Method)
	at sun.reflect.NativeMethodAccessorImpl.invoke(NativeMethodAccessorImpl.java:62)
	at sun.reflect.DelegatingMethodAccessorImpl.invoke(DelegatingMethodAccessorImpl.java:43)
	at java.lang.reflect.Method.invoke(Method.java:498)
	at org.junit.runners.model.FrameworkMethod$1.runReflectiveCall(FrameworkMethod.java:50)
	at org.junit.internal.runners.model.ReflectiveCallable.run(ReflectiveCallable.java:12)
	at org.junit.runners.model.FrameworkMethod.invokeExplosively(FrameworkMethod.java:47)
	at org.junit.internal.runners.statements.InvokeMethod.evaluate(InvokeMethod.java:17)
	at org.apache.zookeeper.JUnit4ZKTestRunner$LoggedInvokeMethod.evaluate(JUnit4ZKTestRunner.java:55)
	at org.junit.internal.runners.statements.RunBefores.evaluate(RunBefores.java:26)
	at org.junit.internal.runners.statements.RunAfters.evaluate(RunAfters.java:27)
	at org.junit.rules.TestWatchman$1.evaluate(TestWatchman.java:53)
	at org.junit.runners.ParentRunner.runLeaf(ParentRunner.java:325)
	at org.junit.runners.BlockJUnit4ClassRunner.runChild(BlockJUnit4ClassRunner.java:78)
	at org.junit.runners.BlockJUnit4ClassRunner.runChild(BlockJUnit4ClassRunner.java:57)
	at org.junit.runners.ParentRunner$3.run(ParentRunner.java:290)
	at org.junit.runners.ParentRunner$1.schedule(ParentRunner.java:71)
	at org.junit.runners.ParentRunner.runChildren(ParentRunner.java:288)
	at org.junit.runners.ParentRunner.access$000(ParentRunner.java:58)
	at org.junit.runners.ParentRunner$2.evaluate(ParentRunner.java:268)
	at org.junit.runners.ParentRunner.run(ParentRunner.java:363)
	at org.apache.maven.surefire.junit4.JUnit4Provider.execute(JUnit4Provider.java:365)
	at org.apache.maven.surefire.junit4.JUnit4Provider.executeWithRerun(JUnit4Provider.java:273)
	at org.apache.maven.surefire.junit4.JUnit4Provider.executeTestSet(JUnit4Provider.java:238)
	at org.apache.maven.surefire.junit4.JUnit4Provider.invoke(JUnit4Provider.java:159)
	at org.apache.maven.surefire.booter.ForkedBooter.invokeProviderInSameClassLoader(ForkedBooter.java:384)
	at org.apache.maven.surefire.booter.ForkedBooter.runSuitesInProcess(ForkedBooter.java:345)
	at org.apache.maven.surefire.booter.ForkedBooter.execute(ForkedBooter.java:126)
	at org.apache.maven.surefire.booter.ForkedBooter.main(ForkedBooter.java:418)


updating test result for file org.apache.hadoop.yarn.server.resourcemanager.TestSubmitApplicationWithRMHA#testGetApplicationReportIdempotent
v1v1 running time = 12948445266
updating test result for file org.apache.hadoop.yarn.server.resourcemanager.TestSubmitApplicationWithRMHA#testGetApplicationReportIdempotent
v2v2 running time = 13661080372
---> v1v1 and v2v2 test test suceeded.
updating test result for file org.apache.hadoop.yarn.server.resourcemanager.TestSubmitApplicationWithRMHA#testGetApplicationReportIdempotent
v1v2 running time = 12307242847
---> v1v2 test failed.
proj: yarn
u_test: org.apache.hadoop.yarn.server.resourcemanager.TestSubmitApplicationWithRMHA#testGetApplicationReportIdempotent
h_list: yarn.http.policy@@@yarn:ResourceManager@@@-2@@@HTTP_ONLY@@@HTTPS_ONLY
vv_mode: v1v2
result: FAIL
failureMessage: Invalid configuration! yarn.resourcemanager.hostname.rm1 or yarn.resourcemanager.webapp.https.address.rm1 needs to be set in an HA configuration.
stackTrace: org.apache.hadoop.yarn.exceptions.YarnRuntimeException: Invalid configuration! yarn.resourcemanager.hostname.rm1 or yarn.resourcemanager.webapp.https.address.rm1 needs to be set in an HA configuration.
	at org.apache.hadoop.yarn.conf.HAUtil.throwBadConfigurationException(HAUtil.java:45)
	at org.apache.hadoop.yarn.conf.HAUtil.checkAndSetRMRPCAddress(HAUtil.java:342)
	at org.apache.hadoop.yarn.conf.HAUtil.verifyAndSetRMHAIdsList(HAUtil.java:130)
	at org.apache.hadoop.yarn.conf.HAUtil.verifyAndSetConfiguration(HAUtil.java:105)
	at org.apache.hadoop.yarn.server.resourcemanager.ResourceManager.serviceInit(ResourceManager.java:284)
	at org.apache.hadoop.yarn.server.resourcemanager.MockRM.serviceInit(MockRM.java:1429)
	at org.apache.hadoop.service.AbstractService.init(AbstractService.java:164)
	at org.apache.hadoop.yarn.server.resourcemanager.MockRM.<init>(MockRM.java:164)
	at org.apache.hadoop.yarn.server.resourcemanager.RMHATestBase$1.<init>(RMHATestBase.java:109)
	at org.apache.hadoop.yarn.server.resourcemanager.RMHATestBase.initMockRMWithOldConf(RMHATestBase.java:109)
	at org.apache.hadoop.yarn.server.resourcemanager.RMHATestBase.startRMs(RMHATestBase.java:135)
	at org.apache.hadoop.yarn.server.resourcemanager.TestSubmitApplicationWithRMHA.testGetApplicationReportIdempotent(TestSubmitApplicationWithRMHA.java:182)
	at sun.reflect.NativeMethodAccessorImpl.invoke0(Native Method)
	at sun.reflect.NativeMethodAccessorImpl.invoke(NativeMethodAccessorImpl.java:62)
	at sun.reflect.DelegatingMethodAccessorImpl.invoke(DelegatingMethodAccessorImpl.java:43)
	at java.lang.reflect.Method.invoke(Method.java:498)
	at org.junit.runners.model.FrameworkMethod$1.runReflectiveCall(FrameworkMethod.java:50)
	at org.junit.internal.runners.model.ReflectiveCallable.run(ReflectiveCallable.java:12)
	at org.junit.runners.model.FrameworkMethod.invokeExplosively(FrameworkMethod.java:47)
	at org.junit.internal.runners.statements.InvokeMethod.evaluate(InvokeMethod.java:17)
	at org.apache.zookeeper.JUnit4ZKTestRunner$LoggedInvokeMethod.evaluate(JUnit4ZKTestRunner.java:55)
	at org.junit.internal.runners.statements.RunBefores.evaluate(RunBefores.java:26)
	at org.junit.internal.runners.statements.RunAfters.evaluate(RunAfters.java:27)
	at org.junit.rules.TestWatchman$1.evaluate(TestWatchman.java:53)
	at org.junit.runners.ParentRunner.runLeaf(ParentRunner.java:325)
	at org.junit.runners.BlockJUnit4ClassRunner.runChild(BlockJUnit4ClassRunner.java:78)
	at org.junit.runners.BlockJUnit4ClassRunner.runChild(BlockJUnit4ClassRunner.java:57)
	at org.junit.runners.ParentRunner$3.run(ParentRunner.java:290)
	at org.junit.runners.ParentRunner$1.schedule(ParentRunner.java:71)
	at org.junit.runners.ParentRunner.runChildren(ParentRunner.java:288)
	at org.junit.runners.ParentRunner.access$000(ParentRunner.java:58)
	at org.junit.runners.ParentRunner$2.evaluate(ParentRunner.java:268)
	at org.junit.runners.ParentRunner.run(ParentRunner.java:363)
	at org.apache.maven.surefire.junit4.JUnit4Provider.execute(JUnit4Provider.java:365)
	at org.apache.maven.surefire.junit4.JUnit4Provider.executeWithRerun(JUnit4Provider.java:273)
	at org.apache.maven.surefire.junit4.JUnit4Provider.executeTestSet(JUnit4Provider.java:238)
	at org.apache.maven.surefire.junit4.JUnit4Provider.invoke(JUnit4Provider.java:159)
	at org.apache.maven.surefire.booter.ForkedBooter.invokeProviderInSameClassLoader(ForkedBooter.java:384)
	at org.apache.maven.surefire.booter.ForkedBooter.runSuitesInProcess(ForkedBooter.java:345)
	at org.apache.maven.surefire.booter.ForkedBooter.execute(ForkedBooter.java:126)
	at org.apache.maven.surefire.booter.ForkedBooter.main(ForkedBooter.java:418)


updating test result for file org.apache.hadoop.yarn.server.resourcemanager.TestSubmitApplicationWithRMHA#testGetApplicationReportIdempotent
v1v1 running time = 14315713180
updating test result for file org.apache.hadoop.yarn.server.resourcemanager.TestSubmitApplicationWithRMHA#testGetApplicationReportIdempotent
v2v2 running time = 14062552090
---> v1v1 and v2v2 test test suceeded.
early stop after 7 is satisfied
v1v2 failed with probability 7 out of 7
v1v1v2v2 failed with probability 0 out of 7
Total execution time in seconds : 291
0
