my_type=hypothesis
proj=hdfs
u_test=org.apache.hadoop.hdfs.TestReconstructStripedFile#testRecoverAllDataBlocks
h_list[1]=dfs.blockreport.incremental.intervalMsec@@@hdfs:DataNode@@@-1@@@10000000@@@0
proj: hdfs
u_test: org.apache.hadoop.hdfs.TestReconstructStripedFile#testRecoverAllDataBlocks
h_list: dfs.blockreport.incremental.intervalMsec@@@hdfs:DataNode@@@-1@@@10000000@@@0
updating test result for file org.apache.hadoop.hdfs.TestReconstructStripedFile#testRecoverAllDataBlocks
v1v2 running time = 34427524993
---> v1v2 test failed.
proj: hdfs
u_test: org.apache.hadoop.hdfs.TestReconstructStripedFile#testRecoverAllDataBlocks
h_list: dfs.blockreport.incremental.intervalMsec@@@hdfs:DataNode@@@-1@@@10000000@@@0
vv_mode: v1v2
result: FAIL
failureMessage: Failed to reconstruct striped block: -9223372036854775773
stackTrace: java.lang.AssertionError: Failed to reconstruct striped block: -9223372036854775773
	at org.junit.Assert.fail(Assert.java:88)
	at org.apache.hadoop.hdfs.TestReconstructStripedFile.sortTargetsByReplicas(TestReconstructStripedFile.java:418)
	at org.apache.hadoop.hdfs.TestReconstructStripedFile.assertFileBlocksReconstruction(TestReconstructStripedFile.java:384)
	at org.apache.hadoop.hdfs.TestReconstructStripedFile.testRecoverAllDataBlocks(TestReconstructStripedFile.java:187)
	at sun.reflect.NativeMethodAccessorImpl.invoke0(Native Method)
	at sun.reflect.NativeMethodAccessorImpl.invoke(NativeMethodAccessorImpl.java:62)
	at sun.reflect.DelegatingMethodAccessorImpl.invoke(DelegatingMethodAccessorImpl.java:43)
	at java.lang.reflect.Method.invoke(Method.java:498)
	at org.junit.runners.model.FrameworkMethod$1.runReflectiveCall(FrameworkMethod.java:50)
	at org.junit.internal.runners.model.ReflectiveCallable.run(ReflectiveCallable.java:12)
	at org.junit.runners.model.FrameworkMethod.invokeExplosively(FrameworkMethod.java:47)
	at org.junit.internal.runners.statements.InvokeMethod.evaluate(InvokeMethod.java:17)
	at org.junit.internal.runners.statements.FailOnTimeout$CallableStatement.call(FailOnTimeout.java:298)
	at org.junit.internal.runners.statements.FailOnTimeout$CallableStatement.call(FailOnTimeout.java:292)
	at java.util.concurrent.FutureTask.run(FutureTask.java:266)
	at java.lang.Thread.run(Thread.java:748)


updating test result for file org.apache.hadoop.hdfs.TestReconstructStripedFile#testRecoverAllDataBlocks
v1v1 running time = 34880074803
updating test result for file org.apache.hadoop.hdfs.TestReconstructStripedFile#testRecoverAllDataBlocks
v2v2 running time = 36686111389
---> v1v1 or v2v2 test failed.
v1v1 failed in a hypo test
proj: hdfs
u_test: org.apache.hadoop.hdfs.TestReconstructStripedFile#testRecoverAllDataBlocks
h_list: dfs.blockreport.incremental.intervalMsec@@@hdfs:DataNode@@@-1@@@10000000@@@0
vv_mode: v1v1
result: FAIL
failureMessage: expected:<8> but was:<7>
stackTrace: java.lang.AssertionError: expected:<8> but was:<7>
	at org.junit.Assert.fail(Assert.java:88)
	at org.junit.Assert.failNotEquals(Assert.java:834)
	at org.junit.Assert.assertEquals(Assert.java:645)
	at org.junit.Assert.assertEquals(Assert.java:631)
	at org.apache.hadoop.hdfs.TestReconstructStripedFile.assertFileBlocksReconstruction(TestReconstructStripedFile.java:372)
	at org.apache.hadoop.hdfs.TestReconstructStripedFile.testRecoverAllDataBlocks(TestReconstructStripedFile.java:187)
	at sun.reflect.NativeMethodAccessorImpl.invoke0(Native Method)
	at sun.reflect.NativeMethodAccessorImpl.invoke(NativeMethodAccessorImpl.java:62)
	at sun.reflect.DelegatingMethodAccessorImpl.invoke(DelegatingMethodAccessorImpl.java:43)
	at java.lang.reflect.Method.invoke(Method.java:498)
	at org.junit.runners.model.FrameworkMethod$1.runReflectiveCall(FrameworkMethod.java:50)
	at org.junit.internal.runners.model.ReflectiveCallable.run(ReflectiveCallable.java:12)
	at org.junit.runners.model.FrameworkMethod.invokeExplosively(FrameworkMethod.java:47)
	at org.junit.internal.runners.statements.InvokeMethod.evaluate(InvokeMethod.java:17)
	at org.junit.internal.runners.statements.FailOnTimeout$CallableStatement.call(FailOnTimeout.java:298)
	at org.junit.internal.runners.statements.FailOnTimeout$CallableStatement.call(FailOnTimeout.java:292)
	at java.util.concurrent.FutureTask.run(FutureTask.java:266)
	at java.lang.Thread.run(Thread.java:748)


updating test result for file org.apache.hadoop.hdfs.TestReconstructStripedFile#testRecoverAllDataBlocks
v1v2 running time = 29499844312
---> v1v2 test failed.
proj: hdfs
u_test: org.apache.hadoop.hdfs.TestReconstructStripedFile#testRecoverAllDataBlocks
h_list: dfs.blockreport.incremental.intervalMsec@@@hdfs:DataNode@@@-1@@@10000000@@@0
vv_mode: v1v2
result: FAIL
failureMessage: expected:<9> but was:<8>
stackTrace: java.lang.AssertionError: expected:<9> but was:<8>
	at org.junit.Assert.fail(Assert.java:88)
	at org.junit.Assert.failNotEquals(Assert.java:834)
	at org.junit.Assert.assertEquals(Assert.java:645)
	at org.junit.Assert.assertEquals(Assert.java:631)
	at org.apache.hadoop.hdfs.TestReconstructStripedFile.assertFileBlocksReconstruction(TestReconstructStripedFile.java:372)
	at org.apache.hadoop.hdfs.TestReconstructStripedFile.testRecoverAllDataBlocks(TestReconstructStripedFile.java:187)
	at sun.reflect.NativeMethodAccessorImpl.invoke0(Native Method)
	at sun.reflect.NativeMethodAccessorImpl.invoke(NativeMethodAccessorImpl.java:62)
	at sun.reflect.DelegatingMethodAccessorImpl.invoke(DelegatingMethodAccessorImpl.java:43)
	at java.lang.reflect.Method.invoke(Method.java:498)
	at org.junit.runners.model.FrameworkMethod$1.runReflectiveCall(FrameworkMethod.java:50)
	at org.junit.internal.runners.model.ReflectiveCallable.run(ReflectiveCallable.java:12)
	at org.junit.runners.model.FrameworkMethod.invokeExplosively(FrameworkMethod.java:47)
	at org.junit.internal.runners.statements.InvokeMethod.evaluate(InvokeMethod.java:17)
	at org.junit.internal.runners.statements.FailOnTimeout$CallableStatement.call(FailOnTimeout.java:298)
	at org.junit.internal.runners.statements.FailOnTimeout$CallableStatement.call(FailOnTimeout.java:292)
	at java.util.concurrent.FutureTask.run(FutureTask.java:266)
	at java.lang.Thread.run(Thread.java:748)


updating test result for file org.apache.hadoop.hdfs.TestReconstructStripedFile#testRecoverAllDataBlocks
v1v1 running time = 37488214647
updating test result for file org.apache.hadoop.hdfs.TestReconstructStripedFile#testRecoverAllDataBlocks
v2v2 running time = 36228363668
---> v1v1 and v2v2 test test suceeded.
updating test result for file org.apache.hadoop.hdfs.TestReconstructStripedFile#testRecoverAllDataBlocks
v1v2 running time = 91381330948
---> v1v2 test failed.
proj: hdfs
u_test: org.apache.hadoop.hdfs.TestReconstructStripedFile#testRecoverAllDataBlocks
h_list: dfs.blockreport.incremental.intervalMsec@@@hdfs:DataNode@@@-1@@@10000000@@@0
vv_mode: v1v2
result: FAIL
failureMessage: Time out waiting for EC block reconstruction.
stackTrace: java.io.IOException: Time out waiting for EC block reconstruction.
	at org.apache.hadoop.hdfs.StripedFileTestUtil.waitForReconstructionFinished(StripedFileTestUtil.java:540)
	at org.apache.hadoop.hdfs.TestReconstructStripedFile.assertFileBlocksReconstruction(TestReconstructStripedFile.java:382)
	at org.apache.hadoop.hdfs.TestReconstructStripedFile.testRecoverAllDataBlocks(TestReconstructStripedFile.java:187)
	at sun.reflect.NativeMethodAccessorImpl.invoke0(Native Method)
	at sun.reflect.NativeMethodAccessorImpl.invoke(NativeMethodAccessorImpl.java:62)
	at sun.reflect.DelegatingMethodAccessorImpl.invoke(DelegatingMethodAccessorImpl.java:43)
	at java.lang.reflect.Method.invoke(Method.java:498)
	at org.junit.runners.model.FrameworkMethod$1.runReflectiveCall(FrameworkMethod.java:50)
	at org.junit.internal.runners.model.ReflectiveCallable.run(ReflectiveCallable.java:12)
	at org.junit.runners.model.FrameworkMethod.invokeExplosively(FrameworkMethod.java:47)
	at org.junit.internal.runners.statements.InvokeMethod.evaluate(InvokeMethod.java:17)
	at org.junit.internal.runners.statements.FailOnTimeout$CallableStatement.call(FailOnTimeout.java:298)
	at org.junit.internal.runners.statements.FailOnTimeout$CallableStatement.call(FailOnTimeout.java:292)
	at java.util.concurrent.FutureTask.run(FutureTask.java:266)
	at java.lang.Thread.run(Thread.java:748)


updating test result for file org.apache.hadoop.hdfs.TestReconstructStripedFile#testRecoverAllDataBlocks
v1v1 running time = 39560521082
updating test result for file org.apache.hadoop.hdfs.TestReconstructStripedFile#testRecoverAllDataBlocks
v2v2 running time = 35557850290
---> v1v1 and v2v2 test test suceeded.
updating test result for file org.apache.hadoop.hdfs.TestReconstructStripedFile#testRecoverAllDataBlocks
v1v2 running time = 27831178319
---> v1v2 test failed.
proj: hdfs
u_test: org.apache.hadoop.hdfs.TestReconstructStripedFile#testRecoverAllDataBlocks
h_list: dfs.blockreport.incremental.intervalMsec@@@hdfs:DataNode@@@-1@@@10000000@@@0
vv_mode: v1v2
result: FAIL
failureMessage: expected:<8> but was:<7>
stackTrace: java.lang.AssertionError: expected:<8> but was:<7>
	at org.junit.Assert.fail(Assert.java:88)
	at org.junit.Assert.failNotEquals(Assert.java:834)
	at org.junit.Assert.assertEquals(Assert.java:645)
	at org.junit.Assert.assertEquals(Assert.java:631)
	at org.apache.hadoop.hdfs.TestReconstructStripedFile.assertFileBlocksReconstruction(TestReconstructStripedFile.java:372)
	at org.apache.hadoop.hdfs.TestReconstructStripedFile.testRecoverAllDataBlocks(TestReconstructStripedFile.java:187)
	at sun.reflect.NativeMethodAccessorImpl.invoke0(Native Method)
	at sun.reflect.NativeMethodAccessorImpl.invoke(NativeMethodAccessorImpl.java:62)
	at sun.reflect.DelegatingMethodAccessorImpl.invoke(DelegatingMethodAccessorImpl.java:43)
	at java.lang.reflect.Method.invoke(Method.java:498)
	at org.junit.runners.model.FrameworkMethod$1.runReflectiveCall(FrameworkMethod.java:50)
	at org.junit.internal.runners.model.ReflectiveCallable.run(ReflectiveCallable.java:12)
	at org.junit.runners.model.FrameworkMethod.invokeExplosively(FrameworkMethod.java:47)
	at org.junit.internal.runners.statements.InvokeMethod.evaluate(InvokeMethod.java:17)
	at org.junit.internal.runners.statements.FailOnTimeout$CallableStatement.call(FailOnTimeout.java:298)
	at org.junit.internal.runners.statements.FailOnTimeout$CallableStatement.call(FailOnTimeout.java:292)
	at java.util.concurrent.FutureTask.run(FutureTask.java:266)
	at java.lang.Thread.run(Thread.java:748)


updating test result for file org.apache.hadoop.hdfs.TestReconstructStripedFile#testRecoverAllDataBlocks
v1v1 running time = 44469132151
updating test result for file org.apache.hadoop.hdfs.TestReconstructStripedFile#testRecoverAllDataBlocks
v2v2 running time = 33815291041
---> v1v1 or v2v2 test failed.
v1v1 failed in a hypo test
proj: hdfs
u_test: org.apache.hadoop.hdfs.TestReconstructStripedFile#testRecoverAllDataBlocks
h_list: dfs.blockreport.incremental.intervalMsec@@@hdfs:DataNode@@@-1@@@10000000@@@0
vv_mode: v1v1
result: FAIL
failureMessage: Failed to reconstruct striped block: -9223372036854775771
stackTrace: java.lang.AssertionError: Failed to reconstruct striped block: -9223372036854775771
	at org.junit.Assert.fail(Assert.java:88)
	at org.apache.hadoop.hdfs.TestReconstructStripedFile.sortTargetsByReplicas(TestReconstructStripedFile.java:418)
	at org.apache.hadoop.hdfs.TestReconstructStripedFile.assertFileBlocksReconstruction(TestReconstructStripedFile.java:384)
	at org.apache.hadoop.hdfs.TestReconstructStripedFile.testRecoverAllDataBlocks(TestReconstructStripedFile.java:187)
	at sun.reflect.NativeMethodAccessorImpl.invoke0(Native Method)
	at sun.reflect.NativeMethodAccessorImpl.invoke(NativeMethodAccessorImpl.java:62)
	at sun.reflect.DelegatingMethodAccessorImpl.invoke(DelegatingMethodAccessorImpl.java:43)
	at java.lang.reflect.Method.invoke(Method.java:498)
	at org.junit.runners.model.FrameworkMethod$1.runReflectiveCall(FrameworkMethod.java:50)
	at org.junit.internal.runners.model.ReflectiveCallable.run(ReflectiveCallable.java:12)
	at org.junit.runners.model.FrameworkMethod.invokeExplosively(FrameworkMethod.java:47)
	at org.junit.internal.runners.statements.InvokeMethod.evaluate(InvokeMethod.java:17)
	at org.junit.internal.runners.statements.FailOnTimeout$CallableStatement.call(FailOnTimeout.java:298)
	at org.junit.internal.runners.statements.FailOnTimeout$CallableStatement.call(FailOnTimeout.java:292)
	at java.util.concurrent.FutureTask.run(FutureTask.java:266)
	at java.lang.Thread.run(Thread.java:748)


updating test result for file org.apache.hadoop.hdfs.TestReconstructStripedFile#testRecoverAllDataBlocks
v1v2 running time = 30273469112
---> v1v2 test failed.
proj: hdfs
u_test: org.apache.hadoop.hdfs.TestReconstructStripedFile#testRecoverAllDataBlocks
h_list: dfs.blockreport.incremental.intervalMsec@@@hdfs:DataNode@@@-1@@@10000000@@@0
vv_mode: v1v2
result: FAIL
failureMessage: Failed to reconstruct striped block: -9223372036854775773
stackTrace: java.lang.AssertionError: Failed to reconstruct striped block: -9223372036854775773
	at org.junit.Assert.fail(Assert.java:88)
	at org.apache.hadoop.hdfs.TestReconstructStripedFile.sortTargetsByReplicas(TestReconstructStripedFile.java:418)
	at org.apache.hadoop.hdfs.TestReconstructStripedFile.assertFileBlocksReconstruction(TestReconstructStripedFile.java:384)
	at org.apache.hadoop.hdfs.TestReconstructStripedFile.testRecoverAllDataBlocks(TestReconstructStripedFile.java:187)
	at sun.reflect.NativeMethodAccessorImpl.invoke0(Native Method)
	at sun.reflect.NativeMethodAccessorImpl.invoke(NativeMethodAccessorImpl.java:62)
	at sun.reflect.DelegatingMethodAccessorImpl.invoke(DelegatingMethodAccessorImpl.java:43)
	at java.lang.reflect.Method.invoke(Method.java:498)
	at org.junit.runners.model.FrameworkMethod$1.runReflectiveCall(FrameworkMethod.java:50)
	at org.junit.internal.runners.model.ReflectiveCallable.run(ReflectiveCallable.java:12)
	at org.junit.runners.model.FrameworkMethod.invokeExplosively(FrameworkMethod.java:47)
	at org.junit.internal.runners.statements.InvokeMethod.evaluate(InvokeMethod.java:17)
	at org.junit.internal.runners.statements.FailOnTimeout$CallableStatement.call(FailOnTimeout.java:298)
	at org.junit.internal.runners.statements.FailOnTimeout$CallableStatement.call(FailOnTimeout.java:292)
	at java.util.concurrent.FutureTask.run(FutureTask.java:266)
	at java.lang.Thread.run(Thread.java:748)


updating test result for file org.apache.hadoop.hdfs.TestReconstructStripedFile#testRecoverAllDataBlocks
v1v1 running time = 34264019719
updating test result for file org.apache.hadoop.hdfs.TestReconstructStripedFile#testRecoverAllDataBlocks
v2v2 running time = 37801983041
---> v1v1 and v2v2 test test suceeded.
updating test result for file org.apache.hadoop.hdfs.TestReconstructStripedFile#testRecoverAllDataBlocks
v1v2 running time = 29674874932
---> v1v2 test failed.
proj: hdfs
u_test: org.apache.hadoop.hdfs.TestReconstructStripedFile#testRecoverAllDataBlocks
h_list: dfs.blockreport.incremental.intervalMsec@@@hdfs:DataNode@@@-1@@@10000000@@@0
vv_mode: v1v2
result: FAIL
failureMessage: expected:<9> but was:<8>
stackTrace: java.lang.AssertionError: expected:<9> but was:<8>
	at org.junit.Assert.fail(Assert.java:88)
	at org.junit.Assert.failNotEquals(Assert.java:834)
	at org.junit.Assert.assertEquals(Assert.java:645)
	at org.junit.Assert.assertEquals(Assert.java:631)
	at org.apache.hadoop.hdfs.TestReconstructStripedFile.assertFileBlocksReconstruction(TestReconstructStripedFile.java:372)
	at org.apache.hadoop.hdfs.TestReconstructStripedFile.testRecoverAllDataBlocks(TestReconstructStripedFile.java:187)
	at sun.reflect.NativeMethodAccessorImpl.invoke0(Native Method)
	at sun.reflect.NativeMethodAccessorImpl.invoke(NativeMethodAccessorImpl.java:62)
	at sun.reflect.DelegatingMethodAccessorImpl.invoke(DelegatingMethodAccessorImpl.java:43)
	at java.lang.reflect.Method.invoke(Method.java:498)
	at org.junit.runners.model.FrameworkMethod$1.runReflectiveCall(FrameworkMethod.java:50)
	at org.junit.internal.runners.model.ReflectiveCallable.run(ReflectiveCallable.java:12)
	at org.junit.runners.model.FrameworkMethod.invokeExplosively(FrameworkMethod.java:47)
	at org.junit.internal.runners.statements.InvokeMethod.evaluate(InvokeMethod.java:17)
	at org.junit.internal.runners.statements.FailOnTimeout$CallableStatement.call(FailOnTimeout.java:298)
	at org.junit.internal.runners.statements.FailOnTimeout$CallableStatement.call(FailOnTimeout.java:292)
	at java.util.concurrent.FutureTask.run(FutureTask.java:266)
	at java.lang.Thread.run(Thread.java:748)


updating test result for file org.apache.hadoop.hdfs.TestReconstructStripedFile#testRecoverAllDataBlocks
v1v1 running time = 42481425247
updating test result for file org.apache.hadoop.hdfs.TestReconstructStripedFile#testRecoverAllDataBlocks
v2v2 running time = 26412275825
---> v1v1 and v2v2 test test suceeded.
updating test result for file org.apache.hadoop.hdfs.TestReconstructStripedFile#testRecoverAllDataBlocks
v1v2 running time = 26754624353
---> v1v2 test failed.
proj: hdfs
u_test: org.apache.hadoop.hdfs.TestReconstructStripedFile#testRecoverAllDataBlocks
h_list: dfs.blockreport.incremental.intervalMsec@@@hdfs:DataNode@@@-1@@@10000000@@@0
vv_mode: v1v2
result: FAIL
failureMessage: Failed to reconstruct striped block: -9223372036854775776
stackTrace: java.lang.AssertionError: Failed to reconstruct striped block: -9223372036854775776
	at org.junit.Assert.fail(Assert.java:88)
	at org.apache.hadoop.hdfs.TestReconstructStripedFile.sortTargetsByReplicas(TestReconstructStripedFile.java:418)
	at org.apache.hadoop.hdfs.TestReconstructStripedFile.assertFileBlocksReconstruction(TestReconstructStripedFile.java:384)
	at org.apache.hadoop.hdfs.TestReconstructStripedFile.testRecoverAllDataBlocks(TestReconstructStripedFile.java:187)
	at sun.reflect.NativeMethodAccessorImpl.invoke0(Native Method)
	at sun.reflect.NativeMethodAccessorImpl.invoke(NativeMethodAccessorImpl.java:62)
	at sun.reflect.DelegatingMethodAccessorImpl.invoke(DelegatingMethodAccessorImpl.java:43)
	at java.lang.reflect.Method.invoke(Method.java:498)
	at org.junit.runners.model.FrameworkMethod$1.runReflectiveCall(FrameworkMethod.java:50)
	at org.junit.internal.runners.model.ReflectiveCallable.run(ReflectiveCallable.java:12)
	at org.junit.runners.model.FrameworkMethod.invokeExplosively(FrameworkMethod.java:47)
	at org.junit.internal.runners.statements.InvokeMethod.evaluate(InvokeMethod.java:17)
	at org.junit.internal.runners.statements.FailOnTimeout$CallableStatement.call(FailOnTimeout.java:298)
	at org.junit.internal.runners.statements.FailOnTimeout$CallableStatement.call(FailOnTimeout.java:292)
	at java.util.concurrent.FutureTask.run(FutureTask.java:266)
	at java.lang.Thread.run(Thread.java:748)


updating test result for file org.apache.hadoop.hdfs.TestReconstructStripedFile#testRecoverAllDataBlocks
v1v1 running time = 43431993615
updating test result for file org.apache.hadoop.hdfs.TestReconstructStripedFile#testRecoverAllDataBlocks
v2v2 running time = 25411694197
---> v1v1 and v2v2 test test suceeded.
updating test result for file org.apache.hadoop.hdfs.TestReconstructStripedFile#testRecoverAllDataBlocks
v1v2 running time = 94373618517
---> v1v2 test failed.
proj: hdfs
u_test: org.apache.hadoop.hdfs.TestReconstructStripedFile#testRecoverAllDataBlocks
h_list: dfs.blockreport.incremental.intervalMsec@@@hdfs:DataNode@@@-1@@@10000000@@@0
vv_mode: v1v2
result: FAIL
failureMessage: Time out waiting for EC block reconstruction.
stackTrace: java.io.IOException: Time out waiting for EC block reconstruction.
	at org.apache.hadoop.hdfs.StripedFileTestUtil.waitForReconstructionFinished(StripedFileTestUtil.java:540)
	at org.apache.hadoop.hdfs.TestReconstructStripedFile.assertFileBlocksReconstruction(TestReconstructStripedFile.java:382)
	at org.apache.hadoop.hdfs.TestReconstructStripedFile.testRecoverAllDataBlocks(TestReconstructStripedFile.java:187)
	at sun.reflect.NativeMethodAccessorImpl.invoke0(Native Method)
	at sun.reflect.NativeMethodAccessorImpl.invoke(NativeMethodAccessorImpl.java:62)
	at sun.reflect.DelegatingMethodAccessorImpl.invoke(DelegatingMethodAccessorImpl.java:43)
	at java.lang.reflect.Method.invoke(Method.java:498)
	at org.junit.runners.model.FrameworkMethod$1.runReflectiveCall(FrameworkMethod.java:50)
	at org.junit.internal.runners.model.ReflectiveCallable.run(ReflectiveCallable.java:12)
	at org.junit.runners.model.FrameworkMethod.invokeExplosively(FrameworkMethod.java:47)
	at org.junit.internal.runners.statements.InvokeMethod.evaluate(InvokeMethod.java:17)
	at org.junit.internal.runners.statements.FailOnTimeout$CallableStatement.call(FailOnTimeout.java:298)
	at org.junit.internal.runners.statements.FailOnTimeout$CallableStatement.call(FailOnTimeout.java:292)
	at java.util.concurrent.FutureTask.run(FutureTask.java:266)
	at java.lang.Thread.run(Thread.java:748)


updating test result for file org.apache.hadoop.hdfs.TestReconstructStripedFile#testRecoverAllDataBlocks
v1v1 running time = 45320517395
updating test result for file org.apache.hadoop.hdfs.TestReconstructStripedFile#testRecoverAllDataBlocks
v2v2 running time = 36332102246
---> v1v1 and v2v2 test test suceeded.
updating test result for file org.apache.hadoop.hdfs.TestReconstructStripedFile#testRecoverAllDataBlocks
v1v2 running time = 38850809327
---> v1v2 test failed.
proj: hdfs
u_test: org.apache.hadoop.hdfs.TestReconstructStripedFile#testRecoverAllDataBlocks
h_list: dfs.blockreport.incremental.intervalMsec@@@hdfs:DataNode@@@-1@@@10000000@@@0
vv_mode: v1v2
result: FAIL
failureMessage: Failed to reconstruct striped block: -9223372036854775773
stackTrace: java.lang.AssertionError: Failed to reconstruct striped block: -9223372036854775773
	at org.junit.Assert.fail(Assert.java:88)
	at org.apache.hadoop.hdfs.TestReconstructStripedFile.sortTargetsByReplicas(TestReconstructStripedFile.java:418)
	at org.apache.hadoop.hdfs.TestReconstructStripedFile.assertFileBlocksReconstruction(TestReconstructStripedFile.java:384)
	at org.apache.hadoop.hdfs.TestReconstructStripedFile.testRecoverAllDataBlocks(TestReconstructStripedFile.java:187)
	at sun.reflect.NativeMethodAccessorImpl.invoke0(Native Method)
	at sun.reflect.NativeMethodAccessorImpl.invoke(NativeMethodAccessorImpl.java:62)
	at sun.reflect.DelegatingMethodAccessorImpl.invoke(DelegatingMethodAccessorImpl.java:43)
	at java.lang.reflect.Method.invoke(Method.java:498)
	at org.junit.runners.model.FrameworkMethod$1.runReflectiveCall(FrameworkMethod.java:50)
	at org.junit.internal.runners.model.ReflectiveCallable.run(ReflectiveCallable.java:12)
	at org.junit.runners.model.FrameworkMethod.invokeExplosively(FrameworkMethod.java:47)
	at org.junit.internal.runners.statements.InvokeMethod.evaluate(InvokeMethod.java:17)
	at org.junit.internal.runners.statements.FailOnTimeout$CallableStatement.call(FailOnTimeout.java:298)
	at org.junit.internal.runners.statements.FailOnTimeout$CallableStatement.call(FailOnTimeout.java:292)
	at java.util.concurrent.FutureTask.run(FutureTask.java:266)
	at java.lang.Thread.run(Thread.java:748)


updating test result for file org.apache.hadoop.hdfs.TestReconstructStripedFile#testRecoverAllDataBlocks
v1v1 running time = 43891041227
updating test result for file org.apache.hadoop.hdfs.TestReconstructStripedFile#testRecoverAllDataBlocks
v2v2 running time = 28219200979
---> v1v1 and v2v2 test test suceeded.
updating test result for file org.apache.hadoop.hdfs.TestReconstructStripedFile#testRecoverAllDataBlocks
v1v2 running time = 41930292937
---> v1v2 test suceeded.
updating test result for file org.apache.hadoop.hdfs.TestReconstructStripedFile#testRecoverAllDataBlocks
v1v1 running time = 39500897699
updating test result for file org.apache.hadoop.hdfs.TestReconstructStripedFile#testRecoverAllDataBlocks
v2v2 running time = 38947169427
---> v1v1 and v2v2 test test suceeded.
updating test result for file org.apache.hadoop.hdfs.TestReconstructStripedFile#testRecoverAllDataBlocks
v1v2 running time = 25540851468
---> v1v2 test failed.
proj: hdfs
u_test: org.apache.hadoop.hdfs.TestReconstructStripedFile#testRecoverAllDataBlocks
h_list: dfs.blockreport.incremental.intervalMsec@@@hdfs:DataNode@@@-1@@@10000000@@@0
vv_mode: v1v2
result: FAIL
failureMessage: expected:<8> but was:<7>
stackTrace: java.lang.AssertionError: expected:<8> but was:<7>
	at org.junit.Assert.fail(Assert.java:88)
	at org.junit.Assert.failNotEquals(Assert.java:834)
	at org.junit.Assert.assertEquals(Assert.java:645)
	at org.junit.Assert.assertEquals(Assert.java:631)
	at org.apache.hadoop.hdfs.TestReconstructStripedFile.assertFileBlocksReconstruction(TestReconstructStripedFile.java:372)
	at org.apache.hadoop.hdfs.TestReconstructStripedFile.testRecoverAllDataBlocks(TestReconstructStripedFile.java:187)
	at sun.reflect.NativeMethodAccessorImpl.invoke0(Native Method)
	at sun.reflect.NativeMethodAccessorImpl.invoke(NativeMethodAccessorImpl.java:62)
	at sun.reflect.DelegatingMethodAccessorImpl.invoke(DelegatingMethodAccessorImpl.java:43)
	at java.lang.reflect.Method.invoke(Method.java:498)
	at org.junit.runners.model.FrameworkMethod$1.runReflectiveCall(FrameworkMethod.java:50)
	at org.junit.internal.runners.model.ReflectiveCallable.run(ReflectiveCallable.java:12)
	at org.junit.runners.model.FrameworkMethod.invokeExplosively(FrameworkMethod.java:47)
	at org.junit.internal.runners.statements.InvokeMethod.evaluate(InvokeMethod.java:17)
	at org.junit.internal.runners.statements.FailOnTimeout$CallableStatement.call(FailOnTimeout.java:298)
	at org.junit.internal.runners.statements.FailOnTimeout$CallableStatement.call(FailOnTimeout.java:292)
	at java.util.concurrent.FutureTask.run(FutureTask.java:266)
	at java.lang.Thread.run(Thread.java:748)


updating test result for file org.apache.hadoop.hdfs.TestReconstructStripedFile#testRecoverAllDataBlocks
v1v1 running time = 37961352301
updating test result for file org.apache.hadoop.hdfs.TestReconstructStripedFile#testRecoverAllDataBlocks
v2v2 running time = 33165265418
---> v1v1 and v2v2 test test suceeded.
updating test result for file org.apache.hadoop.hdfs.TestReconstructStripedFile#testRecoverAllDataBlocks
v1v2 running time = 31267288544
---> v1v2 test failed.
proj: hdfs
u_test: org.apache.hadoop.hdfs.TestReconstructStripedFile#testRecoverAllDataBlocks
h_list: dfs.blockreport.incremental.intervalMsec@@@hdfs:DataNode@@@-1@@@10000000@@@0
vv_mode: v1v2
result: FAIL
failureMessage: expected:<8> but was:<7>
stackTrace: java.lang.AssertionError: expected:<8> but was:<7>
	at org.junit.Assert.fail(Assert.java:88)
	at org.junit.Assert.failNotEquals(Assert.java:834)
	at org.junit.Assert.assertEquals(Assert.java:645)
	at org.junit.Assert.assertEquals(Assert.java:631)
	at org.apache.hadoop.hdfs.TestReconstructStripedFile.assertFileBlocksReconstruction(TestReconstructStripedFile.java:372)
	at org.apache.hadoop.hdfs.TestReconstructStripedFile.testRecoverAllDataBlocks(TestReconstructStripedFile.java:187)
	at sun.reflect.NativeMethodAccessorImpl.invoke0(Native Method)
	at sun.reflect.NativeMethodAccessorImpl.invoke(NativeMethodAccessorImpl.java:62)
	at sun.reflect.DelegatingMethodAccessorImpl.invoke(DelegatingMethodAccessorImpl.java:43)
	at java.lang.reflect.Method.invoke(Method.java:498)
	at org.junit.runners.model.FrameworkMethod$1.runReflectiveCall(FrameworkMethod.java:50)
	at org.junit.internal.runners.model.ReflectiveCallable.run(ReflectiveCallable.java:12)
	at org.junit.runners.model.FrameworkMethod.invokeExplosively(FrameworkMethod.java:47)
	at org.junit.internal.runners.statements.InvokeMethod.evaluate(InvokeMethod.java:17)
	at org.junit.internal.runners.statements.FailOnTimeout$CallableStatement.call(FailOnTimeout.java:298)
	at org.junit.internal.runners.statements.FailOnTimeout$CallableStatement.call(FailOnTimeout.java:292)
	at java.util.concurrent.FutureTask.run(FutureTask.java:266)
	at java.lang.Thread.run(Thread.java:748)


updating test result for file org.apache.hadoop.hdfs.TestReconstructStripedFile#testRecoverAllDataBlocks
v1v1 running time = 88986067906
updating test result for file org.apache.hadoop.hdfs.TestReconstructStripedFile#testRecoverAllDataBlocks
v2v2 running time = 24510719741
---> v1v1 or v2v2 test failed.
v1v1 failed in a hypo test
proj: hdfs
u_test: org.apache.hadoop.hdfs.TestReconstructStripedFile#testRecoverAllDataBlocks
h_list: dfs.blockreport.incremental.intervalMsec@@@hdfs:DataNode@@@-1@@@10000000@@@0
vv_mode: v1v1
result: FAIL
failureMessage: Time out waiting for EC block reconstruction.
stackTrace: java.io.IOException: Time out waiting for EC block reconstruction.
	at org.apache.hadoop.hdfs.StripedFileTestUtil.waitForReconstructionFinished(StripedFileTestUtil.java:540)
	at org.apache.hadoop.hdfs.TestReconstructStripedFile.assertFileBlocksReconstruction(TestReconstructStripedFile.java:382)
	at org.apache.hadoop.hdfs.TestReconstructStripedFile.testRecoverAllDataBlocks(TestReconstructStripedFile.java:187)
	at sun.reflect.NativeMethodAccessorImpl.invoke0(Native Method)
	at sun.reflect.NativeMethodAccessorImpl.invoke(NativeMethodAccessorImpl.java:62)
	at sun.reflect.DelegatingMethodAccessorImpl.invoke(DelegatingMethodAccessorImpl.java:43)
	at java.lang.reflect.Method.invoke(Method.java:498)
	at org.junit.runners.model.FrameworkMethod$1.runReflectiveCall(FrameworkMethod.java:50)
	at org.junit.internal.runners.model.ReflectiveCallable.run(ReflectiveCallable.java:12)
	at org.junit.runners.model.FrameworkMethod.invokeExplosively(FrameworkMethod.java:47)
	at org.junit.internal.runners.statements.InvokeMethod.evaluate(InvokeMethod.java:17)
	at org.junit.internal.runners.statements.FailOnTimeout$CallableStatement.call(FailOnTimeout.java:298)
	at org.junit.internal.runners.statements.FailOnTimeout$CallableStatement.call(FailOnTimeout.java:292)
	at java.util.concurrent.FutureTask.run(FutureTask.java:266)
	at java.lang.Thread.run(Thread.java:748)


updating test result for file org.apache.hadoop.hdfs.TestReconstructStripedFile#testRecoverAllDataBlocks
v1v2 running time = 31129119928
---> v1v2 test suceeded.
updating test result for file org.apache.hadoop.hdfs.TestReconstructStripedFile#testRecoverAllDataBlocks
v1v1 running time = 36612487027
updating test result for file org.apache.hadoop.hdfs.TestReconstructStripedFile#testRecoverAllDataBlocks
v2v2 running time = 32778304921
---> v1v1 and v2v2 test test suceeded.
updating test result for file org.apache.hadoop.hdfs.TestReconstructStripedFile#testRecoverAllDataBlocks
v1v2 running time = 31634664927
---> v1v2 test failed.
proj: hdfs
u_test: org.apache.hadoop.hdfs.TestReconstructStripedFile#testRecoverAllDataBlocks
h_list: dfs.blockreport.incremental.intervalMsec@@@hdfs:DataNode@@@-1@@@10000000@@@0
vv_mode: v1v2
result: FAIL
failureMessage: expected:<8> but was:<7>
stackTrace: java.lang.AssertionError: expected:<8> but was:<7>
	at org.junit.Assert.fail(Assert.java:88)
	at org.junit.Assert.failNotEquals(Assert.java:834)
	at org.junit.Assert.assertEquals(Assert.java:645)
	at org.junit.Assert.assertEquals(Assert.java:631)
	at org.apache.hadoop.hdfs.TestReconstructStripedFile.assertFileBlocksReconstruction(TestReconstructStripedFile.java:372)
	at org.apache.hadoop.hdfs.TestReconstructStripedFile.testRecoverAllDataBlocks(TestReconstructStripedFile.java:187)
	at sun.reflect.NativeMethodAccessorImpl.invoke0(Native Method)
	at sun.reflect.NativeMethodAccessorImpl.invoke(NativeMethodAccessorImpl.java:62)
	at sun.reflect.DelegatingMethodAccessorImpl.invoke(DelegatingMethodAccessorImpl.java:43)
	at java.lang.reflect.Method.invoke(Method.java:498)
	at org.junit.runners.model.FrameworkMethod$1.runReflectiveCall(FrameworkMethod.java:50)
	at org.junit.internal.runners.model.ReflectiveCallable.run(ReflectiveCallable.java:12)
	at org.junit.runners.model.FrameworkMethod.invokeExplosively(FrameworkMethod.java:47)
	at org.junit.internal.runners.statements.InvokeMethod.evaluate(InvokeMethod.java:17)
	at org.junit.internal.runners.statements.FailOnTimeout$CallableStatement.call(FailOnTimeout.java:298)
	at org.junit.internal.runners.statements.FailOnTimeout$CallableStatement.call(FailOnTimeout.java:292)
	at java.util.concurrent.FutureTask.run(FutureTask.java:266)
	at java.lang.Thread.run(Thread.java:748)


updating test result for file org.apache.hadoop.hdfs.TestReconstructStripedFile#testRecoverAllDataBlocks
v1v1 running time = 35075776049
updating test result for file org.apache.hadoop.hdfs.TestReconstructStripedFile#testRecoverAllDataBlocks
v2v2 running time = 36246405129
---> v1v1 and v2v2 test test suceeded.
updating test result for file org.apache.hadoop.hdfs.TestReconstructStripedFile#testRecoverAllDataBlocks
v1v2 running time = 88317158707
---> v1v2 test failed.
proj: hdfs
u_test: org.apache.hadoop.hdfs.TestReconstructStripedFile#testRecoverAllDataBlocks
h_list: dfs.blockreport.incremental.intervalMsec@@@hdfs:DataNode@@@-1@@@10000000@@@0
vv_mode: v1v2
result: FAIL
failureMessage: Time out waiting for EC block reconstruction.
stackTrace: java.io.IOException: Time out waiting for EC block reconstruction.
	at org.apache.hadoop.hdfs.StripedFileTestUtil.waitForReconstructionFinished(StripedFileTestUtil.java:540)
	at org.apache.hadoop.hdfs.TestReconstructStripedFile.assertFileBlocksReconstruction(TestReconstructStripedFile.java:382)
	at org.apache.hadoop.hdfs.TestReconstructStripedFile.testRecoverAllDataBlocks(TestReconstructStripedFile.java:187)
	at sun.reflect.NativeMethodAccessorImpl.invoke0(Native Method)
	at sun.reflect.NativeMethodAccessorImpl.invoke(NativeMethodAccessorImpl.java:62)
	at sun.reflect.DelegatingMethodAccessorImpl.invoke(DelegatingMethodAccessorImpl.java:43)
	at java.lang.reflect.Method.invoke(Method.java:498)
	at org.junit.runners.model.FrameworkMethod$1.runReflectiveCall(FrameworkMethod.java:50)
	at org.junit.internal.runners.model.ReflectiveCallable.run(ReflectiveCallable.java:12)
	at org.junit.runners.model.FrameworkMethod.invokeExplosively(FrameworkMethod.java:47)
	at org.junit.internal.runners.statements.InvokeMethod.evaluate(InvokeMethod.java:17)
	at org.junit.internal.runners.statements.FailOnTimeout$CallableStatement.call(FailOnTimeout.java:298)
	at org.junit.internal.runners.statements.FailOnTimeout$CallableStatement.call(FailOnTimeout.java:292)
	at java.util.concurrent.FutureTask.run(FutureTask.java:266)
	at java.lang.Thread.run(Thread.java:748)


updating test result for file org.apache.hadoop.hdfs.TestReconstructStripedFile#testRecoverAllDataBlocks
v1v1 running time = 31091988762
updating test result for file org.apache.hadoop.hdfs.TestReconstructStripedFile#testRecoverAllDataBlocks
v2v2 running time = 25304282111
---> v1v1 and v2v2 test test suceeded.
updating test result for file org.apache.hadoop.hdfs.TestReconstructStripedFile#testRecoverAllDataBlocks
v1v2 running time = 24103697977
---> v1v2 test failed.
proj: hdfs
u_test: org.apache.hadoop.hdfs.TestReconstructStripedFile#testRecoverAllDataBlocks
h_list: dfs.blockreport.incremental.intervalMsec@@@hdfs:DataNode@@@-1@@@10000000@@@0
vv_mode: v1v2
result: FAIL
failureMessage: expected:<8> but was:<7>
stackTrace: java.lang.AssertionError: expected:<8> but was:<7>
	at org.junit.Assert.fail(Assert.java:88)
	at org.junit.Assert.failNotEquals(Assert.java:834)
	at org.junit.Assert.assertEquals(Assert.java:645)
	at org.junit.Assert.assertEquals(Assert.java:631)
	at org.apache.hadoop.hdfs.TestReconstructStripedFile.assertFileBlocksReconstruction(TestReconstructStripedFile.java:372)
	at org.apache.hadoop.hdfs.TestReconstructStripedFile.testRecoverAllDataBlocks(TestReconstructStripedFile.java:187)
	at sun.reflect.NativeMethodAccessorImpl.invoke0(Native Method)
	at sun.reflect.NativeMethodAccessorImpl.invoke(NativeMethodAccessorImpl.java:62)
	at sun.reflect.DelegatingMethodAccessorImpl.invoke(DelegatingMethodAccessorImpl.java:43)
	at java.lang.reflect.Method.invoke(Method.java:498)
	at org.junit.runners.model.FrameworkMethod$1.runReflectiveCall(FrameworkMethod.java:50)
	at org.junit.internal.runners.model.ReflectiveCallable.run(ReflectiveCallable.java:12)
	at org.junit.runners.model.FrameworkMethod.invokeExplosively(FrameworkMethod.java:47)
	at org.junit.internal.runners.statements.InvokeMethod.evaluate(InvokeMethod.java:17)
	at org.junit.internal.runners.statements.FailOnTimeout$CallableStatement.call(FailOnTimeout.java:298)
	at org.junit.internal.runners.statements.FailOnTimeout$CallableStatement.call(FailOnTimeout.java:292)
	at java.util.concurrent.FutureTask.run(FutureTask.java:266)
	at java.lang.Thread.run(Thread.java:748)


updating test result for file org.apache.hadoop.hdfs.TestReconstructStripedFile#testRecoverAllDataBlocks
v1v1 running time = 32552961946
updating test result for file org.apache.hadoop.hdfs.TestReconstructStripedFile#testRecoverAllDataBlocks
v2v2 running time = 23931650611
---> v1v1 and v2v2 test test suceeded.
updating test result for file org.apache.hadoop.hdfs.TestReconstructStripedFile#testRecoverAllDataBlocks
v1v2 running time = 24351581933
---> v1v2 test failed.
proj: hdfs
u_test: org.apache.hadoop.hdfs.TestReconstructStripedFile#testRecoverAllDataBlocks
h_list: dfs.blockreport.incremental.intervalMsec@@@hdfs:DataNode@@@-1@@@10000000@@@0
vv_mode: v1v2
result: FAIL
failureMessage: expected:<8> but was:<6>
stackTrace: java.lang.AssertionError: expected:<8> but was:<6>
	at org.junit.Assert.fail(Assert.java:88)
	at org.junit.Assert.failNotEquals(Assert.java:834)
	at org.junit.Assert.assertEquals(Assert.java:645)
	at org.junit.Assert.assertEquals(Assert.java:631)
	at org.apache.hadoop.hdfs.TestReconstructStripedFile.assertFileBlocksReconstruction(TestReconstructStripedFile.java:372)
	at org.apache.hadoop.hdfs.TestReconstructStripedFile.testRecoverAllDataBlocks(TestReconstructStripedFile.java:187)
	at sun.reflect.NativeMethodAccessorImpl.invoke0(Native Method)
	at sun.reflect.NativeMethodAccessorImpl.invoke(NativeMethodAccessorImpl.java:62)
	at sun.reflect.DelegatingMethodAccessorImpl.invoke(DelegatingMethodAccessorImpl.java:43)
	at java.lang.reflect.Method.invoke(Method.java:498)
	at org.junit.runners.model.FrameworkMethod$1.runReflectiveCall(FrameworkMethod.java:50)
	at org.junit.internal.runners.model.ReflectiveCallable.run(ReflectiveCallable.java:12)
	at org.junit.runners.model.FrameworkMethod.invokeExplosively(FrameworkMethod.java:47)
	at org.junit.internal.runners.statements.InvokeMethod.evaluate(InvokeMethod.java:17)
	at org.junit.internal.runners.statements.FailOnTimeout$CallableStatement.call(FailOnTimeout.java:298)
	at org.junit.internal.runners.statements.FailOnTimeout$CallableStatement.call(FailOnTimeout.java:292)
	at java.util.concurrent.FutureTask.run(FutureTask.java:266)
	at java.lang.Thread.run(Thread.java:748)


updating test result for file org.apache.hadoop.hdfs.TestReconstructStripedFile#testRecoverAllDataBlocks
v1v1 running time = 36005738792
updating test result for file org.apache.hadoop.hdfs.TestReconstructStripedFile#testRecoverAllDataBlocks
v2v2 running time = 34186182366
---> v1v1 and v2v2 test test suceeded.
updating test result for file org.apache.hadoop.hdfs.TestReconstructStripedFile#testRecoverAllDataBlocks
v1v2 running time = 34650520130
---> v1v2 test suceeded.
updating test result for file org.apache.hadoop.hdfs.TestReconstructStripedFile#testRecoverAllDataBlocks
v1v1 running time = 79964326872
updating test result for file org.apache.hadoop.hdfs.TestReconstructStripedFile#testRecoverAllDataBlocks
v2v2 running time = 24758655086
---> v1v1 or v2v2 test failed.
v1v1 failed in a hypo test
proj: hdfs
u_test: org.apache.hadoop.hdfs.TestReconstructStripedFile#testRecoverAllDataBlocks
h_list: dfs.blockreport.incremental.intervalMsec@@@hdfs:DataNode@@@-1@@@10000000@@@0
vv_mode: v1v1
result: FAIL
failureMessage: Time out waiting for EC block reconstruction.
stackTrace: java.io.IOException: Time out waiting for EC block reconstruction.
	at org.apache.hadoop.hdfs.StripedFileTestUtil.waitForReconstructionFinished(StripedFileTestUtil.java:540)
	at org.apache.hadoop.hdfs.TestReconstructStripedFile.assertFileBlocksReconstruction(TestReconstructStripedFile.java:382)
	at org.apache.hadoop.hdfs.TestReconstructStripedFile.testRecoverAllDataBlocks(TestReconstructStripedFile.java:187)
	at sun.reflect.NativeMethodAccessorImpl.invoke0(Native Method)
	at sun.reflect.NativeMethodAccessorImpl.invoke(NativeMethodAccessorImpl.java:62)
	at sun.reflect.DelegatingMethodAccessorImpl.invoke(DelegatingMethodAccessorImpl.java:43)
	at java.lang.reflect.Method.invoke(Method.java:498)
	at org.junit.runners.model.FrameworkMethod$1.runReflectiveCall(FrameworkMethod.java:50)
	at org.junit.internal.runners.model.ReflectiveCallable.run(ReflectiveCallable.java:12)
	at org.junit.runners.model.FrameworkMethod.invokeExplosively(FrameworkMethod.java:47)
	at org.junit.internal.runners.statements.InvokeMethod.evaluate(InvokeMethod.java:17)
	at org.junit.internal.runners.statements.FailOnTimeout$CallableStatement.call(FailOnTimeout.java:298)
	at org.junit.internal.runners.statements.FailOnTimeout$CallableStatement.call(FailOnTimeout.java:292)
	at java.util.concurrent.FutureTask.run(FutureTask.java:266)
	at java.lang.Thread.run(Thread.java:748)


updating test result for file org.apache.hadoop.hdfs.TestReconstructStripedFile#testRecoverAllDataBlocks
v1v2 running time = 23878181846
---> v1v2 test failed.
proj: hdfs
u_test: org.apache.hadoop.hdfs.TestReconstructStripedFile#testRecoverAllDataBlocks
h_list: dfs.blockreport.incremental.intervalMsec@@@hdfs:DataNode@@@-1@@@10000000@@@0
vv_mode: v1v2
result: FAIL
failureMessage: expected:<9> but was:<7>
stackTrace: java.lang.AssertionError: expected:<9> but was:<7>
	at org.junit.Assert.fail(Assert.java:88)
	at org.junit.Assert.failNotEquals(Assert.java:834)
	at org.junit.Assert.assertEquals(Assert.java:645)
	at org.junit.Assert.assertEquals(Assert.java:631)
	at org.apache.hadoop.hdfs.TestReconstructStripedFile.assertFileBlocksReconstruction(TestReconstructStripedFile.java:372)
	at org.apache.hadoop.hdfs.TestReconstructStripedFile.testRecoverAllDataBlocks(TestReconstructStripedFile.java:187)
	at sun.reflect.NativeMethodAccessorImpl.invoke0(Native Method)
	at sun.reflect.NativeMethodAccessorImpl.invoke(NativeMethodAccessorImpl.java:62)
	at sun.reflect.DelegatingMethodAccessorImpl.invoke(DelegatingMethodAccessorImpl.java:43)
	at java.lang.reflect.Method.invoke(Method.java:498)
	at org.junit.runners.model.FrameworkMethod$1.runReflectiveCall(FrameworkMethod.java:50)
	at org.junit.internal.runners.model.ReflectiveCallable.run(ReflectiveCallable.java:12)
	at org.junit.runners.model.FrameworkMethod.invokeExplosively(FrameworkMethod.java:47)
	at org.junit.internal.runners.statements.InvokeMethod.evaluate(InvokeMethod.java:17)
	at org.junit.internal.runners.statements.FailOnTimeout$CallableStatement.call(FailOnTimeout.java:298)
	at org.junit.internal.runners.statements.FailOnTimeout$CallableStatement.call(FailOnTimeout.java:292)
	at java.util.concurrent.FutureTask.run(FutureTask.java:266)
	at java.lang.Thread.run(Thread.java:748)


updating test result for file org.apache.hadoop.hdfs.TestReconstructStripedFile#testRecoverAllDataBlocks
v1v1 running time = 29124953674
updating test result for file org.apache.hadoop.hdfs.TestReconstructStripedFile#testRecoverAllDataBlocks
v2v2 running time = 23928718842
---> v1v1 and v2v2 test test suceeded.
updating test result for file org.apache.hadoop.hdfs.TestReconstructStripedFile#testRecoverAllDataBlocks
v1v2 running time = 25433348732
---> v1v2 test suceeded.
updating test result for file org.apache.hadoop.hdfs.TestReconstructStripedFile#testRecoverAllDataBlocks
v1v1 running time = 26937037633
updating test result for file org.apache.hadoop.hdfs.TestReconstructStripedFile#testRecoverAllDataBlocks
v2v2 running time = 26549957040
---> v1v1 and v2v2 test test suceeded.
v1v2 failed with probability 16 out of 20
v1v1v2v2 failed with probability 4 out of 20
Total execution time in seconds : 2245
0
