my_type=hypothesis
proj=mapreduce
u_test=org.apache.hadoop.mapreduce.split.TestJobSplitWriterWithEC#testMaxBlockLocationsOldSplitsWithErasureCoding
h_list[1]=dfs.blockreport.incremental.intervalMsec@@@hdfs:DataNode@@@-1@@@1000@@@0
proj: mapreduce
u_test: org.apache.hadoop.mapreduce.split.TestJobSplitWriterWithEC#testMaxBlockLocationsOldSplitsWithErasureCoding
h_list: dfs.blockreport.incremental.intervalMsec@@@hdfs:DataNode@@@-1@@@1000@@@0
updating test result for file org.apache.hadoop.mapreduce.split.TestJobSplitWriterWithEC#testMaxBlockLocationsOldSplitsWithErasureCoding
v1v2 running time = 30405500570
---> v1v2 test failed.
proj: mapreduce
u_test: org.apache.hadoop.mapreduce.split.TestJobSplitWriterWithEC#testMaxBlockLocationsOldSplitsWithErasureCoding
h_list: dfs.blockreport.incremental.intervalMsec@@@hdfs:DataNode@@@-1@@@1000@@@0
vv_mode: v1v2
result: FAIL
failureMessage: Number of block locations expected:<14> but was:<12>
stackTrace: java.lang.AssertionError: Number of block locations expected:<14> but was:<12>
	at org.junit.Assert.fail(Assert.java:88)
	at org.junit.Assert.failNotEquals(Assert.java:834)
	at org.junit.Assert.assertEquals(Assert.java:645)
	at org.apache.hadoop.mapreduce.split.TestJobSplitWriterWithEC.validateSplitMetaInfo(TestJobSplitWriterWithEC.java:125)
	at org.apache.hadoop.mapreduce.split.TestJobSplitWriterWithEC.testMaxBlockLocationsOldSplitsWithErasureCoding(TestJobSplitWriterWithEC.java:116)
	at sun.reflect.NativeMethodAccessorImpl.invoke0(Native Method)
	at sun.reflect.NativeMethodAccessorImpl.invoke(NativeMethodAccessorImpl.java:62)
	at sun.reflect.DelegatingMethodAccessorImpl.invoke(DelegatingMethodAccessorImpl.java:43)
	at java.lang.reflect.Method.invoke(Method.java:498)
	at org.junit.runners.model.FrameworkMethod$1.runReflectiveCall(FrameworkMethod.java:50)
	at org.junit.internal.runners.model.ReflectiveCallable.run(ReflectiveCallable.java:12)
	at org.junit.runners.model.FrameworkMethod.invokeExplosively(FrameworkMethod.java:47)
	at org.junit.internal.runners.statements.InvokeMethod.evaluate(InvokeMethod.java:17)
	at org.junit.internal.runners.statements.RunBefores.evaluate(RunBefores.java:26)
	at org.junit.internal.runners.statements.RunAfters.evaluate(RunAfters.java:27)
	at org.junit.runners.ParentRunner.runLeaf(ParentRunner.java:325)
	at org.junit.runners.BlockJUnit4ClassRunner.runChild(BlockJUnit4ClassRunner.java:78)
	at org.junit.runners.BlockJUnit4ClassRunner.runChild(BlockJUnit4ClassRunner.java:57)
	at org.junit.runners.ParentRunner$3.run(ParentRunner.java:290)
	at org.junit.runners.ParentRunner$1.schedule(ParentRunner.java:71)
	at org.junit.runners.ParentRunner.runChildren(ParentRunner.java:288)
	at org.junit.runners.ParentRunner.access$000(ParentRunner.java:58)
	at org.junit.runners.ParentRunner$2.evaluate(ParentRunner.java:268)
	at org.junit.runners.ParentRunner.run(ParentRunner.java:363)
	at org.apache.maven.surefire.junit4.JUnit4Provider.execute(JUnit4Provider.java:365)
	at org.apache.maven.surefire.junit4.JUnit4Provider.executeWithRerun(JUnit4Provider.java:273)
	at org.apache.maven.surefire.junit4.JUnit4Provider.executeTestSet(JUnit4Provider.java:238)
	at org.apache.maven.surefire.junit4.JUnit4Provider.invoke(JUnit4Provider.java:159)
	at org.apache.maven.surefire.booter.ForkedBooter.invokeProviderInSameClassLoader(ForkedBooter.java:384)
	at org.apache.maven.surefire.booter.ForkedBooter.runSuitesInProcess(ForkedBooter.java:345)
	at org.apache.maven.surefire.booter.ForkedBooter.execute(ForkedBooter.java:126)
	at org.apache.maven.surefire.booter.ForkedBooter.main(ForkedBooter.java:418)


updating test result for file org.apache.hadoop.mapreduce.split.TestJobSplitWriterWithEC#testMaxBlockLocationsOldSplitsWithErasureCoding
v1v1 running time = 42338609729
updating test result for file org.apache.hadoop.mapreduce.split.TestJobSplitWriterWithEC#testMaxBlockLocationsOldSplitsWithErasureCoding
v2v2 running time = 38711002421
---> v1v1 and v2v2 test test suceeded.
updating test result for file org.apache.hadoop.mapreduce.split.TestJobSplitWriterWithEC#testMaxBlockLocationsOldSplitsWithErasureCoding
v1v2 running time = 37987622054
---> v1v2 test failed.
proj: mapreduce
u_test: org.apache.hadoop.mapreduce.split.TestJobSplitWriterWithEC#testMaxBlockLocationsOldSplitsWithErasureCoding
h_list: dfs.blockreport.incremental.intervalMsec@@@hdfs:DataNode@@@-1@@@1000@@@0
vv_mode: v1v2
result: FAIL
failureMessage: Number of block locations expected:<14> but was:<13>
stackTrace: java.lang.AssertionError: Number of block locations expected:<14> but was:<13>
	at org.junit.Assert.fail(Assert.java:88)
	at org.junit.Assert.failNotEquals(Assert.java:834)
	at org.junit.Assert.assertEquals(Assert.java:645)
	at org.apache.hadoop.mapreduce.split.TestJobSplitWriterWithEC.validateSplitMetaInfo(TestJobSplitWriterWithEC.java:125)
	at org.apache.hadoop.mapreduce.split.TestJobSplitWriterWithEC.testMaxBlockLocationsOldSplitsWithErasureCoding(TestJobSplitWriterWithEC.java:116)
	at sun.reflect.NativeMethodAccessorImpl.invoke0(Native Method)
	at sun.reflect.NativeMethodAccessorImpl.invoke(NativeMethodAccessorImpl.java:62)
	at sun.reflect.DelegatingMethodAccessorImpl.invoke(DelegatingMethodAccessorImpl.java:43)
	at java.lang.reflect.Method.invoke(Method.java:498)
	at org.junit.runners.model.FrameworkMethod$1.runReflectiveCall(FrameworkMethod.java:50)
	at org.junit.internal.runners.model.ReflectiveCallable.run(ReflectiveCallable.java:12)
	at org.junit.runners.model.FrameworkMethod.invokeExplosively(FrameworkMethod.java:47)
	at org.junit.internal.runners.statements.InvokeMethod.evaluate(InvokeMethod.java:17)
	at org.junit.internal.runners.statements.RunBefores.evaluate(RunBefores.java:26)
	at org.junit.internal.runners.statements.RunAfters.evaluate(RunAfters.java:27)
	at org.junit.runners.ParentRunner.runLeaf(ParentRunner.java:325)
	at org.junit.runners.BlockJUnit4ClassRunner.runChild(BlockJUnit4ClassRunner.java:78)
	at org.junit.runners.BlockJUnit4ClassRunner.runChild(BlockJUnit4ClassRunner.java:57)
	at org.junit.runners.ParentRunner$3.run(ParentRunner.java:290)
	at org.junit.runners.ParentRunner$1.schedule(ParentRunner.java:71)
	at org.junit.runners.ParentRunner.runChildren(ParentRunner.java:288)
	at org.junit.runners.ParentRunner.access$000(ParentRunner.java:58)
	at org.junit.runners.ParentRunner$2.evaluate(ParentRunner.java:268)
	at org.junit.runners.ParentRunner.run(ParentRunner.java:363)
	at org.apache.maven.surefire.junit4.JUnit4Provider.execute(JUnit4Provider.java:365)
	at org.apache.maven.surefire.junit4.JUnit4Provider.executeWithRerun(JUnit4Provider.java:273)
	at org.apache.maven.surefire.junit4.JUnit4Provider.executeTestSet(JUnit4Provider.java:238)
	at org.apache.maven.surefire.junit4.JUnit4Provider.invoke(JUnit4Provider.java:159)
	at org.apache.maven.surefire.booter.ForkedBooter.invokeProviderInSameClassLoader(ForkedBooter.java:384)
	at org.apache.maven.surefire.booter.ForkedBooter.runSuitesInProcess(ForkedBooter.java:345)
	at org.apache.maven.surefire.booter.ForkedBooter.execute(ForkedBooter.java:126)
	at org.apache.maven.surefire.booter.ForkedBooter.main(ForkedBooter.java:418)


updating test result for file org.apache.hadoop.mapreduce.split.TestJobSplitWriterWithEC#testMaxBlockLocationsOldSplitsWithErasureCoding
v1v1 running time = 45712428698
updating test result for file org.apache.hadoop.mapreduce.split.TestJobSplitWriterWithEC#testMaxBlockLocationsOldSplitsWithErasureCoding
v2v2 running time = 40215356216
---> v1v1 and v2v2 test test suceeded.
updating test result for file org.apache.hadoop.mapreduce.split.TestJobSplitWriterWithEC#testMaxBlockLocationsOldSplitsWithErasureCoding
v1v2 running time = 42541573463
---> v1v2 test suceeded.
updating test result for file org.apache.hadoop.mapreduce.split.TestJobSplitWriterWithEC#testMaxBlockLocationsOldSplitsWithErasureCoding
v1v1 running time = 37581117853
updating test result for file org.apache.hadoop.mapreduce.split.TestJobSplitWriterWithEC#testMaxBlockLocationsOldSplitsWithErasureCoding
v2v2 running time = 29519994251
---> v1v1 and v2v2 test test suceeded.
updating test result for file org.apache.hadoop.mapreduce.split.TestJobSplitWriterWithEC#testMaxBlockLocationsOldSplitsWithErasureCoding
v1v2 running time = 41792048094
---> v1v2 test failed.
proj: mapreduce
u_test: org.apache.hadoop.mapreduce.split.TestJobSplitWriterWithEC#testMaxBlockLocationsOldSplitsWithErasureCoding
h_list: dfs.blockreport.incremental.intervalMsec@@@hdfs:DataNode@@@-1@@@1000@@@0
vv_mode: v1v2
result: FAIL
failureMessage: Number of block locations expected:<14> but was:<11>
stackTrace: java.lang.AssertionError: Number of block locations expected:<14> but was:<11>
	at org.junit.Assert.fail(Assert.java:88)
	at org.junit.Assert.failNotEquals(Assert.java:834)
	at org.junit.Assert.assertEquals(Assert.java:645)
	at org.apache.hadoop.mapreduce.split.TestJobSplitWriterWithEC.validateSplitMetaInfo(TestJobSplitWriterWithEC.java:125)
	at org.apache.hadoop.mapreduce.split.TestJobSplitWriterWithEC.testMaxBlockLocationsOldSplitsWithErasureCoding(TestJobSplitWriterWithEC.java:116)
	at sun.reflect.NativeMethodAccessorImpl.invoke0(Native Method)
	at sun.reflect.NativeMethodAccessorImpl.invoke(NativeMethodAccessorImpl.java:62)
	at sun.reflect.DelegatingMethodAccessorImpl.invoke(DelegatingMethodAccessorImpl.java:43)
	at java.lang.reflect.Method.invoke(Method.java:498)
	at org.junit.runners.model.FrameworkMethod$1.runReflectiveCall(FrameworkMethod.java:50)
	at org.junit.internal.runners.model.ReflectiveCallable.run(ReflectiveCallable.java:12)
	at org.junit.runners.model.FrameworkMethod.invokeExplosively(FrameworkMethod.java:47)
	at org.junit.internal.runners.statements.InvokeMethod.evaluate(InvokeMethod.java:17)
	at org.junit.internal.runners.statements.RunBefores.evaluate(RunBefores.java:26)
	at org.junit.internal.runners.statements.RunAfters.evaluate(RunAfters.java:27)
	at org.junit.runners.ParentRunner.runLeaf(ParentRunner.java:325)
	at org.junit.runners.BlockJUnit4ClassRunner.runChild(BlockJUnit4ClassRunner.java:78)
	at org.junit.runners.BlockJUnit4ClassRunner.runChild(BlockJUnit4ClassRunner.java:57)
	at org.junit.runners.ParentRunner$3.run(ParentRunner.java:290)
	at org.junit.runners.ParentRunner$1.schedule(ParentRunner.java:71)
	at org.junit.runners.ParentRunner.runChildren(ParentRunner.java:288)
	at org.junit.runners.ParentRunner.access$000(ParentRunner.java:58)
	at org.junit.runners.ParentRunner$2.evaluate(ParentRunner.java:268)
	at org.junit.runners.ParentRunner.run(ParentRunner.java:363)
	at org.apache.maven.surefire.junit4.JUnit4Provider.execute(JUnit4Provider.java:365)
	at org.apache.maven.surefire.junit4.JUnit4Provider.executeWithRerun(JUnit4Provider.java:273)
	at org.apache.maven.surefire.junit4.JUnit4Provider.executeTestSet(JUnit4Provider.java:238)
	at org.apache.maven.surefire.junit4.JUnit4Provider.invoke(JUnit4Provider.java:159)
	at org.apache.maven.surefire.booter.ForkedBooter.invokeProviderInSameClassLoader(ForkedBooter.java:384)
	at org.apache.maven.surefire.booter.ForkedBooter.runSuitesInProcess(ForkedBooter.java:345)
	at org.apache.maven.surefire.booter.ForkedBooter.execute(ForkedBooter.java:126)
	at org.apache.maven.surefire.booter.ForkedBooter.main(ForkedBooter.java:418)


updating test result for file org.apache.hadoop.mapreduce.split.TestJobSplitWriterWithEC#testMaxBlockLocationsOldSplitsWithErasureCoding
v1v1 running time = 40178064854
updating test result for file org.apache.hadoop.mapreduce.split.TestJobSplitWriterWithEC#testMaxBlockLocationsOldSplitsWithErasureCoding
v2v2 running time = 39370425023
---> v1v1 and v2v2 test test suceeded.
updating test result for file org.apache.hadoop.mapreduce.split.TestJobSplitWriterWithEC#testMaxBlockLocationsOldSplitsWithErasureCoding
v1v2 running time = 35726635587
---> v1v2 test failed.
proj: mapreduce
u_test: org.apache.hadoop.mapreduce.split.TestJobSplitWriterWithEC#testMaxBlockLocationsOldSplitsWithErasureCoding
h_list: dfs.blockreport.incremental.intervalMsec@@@hdfs:DataNode@@@-1@@@1000@@@0
vv_mode: v1v2
result: FAIL
failureMessage: Number of block locations expected:<14> but was:<12>
stackTrace: java.lang.AssertionError: Number of block locations expected:<14> but was:<12>
	at org.junit.Assert.fail(Assert.java:88)
	at org.junit.Assert.failNotEquals(Assert.java:834)
	at org.junit.Assert.assertEquals(Assert.java:645)
	at org.apache.hadoop.mapreduce.split.TestJobSplitWriterWithEC.validateSplitMetaInfo(TestJobSplitWriterWithEC.java:125)
	at org.apache.hadoop.mapreduce.split.TestJobSplitWriterWithEC.testMaxBlockLocationsOldSplitsWithErasureCoding(TestJobSplitWriterWithEC.java:116)
	at sun.reflect.NativeMethodAccessorImpl.invoke0(Native Method)
	at sun.reflect.NativeMethodAccessorImpl.invoke(NativeMethodAccessorImpl.java:62)
	at sun.reflect.DelegatingMethodAccessorImpl.invoke(DelegatingMethodAccessorImpl.java:43)
	at java.lang.reflect.Method.invoke(Method.java:498)
	at org.junit.runners.model.FrameworkMethod$1.runReflectiveCall(FrameworkMethod.java:50)
	at org.junit.internal.runners.model.ReflectiveCallable.run(ReflectiveCallable.java:12)
	at org.junit.runners.model.FrameworkMethod.invokeExplosively(FrameworkMethod.java:47)
	at org.junit.internal.runners.statements.InvokeMethod.evaluate(InvokeMethod.java:17)
	at org.junit.internal.runners.statements.RunBefores.evaluate(RunBefores.java:26)
	at org.junit.internal.runners.statements.RunAfters.evaluate(RunAfters.java:27)
	at org.junit.runners.ParentRunner.runLeaf(ParentRunner.java:325)
	at org.junit.runners.BlockJUnit4ClassRunner.runChild(BlockJUnit4ClassRunner.java:78)
	at org.junit.runners.BlockJUnit4ClassRunner.runChild(BlockJUnit4ClassRunner.java:57)
	at org.junit.runners.ParentRunner$3.run(ParentRunner.java:290)
	at org.junit.runners.ParentRunner$1.schedule(ParentRunner.java:71)
	at org.junit.runners.ParentRunner.runChildren(ParentRunner.java:288)
	at org.junit.runners.ParentRunner.access$000(ParentRunner.java:58)
	at org.junit.runners.ParentRunner$2.evaluate(ParentRunner.java:268)
	at org.junit.runners.ParentRunner.run(ParentRunner.java:363)
	at org.apache.maven.surefire.junit4.JUnit4Provider.execute(JUnit4Provider.java:365)
	at org.apache.maven.surefire.junit4.JUnit4Provider.executeWithRerun(JUnit4Provider.java:273)
	at org.apache.maven.surefire.junit4.JUnit4Provider.executeTestSet(JUnit4Provider.java:238)
	at org.apache.maven.surefire.junit4.JUnit4Provider.invoke(JUnit4Provider.java:159)
	at org.apache.maven.surefire.booter.ForkedBooter.invokeProviderInSameClassLoader(ForkedBooter.java:384)
	at org.apache.maven.surefire.booter.ForkedBooter.runSuitesInProcess(ForkedBooter.java:345)
	at org.apache.maven.surefire.booter.ForkedBooter.execute(ForkedBooter.java:126)
	at org.apache.maven.surefire.booter.ForkedBooter.main(ForkedBooter.java:418)


updating test result for file org.apache.hadoop.mapreduce.split.TestJobSplitWriterWithEC#testMaxBlockLocationsOldSplitsWithErasureCoding
v1v1 running time = 43251674570
updating test result for file org.apache.hadoop.mapreduce.split.TestJobSplitWriterWithEC#testMaxBlockLocationsOldSplitsWithErasureCoding
v2v2 running time = 37584272446
---> v1v1 and v2v2 test test suceeded.
updating test result for file org.apache.hadoop.mapreduce.split.TestJobSplitWriterWithEC#testMaxBlockLocationsOldSplitsWithErasureCoding
v1v2 running time = 38791473011
---> v1v2 test failed.
proj: mapreduce
u_test: org.apache.hadoop.mapreduce.split.TestJobSplitWriterWithEC#testMaxBlockLocationsOldSplitsWithErasureCoding
h_list: dfs.blockreport.incremental.intervalMsec@@@hdfs:DataNode@@@-1@@@1000@@@0
vv_mode: v1v2
result: FAIL
failureMessage: Number of block locations expected:<14> but was:<12>
stackTrace: java.lang.AssertionError: Number of block locations expected:<14> but was:<12>
	at org.junit.Assert.fail(Assert.java:88)
	at org.junit.Assert.failNotEquals(Assert.java:834)
	at org.junit.Assert.assertEquals(Assert.java:645)
	at org.apache.hadoop.mapreduce.split.TestJobSplitWriterWithEC.validateSplitMetaInfo(TestJobSplitWriterWithEC.java:125)
	at org.apache.hadoop.mapreduce.split.TestJobSplitWriterWithEC.testMaxBlockLocationsOldSplitsWithErasureCoding(TestJobSplitWriterWithEC.java:116)
	at sun.reflect.NativeMethodAccessorImpl.invoke0(Native Method)
	at sun.reflect.NativeMethodAccessorImpl.invoke(NativeMethodAccessorImpl.java:62)
	at sun.reflect.DelegatingMethodAccessorImpl.invoke(DelegatingMethodAccessorImpl.java:43)
	at java.lang.reflect.Method.invoke(Method.java:498)
	at org.junit.runners.model.FrameworkMethod$1.runReflectiveCall(FrameworkMethod.java:50)
	at org.junit.internal.runners.model.ReflectiveCallable.run(ReflectiveCallable.java:12)
	at org.junit.runners.model.FrameworkMethod.invokeExplosively(FrameworkMethod.java:47)
	at org.junit.internal.runners.statements.InvokeMethod.evaluate(InvokeMethod.java:17)
	at org.junit.internal.runners.statements.RunBefores.evaluate(RunBefores.java:26)
	at org.junit.internal.runners.statements.RunAfters.evaluate(RunAfters.java:27)
	at org.junit.runners.ParentRunner.runLeaf(ParentRunner.java:325)
	at org.junit.runners.BlockJUnit4ClassRunner.runChild(BlockJUnit4ClassRunner.java:78)
	at org.junit.runners.BlockJUnit4ClassRunner.runChild(BlockJUnit4ClassRunner.java:57)
	at org.junit.runners.ParentRunner$3.run(ParentRunner.java:290)
	at org.junit.runners.ParentRunner$1.schedule(ParentRunner.java:71)
	at org.junit.runners.ParentRunner.runChildren(ParentRunner.java:288)
	at org.junit.runners.ParentRunner.access$000(ParentRunner.java:58)
	at org.junit.runners.ParentRunner$2.evaluate(ParentRunner.java:268)
	at org.junit.runners.ParentRunner.run(ParentRunner.java:363)
	at org.apache.maven.surefire.junit4.JUnit4Provider.execute(JUnit4Provider.java:365)
	at org.apache.maven.surefire.junit4.JUnit4Provider.executeWithRerun(JUnit4Provider.java:273)
	at org.apache.maven.surefire.junit4.JUnit4Provider.executeTestSet(JUnit4Provider.java:238)
	at org.apache.maven.surefire.junit4.JUnit4Provider.invoke(JUnit4Provider.java:159)
	at org.apache.maven.surefire.booter.ForkedBooter.invokeProviderInSameClassLoader(ForkedBooter.java:384)
	at org.apache.maven.surefire.booter.ForkedBooter.runSuitesInProcess(ForkedBooter.java:345)
	at org.apache.maven.surefire.booter.ForkedBooter.execute(ForkedBooter.java:126)
	at org.apache.maven.surefire.booter.ForkedBooter.main(ForkedBooter.java:418)


updating test result for file org.apache.hadoop.mapreduce.split.TestJobSplitWriterWithEC#testMaxBlockLocationsOldSplitsWithErasureCoding
v1v1 running time = 37978115538
updating test result for file org.apache.hadoop.mapreduce.split.TestJobSplitWriterWithEC#testMaxBlockLocationsOldSplitsWithErasureCoding
v2v2 running time = 41492669360
---> v1v1 and v2v2 test test suceeded.
updating test result for file org.apache.hadoop.mapreduce.split.TestJobSplitWriterWithEC#testMaxBlockLocationsOldSplitsWithErasureCoding
v1v2 running time = 30811067110
---> v1v2 test failed.
proj: mapreduce
u_test: org.apache.hadoop.mapreduce.split.TestJobSplitWriterWithEC#testMaxBlockLocationsOldSplitsWithErasureCoding
h_list: dfs.blockreport.incremental.intervalMsec@@@hdfs:DataNode@@@-1@@@1000@@@0
vv_mode: v1v2
result: FAIL
failureMessage: Number of block locations expected:<14> but was:<11>
stackTrace: java.lang.AssertionError: Number of block locations expected:<14> but was:<11>
	at org.junit.Assert.fail(Assert.java:88)
	at org.junit.Assert.failNotEquals(Assert.java:834)
	at org.junit.Assert.assertEquals(Assert.java:645)
	at org.apache.hadoop.mapreduce.split.TestJobSplitWriterWithEC.validateSplitMetaInfo(TestJobSplitWriterWithEC.java:125)
	at org.apache.hadoop.mapreduce.split.TestJobSplitWriterWithEC.testMaxBlockLocationsOldSplitsWithErasureCoding(TestJobSplitWriterWithEC.java:116)
	at sun.reflect.NativeMethodAccessorImpl.invoke0(Native Method)
	at sun.reflect.NativeMethodAccessorImpl.invoke(NativeMethodAccessorImpl.java:62)
	at sun.reflect.DelegatingMethodAccessorImpl.invoke(DelegatingMethodAccessorImpl.java:43)
	at java.lang.reflect.Method.invoke(Method.java:498)
	at org.junit.runners.model.FrameworkMethod$1.runReflectiveCall(FrameworkMethod.java:50)
	at org.junit.internal.runners.model.ReflectiveCallable.run(ReflectiveCallable.java:12)
	at org.junit.runners.model.FrameworkMethod.invokeExplosively(FrameworkMethod.java:47)
	at org.junit.internal.runners.statements.InvokeMethod.evaluate(InvokeMethod.java:17)
	at org.junit.internal.runners.statements.RunBefores.evaluate(RunBefores.java:26)
	at org.junit.internal.runners.statements.RunAfters.evaluate(RunAfters.java:27)
	at org.junit.runners.ParentRunner.runLeaf(ParentRunner.java:325)
	at org.junit.runners.BlockJUnit4ClassRunner.runChild(BlockJUnit4ClassRunner.java:78)
	at org.junit.runners.BlockJUnit4ClassRunner.runChild(BlockJUnit4ClassRunner.java:57)
	at org.junit.runners.ParentRunner$3.run(ParentRunner.java:290)
	at org.junit.runners.ParentRunner$1.schedule(ParentRunner.java:71)
	at org.junit.runners.ParentRunner.runChildren(ParentRunner.java:288)
	at org.junit.runners.ParentRunner.access$000(ParentRunner.java:58)
	at org.junit.runners.ParentRunner$2.evaluate(ParentRunner.java:268)
	at org.junit.runners.ParentRunner.run(ParentRunner.java:363)
	at org.apache.maven.surefire.junit4.JUnit4Provider.execute(JUnit4Provider.java:365)
	at org.apache.maven.surefire.junit4.JUnit4Provider.executeWithRerun(JUnit4Provider.java:273)
	at org.apache.maven.surefire.junit4.JUnit4Provider.executeTestSet(JUnit4Provider.java:238)
	at org.apache.maven.surefire.junit4.JUnit4Provider.invoke(JUnit4Provider.java:159)
	at org.apache.maven.surefire.booter.ForkedBooter.invokeProviderInSameClassLoader(ForkedBooter.java:384)
	at org.apache.maven.surefire.booter.ForkedBooter.runSuitesInProcess(ForkedBooter.java:345)
	at org.apache.maven.surefire.booter.ForkedBooter.execute(ForkedBooter.java:126)
	at org.apache.maven.surefire.booter.ForkedBooter.main(ForkedBooter.java:418)


updating test result for file org.apache.hadoop.mapreduce.split.TestJobSplitWriterWithEC#testMaxBlockLocationsOldSplitsWithErasureCoding
v1v1 running time = 38562768077
updating test result for file org.apache.hadoop.mapreduce.split.TestJobSplitWriterWithEC#testMaxBlockLocationsOldSplitsWithErasureCoding
v2v2 running time = 34788910428
---> v1v1 and v2v2 test test suceeded.
updating test result for file org.apache.hadoop.mapreduce.split.TestJobSplitWriterWithEC#testMaxBlockLocationsOldSplitsWithErasureCoding
v1v2 running time = 38485871962
---> v1v2 test suceeded.
updating test result for file org.apache.hadoop.mapreduce.split.TestJobSplitWriterWithEC#testMaxBlockLocationsOldSplitsWithErasureCoding
v1v1 running time = 31515337890
updating test result for file org.apache.hadoop.mapreduce.split.TestJobSplitWriterWithEC#testMaxBlockLocationsOldSplitsWithErasureCoding
v2v2 running time = 32722773675
---> v1v1 and v2v2 test test suceeded.
updating test result for file org.apache.hadoop.mapreduce.split.TestJobSplitWriterWithEC#testMaxBlockLocationsOldSplitsWithErasureCoding
v1v2 running time = 35107097044
---> v1v2 test failed.
proj: mapreduce
u_test: org.apache.hadoop.mapreduce.split.TestJobSplitWriterWithEC#testMaxBlockLocationsOldSplitsWithErasureCoding
h_list: dfs.blockreport.incremental.intervalMsec@@@hdfs:DataNode@@@-1@@@1000@@@0
vv_mode: v1v2
result: FAIL
failureMessage: Number of block locations expected:<14> but was:<10>
stackTrace: java.lang.AssertionError: Number of block locations expected:<14> but was:<10>
	at org.junit.Assert.fail(Assert.java:88)
	at org.junit.Assert.failNotEquals(Assert.java:834)
	at org.junit.Assert.assertEquals(Assert.java:645)
	at org.apache.hadoop.mapreduce.split.TestJobSplitWriterWithEC.validateSplitMetaInfo(TestJobSplitWriterWithEC.java:125)
	at org.apache.hadoop.mapreduce.split.TestJobSplitWriterWithEC.testMaxBlockLocationsOldSplitsWithErasureCoding(TestJobSplitWriterWithEC.java:116)
	at sun.reflect.NativeMethodAccessorImpl.invoke0(Native Method)
	at sun.reflect.NativeMethodAccessorImpl.invoke(NativeMethodAccessorImpl.java:62)
	at sun.reflect.DelegatingMethodAccessorImpl.invoke(DelegatingMethodAccessorImpl.java:43)
	at java.lang.reflect.Method.invoke(Method.java:498)
	at org.junit.runners.model.FrameworkMethod$1.runReflectiveCall(FrameworkMethod.java:50)
	at org.junit.internal.runners.model.ReflectiveCallable.run(ReflectiveCallable.java:12)
	at org.junit.runners.model.FrameworkMethod.invokeExplosively(FrameworkMethod.java:47)
	at org.junit.internal.runners.statements.InvokeMethod.evaluate(InvokeMethod.java:17)
	at org.junit.internal.runners.statements.RunBefores.evaluate(RunBefores.java:26)
	at org.junit.internal.runners.statements.RunAfters.evaluate(RunAfters.java:27)
	at org.junit.runners.ParentRunner.runLeaf(ParentRunner.java:325)
	at org.junit.runners.BlockJUnit4ClassRunner.runChild(BlockJUnit4ClassRunner.java:78)
	at org.junit.runners.BlockJUnit4ClassRunner.runChild(BlockJUnit4ClassRunner.java:57)
	at org.junit.runners.ParentRunner$3.run(ParentRunner.java:290)
	at org.junit.runners.ParentRunner$1.schedule(ParentRunner.java:71)
	at org.junit.runners.ParentRunner.runChildren(ParentRunner.java:288)
	at org.junit.runners.ParentRunner.access$000(ParentRunner.java:58)
	at org.junit.runners.ParentRunner$2.evaluate(ParentRunner.java:268)
	at org.junit.runners.ParentRunner.run(ParentRunner.java:363)
	at org.apache.maven.surefire.junit4.JUnit4Provider.execute(JUnit4Provider.java:365)
	at org.apache.maven.surefire.junit4.JUnit4Provider.executeWithRerun(JUnit4Provider.java:273)
	at org.apache.maven.surefire.junit4.JUnit4Provider.executeTestSet(JUnit4Provider.java:238)
	at org.apache.maven.surefire.junit4.JUnit4Provider.invoke(JUnit4Provider.java:159)
	at org.apache.maven.surefire.booter.ForkedBooter.invokeProviderInSameClassLoader(ForkedBooter.java:384)
	at org.apache.maven.surefire.booter.ForkedBooter.runSuitesInProcess(ForkedBooter.java:345)
	at org.apache.maven.surefire.booter.ForkedBooter.execute(ForkedBooter.java:126)
	at org.apache.maven.surefire.booter.ForkedBooter.main(ForkedBooter.java:418)


updating test result for file org.apache.hadoop.mapreduce.split.TestJobSplitWriterWithEC#testMaxBlockLocationsOldSplitsWithErasureCoding
v1v1 running time = 35413079035
updating test result for file org.apache.hadoop.mapreduce.split.TestJobSplitWriterWithEC#testMaxBlockLocationsOldSplitsWithErasureCoding
v2v2 running time = 32985864803
---> v1v1 and v2v2 test test suceeded.
early stop after 7 is satisfied
v1v2 failed with probability 7 out of 9
v1v1v2v2 failed with probability 0 out of 9
Total execution time in seconds : 1011
0
