my_type=hypothesis
proj=hdfs
u_test=org.apache.hadoop.hdfs.TestRollingUpgrade#testCheckpointWithMultipleNN
h_list[1]=dfs.ha.tail-edits.period.backoff-max@@@hdfs:NameNode@@@-2@@@60s@@@0
proj: hdfs
u_test: org.apache.hadoop.hdfs.TestRollingUpgrade#testCheckpointWithMultipleNN
h_list: dfs.ha.tail-edits.period.backoff-max@@@hdfs:NameNode@@@-2@@@60s@@@0
updating test result for file org.apache.hadoop.hdfs.TestRollingUpgrade#testCheckpointWithMultipleNN
v1v2 running time = 20332403428
---> v1v2 test suceeded.
updating test result for file org.apache.hadoop.hdfs.TestRollingUpgrade#testCheckpointWithMultipleNN
v1v1 running time = 18659926198
updating test result for file org.apache.hadoop.hdfs.TestRollingUpgrade#testCheckpointWithMultipleNN
v2v2 running time = 16694566995
---> v1v1 and v2v2 test test suceeded.
updating test result for file org.apache.hadoop.hdfs.TestRollingUpgrade#testCheckpointWithMultipleNN
v1v2 running time = 20058540759
---> v1v2 test suceeded.
updating test result for file org.apache.hadoop.hdfs.TestRollingUpgrade#testCheckpointWithMultipleNN
v1v1 running time = 18731731994
updating test result for file org.apache.hadoop.hdfs.TestRollingUpgrade#testCheckpointWithMultipleNN
v2v2 running time = 17417769975
---> v1v1 and v2v2 test test suceeded.
updating test result for file org.apache.hadoop.hdfs.TestRollingUpgrade#testCheckpointWithMultipleNN
v1v2 running time = 21282765848
---> v1v2 test failed.
proj: hdfs
u_test: org.apache.hadoop.hdfs.TestRollingUpgrade#testCheckpointWithMultipleNN
h_list: dfs.ha.tail-edits.period.backoff-max@@@hdfs:NameNode@@@-2@@@60s@@@0
vv_mode: v1v2
result: FAIL
failureMessage: new checkpoint does not exist
stackTrace: java.lang.AssertionError: new checkpoint does not exist
	at org.junit.Assert.fail(Assert.java:88)
	at org.apache.hadoop.hdfs.TestRollingUpgrade.verifyNNCheckpoint(TestRollingUpgrade.java:671)
	at org.apache.hadoop.hdfs.TestRollingUpgrade.testCheckpoint(TestRollingUpgrade.java:648)
	at org.apache.hadoop.hdfs.TestRollingUpgrade.testCheckpointWithMultipleNN(TestRollingUpgrade.java:571)
	at sun.reflect.NativeMethodAccessorImpl.invoke0(Native Method)
	at sun.reflect.NativeMethodAccessorImpl.invoke(NativeMethodAccessorImpl.java:62)
	at sun.reflect.DelegatingMethodAccessorImpl.invoke(DelegatingMethodAccessorImpl.java:43)
	at java.lang.reflect.Method.invoke(Method.java:498)
	at org.junit.runners.model.FrameworkMethod$1.runReflectiveCall(FrameworkMethod.java:50)
	at org.junit.internal.runners.model.ReflectiveCallable.run(ReflectiveCallable.java:12)
	at org.junit.runners.model.FrameworkMethod.invokeExplosively(FrameworkMethod.java:47)
	at org.junit.internal.runners.statements.InvokeMethod.evaluate(InvokeMethod.java:17)
	at org.junit.internal.runners.statements.FailOnTimeout$CallableStatement.call(FailOnTimeout.java:298)
	at org.junit.internal.runners.statements.FailOnTimeout$CallableStatement.call(FailOnTimeout.java:292)
	at java.util.concurrent.FutureTask.run(FutureTask.java:266)
	at java.lang.Thread.run(Thread.java:748)


updating test result for file org.apache.hadoop.hdfs.TestRollingUpgrade#testCheckpointWithMultipleNN
v1v1 running time = 17840624893
updating test result for file org.apache.hadoop.hdfs.TestRollingUpgrade#testCheckpointWithMultipleNN
v2v2 running time = 16631362700
---> v1v1 and v2v2 test test suceeded.
updating test result for file org.apache.hadoop.hdfs.TestRollingUpgrade#testCheckpointWithMultipleNN
v1v2 running time = 19072191445
---> v1v2 test failed.
proj: hdfs
u_test: org.apache.hadoop.hdfs.TestRollingUpgrade#testCheckpointWithMultipleNN
h_list: dfs.ha.tail-edits.period.backoff-max@@@hdfs:NameNode@@@-2@@@60s@@@0
vv_mode: v1v2
result: FAIL
failureMessage: new checkpoint does not exist
stackTrace: java.lang.AssertionError: new checkpoint does not exist
	at org.junit.Assert.fail(Assert.java:88)
	at org.apache.hadoop.hdfs.TestRollingUpgrade.verifyNNCheckpoint(TestRollingUpgrade.java:671)
	at org.apache.hadoop.hdfs.TestRollingUpgrade.testCheckpoint(TestRollingUpgrade.java:648)
	at org.apache.hadoop.hdfs.TestRollingUpgrade.testCheckpointWithMultipleNN(TestRollingUpgrade.java:571)
	at sun.reflect.NativeMethodAccessorImpl.invoke0(Native Method)
	at sun.reflect.NativeMethodAccessorImpl.invoke(NativeMethodAccessorImpl.java:62)
	at sun.reflect.DelegatingMethodAccessorImpl.invoke(DelegatingMethodAccessorImpl.java:43)
	at java.lang.reflect.Method.invoke(Method.java:498)
	at org.junit.runners.model.FrameworkMethod$1.runReflectiveCall(FrameworkMethod.java:50)
	at org.junit.internal.runners.model.ReflectiveCallable.run(ReflectiveCallable.java:12)
	at org.junit.runners.model.FrameworkMethod.invokeExplosively(FrameworkMethod.java:47)
	at org.junit.internal.runners.statements.InvokeMethod.evaluate(InvokeMethod.java:17)
	at org.junit.internal.runners.statements.FailOnTimeout$CallableStatement.call(FailOnTimeout.java:298)
	at org.junit.internal.runners.statements.FailOnTimeout$CallableStatement.call(FailOnTimeout.java:292)
	at java.util.concurrent.FutureTask.run(FutureTask.java:266)
	at java.lang.Thread.run(Thread.java:748)


updating test result for file org.apache.hadoop.hdfs.TestRollingUpgrade#testCheckpointWithMultipleNN
v1v1 running time = 17402283380
updating test result for file org.apache.hadoop.hdfs.TestRollingUpgrade#testCheckpointWithMultipleNN
v2v2 running time = 17348739588
---> v1v1 and v2v2 test test suceeded.
updating test result for file org.apache.hadoop.hdfs.TestRollingUpgrade#testCheckpointWithMultipleNN
v1v2 running time = 20304733258
---> v1v2 test failed.
proj: hdfs
u_test: org.apache.hadoop.hdfs.TestRollingUpgrade#testCheckpointWithMultipleNN
h_list: dfs.ha.tail-edits.period.backoff-max@@@hdfs:NameNode@@@-2@@@60s@@@0
vv_mode: v1v2
result: FAIL
failureMessage: new checkpoint does not exist
stackTrace: java.lang.AssertionError: new checkpoint does not exist
	at org.junit.Assert.fail(Assert.java:88)
	at org.apache.hadoop.hdfs.TestRollingUpgrade.verifyNNCheckpoint(TestRollingUpgrade.java:671)
	at org.apache.hadoop.hdfs.TestRollingUpgrade.testCheckpoint(TestRollingUpgrade.java:648)
	at org.apache.hadoop.hdfs.TestRollingUpgrade.testCheckpointWithMultipleNN(TestRollingUpgrade.java:571)
	at sun.reflect.NativeMethodAccessorImpl.invoke0(Native Method)
	at sun.reflect.NativeMethodAccessorImpl.invoke(NativeMethodAccessorImpl.java:62)
	at sun.reflect.DelegatingMethodAccessorImpl.invoke(DelegatingMethodAccessorImpl.java:43)
	at java.lang.reflect.Method.invoke(Method.java:498)
	at org.junit.runners.model.FrameworkMethod$1.runReflectiveCall(FrameworkMethod.java:50)
	at org.junit.internal.runners.model.ReflectiveCallable.run(ReflectiveCallable.java:12)
	at org.junit.runners.model.FrameworkMethod.invokeExplosively(FrameworkMethod.java:47)
	at org.junit.internal.runners.statements.InvokeMethod.evaluate(InvokeMethod.java:17)
	at org.junit.internal.runners.statements.FailOnTimeout$CallableStatement.call(FailOnTimeout.java:298)
	at org.junit.internal.runners.statements.FailOnTimeout$CallableStatement.call(FailOnTimeout.java:292)
	at java.util.concurrent.FutureTask.run(FutureTask.java:266)
	at java.lang.Thread.run(Thread.java:748)


updating test result for file org.apache.hadoop.hdfs.TestRollingUpgrade#testCheckpointWithMultipleNN
v1v1 running time = 18714273246
updating test result for file org.apache.hadoop.hdfs.TestRollingUpgrade#testCheckpointWithMultipleNN
v2v2 running time = 16422230444
---> v1v1 and v2v2 test test suceeded.
updating test result for file org.apache.hadoop.hdfs.TestRollingUpgrade#testCheckpointWithMultipleNN
v1v2 running time = 20524871830
---> v1v2 test suceeded.
updating test result for file org.apache.hadoop.hdfs.TestRollingUpgrade#testCheckpointWithMultipleNN
v1v1 running time = 19444277631
updating test result for file org.apache.hadoop.hdfs.TestRollingUpgrade#testCheckpointWithMultipleNN
v2v2 running time = 15873515860
---> v1v1 and v2v2 test test suceeded.
updating test result for file org.apache.hadoop.hdfs.TestRollingUpgrade#testCheckpointWithMultipleNN
v1v2 running time = 19741601577
---> v1v2 test suceeded.
updating test result for file org.apache.hadoop.hdfs.TestRollingUpgrade#testCheckpointWithMultipleNN
v1v1 running time = 20310591505
updating test result for file org.apache.hadoop.hdfs.TestRollingUpgrade#testCheckpointWithMultipleNN
v2v2 running time = 16046272180
---> v1v1 and v2v2 test test suceeded.
updating test result for file org.apache.hadoop.hdfs.TestRollingUpgrade#testCheckpointWithMultipleNN
v1v2 running time = 16925396602
---> v1v2 test suceeded.
updating test result for file org.apache.hadoop.hdfs.TestRollingUpgrade#testCheckpointWithMultipleNN
v1v1 running time = 17833327748
updating test result for file org.apache.hadoop.hdfs.TestRollingUpgrade#testCheckpointWithMultipleNN
v2v2 running time = 17606898998
---> v1v1 and v2v2 test test suceeded.
updating test result for file org.apache.hadoop.hdfs.TestRollingUpgrade#testCheckpointWithMultipleNN
v1v2 running time = 20454183069
---> v1v2 test failed.
proj: hdfs
u_test: org.apache.hadoop.hdfs.TestRollingUpgrade#testCheckpointWithMultipleNN
h_list: dfs.ha.tail-edits.period.backoff-max@@@hdfs:NameNode@@@-2@@@60s@@@0
vv_mode: v1v2
result: FAIL
failureMessage: new checkpoint does not exist
stackTrace: java.lang.AssertionError: new checkpoint does not exist
	at org.junit.Assert.fail(Assert.java:88)
	at org.apache.hadoop.hdfs.TestRollingUpgrade.verifyNNCheckpoint(TestRollingUpgrade.java:671)
	at org.apache.hadoop.hdfs.TestRollingUpgrade.testCheckpoint(TestRollingUpgrade.java:648)
	at org.apache.hadoop.hdfs.TestRollingUpgrade.testCheckpointWithMultipleNN(TestRollingUpgrade.java:571)
	at sun.reflect.NativeMethodAccessorImpl.invoke0(Native Method)
	at sun.reflect.NativeMethodAccessorImpl.invoke(NativeMethodAccessorImpl.java:62)
	at sun.reflect.DelegatingMethodAccessorImpl.invoke(DelegatingMethodAccessorImpl.java:43)
	at java.lang.reflect.Method.invoke(Method.java:498)
	at org.junit.runners.model.FrameworkMethod$1.runReflectiveCall(FrameworkMethod.java:50)
	at org.junit.internal.runners.model.ReflectiveCallable.run(ReflectiveCallable.java:12)
	at org.junit.runners.model.FrameworkMethod.invokeExplosively(FrameworkMethod.java:47)
	at org.junit.internal.runners.statements.InvokeMethod.evaluate(InvokeMethod.java:17)
	at org.junit.internal.runners.statements.FailOnTimeout$CallableStatement.call(FailOnTimeout.java:298)
	at org.junit.internal.runners.statements.FailOnTimeout$CallableStatement.call(FailOnTimeout.java:292)
	at java.util.concurrent.FutureTask.run(FutureTask.java:266)
	at java.lang.Thread.run(Thread.java:748)


updating test result for file org.apache.hadoop.hdfs.TestRollingUpgrade#testCheckpointWithMultipleNN
v1v1 running time = 19477468699
updating test result for file org.apache.hadoop.hdfs.TestRollingUpgrade#testCheckpointWithMultipleNN
v2v2 running time = 19123018566
---> v1v1 and v2v2 test test suceeded.
updating test result for file org.apache.hadoop.hdfs.TestRollingUpgrade#testCheckpointWithMultipleNN
v1v2 running time = 19060633573
---> v1v2 test suceeded.
updating test result for file org.apache.hadoop.hdfs.TestRollingUpgrade#testCheckpointWithMultipleNN
v1v1 running time = 20433341227
updating test result for file org.apache.hadoop.hdfs.TestRollingUpgrade#testCheckpointWithMultipleNN
v2v2 running time = 19017296160
---> v1v1 and v2v2 test test suceeded.
updating test result for file org.apache.hadoop.hdfs.TestRollingUpgrade#testCheckpointWithMultipleNN
v1v2 running time = 18762554054
---> v1v2 test suceeded.
updating test result for file org.apache.hadoop.hdfs.TestRollingUpgrade#testCheckpointWithMultipleNN
v1v1 running time = 18153126576
updating test result for file org.apache.hadoop.hdfs.TestRollingUpgrade#testCheckpointWithMultipleNN
v2v2 running time = 17353156405
---> v1v1 and v2v2 test test suceeded.
updating test result for file org.apache.hadoop.hdfs.TestRollingUpgrade#testCheckpointWithMultipleNN
v1v2 running time = 18576221880
---> v1v2 test suceeded.
updating test result for file org.apache.hadoop.hdfs.TestRollingUpgrade#testCheckpointWithMultipleNN
v1v1 running time = 18816449022
updating test result for file org.apache.hadoop.hdfs.TestRollingUpgrade#testCheckpointWithMultipleNN
v2v2 running time = 16756143878
---> v1v1 and v2v2 test test suceeded.
updating test result for file org.apache.hadoop.hdfs.TestRollingUpgrade#testCheckpointWithMultipleNN
v1v2 running time = 19498547151
---> v1v2 test failed.
proj: hdfs
u_test: org.apache.hadoop.hdfs.TestRollingUpgrade#testCheckpointWithMultipleNN
h_list: dfs.ha.tail-edits.period.backoff-max@@@hdfs:NameNode@@@-2@@@60s@@@0
vv_mode: v1v2
result: FAIL
failureMessage: new checkpoint does not exist
stackTrace: java.lang.AssertionError: new checkpoint does not exist
	at org.junit.Assert.fail(Assert.java:88)
	at org.apache.hadoop.hdfs.TestRollingUpgrade.verifyNNCheckpoint(TestRollingUpgrade.java:671)
	at org.apache.hadoop.hdfs.TestRollingUpgrade.testCheckpoint(TestRollingUpgrade.java:648)
	at org.apache.hadoop.hdfs.TestRollingUpgrade.testCheckpointWithMultipleNN(TestRollingUpgrade.java:571)
	at sun.reflect.NativeMethodAccessorImpl.invoke0(Native Method)
	at sun.reflect.NativeMethodAccessorImpl.invoke(NativeMethodAccessorImpl.java:62)
	at sun.reflect.DelegatingMethodAccessorImpl.invoke(DelegatingMethodAccessorImpl.java:43)
	at java.lang.reflect.Method.invoke(Method.java:498)
	at org.junit.runners.model.FrameworkMethod$1.runReflectiveCall(FrameworkMethod.java:50)
	at org.junit.internal.runners.model.ReflectiveCallable.run(ReflectiveCallable.java:12)
	at org.junit.runners.model.FrameworkMethod.invokeExplosively(FrameworkMethod.java:47)
	at org.junit.internal.runners.statements.InvokeMethod.evaluate(InvokeMethod.java:17)
	at org.junit.internal.runners.statements.FailOnTimeout$CallableStatement.call(FailOnTimeout.java:298)
	at org.junit.internal.runners.statements.FailOnTimeout$CallableStatement.call(FailOnTimeout.java:292)
	at java.util.concurrent.FutureTask.run(FutureTask.java:266)
	at java.lang.Thread.run(Thread.java:748)


updating test result for file org.apache.hadoop.hdfs.TestRollingUpgrade#testCheckpointWithMultipleNN
v1v1 running time = 19431183012
updating test result for file org.apache.hadoop.hdfs.TestRollingUpgrade#testCheckpointWithMultipleNN
v2v2 running time = 17999033124
---> v1v1 and v2v2 test test suceeded.
updating test result for file org.apache.hadoop.hdfs.TestRollingUpgrade#testCheckpointWithMultipleNN
v1v2 running time = 20470314658
---> v1v2 test failed.
proj: hdfs
u_test: org.apache.hadoop.hdfs.TestRollingUpgrade#testCheckpointWithMultipleNN
h_list: dfs.ha.tail-edits.period.backoff-max@@@hdfs:NameNode@@@-2@@@60s@@@0
vv_mode: v1v2
result: FAIL
failureMessage: new checkpoint does not exist
stackTrace: java.lang.AssertionError: new checkpoint does not exist
	at org.junit.Assert.fail(Assert.java:88)
	at org.apache.hadoop.hdfs.TestRollingUpgrade.verifyNNCheckpoint(TestRollingUpgrade.java:671)
	at org.apache.hadoop.hdfs.TestRollingUpgrade.testCheckpoint(TestRollingUpgrade.java:648)
	at org.apache.hadoop.hdfs.TestRollingUpgrade.testCheckpointWithMultipleNN(TestRollingUpgrade.java:571)
	at sun.reflect.NativeMethodAccessorImpl.invoke0(Native Method)
	at sun.reflect.NativeMethodAccessorImpl.invoke(NativeMethodAccessorImpl.java:62)
	at sun.reflect.DelegatingMethodAccessorImpl.invoke(DelegatingMethodAccessorImpl.java:43)
	at java.lang.reflect.Method.invoke(Method.java:498)
	at org.junit.runners.model.FrameworkMethod$1.runReflectiveCall(FrameworkMethod.java:50)
	at org.junit.internal.runners.model.ReflectiveCallable.run(ReflectiveCallable.java:12)
	at org.junit.runners.model.FrameworkMethod.invokeExplosively(FrameworkMethod.java:47)
	at org.junit.internal.runners.statements.InvokeMethod.evaluate(InvokeMethod.java:17)
	at org.junit.internal.runners.statements.FailOnTimeout$CallableStatement.call(FailOnTimeout.java:298)
	at org.junit.internal.runners.statements.FailOnTimeout$CallableStatement.call(FailOnTimeout.java:292)
	at java.util.concurrent.FutureTask.run(FutureTask.java:266)
	at java.lang.Thread.run(Thread.java:748)


updating test result for file org.apache.hadoop.hdfs.TestRollingUpgrade#testCheckpointWithMultipleNN
v1v1 running time = 18068631830
updating test result for file org.apache.hadoop.hdfs.TestRollingUpgrade#testCheckpointWithMultipleNN
v2v2 running time = 16713984208
---> v1v1 and v2v2 test test suceeded.
updating test result for file org.apache.hadoop.hdfs.TestRollingUpgrade#testCheckpointWithMultipleNN
v1v2 running time = 19427494607
---> v1v2 test failed.
proj: hdfs
u_test: org.apache.hadoop.hdfs.TestRollingUpgrade#testCheckpointWithMultipleNN
h_list: dfs.ha.tail-edits.period.backoff-max@@@hdfs:NameNode@@@-2@@@60s@@@0
vv_mode: v1v2
result: FAIL
failureMessage: new checkpoint does not exist
stackTrace: java.lang.AssertionError: new checkpoint does not exist
	at org.junit.Assert.fail(Assert.java:88)
	at org.apache.hadoop.hdfs.TestRollingUpgrade.verifyNNCheckpoint(TestRollingUpgrade.java:671)
	at org.apache.hadoop.hdfs.TestRollingUpgrade.testCheckpoint(TestRollingUpgrade.java:648)
	at org.apache.hadoop.hdfs.TestRollingUpgrade.testCheckpointWithMultipleNN(TestRollingUpgrade.java:571)
	at sun.reflect.NativeMethodAccessorImpl.invoke0(Native Method)
	at sun.reflect.NativeMethodAccessorImpl.invoke(NativeMethodAccessorImpl.java:62)
	at sun.reflect.DelegatingMethodAccessorImpl.invoke(DelegatingMethodAccessorImpl.java:43)
	at java.lang.reflect.Method.invoke(Method.java:498)
	at org.junit.runners.model.FrameworkMethod$1.runReflectiveCall(FrameworkMethod.java:50)
	at org.junit.internal.runners.model.ReflectiveCallable.run(ReflectiveCallable.java:12)
	at org.junit.runners.model.FrameworkMethod.invokeExplosively(FrameworkMethod.java:47)
	at org.junit.internal.runners.statements.InvokeMethod.evaluate(InvokeMethod.java:17)
	at org.junit.internal.runners.statements.FailOnTimeout$CallableStatement.call(FailOnTimeout.java:298)
	at org.junit.internal.runners.statements.FailOnTimeout$CallableStatement.call(FailOnTimeout.java:292)
	at java.util.concurrent.FutureTask.run(FutureTask.java:266)
	at java.lang.Thread.run(Thread.java:748)


updating test result for file org.apache.hadoop.hdfs.TestRollingUpgrade#testCheckpointWithMultipleNN
v1v1 running time = 18579419312
updating test result for file org.apache.hadoop.hdfs.TestRollingUpgrade#testCheckpointWithMultipleNN
v2v2 running time = 17113868209
---> v1v1 and v2v2 test test suceeded.
early stop after 7 is satisfied
v1v2 failed with probability 7 out of 15
v1v1v2v2 failed with probability 0 out of 15
Total execution time in seconds : 834
0
