my_type=hypothesis
proj=yarn
u_test=org.apache.hadoop.yarn.server.resourcemanager.TestRMRestart#testRMDelegationTokenRestoredOnRMRestart[*]
h_list[1]=yarn.resourcemanager.delegation.token.renew-interval@@@yarn:ResourceManager@@@-2@@@86400000@@@1000
proj: yarn
u_test: org.apache.hadoop.yarn.server.resourcemanager.TestRMRestart#testRMDelegationTokenRestoredOnRMRestart[*]
h_list: yarn.resourcemanager.delegation.token.renew-interval@@@yarn:ResourceManager@@@-2@@@86400000@@@1000
updating test result for file org.apache.hadoop.yarn.server.resourcemanager.TestRMRestart#testRMDelegationTokenRestoredOnRMRestart
v1v2 running time = 28556253253
---> v1v2 test failed.
proj: yarn
u_test: org.apache.hadoop.yarn.server.resourcemanager.TestRMRestart#testRMDelegationTokenRestoredOnRMRestart[*]
h_list: yarn.resourcemanager.delegation.token.renew-interval@@@yarn:ResourceManager@@@-2@@@86400000@@@1000
vv_mode: v1v2
result: FAIL
failureMessage: null
stackTrace: java.lang.AssertionError
	at org.junit.Assert.fail(Assert.java:86)
	at org.junit.Assert.assertTrue(Assert.java:41)
	at org.junit.Assert.assertTrue(Assert.java:52)
	at org.apache.hadoop.yarn.server.resourcemanager.TestRMRestart.testRMDelegationTokenRestoredOnRMRestart(TestRMRestart.java:1576)
	at sun.reflect.NativeMethodAccessorImpl.invoke0(Native Method)
	at sun.reflect.NativeMethodAccessorImpl.invoke(NativeMethodAccessorImpl.java:62)
	at sun.reflect.DelegatingMethodAccessorImpl.invoke(DelegatingMethodAccessorImpl.java:43)
	at java.lang.reflect.Method.invoke(Method.java:498)
	at org.junit.runners.model.FrameworkMethod$1.runReflectiveCall(FrameworkMethod.java:50)
	at org.junit.internal.runners.model.ReflectiveCallable.run(ReflectiveCallable.java:12)
	at org.junit.runners.model.FrameworkMethod.invokeExplosively(FrameworkMethod.java:47)
	at org.junit.internal.runners.statements.InvokeMethod.evaluate(InvokeMethod.java:17)
	at org.junit.internal.runners.statements.FailOnTimeout$CallableStatement.call(FailOnTimeout.java:298)
	at org.junit.internal.runners.statements.FailOnTimeout$CallableStatement.call(FailOnTimeout.java:292)
	at java.util.concurrent.FutureTask.run(FutureTask.java:266)
	at java.lang.Thread.run(Thread.java:748)


updating test result for file org.apache.hadoop.yarn.server.resourcemanager.TestRMRestart#testRMDelegationTokenRestoredOnRMRestart
v1v1 running time = 31288190312
updating test result for file org.apache.hadoop.yarn.server.resourcemanager.TestRMRestart#testRMDelegationTokenRestoredOnRMRestart
v2v2 running time = 30069768467
---> v1v1 and v2v2 test test suceeded.
updating test result for file org.apache.hadoop.yarn.server.resourcemanager.TestRMRestart#testRMDelegationTokenRestoredOnRMRestart
v1v2 running time = 22391120016
---> v1v2 test failed.
proj: yarn
u_test: org.apache.hadoop.yarn.server.resourcemanager.TestRMRestart#testRMDelegationTokenRestoredOnRMRestart[*]
h_list: yarn.resourcemanager.delegation.token.renew-interval@@@yarn:ResourceManager@@@-2@@@86400000@@@1000
vv_mode: v1v2
result: FAIL
failureMessage: null
stackTrace: java.lang.AssertionError
	at org.junit.Assert.fail(Assert.java:86)
	at org.junit.Assert.assertTrue(Assert.java:41)
	at org.junit.Assert.assertTrue(Assert.java:52)
	at org.apache.hadoop.yarn.server.resourcemanager.TestRMRestart.testRMDelegationTokenRestoredOnRMRestart(TestRMRestart.java:1576)
	at sun.reflect.NativeMethodAccessorImpl.invoke0(Native Method)
	at sun.reflect.NativeMethodAccessorImpl.invoke(NativeMethodAccessorImpl.java:62)
	at sun.reflect.DelegatingMethodAccessorImpl.invoke(DelegatingMethodAccessorImpl.java:43)
	at java.lang.reflect.Method.invoke(Method.java:498)
	at org.junit.runners.model.FrameworkMethod$1.runReflectiveCall(FrameworkMethod.java:50)
	at org.junit.internal.runners.model.ReflectiveCallable.run(ReflectiveCallable.java:12)
	at org.junit.runners.model.FrameworkMethod.invokeExplosively(FrameworkMethod.java:47)
	at org.junit.internal.runners.statements.InvokeMethod.evaluate(InvokeMethod.java:17)
	at org.junit.internal.runners.statements.FailOnTimeout$CallableStatement.call(FailOnTimeout.java:298)
	at org.junit.internal.runners.statements.FailOnTimeout$CallableStatement.call(FailOnTimeout.java:292)
	at java.util.concurrent.FutureTask.run(FutureTask.java:266)
	at java.lang.Thread.run(Thread.java:748)


updating test result for file org.apache.hadoop.yarn.server.resourcemanager.TestRMRestart#testRMDelegationTokenRestoredOnRMRestart
v1v1 running time = 24384589587
updating test result for file org.apache.hadoop.yarn.server.resourcemanager.TestRMRestart#testRMDelegationTokenRestoredOnRMRestart
v2v2 running time = 29183865087
---> v1v1 and v2v2 test test suceeded.
updating test result for file org.apache.hadoop.yarn.server.resourcemanager.TestRMRestart#testRMDelegationTokenRestoredOnRMRestart
v1v2 running time = 31199051899
---> v1v2 test failed.
proj: yarn
u_test: org.apache.hadoop.yarn.server.resourcemanager.TestRMRestart#testRMDelegationTokenRestoredOnRMRestart[*]
h_list: yarn.resourcemanager.delegation.token.renew-interval@@@yarn:ResourceManager@@@-2@@@86400000@@@1000
vv_mode: v1v2
result: FAIL
failureMessage: null
stackTrace: java.lang.AssertionError
	at org.junit.Assert.fail(Assert.java:86)
	at org.junit.Assert.assertTrue(Assert.java:41)
	at org.junit.Assert.assertTrue(Assert.java:52)
	at org.apache.hadoop.yarn.server.resourcemanager.TestRMRestart.testRMDelegationTokenRestoredOnRMRestart(TestRMRestart.java:1576)
	at sun.reflect.NativeMethodAccessorImpl.invoke0(Native Method)
	at sun.reflect.NativeMethodAccessorImpl.invoke(NativeMethodAccessorImpl.java:62)
	at sun.reflect.DelegatingMethodAccessorImpl.invoke(DelegatingMethodAccessorImpl.java:43)
	at java.lang.reflect.Method.invoke(Method.java:498)
	at org.junit.runners.model.FrameworkMethod$1.runReflectiveCall(FrameworkMethod.java:50)
	at org.junit.internal.runners.model.ReflectiveCallable.run(ReflectiveCallable.java:12)
	at org.junit.runners.model.FrameworkMethod.invokeExplosively(FrameworkMethod.java:47)
	at org.junit.internal.runners.statements.InvokeMethod.evaluate(InvokeMethod.java:17)
	at org.junit.internal.runners.statements.FailOnTimeout$CallableStatement.call(FailOnTimeout.java:298)
	at org.junit.internal.runners.statements.FailOnTimeout$CallableStatement.call(FailOnTimeout.java:292)
	at java.util.concurrent.FutureTask.run(FutureTask.java:266)
	at java.lang.Thread.run(Thread.java:748)


updating test result for file org.apache.hadoop.yarn.server.resourcemanager.TestRMRestart#testRMDelegationTokenRestoredOnRMRestart
v1v1 running time = 30267937092
updating test result for file org.apache.hadoop.yarn.server.resourcemanager.TestRMRestart#testRMDelegationTokenRestoredOnRMRestart
v2v2 running time = 22033919698
---> v1v1 and v2v2 test test suceeded.
updating test result for file org.apache.hadoop.yarn.server.resourcemanager.TestRMRestart#testRMDelegationTokenRestoredOnRMRestart
v1v2 running time = 22191279354
---> v1v2 test failed.
proj: yarn
u_test: org.apache.hadoop.yarn.server.resourcemanager.TestRMRestart#testRMDelegationTokenRestoredOnRMRestart[*]
h_list: yarn.resourcemanager.delegation.token.renew-interval@@@yarn:ResourceManager@@@-2@@@86400000@@@1000
vv_mode: v1v2
result: FAIL
failureMessage: null
stackTrace: java.lang.AssertionError
	at org.junit.Assert.fail(Assert.java:86)
	at org.junit.Assert.assertTrue(Assert.java:41)
	at org.junit.Assert.assertTrue(Assert.java:52)
	at org.apache.hadoop.yarn.server.resourcemanager.TestRMRestart.testRMDelegationTokenRestoredOnRMRestart(TestRMRestart.java:1576)
	at sun.reflect.NativeMethodAccessorImpl.invoke0(Native Method)
	at sun.reflect.NativeMethodAccessorImpl.invoke(NativeMethodAccessorImpl.java:62)
	at sun.reflect.DelegatingMethodAccessorImpl.invoke(DelegatingMethodAccessorImpl.java:43)
	at java.lang.reflect.Method.invoke(Method.java:498)
	at org.junit.runners.model.FrameworkMethod$1.runReflectiveCall(FrameworkMethod.java:50)
	at org.junit.internal.runners.model.ReflectiveCallable.run(ReflectiveCallable.java:12)
	at org.junit.runners.model.FrameworkMethod.invokeExplosively(FrameworkMethod.java:47)
	at org.junit.internal.runners.statements.InvokeMethod.evaluate(InvokeMethod.java:17)
	at org.junit.internal.runners.statements.FailOnTimeout$CallableStatement.call(FailOnTimeout.java:298)
	at org.junit.internal.runners.statements.FailOnTimeout$CallableStatement.call(FailOnTimeout.java:292)
	at java.util.concurrent.FutureTask.run(FutureTask.java:266)
	at java.lang.Thread.run(Thread.java:748)


updating test result for file org.apache.hadoop.yarn.server.resourcemanager.TestRMRestart#testRMDelegationTokenRestoredOnRMRestart
v1v1 running time = 28100086292
updating test result for file org.apache.hadoop.yarn.server.resourcemanager.TestRMRestart#testRMDelegationTokenRestoredOnRMRestart
v2v2 running time = 21405863139
---> v1v1 and v2v2 test test suceeded.
updating test result for file org.apache.hadoop.yarn.server.resourcemanager.TestRMRestart#testRMDelegationTokenRestoredOnRMRestart
v1v2 running time = 19975018955
---> v1v2 test failed.
proj: yarn
u_test: org.apache.hadoop.yarn.server.resourcemanager.TestRMRestart#testRMDelegationTokenRestoredOnRMRestart[*]
h_list: yarn.resourcemanager.delegation.token.renew-interval@@@yarn:ResourceManager@@@-2@@@86400000@@@1000
vv_mode: v1v2
result: FAIL
failureMessage: null
stackTrace: java.lang.AssertionError
	at org.junit.Assert.fail(Assert.java:86)
	at org.junit.Assert.assertTrue(Assert.java:41)
	at org.junit.Assert.assertTrue(Assert.java:52)
	at org.apache.hadoop.yarn.server.resourcemanager.TestRMRestart.testRMDelegationTokenRestoredOnRMRestart(TestRMRestart.java:1576)
	at sun.reflect.NativeMethodAccessorImpl.invoke0(Native Method)
	at sun.reflect.NativeMethodAccessorImpl.invoke(NativeMethodAccessorImpl.java:62)
	at sun.reflect.DelegatingMethodAccessorImpl.invoke(DelegatingMethodAccessorImpl.java:43)
	at java.lang.reflect.Method.invoke(Method.java:498)
	at org.junit.runners.model.FrameworkMethod$1.runReflectiveCall(FrameworkMethod.java:50)
	at org.junit.internal.runners.model.ReflectiveCallable.run(ReflectiveCallable.java:12)
	at org.junit.runners.model.FrameworkMethod.invokeExplosively(FrameworkMethod.java:47)
	at org.junit.internal.runners.statements.InvokeMethod.evaluate(InvokeMethod.java:17)
	at org.junit.internal.runners.statements.FailOnTimeout$CallableStatement.call(FailOnTimeout.java:298)
	at org.junit.internal.runners.statements.FailOnTimeout$CallableStatement.call(FailOnTimeout.java:292)
	at java.util.concurrent.FutureTask.run(FutureTask.java:266)
	at java.lang.Thread.run(Thread.java:748)


updating test result for file org.apache.hadoop.yarn.server.resourcemanager.TestRMRestart#testRMDelegationTokenRestoredOnRMRestart
v1v1 running time = 19624832168
updating test result for file org.apache.hadoop.yarn.server.resourcemanager.TestRMRestart#testRMDelegationTokenRestoredOnRMRestart
v2v2 running time = 20864927419
---> v1v1 and v2v2 test test suceeded.
updating test result for file org.apache.hadoop.yarn.server.resourcemanager.TestRMRestart#testRMDelegationTokenRestoredOnRMRestart
v1v2 running time = 20731437422
---> v1v2 test failed.
proj: yarn
u_test: org.apache.hadoop.yarn.server.resourcemanager.TestRMRestart#testRMDelegationTokenRestoredOnRMRestart[*]
h_list: yarn.resourcemanager.delegation.token.renew-interval@@@yarn:ResourceManager@@@-2@@@86400000@@@1000
vv_mode: v1v2
result: FAIL
failureMessage: null
stackTrace: java.lang.AssertionError
	at org.junit.Assert.fail(Assert.java:86)
	at org.junit.Assert.assertTrue(Assert.java:41)
	at org.junit.Assert.assertTrue(Assert.java:52)
	at org.apache.hadoop.yarn.server.resourcemanager.TestRMRestart.testRMDelegationTokenRestoredOnRMRestart(TestRMRestart.java:1576)
	at sun.reflect.NativeMethodAccessorImpl.invoke0(Native Method)
	at sun.reflect.NativeMethodAccessorImpl.invoke(NativeMethodAccessorImpl.java:62)
	at sun.reflect.DelegatingMethodAccessorImpl.invoke(DelegatingMethodAccessorImpl.java:43)
	at java.lang.reflect.Method.invoke(Method.java:498)
	at org.junit.runners.model.FrameworkMethod$1.runReflectiveCall(FrameworkMethod.java:50)
	at org.junit.internal.runners.model.ReflectiveCallable.run(ReflectiveCallable.java:12)
	at org.junit.runners.model.FrameworkMethod.invokeExplosively(FrameworkMethod.java:47)
	at org.junit.internal.runners.statements.InvokeMethod.evaluate(InvokeMethod.java:17)
	at org.junit.internal.runners.statements.FailOnTimeout$CallableStatement.call(FailOnTimeout.java:298)
	at org.junit.internal.runners.statements.FailOnTimeout$CallableStatement.call(FailOnTimeout.java:292)
	at java.util.concurrent.FutureTask.run(FutureTask.java:266)
	at java.lang.Thread.run(Thread.java:748)


updating test result for file org.apache.hadoop.yarn.server.resourcemanager.TestRMRestart#testRMDelegationTokenRestoredOnRMRestart
v1v1 running time = 24551078039
updating test result for file org.apache.hadoop.yarn.server.resourcemanager.TestRMRestart#testRMDelegationTokenRestoredOnRMRestart
v2v2 running time = 25249342135
---> v1v1 and v2v2 test test suceeded.
updating test result for file org.apache.hadoop.yarn.server.resourcemanager.TestRMRestart#testRMDelegationTokenRestoredOnRMRestart
v1v2 running time = 28763324645
---> v1v2 test failed.
proj: yarn
u_test: org.apache.hadoop.yarn.server.resourcemanager.TestRMRestart#testRMDelegationTokenRestoredOnRMRestart[*]
h_list: yarn.resourcemanager.delegation.token.renew-interval@@@yarn:ResourceManager@@@-2@@@86400000@@@1000
vv_mode: v1v2
result: FAIL
failureMessage: null
stackTrace: java.lang.AssertionError
	at org.junit.Assert.fail(Assert.java:86)
	at org.junit.Assert.assertTrue(Assert.java:41)
	at org.junit.Assert.assertTrue(Assert.java:52)
	at org.apache.hadoop.yarn.server.resourcemanager.TestRMRestart.testRMDelegationTokenRestoredOnRMRestart(TestRMRestart.java:1576)
	at sun.reflect.NativeMethodAccessorImpl.invoke0(Native Method)
	at sun.reflect.NativeMethodAccessorImpl.invoke(NativeMethodAccessorImpl.java:62)
	at sun.reflect.DelegatingMethodAccessorImpl.invoke(DelegatingMethodAccessorImpl.java:43)
	at java.lang.reflect.Method.invoke(Method.java:498)
	at org.junit.runners.model.FrameworkMethod$1.runReflectiveCall(FrameworkMethod.java:50)
	at org.junit.internal.runners.model.ReflectiveCallable.run(ReflectiveCallable.java:12)
	at org.junit.runners.model.FrameworkMethod.invokeExplosively(FrameworkMethod.java:47)
	at org.junit.internal.runners.statements.InvokeMethod.evaluate(InvokeMethod.java:17)
	at org.junit.internal.runners.statements.FailOnTimeout$CallableStatement.call(FailOnTimeout.java:298)
	at org.junit.internal.runners.statements.FailOnTimeout$CallableStatement.call(FailOnTimeout.java:292)
	at java.util.concurrent.FutureTask.run(FutureTask.java:266)
	at java.lang.Thread.run(Thread.java:748)


updating test result for file org.apache.hadoop.yarn.server.resourcemanager.TestRMRestart#testRMDelegationTokenRestoredOnRMRestart
v1v1 running time = 33214477238
updating test result for file org.apache.hadoop.yarn.server.resourcemanager.TestRMRestart#testRMDelegationTokenRestoredOnRMRestart
v2v2 running time = 30215162029
---> v1v1 and v2v2 test test suceeded.
early stop after 7 is satisfied
v1v2 failed with probability 7 out of 7
v1v1v2v2 failed with probability 0 out of 7
Total execution time in seconds : 544
0
