my_type=hypothesis
proj=hdfs
u_test=org.apache.hadoop.hdfs.server.namenode.ha.TestStandbyCheckpoints#testBothNodesInStandbyState
h_list[1]=dfs.image.compression.codec@@@hdfs:NameNode@@@-2@@@org.apache.hadoop.hdfs.server.namenode.ha.TestStandbyCheckpoints.SlowCodec@@@org.apache.hadoop.io.compress.DefaultCodec
proj: hdfs
u_test: org.apache.hadoop.hdfs.server.namenode.ha.TestStandbyCheckpoints#testBothNodesInStandbyState
h_list: dfs.image.compression.codec@@@hdfs:NameNode@@@-2@@@org.apache.hadoop.hdfs.server.namenode.ha.TestStandbyCheckpoints.SlowCodec@@@org.apache.hadoop.io.compress.DefaultCodec
updating test result for file org.apache.hadoop.hdfs.server.namenode.ha.TestStandbyCheckpoints#testBothNodesInStandbyState
v1v2 running time = 22781362990
---> v1v2 test failed.
proj: hdfs
u_test: org.apache.hadoop.hdfs.server.namenode.ha.TestStandbyCheckpoints#testBothNodesInStandbyState
h_list: dfs.image.compression.codec@@@hdfs:NameNode@@@-2@@@org.apache.hadoop.hdfs.server.namenode.ha.TestStandbyCheckpoints.SlowCodec@@@org.apache.hadoop.io.compress.DefaultCodec
vv_mode: v1v2
result: FAIL
failureMessage: File contents differed:
  /root/hadoop-3.2.1-src/hadoop-hdfs-project/hadoop-hdfs/target/test/data/dfs/name-0-3/current/fsimage_0000000000000000012=6136e4abc17502657390bafa29d1ae6a
  /root/hadoop-3.2.1-src/hadoop-hdfs-project/hadoop-hdfs/target/test/data/dfs/name-0-1/current/fsimage_0000000000000000012=3b810eca02235300f853ed4c223f4ed9
  /root/hadoop-3.2.1-src/hadoop-hdfs-project/hadoop-hdfs/target/test/data/dfs/name-0-2/current/fsimage_0000000000000000012=3b810eca02235300f853ed4c223f4ed9
  /root/hadoop-3.2.1-src/hadoop-hdfs-project/hadoop-hdfs/target/test/data/dfs/name-0-4/current/fsimage_0000000000000000012=6136e4abc17502657390bafa29d1ae6a
stackTrace: java.lang.AssertionError: File contents differed:
  /root/hadoop-3.2.1-src/hadoop-hdfs-project/hadoop-hdfs/target/test/data/dfs/name-0-3/current/fsimage_0000000000000000012=6136e4abc17502657390bafa29d1ae6a
  /root/hadoop-3.2.1-src/hadoop-hdfs-project/hadoop-hdfs/target/test/data/dfs/name-0-1/current/fsimage_0000000000000000012=3b810eca02235300f853ed4c223f4ed9
  /root/hadoop-3.2.1-src/hadoop-hdfs-project/hadoop-hdfs/target/test/data/dfs/name-0-2/current/fsimage_0000000000000000012=3b810eca02235300f853ed4c223f4ed9
  /root/hadoop-3.2.1-src/hadoop-hdfs-project/hadoop-hdfs/target/test/data/dfs/name-0-4/current/fsimage_0000000000000000012=6136e4abc17502657390bafa29d1ae6a
	at org.junit.Assert.fail(Assert.java:88)
	at org.apache.hadoop.hdfs.server.namenode.FSImageTestUtil.assertFileContentsSame(FSImageTestUtil.java:419)
	at org.apache.hadoop.hdfs.server.namenode.FSImageTestUtil.assertParallelFilesAreIdentical(FSImageTestUtil.java:350)
	at org.apache.hadoop.hdfs.server.namenode.ha.TestStandbyCheckpoints.testBothNodesInStandbyState(TestStandbyCheckpoints.java:253)
	at sun.reflect.NativeMethodAccessorImpl.invoke0(Native Method)
	at sun.reflect.NativeMethodAccessorImpl.invoke(NativeMethodAccessorImpl.java:62)
	at sun.reflect.DelegatingMethodAccessorImpl.invoke(DelegatingMethodAccessorImpl.java:43)
	at java.lang.reflect.Method.invoke(Method.java:498)
	at org.junit.runners.model.FrameworkMethod$1.runReflectiveCall(FrameworkMethod.java:50)
	at org.junit.internal.runners.model.ReflectiveCallable.run(ReflectiveCallable.java:12)
	at org.junit.runners.model.FrameworkMethod.invokeExplosively(FrameworkMethod.java:47)
	at org.junit.internal.runners.statements.InvokeMethod.evaluate(InvokeMethod.java:17)
	at org.junit.internal.runners.statements.FailOnTimeout$CallableStatement.call(FailOnTimeout.java:298)
	at org.junit.internal.runners.statements.FailOnTimeout$CallableStatement.call(FailOnTimeout.java:292)
	at java.util.concurrent.FutureTask.run(FutureTask.java:266)
	at java.lang.Thread.run(Thread.java:748)


updating test result for file org.apache.hadoop.hdfs.server.namenode.ha.TestStandbyCheckpoints#testBothNodesInStandbyState
v1v1 running time = 24724347148
updating test result for file org.apache.hadoop.hdfs.server.namenode.ha.TestStandbyCheckpoints#testBothNodesInStandbyState
v2v2 running time = 20469301149
---> v1v1 and v2v2 test test suceeded.
updating test result for file org.apache.hadoop.hdfs.server.namenode.ha.TestStandbyCheckpoints#testBothNodesInStandbyState
v1v2 running time = 23276987060
---> v1v2 test failed.
proj: hdfs
u_test: org.apache.hadoop.hdfs.server.namenode.ha.TestStandbyCheckpoints#testBothNodesInStandbyState
h_list: dfs.image.compression.codec@@@hdfs:NameNode@@@-2@@@org.apache.hadoop.hdfs.server.namenode.ha.TestStandbyCheckpoints.SlowCodec@@@org.apache.hadoop.io.compress.DefaultCodec
vv_mode: v1v2
result: FAIL
failureMessage: File contents differed:
  /root/hadoop-3.2.1-src/hadoop-hdfs-project/hadoop-hdfs/target/test/data/dfs/name-0-3/current/fsimage_0000000000000000012=688d8897706ec45c2784a0b72e861b0a
  /root/hadoop-3.2.1-src/hadoop-hdfs-project/hadoop-hdfs/target/test/data/dfs/name-0-1/current/fsimage_0000000000000000012=3b8a6335d52f3a319ea8778c07dfeb21
  /root/hadoop-3.2.1-src/hadoop-hdfs-project/hadoop-hdfs/target/test/data/dfs/name-0-2/current/fsimage_0000000000000000012=3b8a6335d52f3a319ea8778c07dfeb21
  /root/hadoop-3.2.1-src/hadoop-hdfs-project/hadoop-hdfs/target/test/data/dfs/name-0-4/current/fsimage_0000000000000000012=688d8897706ec45c2784a0b72e861b0a
stackTrace: java.lang.AssertionError: File contents differed:
  /root/hadoop-3.2.1-src/hadoop-hdfs-project/hadoop-hdfs/target/test/data/dfs/name-0-3/current/fsimage_0000000000000000012=688d8897706ec45c2784a0b72e861b0a
  /root/hadoop-3.2.1-src/hadoop-hdfs-project/hadoop-hdfs/target/test/data/dfs/name-0-1/current/fsimage_0000000000000000012=3b8a6335d52f3a319ea8778c07dfeb21
  /root/hadoop-3.2.1-src/hadoop-hdfs-project/hadoop-hdfs/target/test/data/dfs/name-0-2/current/fsimage_0000000000000000012=3b8a6335d52f3a319ea8778c07dfeb21
  /root/hadoop-3.2.1-src/hadoop-hdfs-project/hadoop-hdfs/target/test/data/dfs/name-0-4/current/fsimage_0000000000000000012=688d8897706ec45c2784a0b72e861b0a
	at org.junit.Assert.fail(Assert.java:88)
	at org.apache.hadoop.hdfs.server.namenode.FSImageTestUtil.assertFileContentsSame(FSImageTestUtil.java:419)
	at org.apache.hadoop.hdfs.server.namenode.FSImageTestUtil.assertParallelFilesAreIdentical(FSImageTestUtil.java:350)
	at org.apache.hadoop.hdfs.server.namenode.ha.TestStandbyCheckpoints.testBothNodesInStandbyState(TestStandbyCheckpoints.java:253)
	at sun.reflect.NativeMethodAccessorImpl.invoke0(Native Method)
	at sun.reflect.NativeMethodAccessorImpl.invoke(NativeMethodAccessorImpl.java:62)
	at sun.reflect.DelegatingMethodAccessorImpl.invoke(DelegatingMethodAccessorImpl.java:43)
	at java.lang.reflect.Method.invoke(Method.java:498)
	at org.junit.runners.model.FrameworkMethod$1.runReflectiveCall(FrameworkMethod.java:50)
	at org.junit.internal.runners.model.ReflectiveCallable.run(ReflectiveCallable.java:12)
	at org.junit.runners.model.FrameworkMethod.invokeExplosively(FrameworkMethod.java:47)
	at org.junit.internal.runners.statements.InvokeMethod.evaluate(InvokeMethod.java:17)
	at org.junit.internal.runners.statements.FailOnTimeout$CallableStatement.call(FailOnTimeout.java:298)
	at org.junit.internal.runners.statements.FailOnTimeout$CallableStatement.call(FailOnTimeout.java:292)
	at java.util.concurrent.FutureTask.run(FutureTask.java:266)
	at java.lang.Thread.run(Thread.java:748)


updating test result for file org.apache.hadoop.hdfs.server.namenode.ha.TestStandbyCheckpoints#testBothNodesInStandbyState
v1v1 running time = 23274822202
updating test result for file org.apache.hadoop.hdfs.server.namenode.ha.TestStandbyCheckpoints#testBothNodesInStandbyState
v2v2 running time = 19515610801
---> v1v1 and v2v2 test test suceeded.
updating test result for file org.apache.hadoop.hdfs.server.namenode.ha.TestStandbyCheckpoints#testBothNodesInStandbyState
v1v2 running time = 17038411834
---> v1v2 test failed.
proj: hdfs
u_test: org.apache.hadoop.hdfs.server.namenode.ha.TestStandbyCheckpoints#testBothNodesInStandbyState
h_list: dfs.image.compression.codec@@@hdfs:NameNode@@@-2@@@org.apache.hadoop.hdfs.server.namenode.ha.TestStandbyCheckpoints.SlowCodec@@@org.apache.hadoop.io.compress.DefaultCodec
vv_mode: v1v2
result: FAIL
failureMessage: File contents differed:
  /root/hadoop-3.2.1-src/hadoop-hdfs-project/hadoop-hdfs/target/test/data/dfs/name-0-3/current/fsimage_0000000000000000012=08334490d17d788db47611da1f64d6e8
  /root/hadoop-3.2.1-src/hadoop-hdfs-project/hadoop-hdfs/target/test/data/dfs/name-0-1/current/fsimage_0000000000000000012=50a98c9ab3889374c4d07d043b3547d1
  /root/hadoop-3.2.1-src/hadoop-hdfs-project/hadoop-hdfs/target/test/data/dfs/name-0-2/current/fsimage_0000000000000000012=50a98c9ab3889374c4d07d043b3547d1
  /root/hadoop-3.2.1-src/hadoop-hdfs-project/hadoop-hdfs/target/test/data/dfs/name-0-4/current/fsimage_0000000000000000012=08334490d17d788db47611da1f64d6e8
stackTrace: java.lang.AssertionError: File contents differed:
  /root/hadoop-3.2.1-src/hadoop-hdfs-project/hadoop-hdfs/target/test/data/dfs/name-0-3/current/fsimage_0000000000000000012=08334490d17d788db47611da1f64d6e8
  /root/hadoop-3.2.1-src/hadoop-hdfs-project/hadoop-hdfs/target/test/data/dfs/name-0-1/current/fsimage_0000000000000000012=50a98c9ab3889374c4d07d043b3547d1
  /root/hadoop-3.2.1-src/hadoop-hdfs-project/hadoop-hdfs/target/test/data/dfs/name-0-2/current/fsimage_0000000000000000012=50a98c9ab3889374c4d07d043b3547d1
  /root/hadoop-3.2.1-src/hadoop-hdfs-project/hadoop-hdfs/target/test/data/dfs/name-0-4/current/fsimage_0000000000000000012=08334490d17d788db47611da1f64d6e8
	at org.junit.Assert.fail(Assert.java:88)
	at org.apache.hadoop.hdfs.server.namenode.FSImageTestUtil.assertFileContentsSame(FSImageTestUtil.java:419)
	at org.apache.hadoop.hdfs.server.namenode.FSImageTestUtil.assertParallelFilesAreIdentical(FSImageTestUtil.java:350)
	at org.apache.hadoop.hdfs.server.namenode.ha.TestStandbyCheckpoints.testBothNodesInStandbyState(TestStandbyCheckpoints.java:253)
	at sun.reflect.NativeMethodAccessorImpl.invoke0(Native Method)
	at sun.reflect.NativeMethodAccessorImpl.invoke(NativeMethodAccessorImpl.java:62)
	at sun.reflect.DelegatingMethodAccessorImpl.invoke(DelegatingMethodAccessorImpl.java:43)
	at java.lang.reflect.Method.invoke(Method.java:498)
	at org.junit.runners.model.FrameworkMethod$1.runReflectiveCall(FrameworkMethod.java:50)
	at org.junit.internal.runners.model.ReflectiveCallable.run(ReflectiveCallable.java:12)
	at org.junit.runners.model.FrameworkMethod.invokeExplosively(FrameworkMethod.java:47)
	at org.junit.internal.runners.statements.InvokeMethod.evaluate(InvokeMethod.java:17)
	at org.junit.internal.runners.statements.FailOnTimeout$CallableStatement.call(FailOnTimeout.java:298)
	at org.junit.internal.runners.statements.FailOnTimeout$CallableStatement.call(FailOnTimeout.java:292)
	at java.util.concurrent.FutureTask.run(FutureTask.java:266)
	at java.lang.Thread.run(Thread.java:748)


updating test result for file org.apache.hadoop.hdfs.server.namenode.ha.TestStandbyCheckpoints#testBothNodesInStandbyState
v1v1 running time = 20761519386
updating test result for file org.apache.hadoop.hdfs.server.namenode.ha.TestStandbyCheckpoints#testBothNodesInStandbyState
v2v2 running time = 23263519986
---> v1v1 and v2v2 test test suceeded.
updating test result for file org.apache.hadoop.hdfs.server.namenode.ha.TestStandbyCheckpoints#testBothNodesInStandbyState
v1v2 running time = 27461891801
---> v1v2 test failed.
proj: hdfs
u_test: org.apache.hadoop.hdfs.server.namenode.ha.TestStandbyCheckpoints#testBothNodesInStandbyState
h_list: dfs.image.compression.codec@@@hdfs:NameNode@@@-2@@@org.apache.hadoop.hdfs.server.namenode.ha.TestStandbyCheckpoints.SlowCodec@@@org.apache.hadoop.io.compress.DefaultCodec
vv_mode: v1v2
result: FAIL
failureMessage: File contents differed:
  /root/hadoop-3.2.1-src/hadoop-hdfs-project/hadoop-hdfs/target/test/data/dfs/name-0-3/current/fsimage_0000000000000000012=fe14036709b65da6556e577dcd6ce6d8
  /root/hadoop-3.2.1-src/hadoop-hdfs-project/hadoop-hdfs/target/test/data/dfs/name-0-1/current/fsimage_0000000000000000012=82429ef1fa4cc09a825430a970229fa8
  /root/hadoop-3.2.1-src/hadoop-hdfs-project/hadoop-hdfs/target/test/data/dfs/name-0-2/current/fsimage_0000000000000000012=82429ef1fa4cc09a825430a970229fa8
  /root/hadoop-3.2.1-src/hadoop-hdfs-project/hadoop-hdfs/target/test/data/dfs/name-0-4/current/fsimage_0000000000000000012=fe14036709b65da6556e577dcd6ce6d8
stackTrace: java.lang.AssertionError: File contents differed:
  /root/hadoop-3.2.1-src/hadoop-hdfs-project/hadoop-hdfs/target/test/data/dfs/name-0-3/current/fsimage_0000000000000000012=fe14036709b65da6556e577dcd6ce6d8
  /root/hadoop-3.2.1-src/hadoop-hdfs-project/hadoop-hdfs/target/test/data/dfs/name-0-1/current/fsimage_0000000000000000012=82429ef1fa4cc09a825430a970229fa8
  /root/hadoop-3.2.1-src/hadoop-hdfs-project/hadoop-hdfs/target/test/data/dfs/name-0-2/current/fsimage_0000000000000000012=82429ef1fa4cc09a825430a970229fa8
  /root/hadoop-3.2.1-src/hadoop-hdfs-project/hadoop-hdfs/target/test/data/dfs/name-0-4/current/fsimage_0000000000000000012=fe14036709b65da6556e577dcd6ce6d8
	at org.junit.Assert.fail(Assert.java:88)
	at org.apache.hadoop.hdfs.server.namenode.FSImageTestUtil.assertFileContentsSame(FSImageTestUtil.java:419)
	at org.apache.hadoop.hdfs.server.namenode.FSImageTestUtil.assertParallelFilesAreIdentical(FSImageTestUtil.java:350)
	at org.apache.hadoop.hdfs.server.namenode.ha.TestStandbyCheckpoints.testBothNodesInStandbyState(TestStandbyCheckpoints.java:253)
	at sun.reflect.NativeMethodAccessorImpl.invoke0(Native Method)
	at sun.reflect.NativeMethodAccessorImpl.invoke(NativeMethodAccessorImpl.java:62)
	at sun.reflect.DelegatingMethodAccessorImpl.invoke(DelegatingMethodAccessorImpl.java:43)
	at java.lang.reflect.Method.invoke(Method.java:498)
	at org.junit.runners.model.FrameworkMethod$1.runReflectiveCall(FrameworkMethod.java:50)
	at org.junit.internal.runners.model.ReflectiveCallable.run(ReflectiveCallable.java:12)
	at org.junit.runners.model.FrameworkMethod.invokeExplosively(FrameworkMethod.java:47)
	at org.junit.internal.runners.statements.InvokeMethod.evaluate(InvokeMethod.java:17)
	at org.junit.internal.runners.statements.FailOnTimeout$CallableStatement.call(FailOnTimeout.java:298)
	at org.junit.internal.runners.statements.FailOnTimeout$CallableStatement.call(FailOnTimeout.java:292)
	at java.util.concurrent.FutureTask.run(FutureTask.java:266)
	at java.lang.Thread.run(Thread.java:748)


updating test result for file org.apache.hadoop.hdfs.server.namenode.ha.TestStandbyCheckpoints#testBothNodesInStandbyState
v1v1 running time = 21816066963
updating test result for file org.apache.hadoop.hdfs.server.namenode.ha.TestStandbyCheckpoints#testBothNodesInStandbyState
v2v2 running time = 26870241525
---> v1v1 and v2v2 test test suceeded.
updating test result for file org.apache.hadoop.hdfs.server.namenode.ha.TestStandbyCheckpoints#testBothNodesInStandbyState
v1v2 running time = 22407109133
---> v1v2 test failed.
proj: hdfs
u_test: org.apache.hadoop.hdfs.server.namenode.ha.TestStandbyCheckpoints#testBothNodesInStandbyState
h_list: dfs.image.compression.codec@@@hdfs:NameNode@@@-2@@@org.apache.hadoop.hdfs.server.namenode.ha.TestStandbyCheckpoints.SlowCodec@@@org.apache.hadoop.io.compress.DefaultCodec
vv_mode: v1v2
result: FAIL
failureMessage: File contents differed:
  /root/hadoop-3.2.1-src/hadoop-hdfs-project/hadoop-hdfs/target/test/data/dfs/name-0-3/current/fsimage_0000000000000000012=c4e87dd97a72df90528f31dc416b578e
  /root/hadoop-3.2.1-src/hadoop-hdfs-project/hadoop-hdfs/target/test/data/dfs/name-0-1/current/fsimage_0000000000000000012=b63d5c17cdc7a83cfa9b1e30d0f62d24
  /root/hadoop-3.2.1-src/hadoop-hdfs-project/hadoop-hdfs/target/test/data/dfs/name-0-2/current/fsimage_0000000000000000012=b63d5c17cdc7a83cfa9b1e30d0f62d24
  /root/hadoop-3.2.1-src/hadoop-hdfs-project/hadoop-hdfs/target/test/data/dfs/name-0-4/current/fsimage_0000000000000000012=c4e87dd97a72df90528f31dc416b578e
stackTrace: java.lang.AssertionError: File contents differed:
  /root/hadoop-3.2.1-src/hadoop-hdfs-project/hadoop-hdfs/target/test/data/dfs/name-0-3/current/fsimage_0000000000000000012=c4e87dd97a72df90528f31dc416b578e
  /root/hadoop-3.2.1-src/hadoop-hdfs-project/hadoop-hdfs/target/test/data/dfs/name-0-1/current/fsimage_0000000000000000012=b63d5c17cdc7a83cfa9b1e30d0f62d24
  /root/hadoop-3.2.1-src/hadoop-hdfs-project/hadoop-hdfs/target/test/data/dfs/name-0-2/current/fsimage_0000000000000000012=b63d5c17cdc7a83cfa9b1e30d0f62d24
  /root/hadoop-3.2.1-src/hadoop-hdfs-project/hadoop-hdfs/target/test/data/dfs/name-0-4/current/fsimage_0000000000000000012=c4e87dd97a72df90528f31dc416b578e
	at org.junit.Assert.fail(Assert.java:88)
	at org.apache.hadoop.hdfs.server.namenode.FSImageTestUtil.assertFileContentsSame(FSImageTestUtil.java:419)
	at org.apache.hadoop.hdfs.server.namenode.FSImageTestUtil.assertParallelFilesAreIdentical(FSImageTestUtil.java:350)
	at org.apache.hadoop.hdfs.server.namenode.ha.TestStandbyCheckpoints.testBothNodesInStandbyState(TestStandbyCheckpoints.java:253)
	at sun.reflect.NativeMethodAccessorImpl.invoke0(Native Method)
	at sun.reflect.NativeMethodAccessorImpl.invoke(NativeMethodAccessorImpl.java:62)
	at sun.reflect.DelegatingMethodAccessorImpl.invoke(DelegatingMethodAccessorImpl.java:43)
	at java.lang.reflect.Method.invoke(Method.java:498)
	at org.junit.runners.model.FrameworkMethod$1.runReflectiveCall(FrameworkMethod.java:50)
	at org.junit.internal.runners.model.ReflectiveCallable.run(ReflectiveCallable.java:12)
	at org.junit.runners.model.FrameworkMethod.invokeExplosively(FrameworkMethod.java:47)
	at org.junit.internal.runners.statements.InvokeMethod.evaluate(InvokeMethod.java:17)
	at org.junit.internal.runners.statements.FailOnTimeout$CallableStatement.call(FailOnTimeout.java:298)
	at org.junit.internal.runners.statements.FailOnTimeout$CallableStatement.call(FailOnTimeout.java:292)
	at java.util.concurrent.FutureTask.run(FutureTask.java:266)
	at java.lang.Thread.run(Thread.java:748)


updating test result for file org.apache.hadoop.hdfs.server.namenode.ha.TestStandbyCheckpoints#testBothNodesInStandbyState
v1v1 running time = 24687764167
updating test result for file org.apache.hadoop.hdfs.server.namenode.ha.TestStandbyCheckpoints#testBothNodesInStandbyState
v2v2 running time = 21697573747
---> v1v1 and v2v2 test test suceeded.
updating test result for file org.apache.hadoop.hdfs.server.namenode.ha.TestStandbyCheckpoints#testBothNodesInStandbyState
v1v2 running time = 18869442778
---> v1v2 test failed.
proj: hdfs
u_test: org.apache.hadoop.hdfs.server.namenode.ha.TestStandbyCheckpoints#testBothNodesInStandbyState
h_list: dfs.image.compression.codec@@@hdfs:NameNode@@@-2@@@org.apache.hadoop.hdfs.server.namenode.ha.TestStandbyCheckpoints.SlowCodec@@@org.apache.hadoop.io.compress.DefaultCodec
vv_mode: v1v2
result: FAIL
failureMessage: File contents differed:
  /root/hadoop-3.2.1-src/hadoop-hdfs-project/hadoop-hdfs/target/test/data/dfs/name-0-3/current/fsimage_0000000000000000012=8ec2a2b3ee45499ee91cff58ef88a0bd
  /root/hadoop-3.2.1-src/hadoop-hdfs-project/hadoop-hdfs/target/test/data/dfs/name-0-1/current/fsimage_0000000000000000012=473baab7b9bebef4fc26db3260061616
  /root/hadoop-3.2.1-src/hadoop-hdfs-project/hadoop-hdfs/target/test/data/dfs/name-0-2/current/fsimage_0000000000000000012=473baab7b9bebef4fc26db3260061616
  /root/hadoop-3.2.1-src/hadoop-hdfs-project/hadoop-hdfs/target/test/data/dfs/name-0-4/current/fsimage_0000000000000000012=8ec2a2b3ee45499ee91cff58ef88a0bd
stackTrace: java.lang.AssertionError: File contents differed:
  /root/hadoop-3.2.1-src/hadoop-hdfs-project/hadoop-hdfs/target/test/data/dfs/name-0-3/current/fsimage_0000000000000000012=8ec2a2b3ee45499ee91cff58ef88a0bd
  /root/hadoop-3.2.1-src/hadoop-hdfs-project/hadoop-hdfs/target/test/data/dfs/name-0-1/current/fsimage_0000000000000000012=473baab7b9bebef4fc26db3260061616
  /root/hadoop-3.2.1-src/hadoop-hdfs-project/hadoop-hdfs/target/test/data/dfs/name-0-2/current/fsimage_0000000000000000012=473baab7b9bebef4fc26db3260061616
  /root/hadoop-3.2.1-src/hadoop-hdfs-project/hadoop-hdfs/target/test/data/dfs/name-0-4/current/fsimage_0000000000000000012=8ec2a2b3ee45499ee91cff58ef88a0bd
	at org.junit.Assert.fail(Assert.java:88)
	at org.apache.hadoop.hdfs.server.namenode.FSImageTestUtil.assertFileContentsSame(FSImageTestUtil.java:419)
	at org.apache.hadoop.hdfs.server.namenode.FSImageTestUtil.assertParallelFilesAreIdentical(FSImageTestUtil.java:350)
	at org.apache.hadoop.hdfs.server.namenode.ha.TestStandbyCheckpoints.testBothNodesInStandbyState(TestStandbyCheckpoints.java:253)
	at sun.reflect.NativeMethodAccessorImpl.invoke0(Native Method)
	at sun.reflect.NativeMethodAccessorImpl.invoke(NativeMethodAccessorImpl.java:62)
	at sun.reflect.DelegatingMethodAccessorImpl.invoke(DelegatingMethodAccessorImpl.java:43)
	at java.lang.reflect.Method.invoke(Method.java:498)
	at org.junit.runners.model.FrameworkMethod$1.runReflectiveCall(FrameworkMethod.java:50)
	at org.junit.internal.runners.model.ReflectiveCallable.run(ReflectiveCallable.java:12)
	at org.junit.runners.model.FrameworkMethod.invokeExplosively(FrameworkMethod.java:47)
	at org.junit.internal.runners.statements.InvokeMethod.evaluate(InvokeMethod.java:17)
	at org.junit.internal.runners.statements.FailOnTimeout$CallableStatement.call(FailOnTimeout.java:298)
	at org.junit.internal.runners.statements.FailOnTimeout$CallableStatement.call(FailOnTimeout.java:292)
	at java.util.concurrent.FutureTask.run(FutureTask.java:266)
	at java.lang.Thread.run(Thread.java:748)


updating test result for file org.apache.hadoop.hdfs.server.namenode.ha.TestStandbyCheckpoints#testBothNodesInStandbyState
v1v1 running time = 23253677007
updating test result for file org.apache.hadoop.hdfs.server.namenode.ha.TestStandbyCheckpoints#testBothNodesInStandbyState
v2v2 running time = 21880401970
---> v1v1 and v2v2 test test suceeded.
updating test result for file org.apache.hadoop.hdfs.server.namenode.ha.TestStandbyCheckpoints#testBothNodesInStandbyState
v1v2 running time = 21829232983
---> v1v2 test failed.
proj: hdfs
u_test: org.apache.hadoop.hdfs.server.namenode.ha.TestStandbyCheckpoints#testBothNodesInStandbyState
h_list: dfs.image.compression.codec@@@hdfs:NameNode@@@-2@@@org.apache.hadoop.hdfs.server.namenode.ha.TestStandbyCheckpoints.SlowCodec@@@org.apache.hadoop.io.compress.DefaultCodec
vv_mode: v1v2
result: FAIL
failureMessage: File contents differed:
  /root/hadoop-3.2.1-src/hadoop-hdfs-project/hadoop-hdfs/target/test/data/dfs/name-0-3/current/fsimage_0000000000000000012=b60901f7371f9467c167dbe0c83907da
  /root/hadoop-3.2.1-src/hadoop-hdfs-project/hadoop-hdfs/target/test/data/dfs/name-0-1/current/fsimage_0000000000000000012=60bc373fe88c053c0da347ba5dc17418
  /root/hadoop-3.2.1-src/hadoop-hdfs-project/hadoop-hdfs/target/test/data/dfs/name-0-2/current/fsimage_0000000000000000012=60bc373fe88c053c0da347ba5dc17418
  /root/hadoop-3.2.1-src/hadoop-hdfs-project/hadoop-hdfs/target/test/data/dfs/name-0-4/current/fsimage_0000000000000000012=b60901f7371f9467c167dbe0c83907da
stackTrace: java.lang.AssertionError: File contents differed:
  /root/hadoop-3.2.1-src/hadoop-hdfs-project/hadoop-hdfs/target/test/data/dfs/name-0-3/current/fsimage_0000000000000000012=b60901f7371f9467c167dbe0c83907da
  /root/hadoop-3.2.1-src/hadoop-hdfs-project/hadoop-hdfs/target/test/data/dfs/name-0-1/current/fsimage_0000000000000000012=60bc373fe88c053c0da347ba5dc17418
  /root/hadoop-3.2.1-src/hadoop-hdfs-project/hadoop-hdfs/target/test/data/dfs/name-0-2/current/fsimage_0000000000000000012=60bc373fe88c053c0da347ba5dc17418
  /root/hadoop-3.2.1-src/hadoop-hdfs-project/hadoop-hdfs/target/test/data/dfs/name-0-4/current/fsimage_0000000000000000012=b60901f7371f9467c167dbe0c83907da
	at org.junit.Assert.fail(Assert.java:88)
	at org.apache.hadoop.hdfs.server.namenode.FSImageTestUtil.assertFileContentsSame(FSImageTestUtil.java:419)
	at org.apache.hadoop.hdfs.server.namenode.FSImageTestUtil.assertParallelFilesAreIdentical(FSImageTestUtil.java:350)
	at org.apache.hadoop.hdfs.server.namenode.ha.TestStandbyCheckpoints.testBothNodesInStandbyState(TestStandbyCheckpoints.java:253)
	at sun.reflect.NativeMethodAccessorImpl.invoke0(Native Method)
	at sun.reflect.NativeMethodAccessorImpl.invoke(NativeMethodAccessorImpl.java:62)
	at sun.reflect.DelegatingMethodAccessorImpl.invoke(DelegatingMethodAccessorImpl.java:43)
	at java.lang.reflect.Method.invoke(Method.java:498)
	at org.junit.runners.model.FrameworkMethod$1.runReflectiveCall(FrameworkMethod.java:50)
	at org.junit.internal.runners.model.ReflectiveCallable.run(ReflectiveCallable.java:12)
	at org.junit.runners.model.FrameworkMethod.invokeExplosively(FrameworkMethod.java:47)
	at org.junit.internal.runners.statements.InvokeMethod.evaluate(InvokeMethod.java:17)
	at org.junit.internal.runners.statements.FailOnTimeout$CallableStatement.call(FailOnTimeout.java:298)
	at org.junit.internal.runners.statements.FailOnTimeout$CallableStatement.call(FailOnTimeout.java:292)
	at java.util.concurrent.FutureTask.run(FutureTask.java:266)
	at java.lang.Thread.run(Thread.java:748)


updating test result for file org.apache.hadoop.hdfs.server.namenode.ha.TestStandbyCheckpoints#testBothNodesInStandbyState
v1v1 running time = 18587556478
updating test result for file org.apache.hadoop.hdfs.server.namenode.ha.TestStandbyCheckpoints#testBothNodesInStandbyState
v2v2 running time = 22962468814
---> v1v1 and v2v2 test test suceeded.
early stop after 7 is satisfied
v1v2 failed with probability 7 out of 7
v1v1v2v2 failed with probability 0 out of 7
Total execution time in seconds : 467
0
