my_type=hypothesis
proj=yarn
u_test=org.apache.hadoop.yarn.server.resourcemanager.TestRMHAForNodeLabels#testRMHARecoverNodeLabels
h_list[1]=yarn.http.policy@@@yarn:ResourceManager@@@-1@@@HTTP_ONLY@@@HTTPS_ONLY
proj: yarn
u_test: org.apache.hadoop.yarn.server.resourcemanager.TestRMHAForNodeLabels#testRMHARecoverNodeLabels
h_list: yarn.http.policy@@@yarn:ResourceManager@@@-1@@@HTTP_ONLY@@@HTTPS_ONLY
updating test result for file org.apache.hadoop.yarn.server.resourcemanager.TestRMHAForNodeLabels#testRMHARecoverNodeLabels
v1v2 running time = 9977277924
---> v1v2 test failed.
proj: yarn
u_test: org.apache.hadoop.yarn.server.resourcemanager.TestRMHAForNodeLabels#testRMHARecoverNodeLabels
h_list: yarn.http.policy@@@yarn:ResourceManager@@@-1@@@HTTP_ONLY@@@HTTPS_ONLY
vv_mode: v1v2
result: FAIL
failureMessage: Invalid configuration! yarn.resourcemanager.hostname.rm1 or yarn.resourcemanager.webapp.https.address.rm1 needs to be set in an HA configuration.
stackTrace: org.apache.hadoop.yarn.exceptions.YarnRuntimeException: Invalid configuration! yarn.resourcemanager.hostname.rm1 or yarn.resourcemanager.webapp.https.address.rm1 needs to be set in an HA configuration.
	at org.apache.hadoop.yarn.conf.HAUtil.throwBadConfigurationException(HAUtil.java:45)
	at org.apache.hadoop.yarn.conf.HAUtil.checkAndSetRMRPCAddress(HAUtil.java:342)
	at org.apache.hadoop.yarn.conf.HAUtil.verifyAndSetRMHAIdsList(HAUtil.java:130)
	at org.apache.hadoop.yarn.conf.HAUtil.verifyAndSetConfiguration(HAUtil.java:105)
	at org.apache.hadoop.yarn.server.resourcemanager.ResourceManager.serviceInit(ResourceManager.java:284)
	at org.apache.hadoop.yarn.server.resourcemanager.MockRM.serviceInit(MockRM.java:1429)
	at org.apache.hadoop.service.AbstractService.init(AbstractService.java:164)
	at org.apache.hadoop.yarn.server.resourcemanager.MockRM.<init>(MockRM.java:164)
	at org.apache.hadoop.yarn.server.resourcemanager.RMHATestBase$1.<init>(RMHATestBase.java:109)
	at org.apache.hadoop.yarn.server.resourcemanager.RMHATestBase.initMockRMWithOldConf(RMHATestBase.java:109)
	at org.apache.hadoop.yarn.server.resourcemanager.RMHATestBase.startRMs(RMHATestBase.java:134)
	at org.apache.hadoop.yarn.server.resourcemanager.TestRMHAForNodeLabels.testRMHARecoverNodeLabels(TestRMHAForNodeLabels.java:65)
	at sun.reflect.NativeMethodAccessorImpl.invoke0(Native Method)
	at sun.reflect.NativeMethodAccessorImpl.invoke(NativeMethodAccessorImpl.java:62)
	at sun.reflect.DelegatingMethodAccessorImpl.invoke(DelegatingMethodAccessorImpl.java:43)
	at java.lang.reflect.Method.invoke(Method.java:498)
	at org.junit.runners.model.FrameworkMethod$1.runReflectiveCall(FrameworkMethod.java:50)
	at org.junit.internal.runners.model.ReflectiveCallable.run(ReflectiveCallable.java:12)
	at org.junit.runners.model.FrameworkMethod.invokeExplosively(FrameworkMethod.java:47)
	at org.junit.internal.runners.statements.InvokeMethod.evaluate(InvokeMethod.java:17)
	at org.apache.zookeeper.JUnit4ZKTestRunner$LoggedInvokeMethod.evaluate(JUnit4ZKTestRunner.java:55)
	at org.junit.internal.runners.statements.RunBefores.evaluate(RunBefores.java:26)
	at org.junit.internal.runners.statements.RunAfters.evaluate(RunAfters.java:27)
	at org.junit.rules.TestWatchman$1.evaluate(TestWatchman.java:53)
	at org.junit.runners.ParentRunner.runLeaf(ParentRunner.java:325)
	at org.junit.runners.BlockJUnit4ClassRunner.runChild(BlockJUnit4ClassRunner.java:78)
	at org.junit.runners.BlockJUnit4ClassRunner.runChild(BlockJUnit4ClassRunner.java:57)
	at org.junit.runners.ParentRunner$3.run(ParentRunner.java:290)
	at org.junit.runners.ParentRunner$1.schedule(ParentRunner.java:71)
	at org.junit.runners.ParentRunner.runChildren(ParentRunner.java:288)
	at org.junit.runners.ParentRunner.access$000(ParentRunner.java:58)
	at org.junit.runners.ParentRunner$2.evaluate(ParentRunner.java:268)
	at org.junit.runners.ParentRunner.run(ParentRunner.java:363)
	at org.apache.maven.surefire.junit4.JUnit4Provider.execute(JUnit4Provider.java:365)
	at org.apache.maven.surefire.junit4.JUnit4Provider.executeWithRerun(JUnit4Provider.java:273)
	at org.apache.maven.surefire.junit4.JUnit4Provider.executeTestSet(JUnit4Provider.java:238)
	at org.apache.maven.surefire.junit4.JUnit4Provider.invoke(JUnit4Provider.java:159)
	at org.apache.maven.surefire.booter.ForkedBooter.invokeProviderInSameClassLoader(ForkedBooter.java:384)
	at org.apache.maven.surefire.booter.ForkedBooter.runSuitesInProcess(ForkedBooter.java:345)
	at org.apache.maven.surefire.booter.ForkedBooter.execute(ForkedBooter.java:126)
	at org.apache.maven.surefire.booter.ForkedBooter.main(ForkedBooter.java:418)


updating test result for file org.apache.hadoop.yarn.server.resourcemanager.TestRMHAForNodeLabels#testRMHARecoverNodeLabels
v1v1 running time = 13114884680
updating test result for file org.apache.hadoop.yarn.server.resourcemanager.TestRMHAForNodeLabels#testRMHARecoverNodeLabels
v2v2 running time = 14440916727
---> v1v1 and v2v2 test test suceeded.
updating test result for file org.apache.hadoop.yarn.server.resourcemanager.TestRMHAForNodeLabels#testRMHARecoverNodeLabels
v1v2 running time = 11373633620
---> v1v2 test failed.
proj: yarn
u_test: org.apache.hadoop.yarn.server.resourcemanager.TestRMHAForNodeLabels#testRMHARecoverNodeLabels
h_list: yarn.http.policy@@@yarn:ResourceManager@@@-1@@@HTTP_ONLY@@@HTTPS_ONLY
vv_mode: v1v2
result: FAIL
failureMessage: Invalid configuration! yarn.resourcemanager.hostname.rm1 or yarn.resourcemanager.webapp.https.address.rm1 needs to be set in an HA configuration.
stackTrace: org.apache.hadoop.yarn.exceptions.YarnRuntimeException: Invalid configuration! yarn.resourcemanager.hostname.rm1 or yarn.resourcemanager.webapp.https.address.rm1 needs to be set in an HA configuration.
	at org.apache.hadoop.yarn.conf.HAUtil.throwBadConfigurationException(HAUtil.java:45)
	at org.apache.hadoop.yarn.conf.HAUtil.checkAndSetRMRPCAddress(HAUtil.java:342)
	at org.apache.hadoop.yarn.conf.HAUtil.verifyAndSetRMHAIdsList(HAUtil.java:130)
	at org.apache.hadoop.yarn.conf.HAUtil.verifyAndSetConfiguration(HAUtil.java:105)
	at org.apache.hadoop.yarn.server.resourcemanager.ResourceManager.serviceInit(ResourceManager.java:284)
	at org.apache.hadoop.yarn.server.resourcemanager.MockRM.serviceInit(MockRM.java:1429)
	at org.apache.hadoop.service.AbstractService.init(AbstractService.java:164)
	at org.apache.hadoop.yarn.server.resourcemanager.MockRM.<init>(MockRM.java:164)
	at org.apache.hadoop.yarn.server.resourcemanager.RMHATestBase$1.<init>(RMHATestBase.java:109)
	at org.apache.hadoop.yarn.server.resourcemanager.RMHATestBase.initMockRMWithOldConf(RMHATestBase.java:109)
	at org.apache.hadoop.yarn.server.resourcemanager.RMHATestBase.startRMs(RMHATestBase.java:134)
	at org.apache.hadoop.yarn.server.resourcemanager.TestRMHAForNodeLabels.testRMHARecoverNodeLabels(TestRMHAForNodeLabels.java:65)
	at sun.reflect.NativeMethodAccessorImpl.invoke0(Native Method)
	at sun.reflect.NativeMethodAccessorImpl.invoke(NativeMethodAccessorImpl.java:62)
	at sun.reflect.DelegatingMethodAccessorImpl.invoke(DelegatingMethodAccessorImpl.java:43)
	at java.lang.reflect.Method.invoke(Method.java:498)
	at org.junit.runners.model.FrameworkMethod$1.runReflectiveCall(FrameworkMethod.java:50)
	at org.junit.internal.runners.model.ReflectiveCallable.run(ReflectiveCallable.java:12)
	at org.junit.runners.model.FrameworkMethod.invokeExplosively(FrameworkMethod.java:47)
	at org.junit.internal.runners.statements.InvokeMethod.evaluate(InvokeMethod.java:17)
	at org.apache.zookeeper.JUnit4ZKTestRunner$LoggedInvokeMethod.evaluate(JUnit4ZKTestRunner.java:55)
	at org.junit.internal.runners.statements.RunBefores.evaluate(RunBefores.java:26)
	at org.junit.internal.runners.statements.RunAfters.evaluate(RunAfters.java:27)
	at org.junit.rules.TestWatchman$1.evaluate(TestWatchman.java:53)
	at org.junit.runners.ParentRunner.runLeaf(ParentRunner.java:325)
	at org.junit.runners.BlockJUnit4ClassRunner.runChild(BlockJUnit4ClassRunner.java:78)
	at org.junit.runners.BlockJUnit4ClassRunner.runChild(BlockJUnit4ClassRunner.java:57)
	at org.junit.runners.ParentRunner$3.run(ParentRunner.java:290)
	at org.junit.runners.ParentRunner$1.schedule(ParentRunner.java:71)
	at org.junit.runners.ParentRunner.runChildren(ParentRunner.java:288)
	at org.junit.runners.ParentRunner.access$000(ParentRunner.java:58)
	at org.junit.runners.ParentRunner$2.evaluate(ParentRunner.java:268)
	at org.junit.runners.ParentRunner.run(ParentRunner.java:363)
	at org.apache.maven.surefire.junit4.JUnit4Provider.execute(JUnit4Provider.java:365)
	at org.apache.maven.surefire.junit4.JUnit4Provider.executeWithRerun(JUnit4Provider.java:273)
	at org.apache.maven.surefire.junit4.JUnit4Provider.executeTestSet(JUnit4Provider.java:238)
	at org.apache.maven.surefire.junit4.JUnit4Provider.invoke(JUnit4Provider.java:159)
	at org.apache.maven.surefire.booter.ForkedBooter.invokeProviderInSameClassLoader(ForkedBooter.java:384)
	at org.apache.maven.surefire.booter.ForkedBooter.runSuitesInProcess(ForkedBooter.java:345)
	at org.apache.maven.surefire.booter.ForkedBooter.execute(ForkedBooter.java:126)
	at org.apache.maven.surefire.booter.ForkedBooter.main(ForkedBooter.java:418)


updating test result for file org.apache.hadoop.yarn.server.resourcemanager.TestRMHAForNodeLabels#testRMHARecoverNodeLabels
v1v1 running time = 13792930048
updating test result for file org.apache.hadoop.yarn.server.resourcemanager.TestRMHAForNodeLabels#testRMHARecoverNodeLabels
v2v2 running time = 13356160403
---> v1v1 and v2v2 test test suceeded.
updating test result for file org.apache.hadoop.yarn.server.resourcemanager.TestRMHAForNodeLabels#testRMHARecoverNodeLabels
v1v2 running time = 12228433383
---> v1v2 test failed.
proj: yarn
u_test: org.apache.hadoop.yarn.server.resourcemanager.TestRMHAForNodeLabels#testRMHARecoverNodeLabels
h_list: yarn.http.policy@@@yarn:ResourceManager@@@-1@@@HTTP_ONLY@@@HTTPS_ONLY
vv_mode: v1v2
result: FAIL
failureMessage: Invalid configuration! yarn.resourcemanager.hostname.rm1 or yarn.resourcemanager.webapp.https.address.rm1 needs to be set in an HA configuration.
stackTrace: org.apache.hadoop.yarn.exceptions.YarnRuntimeException: Invalid configuration! yarn.resourcemanager.hostname.rm1 or yarn.resourcemanager.webapp.https.address.rm1 needs to be set in an HA configuration.
	at org.apache.hadoop.yarn.conf.HAUtil.throwBadConfigurationException(HAUtil.java:45)
	at org.apache.hadoop.yarn.conf.HAUtil.checkAndSetRMRPCAddress(HAUtil.java:342)
	at org.apache.hadoop.yarn.conf.HAUtil.verifyAndSetRMHAIdsList(HAUtil.java:130)
	at org.apache.hadoop.yarn.conf.HAUtil.verifyAndSetConfiguration(HAUtil.java:105)
	at org.apache.hadoop.yarn.server.resourcemanager.ResourceManager.serviceInit(ResourceManager.java:284)
	at org.apache.hadoop.yarn.server.resourcemanager.MockRM.serviceInit(MockRM.java:1429)
	at org.apache.hadoop.service.AbstractService.init(AbstractService.java:164)
	at org.apache.hadoop.yarn.server.resourcemanager.MockRM.<init>(MockRM.java:164)
	at org.apache.hadoop.yarn.server.resourcemanager.RMHATestBase$1.<init>(RMHATestBase.java:109)
	at org.apache.hadoop.yarn.server.resourcemanager.RMHATestBase.initMockRMWithOldConf(RMHATestBase.java:109)
	at org.apache.hadoop.yarn.server.resourcemanager.RMHATestBase.startRMs(RMHATestBase.java:134)
	at org.apache.hadoop.yarn.server.resourcemanager.TestRMHAForNodeLabels.testRMHARecoverNodeLabels(TestRMHAForNodeLabels.java:65)
	at sun.reflect.NativeMethodAccessorImpl.invoke0(Native Method)
	at sun.reflect.NativeMethodAccessorImpl.invoke(NativeMethodAccessorImpl.java:62)
	at sun.reflect.DelegatingMethodAccessorImpl.invoke(DelegatingMethodAccessorImpl.java:43)
	at java.lang.reflect.Method.invoke(Method.java:498)
	at org.junit.runners.model.FrameworkMethod$1.runReflectiveCall(FrameworkMethod.java:50)
	at org.junit.internal.runners.model.ReflectiveCallable.run(ReflectiveCallable.java:12)
	at org.junit.runners.model.FrameworkMethod.invokeExplosively(FrameworkMethod.java:47)
	at org.junit.internal.runners.statements.InvokeMethod.evaluate(InvokeMethod.java:17)
	at org.apache.zookeeper.JUnit4ZKTestRunner$LoggedInvokeMethod.evaluate(JUnit4ZKTestRunner.java:55)
	at org.junit.internal.runners.statements.RunBefores.evaluate(RunBefores.java:26)
	at org.junit.internal.runners.statements.RunAfters.evaluate(RunAfters.java:27)
	at org.junit.rules.TestWatchman$1.evaluate(TestWatchman.java:53)
	at org.junit.runners.ParentRunner.runLeaf(ParentRunner.java:325)
	at org.junit.runners.BlockJUnit4ClassRunner.runChild(BlockJUnit4ClassRunner.java:78)
	at org.junit.runners.BlockJUnit4ClassRunner.runChild(BlockJUnit4ClassRunner.java:57)
	at org.junit.runners.ParentRunner$3.run(ParentRunner.java:290)
	at org.junit.runners.ParentRunner$1.schedule(ParentRunner.java:71)
	at org.junit.runners.ParentRunner.runChildren(ParentRunner.java:288)
	at org.junit.runners.ParentRunner.access$000(ParentRunner.java:58)
	at org.junit.runners.ParentRunner$2.evaluate(ParentRunner.java:268)
	at org.junit.runners.ParentRunner.run(ParentRunner.java:363)
	at org.apache.maven.surefire.junit4.JUnit4Provider.execute(JUnit4Provider.java:365)
	at org.apache.maven.surefire.junit4.JUnit4Provider.executeWithRerun(JUnit4Provider.java:273)
	at org.apache.maven.surefire.junit4.JUnit4Provider.executeTestSet(JUnit4Provider.java:238)
	at org.apache.maven.surefire.junit4.JUnit4Provider.invoke(JUnit4Provider.java:159)
	at org.apache.maven.surefire.booter.ForkedBooter.invokeProviderInSameClassLoader(ForkedBooter.java:384)
	at org.apache.maven.surefire.booter.ForkedBooter.runSuitesInProcess(ForkedBooter.java:345)
	at org.apache.maven.surefire.booter.ForkedBooter.execute(ForkedBooter.java:126)
	at org.apache.maven.surefire.booter.ForkedBooter.main(ForkedBooter.java:418)


updating test result for file org.apache.hadoop.yarn.server.resourcemanager.TestRMHAForNodeLabels#testRMHARecoverNodeLabels
v1v1 running time = 13435259153
updating test result for file org.apache.hadoop.yarn.server.resourcemanager.TestRMHAForNodeLabels#testRMHARecoverNodeLabels
v2v2 running time = 11803462229
---> v1v1 and v2v2 test test suceeded.
updating test result for file org.apache.hadoop.yarn.server.resourcemanager.TestRMHAForNodeLabels#testRMHARecoverNodeLabels
v1v2 running time = 11883883615
---> v1v2 test failed.
proj: yarn
u_test: org.apache.hadoop.yarn.server.resourcemanager.TestRMHAForNodeLabels#testRMHARecoverNodeLabels
h_list: yarn.http.policy@@@yarn:ResourceManager@@@-1@@@HTTP_ONLY@@@HTTPS_ONLY
vv_mode: v1v2
result: FAIL
failureMessage: Invalid configuration! yarn.resourcemanager.hostname.rm1 or yarn.resourcemanager.webapp.https.address.rm1 needs to be set in an HA configuration.
stackTrace: org.apache.hadoop.yarn.exceptions.YarnRuntimeException: Invalid configuration! yarn.resourcemanager.hostname.rm1 or yarn.resourcemanager.webapp.https.address.rm1 needs to be set in an HA configuration.
	at org.apache.hadoop.yarn.conf.HAUtil.throwBadConfigurationException(HAUtil.java:45)
	at org.apache.hadoop.yarn.conf.HAUtil.checkAndSetRMRPCAddress(HAUtil.java:342)
	at org.apache.hadoop.yarn.conf.HAUtil.verifyAndSetRMHAIdsList(HAUtil.java:130)
	at org.apache.hadoop.yarn.conf.HAUtil.verifyAndSetConfiguration(HAUtil.java:105)
	at org.apache.hadoop.yarn.server.resourcemanager.ResourceManager.serviceInit(ResourceManager.java:284)
	at org.apache.hadoop.yarn.server.resourcemanager.MockRM.serviceInit(MockRM.java:1429)
	at org.apache.hadoop.service.AbstractService.init(AbstractService.java:164)
	at org.apache.hadoop.yarn.server.resourcemanager.MockRM.<init>(MockRM.java:164)
	at org.apache.hadoop.yarn.server.resourcemanager.RMHATestBase$1.<init>(RMHATestBase.java:109)
	at org.apache.hadoop.yarn.server.resourcemanager.RMHATestBase.initMockRMWithOldConf(RMHATestBase.java:109)
	at org.apache.hadoop.yarn.server.resourcemanager.RMHATestBase.startRMs(RMHATestBase.java:134)
	at org.apache.hadoop.yarn.server.resourcemanager.TestRMHAForNodeLabels.testRMHARecoverNodeLabels(TestRMHAForNodeLabels.java:65)
	at sun.reflect.NativeMethodAccessorImpl.invoke0(Native Method)
	at sun.reflect.NativeMethodAccessorImpl.invoke(NativeMethodAccessorImpl.java:62)
	at sun.reflect.DelegatingMethodAccessorImpl.invoke(DelegatingMethodAccessorImpl.java:43)
	at java.lang.reflect.Method.invoke(Method.java:498)
	at org.junit.runners.model.FrameworkMethod$1.runReflectiveCall(FrameworkMethod.java:50)
	at org.junit.internal.runners.model.ReflectiveCallable.run(ReflectiveCallable.java:12)
	at org.junit.runners.model.FrameworkMethod.invokeExplosively(FrameworkMethod.java:47)
	at org.junit.internal.runners.statements.InvokeMethod.evaluate(InvokeMethod.java:17)
	at org.apache.zookeeper.JUnit4ZKTestRunner$LoggedInvokeMethod.evaluate(JUnit4ZKTestRunner.java:55)
	at org.junit.internal.runners.statements.RunBefores.evaluate(RunBefores.java:26)
	at org.junit.internal.runners.statements.RunAfters.evaluate(RunAfters.java:27)
	at org.junit.rules.TestWatchman$1.evaluate(TestWatchman.java:53)
	at org.junit.runners.ParentRunner.runLeaf(ParentRunner.java:325)
	at org.junit.runners.BlockJUnit4ClassRunner.runChild(BlockJUnit4ClassRunner.java:78)
	at org.junit.runners.BlockJUnit4ClassRunner.runChild(BlockJUnit4ClassRunner.java:57)
	at org.junit.runners.ParentRunner$3.run(ParentRunner.java:290)
	at org.junit.runners.ParentRunner$1.schedule(ParentRunner.java:71)
	at org.junit.runners.ParentRunner.runChildren(ParentRunner.java:288)
	at org.junit.runners.ParentRunner.access$000(ParentRunner.java:58)
	at org.junit.runners.ParentRunner$2.evaluate(ParentRunner.java:268)
	at org.junit.runners.ParentRunner.run(ParentRunner.java:363)
	at org.apache.maven.surefire.junit4.JUnit4Provider.execute(JUnit4Provider.java:365)
	at org.apache.maven.surefire.junit4.JUnit4Provider.executeWithRerun(JUnit4Provider.java:273)
	at org.apache.maven.surefire.junit4.JUnit4Provider.executeTestSet(JUnit4Provider.java:238)
	at org.apache.maven.surefire.junit4.JUnit4Provider.invoke(JUnit4Provider.java:159)
	at org.apache.maven.surefire.booter.ForkedBooter.invokeProviderInSameClassLoader(ForkedBooter.java:384)
	at org.apache.maven.surefire.booter.ForkedBooter.runSuitesInProcess(ForkedBooter.java:345)
	at org.apache.maven.surefire.booter.ForkedBooter.execute(ForkedBooter.java:126)
	at org.apache.maven.surefire.booter.ForkedBooter.main(ForkedBooter.java:418)


updating test result for file org.apache.hadoop.yarn.server.resourcemanager.TestRMHAForNodeLabels#testRMHARecoverNodeLabels
v1v1 running time = 15254430911
updating test result for file org.apache.hadoop.yarn.server.resourcemanager.TestRMHAForNodeLabels#testRMHARecoverNodeLabels
v2v2 running time = 15615036338
---> v1v1 and v2v2 test test suceeded.
updating test result for file org.apache.hadoop.yarn.server.resourcemanager.TestRMHAForNodeLabels#testRMHARecoverNodeLabels
v1v2 running time = 12058094076
---> v1v2 test failed.
proj: yarn
u_test: org.apache.hadoop.yarn.server.resourcemanager.TestRMHAForNodeLabels#testRMHARecoverNodeLabels
h_list: yarn.http.policy@@@yarn:ResourceManager@@@-1@@@HTTP_ONLY@@@HTTPS_ONLY
vv_mode: v1v2
result: FAIL
failureMessage: Invalid configuration! yarn.resourcemanager.hostname.rm1 or yarn.resourcemanager.webapp.https.address.rm1 needs to be set in an HA configuration.
stackTrace: org.apache.hadoop.yarn.exceptions.YarnRuntimeException: Invalid configuration! yarn.resourcemanager.hostname.rm1 or yarn.resourcemanager.webapp.https.address.rm1 needs to be set in an HA configuration.
	at org.apache.hadoop.yarn.conf.HAUtil.throwBadConfigurationException(HAUtil.java:45)
	at org.apache.hadoop.yarn.conf.HAUtil.checkAndSetRMRPCAddress(HAUtil.java:342)
	at org.apache.hadoop.yarn.conf.HAUtil.verifyAndSetRMHAIdsList(HAUtil.java:130)
	at org.apache.hadoop.yarn.conf.HAUtil.verifyAndSetConfiguration(HAUtil.java:105)
	at org.apache.hadoop.yarn.server.resourcemanager.ResourceManager.serviceInit(ResourceManager.java:284)
	at org.apache.hadoop.yarn.server.resourcemanager.MockRM.serviceInit(MockRM.java:1429)
	at org.apache.hadoop.service.AbstractService.init(AbstractService.java:164)
	at org.apache.hadoop.yarn.server.resourcemanager.MockRM.<init>(MockRM.java:164)
	at org.apache.hadoop.yarn.server.resourcemanager.RMHATestBase$1.<init>(RMHATestBase.java:109)
	at org.apache.hadoop.yarn.server.resourcemanager.RMHATestBase.initMockRMWithOldConf(RMHATestBase.java:109)
	at org.apache.hadoop.yarn.server.resourcemanager.RMHATestBase.startRMs(RMHATestBase.java:134)
	at org.apache.hadoop.yarn.server.resourcemanager.TestRMHAForNodeLabels.testRMHARecoverNodeLabels(TestRMHAForNodeLabels.java:65)
	at sun.reflect.NativeMethodAccessorImpl.invoke0(Native Method)
	at sun.reflect.NativeMethodAccessorImpl.invoke(NativeMethodAccessorImpl.java:62)
	at sun.reflect.DelegatingMethodAccessorImpl.invoke(DelegatingMethodAccessorImpl.java:43)
	at java.lang.reflect.Method.invoke(Method.java:498)
	at org.junit.runners.model.FrameworkMethod$1.runReflectiveCall(FrameworkMethod.java:50)
	at org.junit.internal.runners.model.ReflectiveCallable.run(ReflectiveCallable.java:12)
	at org.junit.runners.model.FrameworkMethod.invokeExplosively(FrameworkMethod.java:47)
	at org.junit.internal.runners.statements.InvokeMethod.evaluate(InvokeMethod.java:17)
	at org.apache.zookeeper.JUnit4ZKTestRunner$LoggedInvokeMethod.evaluate(JUnit4ZKTestRunner.java:55)
	at org.junit.internal.runners.statements.RunBefores.evaluate(RunBefores.java:26)
	at org.junit.internal.runners.statements.RunAfters.evaluate(RunAfters.java:27)
	at org.junit.rules.TestWatchman$1.evaluate(TestWatchman.java:53)
	at org.junit.runners.ParentRunner.runLeaf(ParentRunner.java:325)
	at org.junit.runners.BlockJUnit4ClassRunner.runChild(BlockJUnit4ClassRunner.java:78)
	at org.junit.runners.BlockJUnit4ClassRunner.runChild(BlockJUnit4ClassRunner.java:57)
	at org.junit.runners.ParentRunner$3.run(ParentRunner.java:290)
	at org.junit.runners.ParentRunner$1.schedule(ParentRunner.java:71)
	at org.junit.runners.ParentRunner.runChildren(ParentRunner.java:288)
	at org.junit.runners.ParentRunner.access$000(ParentRunner.java:58)
	at org.junit.runners.ParentRunner$2.evaluate(ParentRunner.java:268)
	at org.junit.runners.ParentRunner.run(ParentRunner.java:363)
	at org.apache.maven.surefire.junit4.JUnit4Provider.execute(JUnit4Provider.java:365)
	at org.apache.maven.surefire.junit4.JUnit4Provider.executeWithRerun(JUnit4Provider.java:273)
	at org.apache.maven.surefire.junit4.JUnit4Provider.executeTestSet(JUnit4Provider.java:238)
	at org.apache.maven.surefire.junit4.JUnit4Provider.invoke(JUnit4Provider.java:159)
	at org.apache.maven.surefire.booter.ForkedBooter.invokeProviderInSameClassLoader(ForkedBooter.java:384)
	at org.apache.maven.surefire.booter.ForkedBooter.runSuitesInProcess(ForkedBooter.java:345)
	at org.apache.maven.surefire.booter.ForkedBooter.execute(ForkedBooter.java:126)
	at org.apache.maven.surefire.booter.ForkedBooter.main(ForkedBooter.java:418)


updating test result for file org.apache.hadoop.yarn.server.resourcemanager.TestRMHAForNodeLabels#testRMHARecoverNodeLabels
v1v1 running time = 13265457870
updating test result for file org.apache.hadoop.yarn.server.resourcemanager.TestRMHAForNodeLabels#testRMHARecoverNodeLabels
v2v2 running time = 12713149141
---> v1v1 and v2v2 test test suceeded.
updating test result for file org.apache.hadoop.yarn.server.resourcemanager.TestRMHAForNodeLabels#testRMHARecoverNodeLabels
v1v2 running time = 13192996133
---> v1v2 test failed.
proj: yarn
u_test: org.apache.hadoop.yarn.server.resourcemanager.TestRMHAForNodeLabels#testRMHARecoverNodeLabels
h_list: yarn.http.policy@@@yarn:ResourceManager@@@-1@@@HTTP_ONLY@@@HTTPS_ONLY
vv_mode: v1v2
result: FAIL
failureMessage: Invalid configuration! yarn.resourcemanager.hostname.rm1 or yarn.resourcemanager.webapp.https.address.rm1 needs to be set in an HA configuration.
stackTrace: org.apache.hadoop.yarn.exceptions.YarnRuntimeException: Invalid configuration! yarn.resourcemanager.hostname.rm1 or yarn.resourcemanager.webapp.https.address.rm1 needs to be set in an HA configuration.
	at org.apache.hadoop.yarn.conf.HAUtil.throwBadConfigurationException(HAUtil.java:45)
	at org.apache.hadoop.yarn.conf.HAUtil.checkAndSetRMRPCAddress(HAUtil.java:342)
	at org.apache.hadoop.yarn.conf.HAUtil.verifyAndSetRMHAIdsList(HAUtil.java:130)
	at org.apache.hadoop.yarn.conf.HAUtil.verifyAndSetConfiguration(HAUtil.java:105)
	at org.apache.hadoop.yarn.server.resourcemanager.ResourceManager.serviceInit(ResourceManager.java:284)
	at org.apache.hadoop.yarn.server.resourcemanager.MockRM.serviceInit(MockRM.java:1429)
	at org.apache.hadoop.service.AbstractService.init(AbstractService.java:164)
	at org.apache.hadoop.yarn.server.resourcemanager.MockRM.<init>(MockRM.java:164)
	at org.apache.hadoop.yarn.server.resourcemanager.RMHATestBase$1.<init>(RMHATestBase.java:109)
	at org.apache.hadoop.yarn.server.resourcemanager.RMHATestBase.initMockRMWithOldConf(RMHATestBase.java:109)
	at org.apache.hadoop.yarn.server.resourcemanager.RMHATestBase.startRMs(RMHATestBase.java:134)
	at org.apache.hadoop.yarn.server.resourcemanager.TestRMHAForNodeLabels.testRMHARecoverNodeLabels(TestRMHAForNodeLabels.java:65)
	at sun.reflect.NativeMethodAccessorImpl.invoke0(Native Method)
	at sun.reflect.NativeMethodAccessorImpl.invoke(NativeMethodAccessorImpl.java:62)
	at sun.reflect.DelegatingMethodAccessorImpl.invoke(DelegatingMethodAccessorImpl.java:43)
	at java.lang.reflect.Method.invoke(Method.java:498)
	at org.junit.runners.model.FrameworkMethod$1.runReflectiveCall(FrameworkMethod.java:50)
	at org.junit.internal.runners.model.ReflectiveCallable.run(ReflectiveCallable.java:12)
	at org.junit.runners.model.FrameworkMethod.invokeExplosively(FrameworkMethod.java:47)
	at org.junit.internal.runners.statements.InvokeMethod.evaluate(InvokeMethod.java:17)
	at org.apache.zookeeper.JUnit4ZKTestRunner$LoggedInvokeMethod.evaluate(JUnit4ZKTestRunner.java:55)
	at org.junit.internal.runners.statements.RunBefores.evaluate(RunBefores.java:26)
	at org.junit.internal.runners.statements.RunAfters.evaluate(RunAfters.java:27)
	at org.junit.rules.TestWatchman$1.evaluate(TestWatchman.java:53)
	at org.junit.runners.ParentRunner.runLeaf(ParentRunner.java:325)
	at org.junit.runners.BlockJUnit4ClassRunner.runChild(BlockJUnit4ClassRunner.java:78)
	at org.junit.runners.BlockJUnit4ClassRunner.runChild(BlockJUnit4ClassRunner.java:57)
	at org.junit.runners.ParentRunner$3.run(ParentRunner.java:290)
	at org.junit.runners.ParentRunner$1.schedule(ParentRunner.java:71)
	at org.junit.runners.ParentRunner.runChildren(ParentRunner.java:288)
	at org.junit.runners.ParentRunner.access$000(ParentRunner.java:58)
	at org.junit.runners.ParentRunner$2.evaluate(ParentRunner.java:268)
	at org.junit.runners.ParentRunner.run(ParentRunner.java:363)
	at org.apache.maven.surefire.junit4.JUnit4Provider.execute(JUnit4Provider.java:365)
	at org.apache.maven.surefire.junit4.JUnit4Provider.executeWithRerun(JUnit4Provider.java:273)
	at org.apache.maven.surefire.junit4.JUnit4Provider.executeTestSet(JUnit4Provider.java:238)
	at org.apache.maven.surefire.junit4.JUnit4Provider.invoke(JUnit4Provider.java:159)
	at org.apache.maven.surefire.booter.ForkedBooter.invokeProviderInSameClassLoader(ForkedBooter.java:384)
	at org.apache.maven.surefire.booter.ForkedBooter.runSuitesInProcess(ForkedBooter.java:345)
	at org.apache.maven.surefire.booter.ForkedBooter.execute(ForkedBooter.java:126)
	at org.apache.maven.surefire.booter.ForkedBooter.main(ForkedBooter.java:418)


updating test result for file org.apache.hadoop.yarn.server.resourcemanager.TestRMHAForNodeLabels#testRMHARecoverNodeLabels
v1v1 running time = 13373192308
updating test result for file org.apache.hadoop.yarn.server.resourcemanager.TestRMHAForNodeLabels#testRMHARecoverNodeLabels
v2v2 running time = 12956191824
---> v1v1 and v2v2 test test suceeded.
updating test result for file org.apache.hadoop.yarn.server.resourcemanager.TestRMHAForNodeLabels#testRMHARecoverNodeLabels
v1v2 running time = 11795598989
---> v1v2 test failed.
proj: yarn
u_test: org.apache.hadoop.yarn.server.resourcemanager.TestRMHAForNodeLabels#testRMHARecoverNodeLabels
h_list: yarn.http.policy@@@yarn:ResourceManager@@@-1@@@HTTP_ONLY@@@HTTPS_ONLY
vv_mode: v1v2
result: FAIL
failureMessage: Invalid configuration! yarn.resourcemanager.hostname.rm1 or yarn.resourcemanager.webapp.https.address.rm1 needs to be set in an HA configuration.
stackTrace: org.apache.hadoop.yarn.exceptions.YarnRuntimeException: Invalid configuration! yarn.resourcemanager.hostname.rm1 or yarn.resourcemanager.webapp.https.address.rm1 needs to be set in an HA configuration.
	at org.apache.hadoop.yarn.conf.HAUtil.throwBadConfigurationException(HAUtil.java:45)
	at org.apache.hadoop.yarn.conf.HAUtil.checkAndSetRMRPCAddress(HAUtil.java:342)
	at org.apache.hadoop.yarn.conf.HAUtil.verifyAndSetRMHAIdsList(HAUtil.java:130)
	at org.apache.hadoop.yarn.conf.HAUtil.verifyAndSetConfiguration(HAUtil.java:105)
	at org.apache.hadoop.yarn.server.resourcemanager.ResourceManager.serviceInit(ResourceManager.java:284)
	at org.apache.hadoop.yarn.server.resourcemanager.MockRM.serviceInit(MockRM.java:1429)
	at org.apache.hadoop.service.AbstractService.init(AbstractService.java:164)
	at org.apache.hadoop.yarn.server.resourcemanager.MockRM.<init>(MockRM.java:164)
	at org.apache.hadoop.yarn.server.resourcemanager.RMHATestBase$1.<init>(RMHATestBase.java:109)
	at org.apache.hadoop.yarn.server.resourcemanager.RMHATestBase.initMockRMWithOldConf(RMHATestBase.java:109)
	at org.apache.hadoop.yarn.server.resourcemanager.RMHATestBase.startRMs(RMHATestBase.java:134)
	at org.apache.hadoop.yarn.server.resourcemanager.TestRMHAForNodeLabels.testRMHARecoverNodeLabels(TestRMHAForNodeLabels.java:65)
	at sun.reflect.NativeMethodAccessorImpl.invoke0(Native Method)
	at sun.reflect.NativeMethodAccessorImpl.invoke(NativeMethodAccessorImpl.java:62)
	at sun.reflect.DelegatingMethodAccessorImpl.invoke(DelegatingMethodAccessorImpl.java:43)
	at java.lang.reflect.Method.invoke(Method.java:498)
	at org.junit.runners.model.FrameworkMethod$1.runReflectiveCall(FrameworkMethod.java:50)
	at org.junit.internal.runners.model.ReflectiveCallable.run(ReflectiveCallable.java:12)
	at org.junit.runners.model.FrameworkMethod.invokeExplosively(FrameworkMethod.java:47)
	at org.junit.internal.runners.statements.InvokeMethod.evaluate(InvokeMethod.java:17)
	at org.apache.zookeeper.JUnit4ZKTestRunner$LoggedInvokeMethod.evaluate(JUnit4ZKTestRunner.java:55)
	at org.junit.internal.runners.statements.RunBefores.evaluate(RunBefores.java:26)
	at org.junit.internal.runners.statements.RunAfters.evaluate(RunAfters.java:27)
	at org.junit.rules.TestWatchman$1.evaluate(TestWatchman.java:53)
	at org.junit.runners.ParentRunner.runLeaf(ParentRunner.java:325)
	at org.junit.runners.BlockJUnit4ClassRunner.runChild(BlockJUnit4ClassRunner.java:78)
	at org.junit.runners.BlockJUnit4ClassRunner.runChild(BlockJUnit4ClassRunner.java:57)
	at org.junit.runners.ParentRunner$3.run(ParentRunner.java:290)
	at org.junit.runners.ParentRunner$1.schedule(ParentRunner.java:71)
	at org.junit.runners.ParentRunner.runChildren(ParentRunner.java:288)
	at org.junit.runners.ParentRunner.access$000(ParentRunner.java:58)
	at org.junit.runners.ParentRunner$2.evaluate(ParentRunner.java:268)
	at org.junit.runners.ParentRunner.run(ParentRunner.java:363)
	at org.apache.maven.surefire.junit4.JUnit4Provider.execute(JUnit4Provider.java:365)
	at org.apache.maven.surefire.junit4.JUnit4Provider.executeWithRerun(JUnit4Provider.java:273)
	at org.apache.maven.surefire.junit4.JUnit4Provider.executeTestSet(JUnit4Provider.java:238)
	at org.apache.maven.surefire.junit4.JUnit4Provider.invoke(JUnit4Provider.java:159)
	at org.apache.maven.surefire.booter.ForkedBooter.invokeProviderInSameClassLoader(ForkedBooter.java:384)
	at org.apache.maven.surefire.booter.ForkedBooter.runSuitesInProcess(ForkedBooter.java:345)
	at org.apache.maven.surefire.booter.ForkedBooter.execute(ForkedBooter.java:126)
	at org.apache.maven.surefire.booter.ForkedBooter.main(ForkedBooter.java:418)


updating test result for file org.apache.hadoop.yarn.server.resourcemanager.TestRMHAForNodeLabels#testRMHARecoverNodeLabels
v1v1 running time = 15115026341
updating test result for file org.apache.hadoop.yarn.server.resourcemanager.TestRMHAForNodeLabels#testRMHARecoverNodeLabels
v2v2 running time = 14364174751
---> v1v1 and v2v2 test test suceeded.
early stop after 7 is satisfied
v1v2 failed with probability 7 out of 7
v1v1v2v2 failed with probability 0 out of 7
Total execution time in seconds : 275
0
