my_type=hypothesis
proj=hdfs
u_test=org.apache.hadoop.hdfs.server.namenode.ha.TestStandbyCheckpoints#testBothNodesInStandbyState
h_list[1]=dfs.image.compress@@@hdfs:NameNode@@@-1@@@true@@@false
proj: hdfs
u_test: org.apache.hadoop.hdfs.server.namenode.ha.TestStandbyCheckpoints#testBothNodesInStandbyState
h_list: dfs.image.compress@@@hdfs:NameNode@@@-1@@@true@@@false
updating test result for file org.apache.hadoop.hdfs.server.namenode.ha.TestStandbyCheckpoints#testBothNodesInStandbyState
v1v2 running time = 25572533562
---> v1v2 test failed.
proj: hdfs
u_test: org.apache.hadoop.hdfs.server.namenode.ha.TestStandbyCheckpoints#testBothNodesInStandbyState
h_list: dfs.image.compress@@@hdfs:NameNode@@@-1@@@true@@@false
vv_mode: v1v2
result: FAIL
failureMessage: File contents differed:
  /root/hadoop-3.2.1-src/hadoop-hdfs-project/hadoop-hdfs/target/test/data/dfs/name-0-1/current/fsimage_0000000000000000012.md5=45e0b421af2aa19c0faed3863eea6615
  /root/hadoop-3.2.1-src/hadoop-hdfs-project/hadoop-hdfs/target/test/data/dfs/name-0-4/current/fsimage_0000000000000000012.md5=dab709f7823f4325551dc2da87c949c3
  /root/hadoop-3.2.1-src/hadoop-hdfs-project/hadoop-hdfs/target/test/data/dfs/name-0-3/current/fsimage_0000000000000000012.md5=dab709f7823f4325551dc2da87c949c3
  /root/hadoop-3.2.1-src/hadoop-hdfs-project/hadoop-hdfs/target/test/data/dfs/name-0-2/current/fsimage_0000000000000000012.md5=45e0b421af2aa19c0faed3863eea6615
stackTrace: java.lang.AssertionError: File contents differed:
  /root/hadoop-3.2.1-src/hadoop-hdfs-project/hadoop-hdfs/target/test/data/dfs/name-0-1/current/fsimage_0000000000000000012.md5=45e0b421af2aa19c0faed3863eea6615
  /root/hadoop-3.2.1-src/hadoop-hdfs-project/hadoop-hdfs/target/test/data/dfs/name-0-4/current/fsimage_0000000000000000012.md5=dab709f7823f4325551dc2da87c949c3
  /root/hadoop-3.2.1-src/hadoop-hdfs-project/hadoop-hdfs/target/test/data/dfs/name-0-3/current/fsimage_0000000000000000012.md5=dab709f7823f4325551dc2da87c949c3
  /root/hadoop-3.2.1-src/hadoop-hdfs-project/hadoop-hdfs/target/test/data/dfs/name-0-2/current/fsimage_0000000000000000012.md5=45e0b421af2aa19c0faed3863eea6615
	at org.junit.Assert.fail(Assert.java:88)
	at org.apache.hadoop.hdfs.server.namenode.FSImageTestUtil.assertFileContentsSame(FSImageTestUtil.java:419)
	at org.apache.hadoop.hdfs.server.namenode.FSImageTestUtil.assertParallelFilesAreIdentical(FSImageTestUtil.java:350)
	at org.apache.hadoop.hdfs.server.namenode.ha.TestStandbyCheckpoints.testBothNodesInStandbyState(TestStandbyCheckpoints.java:253)
	at sun.reflect.NativeMethodAccessorImpl.invoke0(Native Method)
	at sun.reflect.NativeMethodAccessorImpl.invoke(NativeMethodAccessorImpl.java:62)
	at sun.reflect.DelegatingMethodAccessorImpl.invoke(DelegatingMethodAccessorImpl.java:43)
	at java.lang.reflect.Method.invoke(Method.java:498)
	at org.junit.runners.model.FrameworkMethod$1.runReflectiveCall(FrameworkMethod.java:50)
	at org.junit.internal.runners.model.ReflectiveCallable.run(ReflectiveCallable.java:12)
	at org.junit.runners.model.FrameworkMethod.invokeExplosively(FrameworkMethod.java:47)
	at org.junit.internal.runners.statements.InvokeMethod.evaluate(InvokeMethod.java:17)
	at org.junit.internal.runners.statements.FailOnTimeout$CallableStatement.call(FailOnTimeout.java:298)
	at org.junit.internal.runners.statements.FailOnTimeout$CallableStatement.call(FailOnTimeout.java:292)
	at java.util.concurrent.FutureTask.run(FutureTask.java:266)
	at java.lang.Thread.run(Thread.java:748)


updating test result for file org.apache.hadoop.hdfs.server.namenode.ha.TestStandbyCheckpoints#testBothNodesInStandbyState
v1v1 running time = 23927749213
updating test result for file org.apache.hadoop.hdfs.server.namenode.ha.TestStandbyCheckpoints#testBothNodesInStandbyState
v2v2 running time = 26851017754
---> v1v1 and v2v2 test test suceeded.
updating test result for file org.apache.hadoop.hdfs.server.namenode.ha.TestStandbyCheckpoints#testBothNodesInStandbyState
v1v2 running time = 26793721657
---> v1v2 test failed.
proj: hdfs
u_test: org.apache.hadoop.hdfs.server.namenode.ha.TestStandbyCheckpoints#testBothNodesInStandbyState
h_list: dfs.image.compress@@@hdfs:NameNode@@@-1@@@true@@@false
vv_mode: v1v2
result: FAIL
failureMessage: File contents differed:
  /root/hadoop-3.2.1-src/hadoop-hdfs-project/hadoop-hdfs/target/test/data/dfs/name-0-1/current/fsimage_0000000000000000012.md5=90f18788267755e90171993998cf462b
  /root/hadoop-3.2.1-src/hadoop-hdfs-project/hadoop-hdfs/target/test/data/dfs/name-0-4/current/fsimage_0000000000000000012.md5=1a27dbcfe821b2476cd6e6c59bd72749
  /root/hadoop-3.2.1-src/hadoop-hdfs-project/hadoop-hdfs/target/test/data/dfs/name-0-3/current/fsimage_0000000000000000012.md5=1a27dbcfe821b2476cd6e6c59bd72749
  /root/hadoop-3.2.1-src/hadoop-hdfs-project/hadoop-hdfs/target/test/data/dfs/name-0-2/current/fsimage_0000000000000000012.md5=90f18788267755e90171993998cf462b
stackTrace: java.lang.AssertionError: File contents differed:
  /root/hadoop-3.2.1-src/hadoop-hdfs-project/hadoop-hdfs/target/test/data/dfs/name-0-1/current/fsimage_0000000000000000012.md5=90f18788267755e90171993998cf462b
  /root/hadoop-3.2.1-src/hadoop-hdfs-project/hadoop-hdfs/target/test/data/dfs/name-0-4/current/fsimage_0000000000000000012.md5=1a27dbcfe821b2476cd6e6c59bd72749
  /root/hadoop-3.2.1-src/hadoop-hdfs-project/hadoop-hdfs/target/test/data/dfs/name-0-3/current/fsimage_0000000000000000012.md5=1a27dbcfe821b2476cd6e6c59bd72749
  /root/hadoop-3.2.1-src/hadoop-hdfs-project/hadoop-hdfs/target/test/data/dfs/name-0-2/current/fsimage_0000000000000000012.md5=90f18788267755e90171993998cf462b
	at org.junit.Assert.fail(Assert.java:88)
	at org.apache.hadoop.hdfs.server.namenode.FSImageTestUtil.assertFileContentsSame(FSImageTestUtil.java:419)
	at org.apache.hadoop.hdfs.server.namenode.FSImageTestUtil.assertParallelFilesAreIdentical(FSImageTestUtil.java:350)
	at org.apache.hadoop.hdfs.server.namenode.ha.TestStandbyCheckpoints.testBothNodesInStandbyState(TestStandbyCheckpoints.java:253)
	at sun.reflect.NativeMethodAccessorImpl.invoke0(Native Method)
	at sun.reflect.NativeMethodAccessorImpl.invoke(NativeMethodAccessorImpl.java:62)
	at sun.reflect.DelegatingMethodAccessorImpl.invoke(DelegatingMethodAccessorImpl.java:43)
	at java.lang.reflect.Method.invoke(Method.java:498)
	at org.junit.runners.model.FrameworkMethod$1.runReflectiveCall(FrameworkMethod.java:50)
	at org.junit.internal.runners.model.ReflectiveCallable.run(ReflectiveCallable.java:12)
	at org.junit.runners.model.FrameworkMethod.invokeExplosively(FrameworkMethod.java:47)
	at org.junit.internal.runners.statements.InvokeMethod.evaluate(InvokeMethod.java:17)
	at org.junit.internal.runners.statements.FailOnTimeout$CallableStatement.call(FailOnTimeout.java:298)
	at org.junit.internal.runners.statements.FailOnTimeout$CallableStatement.call(FailOnTimeout.java:292)
	at java.util.concurrent.FutureTask.run(FutureTask.java:266)
	at java.lang.Thread.run(Thread.java:748)


updating test result for file org.apache.hadoop.hdfs.server.namenode.ha.TestStandbyCheckpoints#testBothNodesInStandbyState
v1v1 running time = 27840920985
updating test result for file org.apache.hadoop.hdfs.server.namenode.ha.TestStandbyCheckpoints#testBothNodesInStandbyState
v2v2 running time = 29169899131
---> v1v1 and v2v2 test test suceeded.
updating test result for file org.apache.hadoop.hdfs.server.namenode.ha.TestStandbyCheckpoints#testBothNodesInStandbyState
v1v2 running time = 28879584407
---> v1v2 test failed.
proj: hdfs
u_test: org.apache.hadoop.hdfs.server.namenode.ha.TestStandbyCheckpoints#testBothNodesInStandbyState
h_list: dfs.image.compress@@@hdfs:NameNode@@@-1@@@true@@@false
vv_mode: v1v2
result: FAIL
failureMessage: File contents differed:
  /root/hadoop-3.2.1-src/hadoop-hdfs-project/hadoop-hdfs/target/test/data/dfs/name-0-1/current/fsimage_0000000000000000012.md5=00cee932c29e8d65fa0c010ffc143164
  /root/hadoop-3.2.1-src/hadoop-hdfs-project/hadoop-hdfs/target/test/data/dfs/name-0-4/current/fsimage_0000000000000000012.md5=69eae2cef5689e707d78b162742fca13
  /root/hadoop-3.2.1-src/hadoop-hdfs-project/hadoop-hdfs/target/test/data/dfs/name-0-3/current/fsimage_0000000000000000012.md5=69eae2cef5689e707d78b162742fca13
  /root/hadoop-3.2.1-src/hadoop-hdfs-project/hadoop-hdfs/target/test/data/dfs/name-0-2/current/fsimage_0000000000000000012.md5=00cee932c29e8d65fa0c010ffc143164
stackTrace: java.lang.AssertionError: File contents differed:
  /root/hadoop-3.2.1-src/hadoop-hdfs-project/hadoop-hdfs/target/test/data/dfs/name-0-1/current/fsimage_0000000000000000012.md5=00cee932c29e8d65fa0c010ffc143164
  /root/hadoop-3.2.1-src/hadoop-hdfs-project/hadoop-hdfs/target/test/data/dfs/name-0-4/current/fsimage_0000000000000000012.md5=69eae2cef5689e707d78b162742fca13
  /root/hadoop-3.2.1-src/hadoop-hdfs-project/hadoop-hdfs/target/test/data/dfs/name-0-3/current/fsimage_0000000000000000012.md5=69eae2cef5689e707d78b162742fca13
  /root/hadoop-3.2.1-src/hadoop-hdfs-project/hadoop-hdfs/target/test/data/dfs/name-0-2/current/fsimage_0000000000000000012.md5=00cee932c29e8d65fa0c010ffc143164
	at org.junit.Assert.fail(Assert.java:88)
	at org.apache.hadoop.hdfs.server.namenode.FSImageTestUtil.assertFileContentsSame(FSImageTestUtil.java:419)
	at org.apache.hadoop.hdfs.server.namenode.FSImageTestUtil.assertParallelFilesAreIdentical(FSImageTestUtil.java:350)
	at org.apache.hadoop.hdfs.server.namenode.ha.TestStandbyCheckpoints.testBothNodesInStandbyState(TestStandbyCheckpoints.java:253)
	at sun.reflect.NativeMethodAccessorImpl.invoke0(Native Method)
	at sun.reflect.NativeMethodAccessorImpl.invoke(NativeMethodAccessorImpl.java:62)
	at sun.reflect.DelegatingMethodAccessorImpl.invoke(DelegatingMethodAccessorImpl.java:43)
	at java.lang.reflect.Method.invoke(Method.java:498)
	at org.junit.runners.model.FrameworkMethod$1.runReflectiveCall(FrameworkMethod.java:50)
	at org.junit.internal.runners.model.ReflectiveCallable.run(ReflectiveCallable.java:12)
	at org.junit.runners.model.FrameworkMethod.invokeExplosively(FrameworkMethod.java:47)
	at org.junit.internal.runners.statements.InvokeMethod.evaluate(InvokeMethod.java:17)
	at org.junit.internal.runners.statements.FailOnTimeout$CallableStatement.call(FailOnTimeout.java:298)
	at org.junit.internal.runners.statements.FailOnTimeout$CallableStatement.call(FailOnTimeout.java:292)
	at java.util.concurrent.FutureTask.run(FutureTask.java:266)
	at java.lang.Thread.run(Thread.java:748)


updating test result for file org.apache.hadoop.hdfs.server.namenode.ha.TestStandbyCheckpoints#testBothNodesInStandbyState
v1v1 running time = 32999889210
updating test result for file org.apache.hadoop.hdfs.server.namenode.ha.TestStandbyCheckpoints#testBothNodesInStandbyState
v2v2 running time = 27127585327
---> v1v1 and v2v2 test test suceeded.
updating test result for file org.apache.hadoop.hdfs.server.namenode.ha.TestStandbyCheckpoints#testBothNodesInStandbyState
v1v2 running time = 30186142419
---> v1v2 test failed.
proj: hdfs
u_test: org.apache.hadoop.hdfs.server.namenode.ha.TestStandbyCheckpoints#testBothNodesInStandbyState
h_list: dfs.image.compress@@@hdfs:NameNode@@@-1@@@true@@@false
vv_mode: v1v2
result: FAIL
failureMessage: File contents differed:
  /root/hadoop-3.2.1-src/hadoop-hdfs-project/hadoop-hdfs/target/test/data/dfs/name-0-1/current/fsimage_0000000000000000012.md5=e4902467a573627cbe9d1143ce278aad
  /root/hadoop-3.2.1-src/hadoop-hdfs-project/hadoop-hdfs/target/test/data/dfs/name-0-4/current/fsimage_0000000000000000012.md5=62600a5913594a832312e589ee4be702
  /root/hadoop-3.2.1-src/hadoop-hdfs-project/hadoop-hdfs/target/test/data/dfs/name-0-3/current/fsimage_0000000000000000012.md5=62600a5913594a832312e589ee4be702
  /root/hadoop-3.2.1-src/hadoop-hdfs-project/hadoop-hdfs/target/test/data/dfs/name-0-2/current/fsimage_0000000000000000012.md5=e4902467a573627cbe9d1143ce278aad
stackTrace: java.lang.AssertionError: File contents differed:
  /root/hadoop-3.2.1-src/hadoop-hdfs-project/hadoop-hdfs/target/test/data/dfs/name-0-1/current/fsimage_0000000000000000012.md5=e4902467a573627cbe9d1143ce278aad
  /root/hadoop-3.2.1-src/hadoop-hdfs-project/hadoop-hdfs/target/test/data/dfs/name-0-4/current/fsimage_0000000000000000012.md5=62600a5913594a832312e589ee4be702
  /root/hadoop-3.2.1-src/hadoop-hdfs-project/hadoop-hdfs/target/test/data/dfs/name-0-3/current/fsimage_0000000000000000012.md5=62600a5913594a832312e589ee4be702
  /root/hadoop-3.2.1-src/hadoop-hdfs-project/hadoop-hdfs/target/test/data/dfs/name-0-2/current/fsimage_0000000000000000012.md5=e4902467a573627cbe9d1143ce278aad
	at org.junit.Assert.fail(Assert.java:88)
	at org.apache.hadoop.hdfs.server.namenode.FSImageTestUtil.assertFileContentsSame(FSImageTestUtil.java:419)
	at org.apache.hadoop.hdfs.server.namenode.FSImageTestUtil.assertParallelFilesAreIdentical(FSImageTestUtil.java:350)
	at org.apache.hadoop.hdfs.server.namenode.ha.TestStandbyCheckpoints.testBothNodesInStandbyState(TestStandbyCheckpoints.java:253)
	at sun.reflect.NativeMethodAccessorImpl.invoke0(Native Method)
	at sun.reflect.NativeMethodAccessorImpl.invoke(NativeMethodAccessorImpl.java:62)
	at sun.reflect.DelegatingMethodAccessorImpl.invoke(DelegatingMethodAccessorImpl.java:43)
	at java.lang.reflect.Method.invoke(Method.java:498)
	at org.junit.runners.model.FrameworkMethod$1.runReflectiveCall(FrameworkMethod.java:50)
	at org.junit.internal.runners.model.ReflectiveCallable.run(ReflectiveCallable.java:12)
	at org.junit.runners.model.FrameworkMethod.invokeExplosively(FrameworkMethod.java:47)
	at org.junit.internal.runners.statements.InvokeMethod.evaluate(InvokeMethod.java:17)
	at org.junit.internal.runners.statements.FailOnTimeout$CallableStatement.call(FailOnTimeout.java:298)
	at org.junit.internal.runners.statements.FailOnTimeout$CallableStatement.call(FailOnTimeout.java:292)
	at java.util.concurrent.FutureTask.run(FutureTask.java:266)
	at java.lang.Thread.run(Thread.java:748)


updating test result for file org.apache.hadoop.hdfs.server.namenode.ha.TestStandbyCheckpoints#testBothNodesInStandbyState
v1v1 running time = 30685128016
updating test result for file org.apache.hadoop.hdfs.server.namenode.ha.TestStandbyCheckpoints#testBothNodesInStandbyState
v2v2 running time = 30408071914
---> v1v1 and v2v2 test test suceeded.
updating test result for file org.apache.hadoop.hdfs.server.namenode.ha.TestStandbyCheckpoints#testBothNodesInStandbyState
v1v2 running time = 28921238047
---> v1v2 test failed.
proj: hdfs
u_test: org.apache.hadoop.hdfs.server.namenode.ha.TestStandbyCheckpoints#testBothNodesInStandbyState
h_list: dfs.image.compress@@@hdfs:NameNode@@@-1@@@true@@@false
vv_mode: v1v2
result: FAIL
failureMessage: File contents differed:
  /root/hadoop-3.2.1-src/hadoop-hdfs-project/hadoop-hdfs/target/test/data/dfs/name-0-1/current/fsimage_0000000000000000012.md5=3d9d8adc975ffdeaa57e3536e2fe92d0
  /root/hadoop-3.2.1-src/hadoop-hdfs-project/hadoop-hdfs/target/test/data/dfs/name-0-4/current/fsimage_0000000000000000012.md5=ca573edeaf2b0d6de66c9dac1b76ac52
  /root/hadoop-3.2.1-src/hadoop-hdfs-project/hadoop-hdfs/target/test/data/dfs/name-0-3/current/fsimage_0000000000000000012.md5=ca573edeaf2b0d6de66c9dac1b76ac52
  /root/hadoop-3.2.1-src/hadoop-hdfs-project/hadoop-hdfs/target/test/data/dfs/name-0-2/current/fsimage_0000000000000000012.md5=3d9d8adc975ffdeaa57e3536e2fe92d0
stackTrace: java.lang.AssertionError: File contents differed:
  /root/hadoop-3.2.1-src/hadoop-hdfs-project/hadoop-hdfs/target/test/data/dfs/name-0-1/current/fsimage_0000000000000000012.md5=3d9d8adc975ffdeaa57e3536e2fe92d0
  /root/hadoop-3.2.1-src/hadoop-hdfs-project/hadoop-hdfs/target/test/data/dfs/name-0-4/current/fsimage_0000000000000000012.md5=ca573edeaf2b0d6de66c9dac1b76ac52
  /root/hadoop-3.2.1-src/hadoop-hdfs-project/hadoop-hdfs/target/test/data/dfs/name-0-3/current/fsimage_0000000000000000012.md5=ca573edeaf2b0d6de66c9dac1b76ac52
  /root/hadoop-3.2.1-src/hadoop-hdfs-project/hadoop-hdfs/target/test/data/dfs/name-0-2/current/fsimage_0000000000000000012.md5=3d9d8adc975ffdeaa57e3536e2fe92d0
	at org.junit.Assert.fail(Assert.java:88)
	at org.apache.hadoop.hdfs.server.namenode.FSImageTestUtil.assertFileContentsSame(FSImageTestUtil.java:419)
	at org.apache.hadoop.hdfs.server.namenode.FSImageTestUtil.assertParallelFilesAreIdentical(FSImageTestUtil.java:350)
	at org.apache.hadoop.hdfs.server.namenode.ha.TestStandbyCheckpoints.testBothNodesInStandbyState(TestStandbyCheckpoints.java:253)
	at sun.reflect.NativeMethodAccessorImpl.invoke0(Native Method)
	at sun.reflect.NativeMethodAccessorImpl.invoke(NativeMethodAccessorImpl.java:62)
	at sun.reflect.DelegatingMethodAccessorImpl.invoke(DelegatingMethodAccessorImpl.java:43)
	at java.lang.reflect.Method.invoke(Method.java:498)
	at org.junit.runners.model.FrameworkMethod$1.runReflectiveCall(FrameworkMethod.java:50)
	at org.junit.internal.runners.model.ReflectiveCallable.run(ReflectiveCallable.java:12)
	at org.junit.runners.model.FrameworkMethod.invokeExplosively(FrameworkMethod.java:47)
	at org.junit.internal.runners.statements.InvokeMethod.evaluate(InvokeMethod.java:17)
	at org.junit.internal.runners.statements.FailOnTimeout$CallableStatement.call(FailOnTimeout.java:298)
	at org.junit.internal.runners.statements.FailOnTimeout$CallableStatement.call(FailOnTimeout.java:292)
	at java.util.concurrent.FutureTask.run(FutureTask.java:266)
	at java.lang.Thread.run(Thread.java:748)


updating test result for file org.apache.hadoop.hdfs.server.namenode.ha.TestStandbyCheckpoints#testBothNodesInStandbyState
v1v1 running time = 34790250189
updating test result for file org.apache.hadoop.hdfs.server.namenode.ha.TestStandbyCheckpoints#testBothNodesInStandbyState
v2v2 running time = 28755851896
---> v1v1 and v2v2 test test suceeded.
updating test result for file org.apache.hadoop.hdfs.server.namenode.ha.TestStandbyCheckpoints#testBothNodesInStandbyState
v1v2 running time = 31271380690
---> v1v2 test failed.
proj: hdfs
u_test: org.apache.hadoop.hdfs.server.namenode.ha.TestStandbyCheckpoints#testBothNodesInStandbyState
h_list: dfs.image.compress@@@hdfs:NameNode@@@-1@@@true@@@false
vv_mode: v1v2
result: FAIL
failureMessage: File contents differed:
  /root/hadoop-3.2.1-src/hadoop-hdfs-project/hadoop-hdfs/target/test/data/dfs/name-0-1/current/fsimage_0000000000000000012.md5=a62abeb1c5592cfdbbcec81591483682
  /root/hadoop-3.2.1-src/hadoop-hdfs-project/hadoop-hdfs/target/test/data/dfs/name-0-4/current/fsimage_0000000000000000012.md5=8d9d49f36d44a9c77e91929b50e6acaa
  /root/hadoop-3.2.1-src/hadoop-hdfs-project/hadoop-hdfs/target/test/data/dfs/name-0-3/current/fsimage_0000000000000000012.md5=8d9d49f36d44a9c77e91929b50e6acaa
  /root/hadoop-3.2.1-src/hadoop-hdfs-project/hadoop-hdfs/target/test/data/dfs/name-0-2/current/fsimage_0000000000000000012.md5=a62abeb1c5592cfdbbcec81591483682
stackTrace: java.lang.AssertionError: File contents differed:
  /root/hadoop-3.2.1-src/hadoop-hdfs-project/hadoop-hdfs/target/test/data/dfs/name-0-1/current/fsimage_0000000000000000012.md5=a62abeb1c5592cfdbbcec81591483682
  /root/hadoop-3.2.1-src/hadoop-hdfs-project/hadoop-hdfs/target/test/data/dfs/name-0-4/current/fsimage_0000000000000000012.md5=8d9d49f36d44a9c77e91929b50e6acaa
  /root/hadoop-3.2.1-src/hadoop-hdfs-project/hadoop-hdfs/target/test/data/dfs/name-0-3/current/fsimage_0000000000000000012.md5=8d9d49f36d44a9c77e91929b50e6acaa
  /root/hadoop-3.2.1-src/hadoop-hdfs-project/hadoop-hdfs/target/test/data/dfs/name-0-2/current/fsimage_0000000000000000012.md5=a62abeb1c5592cfdbbcec81591483682
	at org.junit.Assert.fail(Assert.java:88)
	at org.apache.hadoop.hdfs.server.namenode.FSImageTestUtil.assertFileContentsSame(FSImageTestUtil.java:419)
	at org.apache.hadoop.hdfs.server.namenode.FSImageTestUtil.assertParallelFilesAreIdentical(FSImageTestUtil.java:350)
	at org.apache.hadoop.hdfs.server.namenode.ha.TestStandbyCheckpoints.testBothNodesInStandbyState(TestStandbyCheckpoints.java:253)
	at sun.reflect.NativeMethodAccessorImpl.invoke0(Native Method)
	at sun.reflect.NativeMethodAccessorImpl.invoke(NativeMethodAccessorImpl.java:62)
	at sun.reflect.DelegatingMethodAccessorImpl.invoke(DelegatingMethodAccessorImpl.java:43)
	at java.lang.reflect.Method.invoke(Method.java:498)
	at org.junit.runners.model.FrameworkMethod$1.runReflectiveCall(FrameworkMethod.java:50)
	at org.junit.internal.runners.model.ReflectiveCallable.run(ReflectiveCallable.java:12)
	at org.junit.runners.model.FrameworkMethod.invokeExplosively(FrameworkMethod.java:47)
	at org.junit.internal.runners.statements.InvokeMethod.evaluate(InvokeMethod.java:17)
	at org.junit.internal.runners.statements.FailOnTimeout$CallableStatement.call(FailOnTimeout.java:298)
	at org.junit.internal.runners.statements.FailOnTimeout$CallableStatement.call(FailOnTimeout.java:292)
	at java.util.concurrent.FutureTask.run(FutureTask.java:266)
	at java.lang.Thread.run(Thread.java:748)


updating test result for file org.apache.hadoop.hdfs.server.namenode.ha.TestStandbyCheckpoints#testBothNodesInStandbyState
v1v1 running time = 30879584904
updating test result for file org.apache.hadoop.hdfs.server.namenode.ha.TestStandbyCheckpoints#testBothNodesInStandbyState
v2v2 running time = 25598469636
---> v1v1 and v2v2 test test suceeded.
updating test result for file org.apache.hadoop.hdfs.server.namenode.ha.TestStandbyCheckpoints#testBothNodesInStandbyState
v1v2 running time = 31870209638
---> v1v2 test failed.
proj: hdfs
u_test: org.apache.hadoop.hdfs.server.namenode.ha.TestStandbyCheckpoints#testBothNodesInStandbyState
h_list: dfs.image.compress@@@hdfs:NameNode@@@-1@@@true@@@false
vv_mode: v1v2
result: FAIL
failureMessage: File contents differed:
  /root/hadoop-3.2.1-src/hadoop-hdfs-project/hadoop-hdfs/target/test/data/dfs/name-0-1/current/fsimage_0000000000000000012.md5=081b5fa06ceaad54672bd5da9a6f9e6c
  /root/hadoop-3.2.1-src/hadoop-hdfs-project/hadoop-hdfs/target/test/data/dfs/name-0-4/current/fsimage_0000000000000000012.md5=e45db1d229f927e86e21d7550445f837
  /root/hadoop-3.2.1-src/hadoop-hdfs-project/hadoop-hdfs/target/test/data/dfs/name-0-3/current/fsimage_0000000000000000012.md5=e45db1d229f927e86e21d7550445f837
  /root/hadoop-3.2.1-src/hadoop-hdfs-project/hadoop-hdfs/target/test/data/dfs/name-0-2/current/fsimage_0000000000000000012.md5=081b5fa06ceaad54672bd5da9a6f9e6c
stackTrace: java.lang.AssertionError: File contents differed:
  /root/hadoop-3.2.1-src/hadoop-hdfs-project/hadoop-hdfs/target/test/data/dfs/name-0-1/current/fsimage_0000000000000000012.md5=081b5fa06ceaad54672bd5da9a6f9e6c
  /root/hadoop-3.2.1-src/hadoop-hdfs-project/hadoop-hdfs/target/test/data/dfs/name-0-4/current/fsimage_0000000000000000012.md5=e45db1d229f927e86e21d7550445f837
  /root/hadoop-3.2.1-src/hadoop-hdfs-project/hadoop-hdfs/target/test/data/dfs/name-0-3/current/fsimage_0000000000000000012.md5=e45db1d229f927e86e21d7550445f837
  /root/hadoop-3.2.1-src/hadoop-hdfs-project/hadoop-hdfs/target/test/data/dfs/name-0-2/current/fsimage_0000000000000000012.md5=081b5fa06ceaad54672bd5da9a6f9e6c
	at org.junit.Assert.fail(Assert.java:88)
	at org.apache.hadoop.hdfs.server.namenode.FSImageTestUtil.assertFileContentsSame(FSImageTestUtil.java:419)
	at org.apache.hadoop.hdfs.server.namenode.FSImageTestUtil.assertParallelFilesAreIdentical(FSImageTestUtil.java:350)
	at org.apache.hadoop.hdfs.server.namenode.ha.TestStandbyCheckpoints.testBothNodesInStandbyState(TestStandbyCheckpoints.java:253)
	at sun.reflect.NativeMethodAccessorImpl.invoke0(Native Method)
	at sun.reflect.NativeMethodAccessorImpl.invoke(NativeMethodAccessorImpl.java:62)
	at sun.reflect.DelegatingMethodAccessorImpl.invoke(DelegatingMethodAccessorImpl.java:43)
	at java.lang.reflect.Method.invoke(Method.java:498)
	at org.junit.runners.model.FrameworkMethod$1.runReflectiveCall(FrameworkMethod.java:50)
	at org.junit.internal.runners.model.ReflectiveCallable.run(ReflectiveCallable.java:12)
	at org.junit.runners.model.FrameworkMethod.invokeExplosively(FrameworkMethod.java:47)
	at org.junit.internal.runners.statements.InvokeMethod.evaluate(InvokeMethod.java:17)
	at org.junit.internal.runners.statements.FailOnTimeout$CallableStatement.call(FailOnTimeout.java:298)
	at org.junit.internal.runners.statements.FailOnTimeout$CallableStatement.call(FailOnTimeout.java:292)
	at java.util.concurrent.FutureTask.run(FutureTask.java:266)
	at java.lang.Thread.run(Thread.java:748)


updating test result for file org.apache.hadoop.hdfs.server.namenode.ha.TestStandbyCheckpoints#testBothNodesInStandbyState
v1v1 running time = 31136912551
updating test result for file org.apache.hadoop.hdfs.server.namenode.ha.TestStandbyCheckpoints#testBothNodesInStandbyState
v2v2 running time = 26521696237
---> v1v1 and v2v2 test test suceeded.
early stop after 7 is satisfied
v1v2 failed with probability 7 out of 7
v1v1v2v2 failed with probability 0 out of 7
Total execution time in seconds : 610
0
