my_type=hypothesis
proj=yarn
u_test=org.apache.hadoop.yarn.server.resourcemanager.TestResourceTrackerService#testNodeRemovalGracefully
h_list[1]=yarn.resourcemanager.node-removal-untracked.timeout-ms@@@yarn:ResourceManager@@@-3@@@500@@@600
proj: yarn
u_test: org.apache.hadoop.yarn.server.resourcemanager.TestResourceTrackerService#testNodeRemovalGracefully
h_list: yarn.resourcemanager.node-removal-untracked.timeout-ms@@@yarn:ResourceManager@@@-3@@@500@@@600
updating test result for file org.apache.hadoop.yarn.server.resourcemanager.TestResourceTrackerService#testNodeRemovalGracefully
v1v2 running time = 17451895398
---> v1v2 test failed.
proj: yarn
u_test: org.apache.hadoop.yarn.server.resourcemanager.TestResourceTrackerService#testNodeRemovalGracefully
h_list: yarn.resourcemanager.node-removal-untracked.timeout-ms@@@yarn:ResourceManager@@@-3@@@500@@@600
vv_mode: v1v2
result: FAIL
failureMessage: Shutdown nodes should be 0 now expected:<1> but was:<0>
stackTrace: java.lang.AssertionError: Shutdown nodes should be 0 now expected:<1> but was:<0>
	at org.junit.Assert.fail(Assert.java:88)
	at org.junit.Assert.failNotEquals(Assert.java:834)
	at org.junit.Assert.assertEquals(Assert.java:645)
	at org.apache.hadoop.yarn.server.resourcemanager.TestResourceTrackerService.testNodeRemovalUtilDecomToUntracked(TestResourceTrackerService.java:2296)
	at org.apache.hadoop.yarn.server.resourcemanager.TestResourceTrackerService.testNodeRemovalUtil(TestResourceTrackerService.java:2258)
	at org.apache.hadoop.yarn.server.resourcemanager.TestResourceTrackerService.testNodeRemovalGracefully(TestResourceTrackerService.java:2111)
	at sun.reflect.NativeMethodAccessorImpl.invoke0(Native Method)
	at sun.reflect.NativeMethodAccessorImpl.invoke(NativeMethodAccessorImpl.java:62)
	at sun.reflect.DelegatingMethodAccessorImpl.invoke(DelegatingMethodAccessorImpl.java:43)
	at java.lang.reflect.Method.invoke(Method.java:498)
	at org.junit.runners.model.FrameworkMethod$1.runReflectiveCall(FrameworkMethod.java:50)
	at org.junit.internal.runners.model.ReflectiveCallable.run(ReflectiveCallable.java:12)
	at org.junit.runners.model.FrameworkMethod.invokeExplosively(FrameworkMethod.java:47)
	at org.junit.internal.runners.statements.InvokeMethod.evaluate(InvokeMethod.java:17)
	at org.junit.internal.runners.statements.RunAfters.evaluate(RunAfters.java:27)
	at org.junit.runners.ParentRunner.runLeaf(ParentRunner.java:325)
	at org.junit.runners.BlockJUnit4ClassRunner.runChild(BlockJUnit4ClassRunner.java:78)
	at org.junit.runners.BlockJUnit4ClassRunner.runChild(BlockJUnit4ClassRunner.java:57)
	at org.junit.runners.ParentRunner$3.run(ParentRunner.java:290)
	at org.junit.runners.ParentRunner$1.schedule(ParentRunner.java:71)
	at org.junit.runners.ParentRunner.runChildren(ParentRunner.java:288)
	at org.junit.runners.ParentRunner.access$000(ParentRunner.java:58)
	at org.junit.runners.ParentRunner$2.evaluate(ParentRunner.java:268)
	at org.junit.runners.ParentRunner.run(ParentRunner.java:363)
	at org.apache.maven.surefire.junit4.JUnit4Provider.execute(JUnit4Provider.java:365)
	at org.apache.maven.surefire.junit4.JUnit4Provider.executeWithRerun(JUnit4Provider.java:273)
	at org.apache.maven.surefire.junit4.JUnit4Provider.executeTestSet(JUnit4Provider.java:238)
	at org.apache.maven.surefire.junit4.JUnit4Provider.invoke(JUnit4Provider.java:159)
	at org.apache.maven.surefire.booter.ForkedBooter.invokeProviderInSameClassLoader(ForkedBooter.java:384)
	at org.apache.maven.surefire.booter.ForkedBooter.runSuitesInProcess(ForkedBooter.java:345)
	at org.apache.maven.surefire.booter.ForkedBooter.execute(ForkedBooter.java:126)
	at org.apache.maven.surefire.booter.ForkedBooter.main(ForkedBooter.java:418)


updating test result for file org.apache.hadoop.yarn.server.resourcemanager.TestResourceTrackerService#testNodeRemovalGracefully
v1v1 running time = 21580564342
updating test result for file org.apache.hadoop.yarn.server.resourcemanager.TestResourceTrackerService#testNodeRemovalGracefully
v2v2 running time = 24435867541
---> v1v1 and v2v2 test test suceeded.
updating test result for file org.apache.hadoop.yarn.server.resourcemanager.TestResourceTrackerService#testNodeRemovalGracefully
v1v2 running time = 14578931349
---> v1v2 test failed.
proj: yarn
u_test: org.apache.hadoop.yarn.server.resourcemanager.TestResourceTrackerService#testNodeRemovalGracefully
h_list: yarn.resourcemanager.node-removal-untracked.timeout-ms@@@yarn:ResourceManager@@@-3@@@500@@@600
vv_mode: v1v2
result: FAIL
failureMessage: Node should have been forgotten! expected:<host2:5678> but was:<null>
stackTrace: java.lang.AssertionError: Node should have been forgotten! expected:<host2:5678> but was:<null>
	at org.junit.Assert.fail(Assert.java:88)
	at org.junit.Assert.failNotEquals(Assert.java:834)
	at org.junit.Assert.assertEquals(Assert.java:118)
	at org.apache.hadoop.yarn.server.resourcemanager.TestResourceTrackerService.testNodeRemovalUtil(TestResourceTrackerService.java:2191)
	at org.apache.hadoop.yarn.server.resourcemanager.TestResourceTrackerService.testNodeRemovalGracefully(TestResourceTrackerService.java:2111)
	at sun.reflect.NativeMethodAccessorImpl.invoke0(Native Method)
	at sun.reflect.NativeMethodAccessorImpl.invoke(NativeMethodAccessorImpl.java:62)
	at sun.reflect.DelegatingMethodAccessorImpl.invoke(DelegatingMethodAccessorImpl.java:43)
	at java.lang.reflect.Method.invoke(Method.java:498)
	at org.junit.runners.model.FrameworkMethod$1.runReflectiveCall(FrameworkMethod.java:50)
	at org.junit.internal.runners.model.ReflectiveCallable.run(ReflectiveCallable.java:12)
	at org.junit.runners.model.FrameworkMethod.invokeExplosively(FrameworkMethod.java:47)
	at org.junit.internal.runners.statements.InvokeMethod.evaluate(InvokeMethod.java:17)
	at org.junit.internal.runners.statements.RunAfters.evaluate(RunAfters.java:27)
	at org.junit.runners.ParentRunner.runLeaf(ParentRunner.java:325)
	at org.junit.runners.BlockJUnit4ClassRunner.runChild(BlockJUnit4ClassRunner.java:78)
	at org.junit.runners.BlockJUnit4ClassRunner.runChild(BlockJUnit4ClassRunner.java:57)
	at org.junit.runners.ParentRunner$3.run(ParentRunner.java:290)
	at org.junit.runners.ParentRunner$1.schedule(ParentRunner.java:71)
	at org.junit.runners.ParentRunner.runChildren(ParentRunner.java:288)
	at org.junit.runners.ParentRunner.access$000(ParentRunner.java:58)
	at org.junit.runners.ParentRunner$2.evaluate(ParentRunner.java:268)
	at org.junit.runners.ParentRunner.run(ParentRunner.java:363)
	at org.apache.maven.surefire.junit4.JUnit4Provider.execute(JUnit4Provider.java:365)
	at org.apache.maven.surefire.junit4.JUnit4Provider.executeWithRerun(JUnit4Provider.java:273)
	at org.apache.maven.surefire.junit4.JUnit4Provider.executeTestSet(JUnit4Provider.java:238)
	at org.apache.maven.surefire.junit4.JUnit4Provider.invoke(JUnit4Provider.java:159)
	at org.apache.maven.surefire.booter.ForkedBooter.invokeProviderInSameClassLoader(ForkedBooter.java:384)
	at org.apache.maven.surefire.booter.ForkedBooter.runSuitesInProcess(ForkedBooter.java:345)
	at org.apache.maven.surefire.booter.ForkedBooter.execute(ForkedBooter.java:126)
	at org.apache.maven.surefire.booter.ForkedBooter.main(ForkedBooter.java:418)


updating test result for file org.apache.hadoop.yarn.server.resourcemanager.TestResourceTrackerService#testNodeRemovalGracefully
v1v1 running time = 22872677469
updating test result for file org.apache.hadoop.yarn.server.resourcemanager.TestResourceTrackerService#testNodeRemovalGracefully
v2v2 running time = 24063137741
---> v1v1 and v2v2 test test suceeded.
updating test result for file org.apache.hadoop.yarn.server.resourcemanager.TestResourceTrackerService#testNodeRemovalGracefully
v1v2 running time = 22105798185
---> v1v2 test suceeded.
updating test result for file org.apache.hadoop.yarn.server.resourcemanager.TestResourceTrackerService#testNodeRemovalGracefully
v1v1 running time = 21962616427
updating test result for file org.apache.hadoop.yarn.server.resourcemanager.TestResourceTrackerService#testNodeRemovalGracefully
v2v2 running time = 21276784815
---> v1v1 and v2v2 test test suceeded.
updating test result for file org.apache.hadoop.yarn.server.resourcemanager.TestResourceTrackerService#testNodeRemovalGracefully
v1v2 running time = 20945964191
---> v1v2 test suceeded.
updating test result for file org.apache.hadoop.yarn.server.resourcemanager.TestResourceTrackerService#testNodeRemovalGracefully
v1v1 running time = 23752417124
updating test result for file org.apache.hadoop.yarn.server.resourcemanager.TestResourceTrackerService#testNodeRemovalGracefully
v2v2 running time = 23796624519
---> v1v1 and v2v2 test test suceeded.
updating test result for file org.apache.hadoop.yarn.server.resourcemanager.TestResourceTrackerService#testNodeRemovalGracefully
v1v2 running time = 23046642303
---> v1v2 test suceeded.
updating test result for file org.apache.hadoop.yarn.server.resourcemanager.TestResourceTrackerService#testNodeRemovalGracefully
v1v1 running time = 25525927882
updating test result for file org.apache.hadoop.yarn.server.resourcemanager.TestResourceTrackerService#testNodeRemovalGracefully
v2v2 running time = 25011877600
---> v1v1 and v2v2 test test suceeded.
updating test result for file org.apache.hadoop.yarn.server.resourcemanager.TestResourceTrackerService#testNodeRemovalGracefully
v1v2 running time = 25146633309
---> v1v2 test suceeded.
updating test result for file org.apache.hadoop.yarn.server.resourcemanager.TestResourceTrackerService#testNodeRemovalGracefully
v1v1 running time = 20774848810
updating test result for file org.apache.hadoop.yarn.server.resourcemanager.TestResourceTrackerService#testNodeRemovalGracefully
v2v2 running time = 23192210658
---> v1v1 and v2v2 test test suceeded.
updating test result for file org.apache.hadoop.yarn.server.resourcemanager.TestResourceTrackerService#testNodeRemovalGracefully
v1v2 running time = 13537892098
---> v1v2 test failed.
proj: yarn
u_test: org.apache.hadoop.yarn.server.resourcemanager.TestResourceTrackerService#testNodeRemovalGracefully
h_list: yarn.resourcemanager.node-removal-untracked.timeout-ms@@@yarn:ResourceManager@@@-3@@@500@@@600
vv_mode: v1v2
result: FAIL
failureMessage: Node should have been forgotten! expected:<host2:5678> but was:<null>
stackTrace: java.lang.AssertionError: Node should have been forgotten! expected:<host2:5678> but was:<null>
	at org.junit.Assert.fail(Assert.java:88)
	at org.junit.Assert.failNotEquals(Assert.java:834)
	at org.junit.Assert.assertEquals(Assert.java:118)
	at org.apache.hadoop.yarn.server.resourcemanager.TestResourceTrackerService.testNodeRemovalUtil(TestResourceTrackerService.java:2191)
	at org.apache.hadoop.yarn.server.resourcemanager.TestResourceTrackerService.testNodeRemovalGracefully(TestResourceTrackerService.java:2111)
	at sun.reflect.NativeMethodAccessorImpl.invoke0(Native Method)
	at sun.reflect.NativeMethodAccessorImpl.invoke(NativeMethodAccessorImpl.java:62)
	at sun.reflect.DelegatingMethodAccessorImpl.invoke(DelegatingMethodAccessorImpl.java:43)
	at java.lang.reflect.Method.invoke(Method.java:498)
	at org.junit.runners.model.FrameworkMethod$1.runReflectiveCall(FrameworkMethod.java:50)
	at org.junit.internal.runners.model.ReflectiveCallable.run(ReflectiveCallable.java:12)
	at org.junit.runners.model.FrameworkMethod.invokeExplosively(FrameworkMethod.java:47)
	at org.junit.internal.runners.statements.InvokeMethod.evaluate(InvokeMethod.java:17)
	at org.junit.internal.runners.statements.RunAfters.evaluate(RunAfters.java:27)
	at org.junit.runners.ParentRunner.runLeaf(ParentRunner.java:325)
	at org.junit.runners.BlockJUnit4ClassRunner.runChild(BlockJUnit4ClassRunner.java:78)
	at org.junit.runners.BlockJUnit4ClassRunner.runChild(BlockJUnit4ClassRunner.java:57)
	at org.junit.runners.ParentRunner$3.run(ParentRunner.java:290)
	at org.junit.runners.ParentRunner$1.schedule(ParentRunner.java:71)
	at org.junit.runners.ParentRunner.runChildren(ParentRunner.java:288)
	at org.junit.runners.ParentRunner.access$000(ParentRunner.java:58)
	at org.junit.runners.ParentRunner$2.evaluate(ParentRunner.java:268)
	at org.junit.runners.ParentRunner.run(ParentRunner.java:363)
	at org.apache.maven.surefire.junit4.JUnit4Provider.execute(JUnit4Provider.java:365)
	at org.apache.maven.surefire.junit4.JUnit4Provider.executeWithRerun(JUnit4Provider.java:273)
	at org.apache.maven.surefire.junit4.JUnit4Provider.executeTestSet(JUnit4Provider.java:238)
	at org.apache.maven.surefire.junit4.JUnit4Provider.invoke(JUnit4Provider.java:159)
	at org.apache.maven.surefire.booter.ForkedBooter.invokeProviderInSameClassLoader(ForkedBooter.java:384)
	at org.apache.maven.surefire.booter.ForkedBooter.runSuitesInProcess(ForkedBooter.java:345)
	at org.apache.maven.surefire.booter.ForkedBooter.execute(ForkedBooter.java:126)
	at org.apache.maven.surefire.booter.ForkedBooter.main(ForkedBooter.java:418)


updating test result for file org.apache.hadoop.yarn.server.resourcemanager.TestResourceTrackerService#testNodeRemovalGracefully
v1v1 running time = 22751365111
updating test result for file org.apache.hadoop.yarn.server.resourcemanager.TestResourceTrackerService#testNodeRemovalGracefully
v2v2 running time = 21749046480
---> v1v1 and v2v2 test test suceeded.
updating test result for file org.apache.hadoop.yarn.server.resourcemanager.TestResourceTrackerService#testNodeRemovalGracefully
v1v2 running time = 21786491667
---> v1v2 test suceeded.
updating test result for file org.apache.hadoop.yarn.server.resourcemanager.TestResourceTrackerService#testNodeRemovalGracefully
v1v1 running time = 22737190326
updating test result for file org.apache.hadoop.yarn.server.resourcemanager.TestResourceTrackerService#testNodeRemovalGracefully
v2v2 running time = 21746955559
---> v1v1 and v2v2 test test suceeded.
updating test result for file org.apache.hadoop.yarn.server.resourcemanager.TestResourceTrackerService#testNodeRemovalGracefully
v1v2 running time = 12968105946
---> v1v2 test failed.
proj: yarn
u_test: org.apache.hadoop.yarn.server.resourcemanager.TestResourceTrackerService#testNodeRemovalGracefully
h_list: yarn.resourcemanager.node-removal-untracked.timeout-ms@@@yarn:ResourceManager@@@-3@@@500@@@600
vv_mode: v1v2
result: FAIL
failureMessage: Node should have been forgotten! expected:<host2:5678> but was:<null>
stackTrace: java.lang.AssertionError: Node should have been forgotten! expected:<host2:5678> but was:<null>
	at org.junit.Assert.fail(Assert.java:88)
	at org.junit.Assert.failNotEquals(Assert.java:834)
	at org.junit.Assert.assertEquals(Assert.java:118)
	at org.apache.hadoop.yarn.server.resourcemanager.TestResourceTrackerService.testNodeRemovalUtil(TestResourceTrackerService.java:2191)
	at org.apache.hadoop.yarn.server.resourcemanager.TestResourceTrackerService.testNodeRemovalGracefully(TestResourceTrackerService.java:2111)
	at sun.reflect.NativeMethodAccessorImpl.invoke0(Native Method)
	at sun.reflect.NativeMethodAccessorImpl.invoke(NativeMethodAccessorImpl.java:62)
	at sun.reflect.DelegatingMethodAccessorImpl.invoke(DelegatingMethodAccessorImpl.java:43)
	at java.lang.reflect.Method.invoke(Method.java:498)
	at org.junit.runners.model.FrameworkMethod$1.runReflectiveCall(FrameworkMethod.java:50)
	at org.junit.internal.runners.model.ReflectiveCallable.run(ReflectiveCallable.java:12)
	at org.junit.runners.model.FrameworkMethod.invokeExplosively(FrameworkMethod.java:47)
	at org.junit.internal.runners.statements.InvokeMethod.evaluate(InvokeMethod.java:17)
	at org.junit.internal.runners.statements.RunAfters.evaluate(RunAfters.java:27)
	at org.junit.runners.ParentRunner.runLeaf(ParentRunner.java:325)
	at org.junit.runners.BlockJUnit4ClassRunner.runChild(BlockJUnit4ClassRunner.java:78)
	at org.junit.runners.BlockJUnit4ClassRunner.runChild(BlockJUnit4ClassRunner.java:57)
	at org.junit.runners.ParentRunner$3.run(ParentRunner.java:290)
	at org.junit.runners.ParentRunner$1.schedule(ParentRunner.java:71)
	at org.junit.runners.ParentRunner.runChildren(ParentRunner.java:288)
	at org.junit.runners.ParentRunner.access$000(ParentRunner.java:58)
	at org.junit.runners.ParentRunner$2.evaluate(ParentRunner.java:268)
	at org.junit.runners.ParentRunner.run(ParentRunner.java:363)
	at org.apache.maven.surefire.junit4.JUnit4Provider.execute(JUnit4Provider.java:365)
	at org.apache.maven.surefire.junit4.JUnit4Provider.executeWithRerun(JUnit4Provider.java:273)
	at org.apache.maven.surefire.junit4.JUnit4Provider.executeTestSet(JUnit4Provider.java:238)
	at org.apache.maven.surefire.junit4.JUnit4Provider.invoke(JUnit4Provider.java:159)
	at org.apache.maven.surefire.booter.ForkedBooter.invokeProviderInSameClassLoader(ForkedBooter.java:384)
	at org.apache.maven.surefire.booter.ForkedBooter.runSuitesInProcess(ForkedBooter.java:345)
	at org.apache.maven.surefire.booter.ForkedBooter.execute(ForkedBooter.java:126)
	at org.apache.maven.surefire.booter.ForkedBooter.main(ForkedBooter.java:418)


updating test result for file org.apache.hadoop.yarn.server.resourcemanager.TestResourceTrackerService#testNodeRemovalGracefully
v1v1 running time = 25563863320
updating test result for file org.apache.hadoop.yarn.server.resourcemanager.TestResourceTrackerService#testNodeRemovalGracefully
v2v2 running time = 24551386976
---> v1v1 and v2v2 test test suceeded.
updating test result for file org.apache.hadoop.yarn.server.resourcemanager.TestResourceTrackerService#testNodeRemovalGracefully
v1v2 running time = 14570486874
---> v1v2 test failed.
proj: yarn
u_test: org.apache.hadoop.yarn.server.resourcemanager.TestResourceTrackerService#testNodeRemovalGracefully
h_list: yarn.resourcemanager.node-removal-untracked.timeout-ms@@@yarn:ResourceManager@@@-3@@@500@@@600
vv_mode: v1v2
result: FAIL
failureMessage: Shutdown nodes should be 0 now expected:<1> but was:<0>
stackTrace: java.lang.AssertionError: Shutdown nodes should be 0 now expected:<1> but was:<0>
	at org.junit.Assert.fail(Assert.java:88)
	at org.junit.Assert.failNotEquals(Assert.java:834)
	at org.junit.Assert.assertEquals(Assert.java:645)
	at org.apache.hadoop.yarn.server.resourcemanager.TestResourceTrackerService.testNodeRemovalUtilDecomToUntracked(TestResourceTrackerService.java:2296)
	at org.apache.hadoop.yarn.server.resourcemanager.TestResourceTrackerService.testNodeRemovalUtil(TestResourceTrackerService.java:2258)
	at org.apache.hadoop.yarn.server.resourcemanager.TestResourceTrackerService.testNodeRemovalGracefully(TestResourceTrackerService.java:2111)
	at sun.reflect.NativeMethodAccessorImpl.invoke0(Native Method)
	at sun.reflect.NativeMethodAccessorImpl.invoke(NativeMethodAccessorImpl.java:62)
	at sun.reflect.DelegatingMethodAccessorImpl.invoke(DelegatingMethodAccessorImpl.java:43)
	at java.lang.reflect.Method.invoke(Method.java:498)
	at org.junit.runners.model.FrameworkMethod$1.runReflectiveCall(FrameworkMethod.java:50)
	at org.junit.internal.runners.model.ReflectiveCallable.run(ReflectiveCallable.java:12)
	at org.junit.runners.model.FrameworkMethod.invokeExplosively(FrameworkMethod.java:47)
	at org.junit.internal.runners.statements.InvokeMethod.evaluate(InvokeMethod.java:17)
	at org.junit.internal.runners.statements.RunAfters.evaluate(RunAfters.java:27)
	at org.junit.runners.ParentRunner.runLeaf(ParentRunner.java:325)
	at org.junit.runners.BlockJUnit4ClassRunner.runChild(BlockJUnit4ClassRunner.java:78)
	at org.junit.runners.BlockJUnit4ClassRunner.runChild(BlockJUnit4ClassRunner.java:57)
	at org.junit.runners.ParentRunner$3.run(ParentRunner.java:290)
	at org.junit.runners.ParentRunner$1.schedule(ParentRunner.java:71)
	at org.junit.runners.ParentRunner.runChildren(ParentRunner.java:288)
	at org.junit.runners.ParentRunner.access$000(ParentRunner.java:58)
	at org.junit.runners.ParentRunner$2.evaluate(ParentRunner.java:268)
	at org.junit.runners.ParentRunner.run(ParentRunner.java:363)
	at org.apache.maven.surefire.junit4.JUnit4Provider.execute(JUnit4Provider.java:365)
	at org.apache.maven.surefire.junit4.JUnit4Provider.executeWithRerun(JUnit4Provider.java:273)
	at org.apache.maven.surefire.junit4.JUnit4Provider.executeTestSet(JUnit4Provider.java:238)
	at org.apache.maven.surefire.junit4.JUnit4Provider.invoke(JUnit4Provider.java:159)
	at org.apache.maven.surefire.booter.ForkedBooter.invokeProviderInSameClassLoader(ForkedBooter.java:384)
	at org.apache.maven.surefire.booter.ForkedBooter.runSuitesInProcess(ForkedBooter.java:345)
	at org.apache.maven.surefire.booter.ForkedBooter.execute(ForkedBooter.java:126)
	at org.apache.maven.surefire.booter.ForkedBooter.main(ForkedBooter.java:418)


updating test result for file org.apache.hadoop.yarn.server.resourcemanager.TestResourceTrackerService#testNodeRemovalGracefully
v1v1 running time = 20111676094
updating test result for file org.apache.hadoop.yarn.server.resourcemanager.TestResourceTrackerService#testNodeRemovalGracefully
v2v2 running time = 21667263423
---> v1v1 and v2v2 test test suceeded.
updating test result for file org.apache.hadoop.yarn.server.resourcemanager.TestResourceTrackerService#testNodeRemovalGracefully
v1v2 running time = 21238197691
---> v1v2 test suceeded.
updating test result for file org.apache.hadoop.yarn.server.resourcemanager.TestResourceTrackerService#testNodeRemovalGracefully
v1v1 running time = 20060229483
updating test result for file org.apache.hadoop.yarn.server.resourcemanager.TestResourceTrackerService#testNodeRemovalGracefully
v2v2 running time = 21617630392
---> v1v1 and v2v2 test test suceeded.
updating test result for file org.apache.hadoop.yarn.server.resourcemanager.TestResourceTrackerService#testNodeRemovalGracefully
v1v2 running time = 13583883422
---> v1v2 test failed.
proj: yarn
u_test: org.apache.hadoop.yarn.server.resourcemanager.TestResourceTrackerService#testNodeRemovalGracefully
h_list: yarn.resourcemanager.node-removal-untracked.timeout-ms@@@yarn:ResourceManager@@@-3@@@500@@@600
vv_mode: v1v2
result: FAIL
failureMessage: Node should have been forgotten! expected:<host2:5678> but was:<null>
stackTrace: java.lang.AssertionError: Node should have been forgotten! expected:<host2:5678> but was:<null>
	at org.junit.Assert.fail(Assert.java:88)
	at org.junit.Assert.failNotEquals(Assert.java:834)
	at org.junit.Assert.assertEquals(Assert.java:118)
	at org.apache.hadoop.yarn.server.resourcemanager.TestResourceTrackerService.testNodeRemovalUtil(TestResourceTrackerService.java:2191)
	at org.apache.hadoop.yarn.server.resourcemanager.TestResourceTrackerService.testNodeRemovalGracefully(TestResourceTrackerService.java:2111)
	at sun.reflect.NativeMethodAccessorImpl.invoke0(Native Method)
	at sun.reflect.NativeMethodAccessorImpl.invoke(NativeMethodAccessorImpl.java:62)
	at sun.reflect.DelegatingMethodAccessorImpl.invoke(DelegatingMethodAccessorImpl.java:43)
	at java.lang.reflect.Method.invoke(Method.java:498)
	at org.junit.runners.model.FrameworkMethod$1.runReflectiveCall(FrameworkMethod.java:50)
	at org.junit.internal.runners.model.ReflectiveCallable.run(ReflectiveCallable.java:12)
	at org.junit.runners.model.FrameworkMethod.invokeExplosively(FrameworkMethod.java:47)
	at org.junit.internal.runners.statements.InvokeMethod.evaluate(InvokeMethod.java:17)
	at org.junit.internal.runners.statements.RunAfters.evaluate(RunAfters.java:27)
	at org.junit.runners.ParentRunner.runLeaf(ParentRunner.java:325)
	at org.junit.runners.BlockJUnit4ClassRunner.runChild(BlockJUnit4ClassRunner.java:78)
	at org.junit.runners.BlockJUnit4ClassRunner.runChild(BlockJUnit4ClassRunner.java:57)
	at org.junit.runners.ParentRunner$3.run(ParentRunner.java:290)
	at org.junit.runners.ParentRunner$1.schedule(ParentRunner.java:71)
	at org.junit.runners.ParentRunner.runChildren(ParentRunner.java:288)
	at org.junit.runners.ParentRunner.access$000(ParentRunner.java:58)
	at org.junit.runners.ParentRunner$2.evaluate(ParentRunner.java:268)
	at org.junit.runners.ParentRunner.run(ParentRunner.java:363)
	at org.apache.maven.surefire.junit4.JUnit4Provider.execute(JUnit4Provider.java:365)
	at org.apache.maven.surefire.junit4.JUnit4Provider.executeWithRerun(JUnit4Provider.java:273)
	at org.apache.maven.surefire.junit4.JUnit4Provider.executeTestSet(JUnit4Provider.java:238)
	at org.apache.maven.surefire.junit4.JUnit4Provider.invoke(JUnit4Provider.java:159)
	at org.apache.maven.surefire.booter.ForkedBooter.invokeProviderInSameClassLoader(ForkedBooter.java:384)
	at org.apache.maven.surefire.booter.ForkedBooter.runSuitesInProcess(ForkedBooter.java:345)
	at org.apache.maven.surefire.booter.ForkedBooter.execute(ForkedBooter.java:126)
	at org.apache.maven.surefire.booter.ForkedBooter.main(ForkedBooter.java:418)


updating test result for file org.apache.hadoop.yarn.server.resourcemanager.TestResourceTrackerService#testNodeRemovalGracefully
v1v1 running time = 21643795372
updating test result for file org.apache.hadoop.yarn.server.resourcemanager.TestResourceTrackerService#testNodeRemovalGracefully
v2v2 running time = 21191177594
---> v1v1 and v2v2 test test suceeded.
updating test result for file org.apache.hadoop.yarn.server.resourcemanager.TestResourceTrackerService#testNodeRemovalGracefully
v1v2 running time = 14582217169
---> v1v2 test failed.
proj: yarn
u_test: org.apache.hadoop.yarn.server.resourcemanager.TestResourceTrackerService#testNodeRemovalGracefully
h_list: yarn.resourcemanager.node-removal-untracked.timeout-ms@@@yarn:ResourceManager@@@-3@@@500@@@600
vv_mode: v1v2
result: FAIL
failureMessage: Shutdown nodes should be 0 now expected:<1> but was:<0>
stackTrace: java.lang.AssertionError: Shutdown nodes should be 0 now expected:<1> but was:<0>
	at org.junit.Assert.fail(Assert.java:88)
	at org.junit.Assert.failNotEquals(Assert.java:834)
	at org.junit.Assert.assertEquals(Assert.java:645)
	at org.apache.hadoop.yarn.server.resourcemanager.TestResourceTrackerService.testNodeRemovalUtilDecomToUntracked(TestResourceTrackerService.java:2296)
	at org.apache.hadoop.yarn.server.resourcemanager.TestResourceTrackerService.testNodeRemovalUtil(TestResourceTrackerService.java:2258)
	at org.apache.hadoop.yarn.server.resourcemanager.TestResourceTrackerService.testNodeRemovalGracefully(TestResourceTrackerService.java:2111)
	at sun.reflect.NativeMethodAccessorImpl.invoke0(Native Method)
	at sun.reflect.NativeMethodAccessorImpl.invoke(NativeMethodAccessorImpl.java:62)
	at sun.reflect.DelegatingMethodAccessorImpl.invoke(DelegatingMethodAccessorImpl.java:43)
	at java.lang.reflect.Method.invoke(Method.java:498)
	at org.junit.runners.model.FrameworkMethod$1.runReflectiveCall(FrameworkMethod.java:50)
	at org.junit.internal.runners.model.ReflectiveCallable.run(ReflectiveCallable.java:12)
	at org.junit.runners.model.FrameworkMethod.invokeExplosively(FrameworkMethod.java:47)
	at org.junit.internal.runners.statements.InvokeMethod.evaluate(InvokeMethod.java:17)
	at org.junit.internal.runners.statements.RunAfters.evaluate(RunAfters.java:27)
	at org.junit.runners.ParentRunner.runLeaf(ParentRunner.java:325)
	at org.junit.runners.BlockJUnit4ClassRunner.runChild(BlockJUnit4ClassRunner.java:78)
	at org.junit.runners.BlockJUnit4ClassRunner.runChild(BlockJUnit4ClassRunner.java:57)
	at org.junit.runners.ParentRunner$3.run(ParentRunner.java:290)
	at org.junit.runners.ParentRunner$1.schedule(ParentRunner.java:71)
	at org.junit.runners.ParentRunner.runChildren(ParentRunner.java:288)
	at org.junit.runners.ParentRunner.access$000(ParentRunner.java:58)
	at org.junit.runners.ParentRunner$2.evaluate(ParentRunner.java:268)
	at org.junit.runners.ParentRunner.run(ParentRunner.java:363)
	at org.apache.maven.surefire.junit4.JUnit4Provider.execute(JUnit4Provider.java:365)
	at org.apache.maven.surefire.junit4.JUnit4Provider.executeWithRerun(JUnit4Provider.java:273)
	at org.apache.maven.surefire.junit4.JUnit4Provider.executeTestSet(JUnit4Provider.java:238)
	at org.apache.maven.surefire.junit4.JUnit4Provider.invoke(JUnit4Provider.java:159)
	at org.apache.maven.surefire.booter.ForkedBooter.invokeProviderInSameClassLoader(ForkedBooter.java:384)
	at org.apache.maven.surefire.booter.ForkedBooter.runSuitesInProcess(ForkedBooter.java:345)
	at org.apache.maven.surefire.booter.ForkedBooter.execute(ForkedBooter.java:126)
	at org.apache.maven.surefire.booter.ForkedBooter.main(ForkedBooter.java:418)


updating test result for file org.apache.hadoop.yarn.server.resourcemanager.TestResourceTrackerService#testNodeRemovalGracefully
v1v1 running time = 21901345976
updating test result for file org.apache.hadoop.yarn.server.resourcemanager.TestResourceTrackerService#testNodeRemovalGracefully
v2v2 running time = 23131552994
---> v1v1 and v2v2 test test suceeded.
early stop after 7 is satisfied
v1v2 failed with probability 7 out of 13
v1v1v2v2 failed with probability 0 out of 13
Total execution time in seconds : 824
0
