my_type=hypothesis
proj=hdfs
u_test=org.apache.hadoop.hdfs.server.blockmanagement.TestHeartbeatHandling#testHeartbeat
h_list[1]=dfs.namenode.replication.max-streams@@@hdfs:NameNode@@@1@@@2@@@1
proj: hdfs
u_test: org.apache.hadoop.hdfs.server.blockmanagement.TestHeartbeatHandling#testHeartbeat
h_list: dfs.namenode.replication.max-streams@@@hdfs:NameNode@@@1@@@2@@@1
updating test result for file org.apache.hadoop.hdfs.server.blockmanagement.TestHeartbeatHandling#testHeartbeat
v1v2 running time = 14298729455
---> v1v2 test failed.
proj: hdfs
u_test: org.apache.hadoop.hdfs.server.blockmanagement.TestHeartbeatHandling#testHeartbeat
h_list: dfs.namenode.replication.max-streams@@@hdfs:NameNode@@@1@@@2@@@1
vv_mode: v1v2
result: FAIL
failureMessage: expected:<2> but was:<1>
stackTrace: java.lang.AssertionError: expected:<2> but was:<1>
	at org.junit.Assert.fail(Assert.java:88)
	at org.junit.Assert.failNotEquals(Assert.java:834)
	at org.junit.Assert.assertEquals(Assert.java:645)
	at org.junit.Assert.assertEquals(Assert.java:631)
	at org.apache.hadoop.hdfs.server.blockmanagement.TestHeartbeatHandling.testHeartbeat(TestHeartbeatHandling.java:105)
	at sun.reflect.NativeMethodAccessorImpl.invoke0(Native Method)
	at sun.reflect.NativeMethodAccessorImpl.invoke(NativeMethodAccessorImpl.java:62)
	at sun.reflect.DelegatingMethodAccessorImpl.invoke(DelegatingMethodAccessorImpl.java:43)
	at java.lang.reflect.Method.invoke(Method.java:498)
	at org.junit.runners.model.FrameworkMethod$1.runReflectiveCall(FrameworkMethod.java:50)
	at org.junit.internal.runners.model.ReflectiveCallable.run(ReflectiveCallable.java:12)
	at org.junit.runners.model.FrameworkMethod.invokeExplosively(FrameworkMethod.java:47)
	at org.junit.internal.runners.statements.InvokeMethod.evaluate(InvokeMethod.java:17)
	at org.junit.internal.runners.statements.FailOnTimeout$CallableStatement.call(FailOnTimeout.java:298)
	at org.junit.internal.runners.statements.FailOnTimeout$CallableStatement.call(FailOnTimeout.java:292)
	at java.util.concurrent.FutureTask.run(FutureTask.java:266)
	at java.lang.Thread.run(Thread.java:748)


updating test result for file org.apache.hadoop.hdfs.server.blockmanagement.TestHeartbeatHandling#testHeartbeat
v1v1 running time = 13898095638
updating test result for file org.apache.hadoop.hdfs.server.blockmanagement.TestHeartbeatHandling#testHeartbeat
v2v2 running time = 12592727805
---> v1v1 and v2v2 test test suceeded.
updating test result for file org.apache.hadoop.hdfs.server.blockmanagement.TestHeartbeatHandling#testHeartbeat
v1v2 running time = 11882242748
---> v1v2 test failed.
proj: hdfs
u_test: org.apache.hadoop.hdfs.server.blockmanagement.TestHeartbeatHandling#testHeartbeat
h_list: dfs.namenode.replication.max-streams@@@hdfs:NameNode@@@1@@@2@@@1
vv_mode: v1v2
result: FAIL
failureMessage: expected:<2> but was:<1>
stackTrace: java.lang.AssertionError: expected:<2> but was:<1>
	at org.junit.Assert.fail(Assert.java:88)
	at org.junit.Assert.failNotEquals(Assert.java:834)
	at org.junit.Assert.assertEquals(Assert.java:645)
	at org.junit.Assert.assertEquals(Assert.java:631)
	at org.apache.hadoop.hdfs.server.blockmanagement.TestHeartbeatHandling.testHeartbeat(TestHeartbeatHandling.java:105)
	at sun.reflect.NativeMethodAccessorImpl.invoke0(Native Method)
	at sun.reflect.NativeMethodAccessorImpl.invoke(NativeMethodAccessorImpl.java:62)
	at sun.reflect.DelegatingMethodAccessorImpl.invoke(DelegatingMethodAccessorImpl.java:43)
	at java.lang.reflect.Method.invoke(Method.java:498)
	at org.junit.runners.model.FrameworkMethod$1.runReflectiveCall(FrameworkMethod.java:50)
	at org.junit.internal.runners.model.ReflectiveCallable.run(ReflectiveCallable.java:12)
	at org.junit.runners.model.FrameworkMethod.invokeExplosively(FrameworkMethod.java:47)
	at org.junit.internal.runners.statements.InvokeMethod.evaluate(InvokeMethod.java:17)
	at org.junit.internal.runners.statements.FailOnTimeout$CallableStatement.call(FailOnTimeout.java:298)
	at org.junit.internal.runners.statements.FailOnTimeout$CallableStatement.call(FailOnTimeout.java:292)
	at java.util.concurrent.FutureTask.run(FutureTask.java:266)
	at java.lang.Thread.run(Thread.java:748)


updating test result for file org.apache.hadoop.hdfs.server.blockmanagement.TestHeartbeatHandling#testHeartbeat
v1v1 running time = 14388806319
updating test result for file org.apache.hadoop.hdfs.server.blockmanagement.TestHeartbeatHandling#testHeartbeat
v2v2 running time = 13912110188
---> v1v1 and v2v2 test test suceeded.
updating test result for file org.apache.hadoop.hdfs.server.blockmanagement.TestHeartbeatHandling#testHeartbeat
v1v2 running time = 12992002240
---> v1v2 test failed.
proj: hdfs
u_test: org.apache.hadoop.hdfs.server.blockmanagement.TestHeartbeatHandling#testHeartbeat
h_list: dfs.namenode.replication.max-streams@@@hdfs:NameNode@@@1@@@2@@@1
vv_mode: v1v2
result: FAIL
failureMessage: expected:<2> but was:<1>
stackTrace: java.lang.AssertionError: expected:<2> but was:<1>
	at org.junit.Assert.fail(Assert.java:88)
	at org.junit.Assert.failNotEquals(Assert.java:834)
	at org.junit.Assert.assertEquals(Assert.java:645)
	at org.junit.Assert.assertEquals(Assert.java:631)
	at org.apache.hadoop.hdfs.server.blockmanagement.TestHeartbeatHandling.testHeartbeat(TestHeartbeatHandling.java:105)
	at sun.reflect.NativeMethodAccessorImpl.invoke0(Native Method)
	at sun.reflect.NativeMethodAccessorImpl.invoke(NativeMethodAccessorImpl.java:62)
	at sun.reflect.DelegatingMethodAccessorImpl.invoke(DelegatingMethodAccessorImpl.java:43)
	at java.lang.reflect.Method.invoke(Method.java:498)
	at org.junit.runners.model.FrameworkMethod$1.runReflectiveCall(FrameworkMethod.java:50)
	at org.junit.internal.runners.model.ReflectiveCallable.run(ReflectiveCallable.java:12)
	at org.junit.runners.model.FrameworkMethod.invokeExplosively(FrameworkMethod.java:47)
	at org.junit.internal.runners.statements.InvokeMethod.evaluate(InvokeMethod.java:17)
	at org.junit.internal.runners.statements.FailOnTimeout$CallableStatement.call(FailOnTimeout.java:298)
	at org.junit.internal.runners.statements.FailOnTimeout$CallableStatement.call(FailOnTimeout.java:292)
	at java.util.concurrent.FutureTask.run(FutureTask.java:266)
	at java.lang.Thread.run(Thread.java:748)


updating test result for file org.apache.hadoop.hdfs.server.blockmanagement.TestHeartbeatHandling#testHeartbeat
v1v1 running time = 14008225247
updating test result for file org.apache.hadoop.hdfs.server.blockmanagement.TestHeartbeatHandling#testHeartbeat
v2v2 running time = 13382941340
---> v1v1 and v2v2 test test suceeded.
updating test result for file org.apache.hadoop.hdfs.server.blockmanagement.TestHeartbeatHandling#testHeartbeat
v1v2 running time = 14414248306
---> v1v2 test failed.
proj: hdfs
u_test: org.apache.hadoop.hdfs.server.blockmanagement.TestHeartbeatHandling#testHeartbeat
h_list: dfs.namenode.replication.max-streams@@@hdfs:NameNode@@@1@@@2@@@1
vv_mode: v1v2
result: FAIL
failureMessage: expected:<2> but was:<1>
stackTrace: java.lang.AssertionError: expected:<2> but was:<1>
	at org.junit.Assert.fail(Assert.java:88)
	at org.junit.Assert.failNotEquals(Assert.java:834)
	at org.junit.Assert.assertEquals(Assert.java:645)
	at org.junit.Assert.assertEquals(Assert.java:631)
	at org.apache.hadoop.hdfs.server.blockmanagement.TestHeartbeatHandling.testHeartbeat(TestHeartbeatHandling.java:105)
	at sun.reflect.NativeMethodAccessorImpl.invoke0(Native Method)
	at sun.reflect.NativeMethodAccessorImpl.invoke(NativeMethodAccessorImpl.java:62)
	at sun.reflect.DelegatingMethodAccessorImpl.invoke(DelegatingMethodAccessorImpl.java:43)
	at java.lang.reflect.Method.invoke(Method.java:498)
	at org.junit.runners.model.FrameworkMethod$1.runReflectiveCall(FrameworkMethod.java:50)
	at org.junit.internal.runners.model.ReflectiveCallable.run(ReflectiveCallable.java:12)
	at org.junit.runners.model.FrameworkMethod.invokeExplosively(FrameworkMethod.java:47)
	at org.junit.internal.runners.statements.InvokeMethod.evaluate(InvokeMethod.java:17)
	at org.junit.internal.runners.statements.FailOnTimeout$CallableStatement.call(FailOnTimeout.java:298)
	at org.junit.internal.runners.statements.FailOnTimeout$CallableStatement.call(FailOnTimeout.java:292)
	at java.util.concurrent.FutureTask.run(FutureTask.java:266)
	at java.lang.Thread.run(Thread.java:748)


updating test result for file org.apache.hadoop.hdfs.server.blockmanagement.TestHeartbeatHandling#testHeartbeat
v1v1 running time = 15520488911
updating test result for file org.apache.hadoop.hdfs.server.blockmanagement.TestHeartbeatHandling#testHeartbeat
v2v2 running time = 13490097924
---> v1v1 and v2v2 test test suceeded.
updating test result for file org.apache.hadoop.hdfs.server.blockmanagement.TestHeartbeatHandling#testHeartbeat
v1v2 running time = 12697305911
---> v1v2 test failed.
proj: hdfs
u_test: org.apache.hadoop.hdfs.server.blockmanagement.TestHeartbeatHandling#testHeartbeat
h_list: dfs.namenode.replication.max-streams@@@hdfs:NameNode@@@1@@@2@@@1
vv_mode: v1v2
result: FAIL
failureMessage: expected:<2> but was:<1>
stackTrace: java.lang.AssertionError: expected:<2> but was:<1>
	at org.junit.Assert.fail(Assert.java:88)
	at org.junit.Assert.failNotEquals(Assert.java:834)
	at org.junit.Assert.assertEquals(Assert.java:645)
	at org.junit.Assert.assertEquals(Assert.java:631)
	at org.apache.hadoop.hdfs.server.blockmanagement.TestHeartbeatHandling.testHeartbeat(TestHeartbeatHandling.java:105)
	at sun.reflect.NativeMethodAccessorImpl.invoke0(Native Method)
	at sun.reflect.NativeMethodAccessorImpl.invoke(NativeMethodAccessorImpl.java:62)
	at sun.reflect.DelegatingMethodAccessorImpl.invoke(DelegatingMethodAccessorImpl.java:43)
	at java.lang.reflect.Method.invoke(Method.java:498)
	at org.junit.runners.model.FrameworkMethod$1.runReflectiveCall(FrameworkMethod.java:50)
	at org.junit.internal.runners.model.ReflectiveCallable.run(ReflectiveCallable.java:12)
	at org.junit.runners.model.FrameworkMethod.invokeExplosively(FrameworkMethod.java:47)
	at org.junit.internal.runners.statements.InvokeMethod.evaluate(InvokeMethod.java:17)
	at org.junit.internal.runners.statements.FailOnTimeout$CallableStatement.call(FailOnTimeout.java:298)
	at org.junit.internal.runners.statements.FailOnTimeout$CallableStatement.call(FailOnTimeout.java:292)
	at java.util.concurrent.FutureTask.run(FutureTask.java:266)
	at java.lang.Thread.run(Thread.java:748)


updating test result for file org.apache.hadoop.hdfs.server.blockmanagement.TestHeartbeatHandling#testHeartbeat
v1v1 running time = 13344067803
updating test result for file org.apache.hadoop.hdfs.server.blockmanagement.TestHeartbeatHandling#testHeartbeat
v2v2 running time = 15865889503
---> v1v1 and v2v2 test test suceeded.
updating test result for file org.apache.hadoop.hdfs.server.blockmanagement.TestHeartbeatHandling#testHeartbeat
v1v2 running time = 14932968437
---> v1v2 test failed.
proj: hdfs
u_test: org.apache.hadoop.hdfs.server.blockmanagement.TestHeartbeatHandling#testHeartbeat
h_list: dfs.namenode.replication.max-streams@@@hdfs:NameNode@@@1@@@2@@@1
vv_mode: v1v2
result: FAIL
failureMessage: expected:<2> but was:<1>
stackTrace: java.lang.AssertionError: expected:<2> but was:<1>
	at org.junit.Assert.fail(Assert.java:88)
	at org.junit.Assert.failNotEquals(Assert.java:834)
	at org.junit.Assert.assertEquals(Assert.java:645)
	at org.junit.Assert.assertEquals(Assert.java:631)
	at org.apache.hadoop.hdfs.server.blockmanagement.TestHeartbeatHandling.testHeartbeat(TestHeartbeatHandling.java:105)
	at sun.reflect.NativeMethodAccessorImpl.invoke0(Native Method)
	at sun.reflect.NativeMethodAccessorImpl.invoke(NativeMethodAccessorImpl.java:62)
	at sun.reflect.DelegatingMethodAccessorImpl.invoke(DelegatingMethodAccessorImpl.java:43)
	at java.lang.reflect.Method.invoke(Method.java:498)
	at org.junit.runners.model.FrameworkMethod$1.runReflectiveCall(FrameworkMethod.java:50)
	at org.junit.internal.runners.model.ReflectiveCallable.run(ReflectiveCallable.java:12)
	at org.junit.runners.model.FrameworkMethod.invokeExplosively(FrameworkMethod.java:47)
	at org.junit.internal.runners.statements.InvokeMethod.evaluate(InvokeMethod.java:17)
	at org.junit.internal.runners.statements.FailOnTimeout$CallableStatement.call(FailOnTimeout.java:298)
	at org.junit.internal.runners.statements.FailOnTimeout$CallableStatement.call(FailOnTimeout.java:292)
	at java.util.concurrent.FutureTask.run(FutureTask.java:266)
	at java.lang.Thread.run(Thread.java:748)


updating test result for file org.apache.hadoop.hdfs.server.blockmanagement.TestHeartbeatHandling#testHeartbeat
v1v1 running time = 14381498986
updating test result for file org.apache.hadoop.hdfs.server.blockmanagement.TestHeartbeatHandling#testHeartbeat
v2v2 running time = 12247808518
---> v1v1 and v2v2 test test suceeded.
updating test result for file org.apache.hadoop.hdfs.server.blockmanagement.TestHeartbeatHandling#testHeartbeat
v1v2 running time = 15368658036
---> v1v2 test failed.
proj: hdfs
u_test: org.apache.hadoop.hdfs.server.blockmanagement.TestHeartbeatHandling#testHeartbeat
h_list: dfs.namenode.replication.max-streams@@@hdfs:NameNode@@@1@@@2@@@1
vv_mode: v1v2
result: FAIL
failureMessage: expected:<2> but was:<1>
stackTrace: java.lang.AssertionError: expected:<2> but was:<1>
	at org.junit.Assert.fail(Assert.java:88)
	at org.junit.Assert.failNotEquals(Assert.java:834)
	at org.junit.Assert.assertEquals(Assert.java:645)
	at org.junit.Assert.assertEquals(Assert.java:631)
	at org.apache.hadoop.hdfs.server.blockmanagement.TestHeartbeatHandling.testHeartbeat(TestHeartbeatHandling.java:105)
	at sun.reflect.NativeMethodAccessorImpl.invoke0(Native Method)
	at sun.reflect.NativeMethodAccessorImpl.invoke(NativeMethodAccessorImpl.java:62)
	at sun.reflect.DelegatingMethodAccessorImpl.invoke(DelegatingMethodAccessorImpl.java:43)
	at java.lang.reflect.Method.invoke(Method.java:498)
	at org.junit.runners.model.FrameworkMethod$1.runReflectiveCall(FrameworkMethod.java:50)
	at org.junit.internal.runners.model.ReflectiveCallable.run(ReflectiveCallable.java:12)
	at org.junit.runners.model.FrameworkMethod.invokeExplosively(FrameworkMethod.java:47)
	at org.junit.internal.runners.statements.InvokeMethod.evaluate(InvokeMethod.java:17)
	at org.junit.internal.runners.statements.FailOnTimeout$CallableStatement.call(FailOnTimeout.java:298)
	at org.junit.internal.runners.statements.FailOnTimeout$CallableStatement.call(FailOnTimeout.java:292)
	at java.util.concurrent.FutureTask.run(FutureTask.java:266)
	at java.lang.Thread.run(Thread.java:748)


updating test result for file org.apache.hadoop.hdfs.server.blockmanagement.TestHeartbeatHandling#testHeartbeat
v1v1 running time = 16487001148
updating test result for file org.apache.hadoop.hdfs.server.blockmanagement.TestHeartbeatHandling#testHeartbeat
v2v2 running time = 14901696117
---> v1v1 and v2v2 test test suceeded.
early stop after 7 is satisfied
v1v2 failed with probability 7 out of 7
v1v1v2v2 failed with probability 0 out of 7
Total execution time in seconds : 295
0
