my_type=hypothesis
proj=hdfs
u_test=org.apache.hadoop.hdfs.server.namenode.ha.TestStandbyCheckpoints#testBothNodesInStandbyState
h_list[1]=dfs.image.compression.codec@@@hdfs:NameNode@@@-2@@@org.apache.hadoop.io.compress.Lz4Codec@@@org.apache.hadoop.hdfs.server.namenode.ha.TestStandbyCheckpoints.SlowCodec
proj: hdfs
u_test: org.apache.hadoop.hdfs.server.namenode.ha.TestStandbyCheckpoints#testBothNodesInStandbyState
h_list: dfs.image.compression.codec@@@hdfs:NameNode@@@-2@@@org.apache.hadoop.io.compress.Lz4Codec@@@org.apache.hadoop.hdfs.server.namenode.ha.TestStandbyCheckpoints.SlowCodec
updating test result for file org.apache.hadoop.hdfs.server.namenode.ha.TestStandbyCheckpoints#testBothNodesInStandbyState
v1v2 running time = 25866300292
---> v1v2 test failed.
proj: hdfs
u_test: org.apache.hadoop.hdfs.server.namenode.ha.TestStandbyCheckpoints#testBothNodesInStandbyState
h_list: dfs.image.compression.codec@@@hdfs:NameNode@@@-2@@@org.apache.hadoop.io.compress.Lz4Codec@@@org.apache.hadoop.hdfs.server.namenode.ha.TestStandbyCheckpoints.SlowCodec
vv_mode: v1v2
result: FAIL
failureMessage: File contents differed:
  /root/hadoop-3.2.1-src/hadoop-hdfs-project/hadoop-hdfs/target/test/data/dfs/name-0-3/current/fsimage_0000000000000000012=5bee5c2b4c2f76fe89aedc8c64ced0cc
  /root/hadoop-3.2.1-src/hadoop-hdfs-project/hadoop-hdfs/target/test/data/dfs/name-0-1/current/fsimage_0000000000000000012=566be39a128f72b1b0b8f85e419b4766
  /root/hadoop-3.2.1-src/hadoop-hdfs-project/hadoop-hdfs/target/test/data/dfs/name-0-2/current/fsimage_0000000000000000012=566be39a128f72b1b0b8f85e419b4766
  /root/hadoop-3.2.1-src/hadoop-hdfs-project/hadoop-hdfs/target/test/data/dfs/name-0-4/current/fsimage_0000000000000000012=5bee5c2b4c2f76fe89aedc8c64ced0cc
stackTrace: java.lang.AssertionError: File contents differed:
  /root/hadoop-3.2.1-src/hadoop-hdfs-project/hadoop-hdfs/target/test/data/dfs/name-0-3/current/fsimage_0000000000000000012=5bee5c2b4c2f76fe89aedc8c64ced0cc
  /root/hadoop-3.2.1-src/hadoop-hdfs-project/hadoop-hdfs/target/test/data/dfs/name-0-1/current/fsimage_0000000000000000012=566be39a128f72b1b0b8f85e419b4766
  /root/hadoop-3.2.1-src/hadoop-hdfs-project/hadoop-hdfs/target/test/data/dfs/name-0-2/current/fsimage_0000000000000000012=566be39a128f72b1b0b8f85e419b4766
  /root/hadoop-3.2.1-src/hadoop-hdfs-project/hadoop-hdfs/target/test/data/dfs/name-0-4/current/fsimage_0000000000000000012=5bee5c2b4c2f76fe89aedc8c64ced0cc
	at org.junit.Assert.fail(Assert.java:88)
	at org.apache.hadoop.hdfs.server.namenode.FSImageTestUtil.assertFileContentsSame(FSImageTestUtil.java:419)
	at org.apache.hadoop.hdfs.server.namenode.FSImageTestUtil.assertParallelFilesAreIdentical(FSImageTestUtil.java:350)
	at org.apache.hadoop.hdfs.server.namenode.ha.TestStandbyCheckpoints.testBothNodesInStandbyState(TestStandbyCheckpoints.java:253)
	at sun.reflect.NativeMethodAccessorImpl.invoke0(Native Method)
	at sun.reflect.NativeMethodAccessorImpl.invoke(NativeMethodAccessorImpl.java:62)
	at sun.reflect.DelegatingMethodAccessorImpl.invoke(DelegatingMethodAccessorImpl.java:43)
	at java.lang.reflect.Method.invoke(Method.java:498)
	at org.junit.runners.model.FrameworkMethod$1.runReflectiveCall(FrameworkMethod.java:50)
	at org.junit.internal.runners.model.ReflectiveCallable.run(ReflectiveCallable.java:12)
	at org.junit.runners.model.FrameworkMethod.invokeExplosively(FrameworkMethod.java:47)
	at org.junit.internal.runners.statements.InvokeMethod.evaluate(InvokeMethod.java:17)
	at org.junit.internal.runners.statements.FailOnTimeout$CallableStatement.call(FailOnTimeout.java:298)
	at org.junit.internal.runners.statements.FailOnTimeout$CallableStatement.call(FailOnTimeout.java:292)
	at java.util.concurrent.FutureTask.run(FutureTask.java:266)
	at java.lang.Thread.run(Thread.java:748)


updating test result for file org.apache.hadoop.hdfs.server.namenode.ha.TestStandbyCheckpoints#testBothNodesInStandbyState
v1v1 running time = 24710837066
updating test result for file org.apache.hadoop.hdfs.server.namenode.ha.TestStandbyCheckpoints#testBothNodesInStandbyState
v2v2 running time = 23917984142
---> v1v1 and v2v2 test test suceeded.
updating test result for file org.apache.hadoop.hdfs.server.namenode.ha.TestStandbyCheckpoints#testBothNodesInStandbyState
v1v2 running time = 20757119852
---> v1v2 test failed.
proj: hdfs
u_test: org.apache.hadoop.hdfs.server.namenode.ha.TestStandbyCheckpoints#testBothNodesInStandbyState
h_list: dfs.image.compression.codec@@@hdfs:NameNode@@@-2@@@org.apache.hadoop.io.compress.Lz4Codec@@@org.apache.hadoop.hdfs.server.namenode.ha.TestStandbyCheckpoints.SlowCodec
vv_mode: v1v2
result: FAIL
failureMessage: File contents differed:
  /root/hadoop-3.2.1-src/hadoop-hdfs-project/hadoop-hdfs/target/test/data/dfs/name-0-3/current/fsimage_0000000000000000012=26372b854972e26f213a1a7d5a30047e
  /root/hadoop-3.2.1-src/hadoop-hdfs-project/hadoop-hdfs/target/test/data/dfs/name-0-1/current/fsimage_0000000000000000012=471be7899da953c37ed531870b43fdf1
  /root/hadoop-3.2.1-src/hadoop-hdfs-project/hadoop-hdfs/target/test/data/dfs/name-0-2/current/fsimage_0000000000000000012=471be7899da953c37ed531870b43fdf1
  /root/hadoop-3.2.1-src/hadoop-hdfs-project/hadoop-hdfs/target/test/data/dfs/name-0-4/current/fsimage_0000000000000000012=26372b854972e26f213a1a7d5a30047e
stackTrace: java.lang.AssertionError: File contents differed:
  /root/hadoop-3.2.1-src/hadoop-hdfs-project/hadoop-hdfs/target/test/data/dfs/name-0-3/current/fsimage_0000000000000000012=26372b854972e26f213a1a7d5a30047e
  /root/hadoop-3.2.1-src/hadoop-hdfs-project/hadoop-hdfs/target/test/data/dfs/name-0-1/current/fsimage_0000000000000000012=471be7899da953c37ed531870b43fdf1
  /root/hadoop-3.2.1-src/hadoop-hdfs-project/hadoop-hdfs/target/test/data/dfs/name-0-2/current/fsimage_0000000000000000012=471be7899da953c37ed531870b43fdf1
  /root/hadoop-3.2.1-src/hadoop-hdfs-project/hadoop-hdfs/target/test/data/dfs/name-0-4/current/fsimage_0000000000000000012=26372b854972e26f213a1a7d5a30047e
	at org.junit.Assert.fail(Assert.java:88)
	at org.apache.hadoop.hdfs.server.namenode.FSImageTestUtil.assertFileContentsSame(FSImageTestUtil.java:419)
	at org.apache.hadoop.hdfs.server.namenode.FSImageTestUtil.assertParallelFilesAreIdentical(FSImageTestUtil.java:350)
	at org.apache.hadoop.hdfs.server.namenode.ha.TestStandbyCheckpoints.testBothNodesInStandbyState(TestStandbyCheckpoints.java:253)
	at sun.reflect.NativeMethodAccessorImpl.invoke0(Native Method)
	at sun.reflect.NativeMethodAccessorImpl.invoke(NativeMethodAccessorImpl.java:62)
	at sun.reflect.DelegatingMethodAccessorImpl.invoke(DelegatingMethodAccessorImpl.java:43)
	at java.lang.reflect.Method.invoke(Method.java:498)
	at org.junit.runners.model.FrameworkMethod$1.runReflectiveCall(FrameworkMethod.java:50)
	at org.junit.internal.runners.model.ReflectiveCallable.run(ReflectiveCallable.java:12)
	at org.junit.runners.model.FrameworkMethod.invokeExplosively(FrameworkMethod.java:47)
	at org.junit.internal.runners.statements.InvokeMethod.evaluate(InvokeMethod.java:17)
	at org.junit.internal.runners.statements.FailOnTimeout$CallableStatement.call(FailOnTimeout.java:298)
	at org.junit.internal.runners.statements.FailOnTimeout$CallableStatement.call(FailOnTimeout.java:292)
	at java.util.concurrent.FutureTask.run(FutureTask.java:266)
	at java.lang.Thread.run(Thread.java:748)


updating test result for file org.apache.hadoop.hdfs.server.namenode.ha.TestStandbyCheckpoints#testBothNodesInStandbyState
v1v1 running time = 25889483670
updating test result for file org.apache.hadoop.hdfs.server.namenode.ha.TestStandbyCheckpoints#testBothNodesInStandbyState
v2v2 running time = 20684943321
---> v1v1 and v2v2 test test suceeded.
updating test result for file org.apache.hadoop.hdfs.server.namenode.ha.TestStandbyCheckpoints#testBothNodesInStandbyState
v1v2 running time = 21199852559
---> v1v2 test failed.
proj: hdfs
u_test: org.apache.hadoop.hdfs.server.namenode.ha.TestStandbyCheckpoints#testBothNodesInStandbyState
h_list: dfs.image.compression.codec@@@hdfs:NameNode@@@-2@@@org.apache.hadoop.io.compress.Lz4Codec@@@org.apache.hadoop.hdfs.server.namenode.ha.TestStandbyCheckpoints.SlowCodec
vv_mode: v1v2
result: FAIL
failureMessage: File contents differed:
  /root/hadoop-3.2.1-src/hadoop-hdfs-project/hadoop-hdfs/target/test/data/dfs/name-0-3/current/fsimage_0000000000000000012=e331f2d584f4dada9cd35fcec26ceb83
  /root/hadoop-3.2.1-src/hadoop-hdfs-project/hadoop-hdfs/target/test/data/dfs/name-0-1/current/fsimage_0000000000000000012=0a30a1b929693d4fd7352226bd8fa8f9
  /root/hadoop-3.2.1-src/hadoop-hdfs-project/hadoop-hdfs/target/test/data/dfs/name-0-2/current/fsimage_0000000000000000012=0a30a1b929693d4fd7352226bd8fa8f9
  /root/hadoop-3.2.1-src/hadoop-hdfs-project/hadoop-hdfs/target/test/data/dfs/name-0-4/current/fsimage_0000000000000000012=e331f2d584f4dada9cd35fcec26ceb83
stackTrace: java.lang.AssertionError: File contents differed:
  /root/hadoop-3.2.1-src/hadoop-hdfs-project/hadoop-hdfs/target/test/data/dfs/name-0-3/current/fsimage_0000000000000000012=e331f2d584f4dada9cd35fcec26ceb83
  /root/hadoop-3.2.1-src/hadoop-hdfs-project/hadoop-hdfs/target/test/data/dfs/name-0-1/current/fsimage_0000000000000000012=0a30a1b929693d4fd7352226bd8fa8f9
  /root/hadoop-3.2.1-src/hadoop-hdfs-project/hadoop-hdfs/target/test/data/dfs/name-0-2/current/fsimage_0000000000000000012=0a30a1b929693d4fd7352226bd8fa8f9
  /root/hadoop-3.2.1-src/hadoop-hdfs-project/hadoop-hdfs/target/test/data/dfs/name-0-4/current/fsimage_0000000000000000012=e331f2d584f4dada9cd35fcec26ceb83
	at org.junit.Assert.fail(Assert.java:88)
	at org.apache.hadoop.hdfs.server.namenode.FSImageTestUtil.assertFileContentsSame(FSImageTestUtil.java:419)
	at org.apache.hadoop.hdfs.server.namenode.FSImageTestUtil.assertParallelFilesAreIdentical(FSImageTestUtil.java:350)
	at org.apache.hadoop.hdfs.server.namenode.ha.TestStandbyCheckpoints.testBothNodesInStandbyState(TestStandbyCheckpoints.java:253)
	at sun.reflect.NativeMethodAccessorImpl.invoke0(Native Method)
	at sun.reflect.NativeMethodAccessorImpl.invoke(NativeMethodAccessorImpl.java:62)
	at sun.reflect.DelegatingMethodAccessorImpl.invoke(DelegatingMethodAccessorImpl.java:43)
	at java.lang.reflect.Method.invoke(Method.java:498)
	at org.junit.runners.model.FrameworkMethod$1.runReflectiveCall(FrameworkMethod.java:50)
	at org.junit.internal.runners.model.ReflectiveCallable.run(ReflectiveCallable.java:12)
	at org.junit.runners.model.FrameworkMethod.invokeExplosively(FrameworkMethod.java:47)
	at org.junit.internal.runners.statements.InvokeMethod.evaluate(InvokeMethod.java:17)
	at org.junit.internal.runners.statements.FailOnTimeout$CallableStatement.call(FailOnTimeout.java:298)
	at org.junit.internal.runners.statements.FailOnTimeout$CallableStatement.call(FailOnTimeout.java:292)
	at java.util.concurrent.FutureTask.run(FutureTask.java:266)
	at java.lang.Thread.run(Thread.java:748)


updating test result for file org.apache.hadoop.hdfs.server.namenode.ha.TestStandbyCheckpoints#testBothNodesInStandbyState
v1v1 running time = 25902236645
updating test result for file org.apache.hadoop.hdfs.server.namenode.ha.TestStandbyCheckpoints#testBothNodesInStandbyState
v2v2 running time = 27395522431
---> v1v1 and v2v2 test test suceeded.
updating test result for file org.apache.hadoop.hdfs.server.namenode.ha.TestStandbyCheckpoints#testBothNodesInStandbyState
v1v2 running time = 26369007005
---> v1v2 test failed.
proj: hdfs
u_test: org.apache.hadoop.hdfs.server.namenode.ha.TestStandbyCheckpoints#testBothNodesInStandbyState
h_list: dfs.image.compression.codec@@@hdfs:NameNode@@@-2@@@org.apache.hadoop.io.compress.Lz4Codec@@@org.apache.hadoop.hdfs.server.namenode.ha.TestStandbyCheckpoints.SlowCodec
vv_mode: v1v2
result: FAIL
failureMessage: File contents differed:
  /root/hadoop-3.2.1-src/hadoop-hdfs-project/hadoop-hdfs/target/test/data/dfs/name-0-3/current/fsimage_0000000000000000012=f70e81761b32a1ce7e2f63f56c9ca213
  /root/hadoop-3.2.1-src/hadoop-hdfs-project/hadoop-hdfs/target/test/data/dfs/name-0-1/current/fsimage_0000000000000000012=cb677c3f69f4672c016dbc690b0475e9
  /root/hadoop-3.2.1-src/hadoop-hdfs-project/hadoop-hdfs/target/test/data/dfs/name-0-2/current/fsimage_0000000000000000012=cb677c3f69f4672c016dbc690b0475e9
  /root/hadoop-3.2.1-src/hadoop-hdfs-project/hadoop-hdfs/target/test/data/dfs/name-0-4/current/fsimage_0000000000000000012=f70e81761b32a1ce7e2f63f56c9ca213
stackTrace: java.lang.AssertionError: File contents differed:
  /root/hadoop-3.2.1-src/hadoop-hdfs-project/hadoop-hdfs/target/test/data/dfs/name-0-3/current/fsimage_0000000000000000012=f70e81761b32a1ce7e2f63f56c9ca213
  /root/hadoop-3.2.1-src/hadoop-hdfs-project/hadoop-hdfs/target/test/data/dfs/name-0-1/current/fsimage_0000000000000000012=cb677c3f69f4672c016dbc690b0475e9
  /root/hadoop-3.2.1-src/hadoop-hdfs-project/hadoop-hdfs/target/test/data/dfs/name-0-2/current/fsimage_0000000000000000012=cb677c3f69f4672c016dbc690b0475e9
  /root/hadoop-3.2.1-src/hadoop-hdfs-project/hadoop-hdfs/target/test/data/dfs/name-0-4/current/fsimage_0000000000000000012=f70e81761b32a1ce7e2f63f56c9ca213
	at org.junit.Assert.fail(Assert.java:88)
	at org.apache.hadoop.hdfs.server.namenode.FSImageTestUtil.assertFileContentsSame(FSImageTestUtil.java:419)
	at org.apache.hadoop.hdfs.server.namenode.FSImageTestUtil.assertParallelFilesAreIdentical(FSImageTestUtil.java:350)
	at org.apache.hadoop.hdfs.server.namenode.ha.TestStandbyCheckpoints.testBothNodesInStandbyState(TestStandbyCheckpoints.java:253)
	at sun.reflect.NativeMethodAccessorImpl.invoke0(Native Method)
	at sun.reflect.NativeMethodAccessorImpl.invoke(NativeMethodAccessorImpl.java:62)
	at sun.reflect.DelegatingMethodAccessorImpl.invoke(DelegatingMethodAccessorImpl.java:43)
	at java.lang.reflect.Method.invoke(Method.java:498)
	at org.junit.runners.model.FrameworkMethod$1.runReflectiveCall(FrameworkMethod.java:50)
	at org.junit.internal.runners.model.ReflectiveCallable.run(ReflectiveCallable.java:12)
	at org.junit.runners.model.FrameworkMethod.invokeExplosively(FrameworkMethod.java:47)
	at org.junit.internal.runners.statements.InvokeMethod.evaluate(InvokeMethod.java:17)
	at org.junit.internal.runners.statements.FailOnTimeout$CallableStatement.call(FailOnTimeout.java:298)
	at org.junit.internal.runners.statements.FailOnTimeout$CallableStatement.call(FailOnTimeout.java:292)
	at java.util.concurrent.FutureTask.run(FutureTask.java:266)
	at java.lang.Thread.run(Thread.java:748)


updating test result for file org.apache.hadoop.hdfs.server.namenode.ha.TestStandbyCheckpoints#testBothNodesInStandbyState
v1v1 running time = 22535174885
updating test result for file org.apache.hadoop.hdfs.server.namenode.ha.TestStandbyCheckpoints#testBothNodesInStandbyState
v2v2 running time = 26553332783
---> v1v1 and v2v2 test test suceeded.
updating test result for file org.apache.hadoop.hdfs.server.namenode.ha.TestStandbyCheckpoints#testBothNodesInStandbyState
v1v2 running time = 18106863220
---> v1v2 test failed.
proj: hdfs
u_test: org.apache.hadoop.hdfs.server.namenode.ha.TestStandbyCheckpoints#testBothNodesInStandbyState
h_list: dfs.image.compression.codec@@@hdfs:NameNode@@@-2@@@org.apache.hadoop.io.compress.Lz4Codec@@@org.apache.hadoop.hdfs.server.namenode.ha.TestStandbyCheckpoints.SlowCodec
vv_mode: v1v2
result: FAIL
failureMessage: File contents differed:
  /root/hadoop-3.2.1-src/hadoop-hdfs-project/hadoop-hdfs/target/test/data/dfs/name-0-3/current/fsimage_0000000000000000012=02c5ffb200d24dec3e3c113a63eae088
  /root/hadoop-3.2.1-src/hadoop-hdfs-project/hadoop-hdfs/target/test/data/dfs/name-0-1/current/fsimage_0000000000000000012=686b3caf12e065b2117c1392d56e674c
  /root/hadoop-3.2.1-src/hadoop-hdfs-project/hadoop-hdfs/target/test/data/dfs/name-0-2/current/fsimage_0000000000000000012=686b3caf12e065b2117c1392d56e674c
  /root/hadoop-3.2.1-src/hadoop-hdfs-project/hadoop-hdfs/target/test/data/dfs/name-0-4/current/fsimage_0000000000000000012=02c5ffb200d24dec3e3c113a63eae088
stackTrace: java.lang.AssertionError: File contents differed:
  /root/hadoop-3.2.1-src/hadoop-hdfs-project/hadoop-hdfs/target/test/data/dfs/name-0-3/current/fsimage_0000000000000000012=02c5ffb200d24dec3e3c113a63eae088
  /root/hadoop-3.2.1-src/hadoop-hdfs-project/hadoop-hdfs/target/test/data/dfs/name-0-1/current/fsimage_0000000000000000012=686b3caf12e065b2117c1392d56e674c
  /root/hadoop-3.2.1-src/hadoop-hdfs-project/hadoop-hdfs/target/test/data/dfs/name-0-2/current/fsimage_0000000000000000012=686b3caf12e065b2117c1392d56e674c
  /root/hadoop-3.2.1-src/hadoop-hdfs-project/hadoop-hdfs/target/test/data/dfs/name-0-4/current/fsimage_0000000000000000012=02c5ffb200d24dec3e3c113a63eae088
	at org.junit.Assert.fail(Assert.java:88)
	at org.apache.hadoop.hdfs.server.namenode.FSImageTestUtil.assertFileContentsSame(FSImageTestUtil.java:419)
	at org.apache.hadoop.hdfs.server.namenode.FSImageTestUtil.assertParallelFilesAreIdentical(FSImageTestUtil.java:350)
	at org.apache.hadoop.hdfs.server.namenode.ha.TestStandbyCheckpoints.testBothNodesInStandbyState(TestStandbyCheckpoints.java:253)
	at sun.reflect.NativeMethodAccessorImpl.invoke0(Native Method)
	at sun.reflect.NativeMethodAccessorImpl.invoke(NativeMethodAccessorImpl.java:62)
	at sun.reflect.DelegatingMethodAccessorImpl.invoke(DelegatingMethodAccessorImpl.java:43)
	at java.lang.reflect.Method.invoke(Method.java:498)
	at org.junit.runners.model.FrameworkMethod$1.runReflectiveCall(FrameworkMethod.java:50)
	at org.junit.internal.runners.model.ReflectiveCallable.run(ReflectiveCallable.java:12)
	at org.junit.runners.model.FrameworkMethod.invokeExplosively(FrameworkMethod.java:47)
	at org.junit.internal.runners.statements.InvokeMethod.evaluate(InvokeMethod.java:17)
	at org.junit.internal.runners.statements.FailOnTimeout$CallableStatement.call(FailOnTimeout.java:298)
	at org.junit.internal.runners.statements.FailOnTimeout$CallableStatement.call(FailOnTimeout.java:292)
	at java.util.concurrent.FutureTask.run(FutureTask.java:266)
	at java.lang.Thread.run(Thread.java:748)


updating test result for file org.apache.hadoop.hdfs.server.namenode.ha.TestStandbyCheckpoints#testBothNodesInStandbyState
v1v1 running time = 15820066908
updating test result for file org.apache.hadoop.hdfs.server.namenode.ha.TestStandbyCheckpoints#testBothNodesInStandbyState
v2v2 running time = 22359434879
---> v1v1 and v2v2 test test suceeded.
updating test result for file org.apache.hadoop.hdfs.server.namenode.ha.TestStandbyCheckpoints#testBothNodesInStandbyState
v1v2 running time = 25500677316
---> v1v2 test failed.
proj: hdfs
u_test: org.apache.hadoop.hdfs.server.namenode.ha.TestStandbyCheckpoints#testBothNodesInStandbyState
h_list: dfs.image.compression.codec@@@hdfs:NameNode@@@-2@@@org.apache.hadoop.io.compress.Lz4Codec@@@org.apache.hadoop.hdfs.server.namenode.ha.TestStandbyCheckpoints.SlowCodec
vv_mode: v1v2
result: FAIL
failureMessage: File contents differed:
  /root/hadoop-3.2.1-src/hadoop-hdfs-project/hadoop-hdfs/target/test/data/dfs/name-0-3/current/fsimage_0000000000000000012=3a2a0acf9fea25fedef83e9e201d8481
  /root/hadoop-3.2.1-src/hadoop-hdfs-project/hadoop-hdfs/target/test/data/dfs/name-0-1/current/fsimage_0000000000000000012=38d85b8a536661e422b109d982f72bac
  /root/hadoop-3.2.1-src/hadoop-hdfs-project/hadoop-hdfs/target/test/data/dfs/name-0-2/current/fsimage_0000000000000000012=38d85b8a536661e422b109d982f72bac
  /root/hadoop-3.2.1-src/hadoop-hdfs-project/hadoop-hdfs/target/test/data/dfs/name-0-4/current/fsimage_0000000000000000012=3a2a0acf9fea25fedef83e9e201d8481
stackTrace: java.lang.AssertionError: File contents differed:
  /root/hadoop-3.2.1-src/hadoop-hdfs-project/hadoop-hdfs/target/test/data/dfs/name-0-3/current/fsimage_0000000000000000012=3a2a0acf9fea25fedef83e9e201d8481
  /root/hadoop-3.2.1-src/hadoop-hdfs-project/hadoop-hdfs/target/test/data/dfs/name-0-1/current/fsimage_0000000000000000012=38d85b8a536661e422b109d982f72bac
  /root/hadoop-3.2.1-src/hadoop-hdfs-project/hadoop-hdfs/target/test/data/dfs/name-0-2/current/fsimage_0000000000000000012=38d85b8a536661e422b109d982f72bac
  /root/hadoop-3.2.1-src/hadoop-hdfs-project/hadoop-hdfs/target/test/data/dfs/name-0-4/current/fsimage_0000000000000000012=3a2a0acf9fea25fedef83e9e201d8481
	at org.junit.Assert.fail(Assert.java:88)
	at org.apache.hadoop.hdfs.server.namenode.FSImageTestUtil.assertFileContentsSame(FSImageTestUtil.java:419)
	at org.apache.hadoop.hdfs.server.namenode.FSImageTestUtil.assertParallelFilesAreIdentical(FSImageTestUtil.java:350)
	at org.apache.hadoop.hdfs.server.namenode.ha.TestStandbyCheckpoints.testBothNodesInStandbyState(TestStandbyCheckpoints.java:253)
	at sun.reflect.NativeMethodAccessorImpl.invoke0(Native Method)
	at sun.reflect.NativeMethodAccessorImpl.invoke(NativeMethodAccessorImpl.java:62)
	at sun.reflect.DelegatingMethodAccessorImpl.invoke(DelegatingMethodAccessorImpl.java:43)
	at java.lang.reflect.Method.invoke(Method.java:498)
	at org.junit.runners.model.FrameworkMethod$1.runReflectiveCall(FrameworkMethod.java:50)
	at org.junit.internal.runners.model.ReflectiveCallable.run(ReflectiveCallable.java:12)
	at org.junit.runners.model.FrameworkMethod.invokeExplosively(FrameworkMethod.java:47)
	at org.junit.internal.runners.statements.InvokeMethod.evaluate(InvokeMethod.java:17)
	at org.junit.internal.runners.statements.FailOnTimeout$CallableStatement.call(FailOnTimeout.java:298)
	at org.junit.internal.runners.statements.FailOnTimeout$CallableStatement.call(FailOnTimeout.java:292)
	at java.util.concurrent.FutureTask.run(FutureTask.java:266)
	at java.lang.Thread.run(Thread.java:748)


updating test result for file org.apache.hadoop.hdfs.server.namenode.ha.TestStandbyCheckpoints#testBothNodesInStandbyState
v1v1 running time = 19342325882
updating test result for file org.apache.hadoop.hdfs.server.namenode.ha.TestStandbyCheckpoints#testBothNodesInStandbyState
v2v2 running time = 18129984115
---> v1v1 and v2v2 test test suceeded.
updating test result for file org.apache.hadoop.hdfs.server.namenode.ha.TestStandbyCheckpoints#testBothNodesInStandbyState
v1v2 running time = 27595798249
---> v1v2 test failed.
proj: hdfs
u_test: org.apache.hadoop.hdfs.server.namenode.ha.TestStandbyCheckpoints#testBothNodesInStandbyState
h_list: dfs.image.compression.codec@@@hdfs:NameNode@@@-2@@@org.apache.hadoop.io.compress.Lz4Codec@@@org.apache.hadoop.hdfs.server.namenode.ha.TestStandbyCheckpoints.SlowCodec
vv_mode: v1v2
result: FAIL
failureMessage: File contents differed:
  /root/hadoop-3.2.1-src/hadoop-hdfs-project/hadoop-hdfs/target/test/data/dfs/name-0-3/current/fsimage_0000000000000000012=b64ebfb929fbdffbb57425dd06e89372
  /root/hadoop-3.2.1-src/hadoop-hdfs-project/hadoop-hdfs/target/test/data/dfs/name-0-1/current/fsimage_0000000000000000012=d1b82bf46f2b7ff5984eddcd70bec53c
  /root/hadoop-3.2.1-src/hadoop-hdfs-project/hadoop-hdfs/target/test/data/dfs/name-0-2/current/fsimage_0000000000000000012=d1b82bf46f2b7ff5984eddcd70bec53c
  /root/hadoop-3.2.1-src/hadoop-hdfs-project/hadoop-hdfs/target/test/data/dfs/name-0-4/current/fsimage_0000000000000000012=b64ebfb929fbdffbb57425dd06e89372
stackTrace: java.lang.AssertionError: File contents differed:
  /root/hadoop-3.2.1-src/hadoop-hdfs-project/hadoop-hdfs/target/test/data/dfs/name-0-3/current/fsimage_0000000000000000012=b64ebfb929fbdffbb57425dd06e89372
  /root/hadoop-3.2.1-src/hadoop-hdfs-project/hadoop-hdfs/target/test/data/dfs/name-0-1/current/fsimage_0000000000000000012=d1b82bf46f2b7ff5984eddcd70bec53c
  /root/hadoop-3.2.1-src/hadoop-hdfs-project/hadoop-hdfs/target/test/data/dfs/name-0-2/current/fsimage_0000000000000000012=d1b82bf46f2b7ff5984eddcd70bec53c
  /root/hadoop-3.2.1-src/hadoop-hdfs-project/hadoop-hdfs/target/test/data/dfs/name-0-4/current/fsimage_0000000000000000012=b64ebfb929fbdffbb57425dd06e89372
	at org.junit.Assert.fail(Assert.java:88)
	at org.apache.hadoop.hdfs.server.namenode.FSImageTestUtil.assertFileContentsSame(FSImageTestUtil.java:419)
	at org.apache.hadoop.hdfs.server.namenode.FSImageTestUtil.assertParallelFilesAreIdentical(FSImageTestUtil.java:350)
	at org.apache.hadoop.hdfs.server.namenode.ha.TestStandbyCheckpoints.testBothNodesInStandbyState(TestStandbyCheckpoints.java:253)
	at sun.reflect.NativeMethodAccessorImpl.invoke0(Native Method)
	at sun.reflect.NativeMethodAccessorImpl.invoke(NativeMethodAccessorImpl.java:62)
	at sun.reflect.DelegatingMethodAccessorImpl.invoke(DelegatingMethodAccessorImpl.java:43)
	at java.lang.reflect.Method.invoke(Method.java:498)
	at org.junit.runners.model.FrameworkMethod$1.runReflectiveCall(FrameworkMethod.java:50)
	at org.junit.internal.runners.model.ReflectiveCallable.run(ReflectiveCallable.java:12)
	at org.junit.runners.model.FrameworkMethod.invokeExplosively(FrameworkMethod.java:47)
	at org.junit.internal.runners.statements.InvokeMethod.evaluate(InvokeMethod.java:17)
	at org.junit.internal.runners.statements.FailOnTimeout$CallableStatement.call(FailOnTimeout.java:298)
	at org.junit.internal.runners.statements.FailOnTimeout$CallableStatement.call(FailOnTimeout.java:292)
	at java.util.concurrent.FutureTask.run(FutureTask.java:266)
	at java.lang.Thread.run(Thread.java:748)


updating test result for file org.apache.hadoop.hdfs.server.namenode.ha.TestStandbyCheckpoints#testBothNodesInStandbyState
v1v1 running time = 21324864301
updating test result for file org.apache.hadoop.hdfs.server.namenode.ha.TestStandbyCheckpoints#testBothNodesInStandbyState
v2v2 running time = 22660530999
---> v1v1 and v2v2 test test suceeded.
early stop after 7 is satisfied
v1v2 failed with probability 7 out of 7
v1v1v2v2 failed with probability 0 out of 7
Total execution time in seconds : 482
0
