my_type=hypothesis
proj=hdfs
u_test=org.apache.hadoop.hdfs.server.namenode.ha.TestStandbyCheckpoints#testBothNodesInStandbyState
h_list[1]=dfs.image.compression.codec@@@hdfs:NameNode@@@-1@@@org.apache.hadoop.hdfs.server.namenode.ha.TestStandbyCheckpoints.SlowCodec@@@org.apache.hadoop.io.compress.Lz4Codec
proj: hdfs
u_test: org.apache.hadoop.hdfs.server.namenode.ha.TestStandbyCheckpoints#testBothNodesInStandbyState
h_list: dfs.image.compression.codec@@@hdfs:NameNode@@@-1@@@org.apache.hadoop.hdfs.server.namenode.ha.TestStandbyCheckpoints.SlowCodec@@@org.apache.hadoop.io.compress.Lz4Codec
updating test result for file org.apache.hadoop.hdfs.server.namenode.ha.TestStandbyCheckpoints#testBothNodesInStandbyState
v1v2 running time = 18853438735
---> v1v2 test failed.
proj: hdfs
u_test: org.apache.hadoop.hdfs.server.namenode.ha.TestStandbyCheckpoints#testBothNodesInStandbyState
h_list: dfs.image.compression.codec@@@hdfs:NameNode@@@-1@@@org.apache.hadoop.hdfs.server.namenode.ha.TestStandbyCheckpoints.SlowCodec@@@org.apache.hadoop.io.compress.Lz4Codec
vv_mode: v1v2
result: FAIL
failureMessage: File contents differed:
  /root/hadoop-3.2.1-src/hadoop-hdfs-project/hadoop-hdfs/target/test/data/dfs/name-0-3/current/fsimage_0000000000000000012=fa6c815f355c50c9275f17aa626edf47
  /root/hadoop-3.2.1-src/hadoop-hdfs-project/hadoop-hdfs/target/test/data/dfs/name-0-1/current/fsimage_0000000000000000012=e36d3f9d05dc64eb529da03a7b3c85fa
  /root/hadoop-3.2.1-src/hadoop-hdfs-project/hadoop-hdfs/target/test/data/dfs/name-0-2/current/fsimage_0000000000000000012=e36d3f9d05dc64eb529da03a7b3c85fa
  /root/hadoop-3.2.1-src/hadoop-hdfs-project/hadoop-hdfs/target/test/data/dfs/name-0-4/current/fsimage_0000000000000000012=fa6c815f355c50c9275f17aa626edf47
stackTrace: java.lang.AssertionError: File contents differed:
  /root/hadoop-3.2.1-src/hadoop-hdfs-project/hadoop-hdfs/target/test/data/dfs/name-0-3/current/fsimage_0000000000000000012=fa6c815f355c50c9275f17aa626edf47
  /root/hadoop-3.2.1-src/hadoop-hdfs-project/hadoop-hdfs/target/test/data/dfs/name-0-1/current/fsimage_0000000000000000012=e36d3f9d05dc64eb529da03a7b3c85fa
  /root/hadoop-3.2.1-src/hadoop-hdfs-project/hadoop-hdfs/target/test/data/dfs/name-0-2/current/fsimage_0000000000000000012=e36d3f9d05dc64eb529da03a7b3c85fa
  /root/hadoop-3.2.1-src/hadoop-hdfs-project/hadoop-hdfs/target/test/data/dfs/name-0-4/current/fsimage_0000000000000000012=fa6c815f355c50c9275f17aa626edf47
	at org.junit.Assert.fail(Assert.java:88)
	at org.apache.hadoop.hdfs.server.namenode.FSImageTestUtil.assertFileContentsSame(FSImageTestUtil.java:419)
	at org.apache.hadoop.hdfs.server.namenode.FSImageTestUtil.assertParallelFilesAreIdentical(FSImageTestUtil.java:350)
	at org.apache.hadoop.hdfs.server.namenode.ha.TestStandbyCheckpoints.testBothNodesInStandbyState(TestStandbyCheckpoints.java:253)
	at sun.reflect.NativeMethodAccessorImpl.invoke0(Native Method)
	at sun.reflect.NativeMethodAccessorImpl.invoke(NativeMethodAccessorImpl.java:62)
	at sun.reflect.DelegatingMethodAccessorImpl.invoke(DelegatingMethodAccessorImpl.java:43)
	at java.lang.reflect.Method.invoke(Method.java:498)
	at org.junit.runners.model.FrameworkMethod$1.runReflectiveCall(FrameworkMethod.java:50)
	at org.junit.internal.runners.model.ReflectiveCallable.run(ReflectiveCallable.java:12)
	at org.junit.runners.model.FrameworkMethod.invokeExplosively(FrameworkMethod.java:47)
	at org.junit.internal.runners.statements.InvokeMethod.evaluate(InvokeMethod.java:17)
	at org.junit.internal.runners.statements.FailOnTimeout$CallableStatement.call(FailOnTimeout.java:298)
	at org.junit.internal.runners.statements.FailOnTimeout$CallableStatement.call(FailOnTimeout.java:292)
	at java.util.concurrent.FutureTask.run(FutureTask.java:266)
	at java.lang.Thread.run(Thread.java:748)


updating test result for file org.apache.hadoop.hdfs.server.namenode.ha.TestStandbyCheckpoints#testBothNodesInStandbyState
v1v1 running time = 21277247379
updating test result for file org.apache.hadoop.hdfs.server.namenode.ha.TestStandbyCheckpoints#testBothNodesInStandbyState
v2v2 running time = 16580809635
---> v1v1 and v2v2 test test suceeded.
updating test result for file org.apache.hadoop.hdfs.server.namenode.ha.TestStandbyCheckpoints#testBothNodesInStandbyState
v1v2 running time = 17616205129
---> v1v2 test failed.
proj: hdfs
u_test: org.apache.hadoop.hdfs.server.namenode.ha.TestStandbyCheckpoints#testBothNodesInStandbyState
h_list: dfs.image.compression.codec@@@hdfs:NameNode@@@-1@@@org.apache.hadoop.hdfs.server.namenode.ha.TestStandbyCheckpoints.SlowCodec@@@org.apache.hadoop.io.compress.Lz4Codec
vv_mode: v1v2
result: FAIL
failureMessage: File contents differed:
  /root/hadoop-3.2.1-src/hadoop-hdfs-project/hadoop-hdfs/target/test/data/dfs/name-0-3/current/fsimage_0000000000000000012=62ea68cb1e17caa9ebc6b1d3f06295bc
  /root/hadoop-3.2.1-src/hadoop-hdfs-project/hadoop-hdfs/target/test/data/dfs/name-0-1/current/fsimage_0000000000000000012=e60bf38ebfea820052c150b7c2dcbd50
  /root/hadoop-3.2.1-src/hadoop-hdfs-project/hadoop-hdfs/target/test/data/dfs/name-0-2/current/fsimage_0000000000000000012=e60bf38ebfea820052c150b7c2dcbd50
  /root/hadoop-3.2.1-src/hadoop-hdfs-project/hadoop-hdfs/target/test/data/dfs/name-0-4/current/fsimage_0000000000000000012=62ea68cb1e17caa9ebc6b1d3f06295bc
stackTrace: java.lang.AssertionError: File contents differed:
  /root/hadoop-3.2.1-src/hadoop-hdfs-project/hadoop-hdfs/target/test/data/dfs/name-0-3/current/fsimage_0000000000000000012=62ea68cb1e17caa9ebc6b1d3f06295bc
  /root/hadoop-3.2.1-src/hadoop-hdfs-project/hadoop-hdfs/target/test/data/dfs/name-0-1/current/fsimage_0000000000000000012=e60bf38ebfea820052c150b7c2dcbd50
  /root/hadoop-3.2.1-src/hadoop-hdfs-project/hadoop-hdfs/target/test/data/dfs/name-0-2/current/fsimage_0000000000000000012=e60bf38ebfea820052c150b7c2dcbd50
  /root/hadoop-3.2.1-src/hadoop-hdfs-project/hadoop-hdfs/target/test/data/dfs/name-0-4/current/fsimage_0000000000000000012=62ea68cb1e17caa9ebc6b1d3f06295bc
	at org.junit.Assert.fail(Assert.java:88)
	at org.apache.hadoop.hdfs.server.namenode.FSImageTestUtil.assertFileContentsSame(FSImageTestUtil.java:419)
	at org.apache.hadoop.hdfs.server.namenode.FSImageTestUtil.assertParallelFilesAreIdentical(FSImageTestUtil.java:350)
	at org.apache.hadoop.hdfs.server.namenode.ha.TestStandbyCheckpoints.testBothNodesInStandbyState(TestStandbyCheckpoints.java:253)
	at sun.reflect.NativeMethodAccessorImpl.invoke0(Native Method)
	at sun.reflect.NativeMethodAccessorImpl.invoke(NativeMethodAccessorImpl.java:62)
	at sun.reflect.DelegatingMethodAccessorImpl.invoke(DelegatingMethodAccessorImpl.java:43)
	at java.lang.reflect.Method.invoke(Method.java:498)
	at org.junit.runners.model.FrameworkMethod$1.runReflectiveCall(FrameworkMethod.java:50)
	at org.junit.internal.runners.model.ReflectiveCallable.run(ReflectiveCallable.java:12)
	at org.junit.runners.model.FrameworkMethod.invokeExplosively(FrameworkMethod.java:47)
	at org.junit.internal.runners.statements.InvokeMethod.evaluate(InvokeMethod.java:17)
	at org.junit.internal.runners.statements.FailOnTimeout$CallableStatement.call(FailOnTimeout.java:298)
	at org.junit.internal.runners.statements.FailOnTimeout$CallableStatement.call(FailOnTimeout.java:292)
	at java.util.concurrent.FutureTask.run(FutureTask.java:266)
	at java.lang.Thread.run(Thread.java:748)


updating test result for file org.apache.hadoop.hdfs.server.namenode.ha.TestStandbyCheckpoints#testBothNodesInStandbyState
v1v1 running time = 15906474302
updating test result for file org.apache.hadoop.hdfs.server.namenode.ha.TestStandbyCheckpoints#testBothNodesInStandbyState
v2v2 running time = 19710896634
---> v1v1 and v2v2 test test suceeded.
updating test result for file org.apache.hadoop.hdfs.server.namenode.ha.TestStandbyCheckpoints#testBothNodesInStandbyState
v1v2 running time = 26967078899
---> v1v2 test failed.
proj: hdfs
u_test: org.apache.hadoop.hdfs.server.namenode.ha.TestStandbyCheckpoints#testBothNodesInStandbyState
h_list: dfs.image.compression.codec@@@hdfs:NameNode@@@-1@@@org.apache.hadoop.hdfs.server.namenode.ha.TestStandbyCheckpoints.SlowCodec@@@org.apache.hadoop.io.compress.Lz4Codec
vv_mode: v1v2
result: FAIL
failureMessage: File contents differed:
  /root/hadoop-3.2.1-src/hadoop-hdfs-project/hadoop-hdfs/target/test/data/dfs/name-0-3/current/fsimage_0000000000000000012=ee4919c58ac5d923a0fc7299aefbdd80
  /root/hadoop-3.2.1-src/hadoop-hdfs-project/hadoop-hdfs/target/test/data/dfs/name-0-1/current/fsimage_0000000000000000012=843d51d6137a97f100d2d8bccac86816
  /root/hadoop-3.2.1-src/hadoop-hdfs-project/hadoop-hdfs/target/test/data/dfs/name-0-2/current/fsimage_0000000000000000012=843d51d6137a97f100d2d8bccac86816
  /root/hadoop-3.2.1-src/hadoop-hdfs-project/hadoop-hdfs/target/test/data/dfs/name-0-4/current/fsimage_0000000000000000012=ee4919c58ac5d923a0fc7299aefbdd80
stackTrace: java.lang.AssertionError: File contents differed:
  /root/hadoop-3.2.1-src/hadoop-hdfs-project/hadoop-hdfs/target/test/data/dfs/name-0-3/current/fsimage_0000000000000000012=ee4919c58ac5d923a0fc7299aefbdd80
  /root/hadoop-3.2.1-src/hadoop-hdfs-project/hadoop-hdfs/target/test/data/dfs/name-0-1/current/fsimage_0000000000000000012=843d51d6137a97f100d2d8bccac86816
  /root/hadoop-3.2.1-src/hadoop-hdfs-project/hadoop-hdfs/target/test/data/dfs/name-0-2/current/fsimage_0000000000000000012=843d51d6137a97f100d2d8bccac86816
  /root/hadoop-3.2.1-src/hadoop-hdfs-project/hadoop-hdfs/target/test/data/dfs/name-0-4/current/fsimage_0000000000000000012=ee4919c58ac5d923a0fc7299aefbdd80
	at org.junit.Assert.fail(Assert.java:88)
	at org.apache.hadoop.hdfs.server.namenode.FSImageTestUtil.assertFileContentsSame(FSImageTestUtil.java:419)
	at org.apache.hadoop.hdfs.server.namenode.FSImageTestUtil.assertParallelFilesAreIdentical(FSImageTestUtil.java:350)
	at org.apache.hadoop.hdfs.server.namenode.ha.TestStandbyCheckpoints.testBothNodesInStandbyState(TestStandbyCheckpoints.java:253)
	at sun.reflect.NativeMethodAccessorImpl.invoke0(Native Method)
	at sun.reflect.NativeMethodAccessorImpl.invoke(NativeMethodAccessorImpl.java:62)
	at sun.reflect.DelegatingMethodAccessorImpl.invoke(DelegatingMethodAccessorImpl.java:43)
	at java.lang.reflect.Method.invoke(Method.java:498)
	at org.junit.runners.model.FrameworkMethod$1.runReflectiveCall(FrameworkMethod.java:50)
	at org.junit.internal.runners.model.ReflectiveCallable.run(ReflectiveCallable.java:12)
	at org.junit.runners.model.FrameworkMethod.invokeExplosively(FrameworkMethod.java:47)
	at org.junit.internal.runners.statements.InvokeMethod.evaluate(InvokeMethod.java:17)
	at org.junit.internal.runners.statements.FailOnTimeout$CallableStatement.call(FailOnTimeout.java:298)
	at org.junit.internal.runners.statements.FailOnTimeout$CallableStatement.call(FailOnTimeout.java:292)
	at java.util.concurrent.FutureTask.run(FutureTask.java:266)
	at java.lang.Thread.run(Thread.java:748)


updating test result for file org.apache.hadoop.hdfs.server.namenode.ha.TestStandbyCheckpoints#testBothNodesInStandbyState
v1v1 running time = 20952191342
updating test result for file org.apache.hadoop.hdfs.server.namenode.ha.TestStandbyCheckpoints#testBothNodesInStandbyState
v2v2 running time = 17236446122
---> v1v1 and v2v2 test test suceeded.
updating test result for file org.apache.hadoop.hdfs.server.namenode.ha.TestStandbyCheckpoints#testBothNodesInStandbyState
v1v2 running time = 22506043758
---> v1v2 test failed.
proj: hdfs
u_test: org.apache.hadoop.hdfs.server.namenode.ha.TestStandbyCheckpoints#testBothNodesInStandbyState
h_list: dfs.image.compression.codec@@@hdfs:NameNode@@@-1@@@org.apache.hadoop.hdfs.server.namenode.ha.TestStandbyCheckpoints.SlowCodec@@@org.apache.hadoop.io.compress.Lz4Codec
vv_mode: v1v2
result: FAIL
failureMessage: File contents differed:
  /root/hadoop-3.2.1-src/hadoop-hdfs-project/hadoop-hdfs/target/test/data/dfs/name-0-3/current/fsimage_0000000000000000012=1ded0d25b3d801779931152b5002ae93
  /root/hadoop-3.2.1-src/hadoop-hdfs-project/hadoop-hdfs/target/test/data/dfs/name-0-1/current/fsimage_0000000000000000012=e2fd6afdd042cbc310ab291d8a6c9971
  /root/hadoop-3.2.1-src/hadoop-hdfs-project/hadoop-hdfs/target/test/data/dfs/name-0-2/current/fsimage_0000000000000000012=e2fd6afdd042cbc310ab291d8a6c9971
  /root/hadoop-3.2.1-src/hadoop-hdfs-project/hadoop-hdfs/target/test/data/dfs/name-0-4/current/fsimage_0000000000000000012=1ded0d25b3d801779931152b5002ae93
stackTrace: java.lang.AssertionError: File contents differed:
  /root/hadoop-3.2.1-src/hadoop-hdfs-project/hadoop-hdfs/target/test/data/dfs/name-0-3/current/fsimage_0000000000000000012=1ded0d25b3d801779931152b5002ae93
  /root/hadoop-3.2.1-src/hadoop-hdfs-project/hadoop-hdfs/target/test/data/dfs/name-0-1/current/fsimage_0000000000000000012=e2fd6afdd042cbc310ab291d8a6c9971
  /root/hadoop-3.2.1-src/hadoop-hdfs-project/hadoop-hdfs/target/test/data/dfs/name-0-2/current/fsimage_0000000000000000012=e2fd6afdd042cbc310ab291d8a6c9971
  /root/hadoop-3.2.1-src/hadoop-hdfs-project/hadoop-hdfs/target/test/data/dfs/name-0-4/current/fsimage_0000000000000000012=1ded0d25b3d801779931152b5002ae93
	at org.junit.Assert.fail(Assert.java:88)
	at org.apache.hadoop.hdfs.server.namenode.FSImageTestUtil.assertFileContentsSame(FSImageTestUtil.java:419)
	at org.apache.hadoop.hdfs.server.namenode.FSImageTestUtil.assertParallelFilesAreIdentical(FSImageTestUtil.java:350)
	at org.apache.hadoop.hdfs.server.namenode.ha.TestStandbyCheckpoints.testBothNodesInStandbyState(TestStandbyCheckpoints.java:253)
	at sun.reflect.NativeMethodAccessorImpl.invoke0(Native Method)
	at sun.reflect.NativeMethodAccessorImpl.invoke(NativeMethodAccessorImpl.java:62)
	at sun.reflect.DelegatingMethodAccessorImpl.invoke(DelegatingMethodAccessorImpl.java:43)
	at java.lang.reflect.Method.invoke(Method.java:498)
	at org.junit.runners.model.FrameworkMethod$1.runReflectiveCall(FrameworkMethod.java:50)
	at org.junit.internal.runners.model.ReflectiveCallable.run(ReflectiveCallable.java:12)
	at org.junit.runners.model.FrameworkMethod.invokeExplosively(FrameworkMethod.java:47)
	at org.junit.internal.runners.statements.InvokeMethod.evaluate(InvokeMethod.java:17)
	at org.junit.internal.runners.statements.FailOnTimeout$CallableStatement.call(FailOnTimeout.java:298)
	at org.junit.internal.runners.statements.FailOnTimeout$CallableStatement.call(FailOnTimeout.java:292)
	at java.util.concurrent.FutureTask.run(FutureTask.java:266)
	at java.lang.Thread.run(Thread.java:748)


updating test result for file org.apache.hadoop.hdfs.server.namenode.ha.TestStandbyCheckpoints#testBothNodesInStandbyState
v1v1 running time = 23727660319
updating test result for file org.apache.hadoop.hdfs.server.namenode.ha.TestStandbyCheckpoints#testBothNodesInStandbyState
v2v2 running time = 15766760294
---> v1v1 and v2v2 test test suceeded.
updating test result for file org.apache.hadoop.hdfs.server.namenode.ha.TestStandbyCheckpoints#testBothNodesInStandbyState
v1v2 running time = 21378145606
---> v1v2 test failed.
proj: hdfs
u_test: org.apache.hadoop.hdfs.server.namenode.ha.TestStandbyCheckpoints#testBothNodesInStandbyState
h_list: dfs.image.compression.codec@@@hdfs:NameNode@@@-1@@@org.apache.hadoop.hdfs.server.namenode.ha.TestStandbyCheckpoints.SlowCodec@@@org.apache.hadoop.io.compress.Lz4Codec
vv_mode: v1v2
result: FAIL
failureMessage: File contents differed:
  /root/hadoop-3.2.1-src/hadoop-hdfs-project/hadoop-hdfs/target/test/data/dfs/name-0-3/current/fsimage_0000000000000000012=30d5f55edca29fd6cbab5c72bc2211ec
  /root/hadoop-3.2.1-src/hadoop-hdfs-project/hadoop-hdfs/target/test/data/dfs/name-0-1/current/fsimage_0000000000000000012=c21ff9676f3084cccad47a6274c0c618
  /root/hadoop-3.2.1-src/hadoop-hdfs-project/hadoop-hdfs/target/test/data/dfs/name-0-2/current/fsimage_0000000000000000012=c21ff9676f3084cccad47a6274c0c618
  /root/hadoop-3.2.1-src/hadoop-hdfs-project/hadoop-hdfs/target/test/data/dfs/name-0-4/current/fsimage_0000000000000000012=30d5f55edca29fd6cbab5c72bc2211ec
stackTrace: java.lang.AssertionError: File contents differed:
  /root/hadoop-3.2.1-src/hadoop-hdfs-project/hadoop-hdfs/target/test/data/dfs/name-0-3/current/fsimage_0000000000000000012=30d5f55edca29fd6cbab5c72bc2211ec
  /root/hadoop-3.2.1-src/hadoop-hdfs-project/hadoop-hdfs/target/test/data/dfs/name-0-1/current/fsimage_0000000000000000012=c21ff9676f3084cccad47a6274c0c618
  /root/hadoop-3.2.1-src/hadoop-hdfs-project/hadoop-hdfs/target/test/data/dfs/name-0-2/current/fsimage_0000000000000000012=c21ff9676f3084cccad47a6274c0c618
  /root/hadoop-3.2.1-src/hadoop-hdfs-project/hadoop-hdfs/target/test/data/dfs/name-0-4/current/fsimage_0000000000000000012=30d5f55edca29fd6cbab5c72bc2211ec
	at org.junit.Assert.fail(Assert.java:88)
	at org.apache.hadoop.hdfs.server.namenode.FSImageTestUtil.assertFileContentsSame(FSImageTestUtil.java:419)
	at org.apache.hadoop.hdfs.server.namenode.FSImageTestUtil.assertParallelFilesAreIdentical(FSImageTestUtil.java:350)
	at org.apache.hadoop.hdfs.server.namenode.ha.TestStandbyCheckpoints.testBothNodesInStandbyState(TestStandbyCheckpoints.java:253)
	at sun.reflect.NativeMethodAccessorImpl.invoke0(Native Method)
	at sun.reflect.NativeMethodAccessorImpl.invoke(NativeMethodAccessorImpl.java:62)
	at sun.reflect.DelegatingMethodAccessorImpl.invoke(DelegatingMethodAccessorImpl.java:43)
	at java.lang.reflect.Method.invoke(Method.java:498)
	at org.junit.runners.model.FrameworkMethod$1.runReflectiveCall(FrameworkMethod.java:50)
	at org.junit.internal.runners.model.ReflectiveCallable.run(ReflectiveCallable.java:12)
	at org.junit.runners.model.FrameworkMethod.invokeExplosively(FrameworkMethod.java:47)
	at org.junit.internal.runners.statements.InvokeMethod.evaluate(InvokeMethod.java:17)
	at org.junit.internal.runners.statements.FailOnTimeout$CallableStatement.call(FailOnTimeout.java:298)
	at org.junit.internal.runners.statements.FailOnTimeout$CallableStatement.call(FailOnTimeout.java:292)
	at java.util.concurrent.FutureTask.run(FutureTask.java:266)
	at java.lang.Thread.run(Thread.java:748)


updating test result for file org.apache.hadoop.hdfs.server.namenode.ha.TestStandbyCheckpoints#testBothNodesInStandbyState
v1v1 running time = 25852546749
updating test result for file org.apache.hadoop.hdfs.server.namenode.ha.TestStandbyCheckpoints#testBothNodesInStandbyState
v2v2 running time = 20363586164
---> v1v1 and v2v2 test test suceeded.
updating test result for file org.apache.hadoop.hdfs.server.namenode.ha.TestStandbyCheckpoints#testBothNodesInStandbyState
v1v2 running time = 19107192109
---> v1v2 test failed.
proj: hdfs
u_test: org.apache.hadoop.hdfs.server.namenode.ha.TestStandbyCheckpoints#testBothNodesInStandbyState
h_list: dfs.image.compression.codec@@@hdfs:NameNode@@@-1@@@org.apache.hadoop.hdfs.server.namenode.ha.TestStandbyCheckpoints.SlowCodec@@@org.apache.hadoop.io.compress.Lz4Codec
vv_mode: v1v2
result: FAIL
failureMessage: File contents differed:
  /root/hadoop-3.2.1-src/hadoop-hdfs-project/hadoop-hdfs/target/test/data/dfs/name-0-3/current/fsimage_0000000000000000012=5c724046fb24467a4d475bfb28a676ba
  /root/hadoop-3.2.1-src/hadoop-hdfs-project/hadoop-hdfs/target/test/data/dfs/name-0-1/current/fsimage_0000000000000000012=f901585126384a27e34047b0df9adaf7
  /root/hadoop-3.2.1-src/hadoop-hdfs-project/hadoop-hdfs/target/test/data/dfs/name-0-2/current/fsimage_0000000000000000012=f901585126384a27e34047b0df9adaf7
  /root/hadoop-3.2.1-src/hadoop-hdfs-project/hadoop-hdfs/target/test/data/dfs/name-0-4/current/fsimage_0000000000000000012=5c724046fb24467a4d475bfb28a676ba
stackTrace: java.lang.AssertionError: File contents differed:
  /root/hadoop-3.2.1-src/hadoop-hdfs-project/hadoop-hdfs/target/test/data/dfs/name-0-3/current/fsimage_0000000000000000012=5c724046fb24467a4d475bfb28a676ba
  /root/hadoop-3.2.1-src/hadoop-hdfs-project/hadoop-hdfs/target/test/data/dfs/name-0-1/current/fsimage_0000000000000000012=f901585126384a27e34047b0df9adaf7
  /root/hadoop-3.2.1-src/hadoop-hdfs-project/hadoop-hdfs/target/test/data/dfs/name-0-2/current/fsimage_0000000000000000012=f901585126384a27e34047b0df9adaf7
  /root/hadoop-3.2.1-src/hadoop-hdfs-project/hadoop-hdfs/target/test/data/dfs/name-0-4/current/fsimage_0000000000000000012=5c724046fb24467a4d475bfb28a676ba
	at org.junit.Assert.fail(Assert.java:88)
	at org.apache.hadoop.hdfs.server.namenode.FSImageTestUtil.assertFileContentsSame(FSImageTestUtil.java:419)
	at org.apache.hadoop.hdfs.server.namenode.FSImageTestUtil.assertParallelFilesAreIdentical(FSImageTestUtil.java:350)
	at org.apache.hadoop.hdfs.server.namenode.ha.TestStandbyCheckpoints.testBothNodesInStandbyState(TestStandbyCheckpoints.java:253)
	at sun.reflect.NativeMethodAccessorImpl.invoke0(Native Method)
	at sun.reflect.NativeMethodAccessorImpl.invoke(NativeMethodAccessorImpl.java:62)
	at sun.reflect.DelegatingMethodAccessorImpl.invoke(DelegatingMethodAccessorImpl.java:43)
	at java.lang.reflect.Method.invoke(Method.java:498)
	at org.junit.runners.model.FrameworkMethod$1.runReflectiveCall(FrameworkMethod.java:50)
	at org.junit.internal.runners.model.ReflectiveCallable.run(ReflectiveCallable.java:12)
	at org.junit.runners.model.FrameworkMethod.invokeExplosively(FrameworkMethod.java:47)
	at org.junit.internal.runners.statements.InvokeMethod.evaluate(InvokeMethod.java:17)
	at org.junit.internal.runners.statements.FailOnTimeout$CallableStatement.call(FailOnTimeout.java:298)
	at org.junit.internal.runners.statements.FailOnTimeout$CallableStatement.call(FailOnTimeout.java:292)
	at java.util.concurrent.FutureTask.run(FutureTask.java:266)
	at java.lang.Thread.run(Thread.java:748)


updating test result for file org.apache.hadoop.hdfs.server.namenode.ha.TestStandbyCheckpoints#testBothNodesInStandbyState
v1v1 running time = 23911234579
updating test result for file org.apache.hadoop.hdfs.server.namenode.ha.TestStandbyCheckpoints#testBothNodesInStandbyState
v2v2 running time = 26736976313
---> v1v1 and v2v2 test test suceeded.
updating test result for file org.apache.hadoop.hdfs.server.namenode.ha.TestStandbyCheckpoints#testBothNodesInStandbyState
v1v2 running time = 22921033714
---> v1v2 test failed.
proj: hdfs
u_test: org.apache.hadoop.hdfs.server.namenode.ha.TestStandbyCheckpoints#testBothNodesInStandbyState
h_list: dfs.image.compression.codec@@@hdfs:NameNode@@@-1@@@org.apache.hadoop.hdfs.server.namenode.ha.TestStandbyCheckpoints.SlowCodec@@@org.apache.hadoop.io.compress.Lz4Codec
vv_mode: v1v2
result: FAIL
failureMessage: File contents differed:
  /root/hadoop-3.2.1-src/hadoop-hdfs-project/hadoop-hdfs/target/test/data/dfs/name-0-3/current/fsimage_0000000000000000012=0e56823407d126e3dacd8ba0fb2cde5a
  /root/hadoop-3.2.1-src/hadoop-hdfs-project/hadoop-hdfs/target/test/data/dfs/name-0-1/current/fsimage_0000000000000000012=c9b25dfdb422318dfdde3be5ad31465e
  /root/hadoop-3.2.1-src/hadoop-hdfs-project/hadoop-hdfs/target/test/data/dfs/name-0-2/current/fsimage_0000000000000000012=c9b25dfdb422318dfdde3be5ad31465e
  /root/hadoop-3.2.1-src/hadoop-hdfs-project/hadoop-hdfs/target/test/data/dfs/name-0-4/current/fsimage_0000000000000000012=0e56823407d126e3dacd8ba0fb2cde5a
stackTrace: java.lang.AssertionError: File contents differed:
  /root/hadoop-3.2.1-src/hadoop-hdfs-project/hadoop-hdfs/target/test/data/dfs/name-0-3/current/fsimage_0000000000000000012=0e56823407d126e3dacd8ba0fb2cde5a
  /root/hadoop-3.2.1-src/hadoop-hdfs-project/hadoop-hdfs/target/test/data/dfs/name-0-1/current/fsimage_0000000000000000012=c9b25dfdb422318dfdde3be5ad31465e
  /root/hadoop-3.2.1-src/hadoop-hdfs-project/hadoop-hdfs/target/test/data/dfs/name-0-2/current/fsimage_0000000000000000012=c9b25dfdb422318dfdde3be5ad31465e
  /root/hadoop-3.2.1-src/hadoop-hdfs-project/hadoop-hdfs/target/test/data/dfs/name-0-4/current/fsimage_0000000000000000012=0e56823407d126e3dacd8ba0fb2cde5a
	at org.junit.Assert.fail(Assert.java:88)
	at org.apache.hadoop.hdfs.server.namenode.FSImageTestUtil.assertFileContentsSame(FSImageTestUtil.java:419)
	at org.apache.hadoop.hdfs.server.namenode.FSImageTestUtil.assertParallelFilesAreIdentical(FSImageTestUtil.java:350)
	at org.apache.hadoop.hdfs.server.namenode.ha.TestStandbyCheckpoints.testBothNodesInStandbyState(TestStandbyCheckpoints.java:253)
	at sun.reflect.NativeMethodAccessorImpl.invoke0(Native Method)
	at sun.reflect.NativeMethodAccessorImpl.invoke(NativeMethodAccessorImpl.java:62)
	at sun.reflect.DelegatingMethodAccessorImpl.invoke(DelegatingMethodAccessorImpl.java:43)
	at java.lang.reflect.Method.invoke(Method.java:498)
	at org.junit.runners.model.FrameworkMethod$1.runReflectiveCall(FrameworkMethod.java:50)
	at org.junit.internal.runners.model.ReflectiveCallable.run(ReflectiveCallable.java:12)
	at org.junit.runners.model.FrameworkMethod.invokeExplosively(FrameworkMethod.java:47)
	at org.junit.internal.runners.statements.InvokeMethod.evaluate(InvokeMethod.java:17)
	at org.junit.internal.runners.statements.FailOnTimeout$CallableStatement.call(FailOnTimeout.java:298)
	at org.junit.internal.runners.statements.FailOnTimeout$CallableStatement.call(FailOnTimeout.java:292)
	at java.util.concurrent.FutureTask.run(FutureTask.java:266)
	at java.lang.Thread.run(Thread.java:748)


updating test result for file org.apache.hadoop.hdfs.server.namenode.ha.TestStandbyCheckpoints#testBothNodesInStandbyState
v1v1 running time = 22026598987
updating test result for file org.apache.hadoop.hdfs.server.namenode.ha.TestStandbyCheckpoints#testBothNodesInStandbyState
v2v2 running time = 24683140933
---> v1v1 and v2v2 test test suceeded.
early stop after 7 is satisfied
v1v2 failed with probability 7 out of 7
v1v1v2v2 failed with probability 0 out of 7
Total execution time in seconds : 444
0
