my_type=hypothesis
proj=hdfs
u_test=org.apache.hadoop.hdfs.server.namenode.TestListCorruptFileBlocks#testMaxCorruptFiles
h_list[1]=dfs.namenode.max-corrupt-file-blocks-returned@@@hdfs:NameNode@@@1@@@200@@@100
proj: hdfs
u_test: org.apache.hadoop.hdfs.server.namenode.TestListCorruptFileBlocks#testMaxCorruptFiles
h_list: dfs.namenode.max-corrupt-file-blocks-returned@@@hdfs:NameNode@@@1@@@200@@@100
updating test result for file org.apache.hadoop.hdfs.server.namenode.TestListCorruptFileBlocks#testMaxCorruptFiles
v1v2 running time = 316073649855
---> v1v2 test failed.
proj: hdfs
u_test: org.apache.hadoop.hdfs.server.namenode.TestListCorruptFileBlocks#testMaxCorruptFiles
h_list: dfs.namenode.max-corrupt-file-blocks-returned@@@hdfs:NameNode@@@1@@@200@@@100
vv_mode: v1v2
result: FAIL
failureMessage: test timed out after 300000 milliseconds
stackTrace: org.junit.runners.model.TestTimedOutException: test timed out after 300000 milliseconds
	at java.lang.Thread.sleep(Native Method)
	at org.apache.hadoop.hdfs.server.namenode.TestListCorruptFileBlocks.testMaxCorruptFiles(TestListCorruptFileBlocks.java:508)
	at sun.reflect.NativeMethodAccessorImpl.invoke0(Native Method)
	at sun.reflect.NativeMethodAccessorImpl.invoke(NativeMethodAccessorImpl.java:62)
	at sun.reflect.DelegatingMethodAccessorImpl.invoke(DelegatingMethodAccessorImpl.java:43)
	at java.lang.reflect.Method.invoke(Method.java:498)
	at org.junit.runners.model.FrameworkMethod$1.runReflectiveCall(FrameworkMethod.java:50)
	at org.junit.internal.runners.model.ReflectiveCallable.run(ReflectiveCallable.java:12)
	at org.junit.runners.model.FrameworkMethod.invokeExplosively(FrameworkMethod.java:47)
	at org.junit.internal.runners.statements.InvokeMethod.evaluate(InvokeMethod.java:17)
	at org.junit.internal.runners.statements.FailOnTimeout$CallableStatement.call(FailOnTimeout.java:298)
	at org.junit.internal.runners.statements.FailOnTimeout$CallableStatement.call(FailOnTimeout.java:292)
	at java.util.concurrent.FutureTask.run(FutureTask.java:266)
	at java.lang.Thread.run(Thread.java:748)


updating test result for file org.apache.hadoop.hdfs.server.namenode.TestListCorruptFileBlocks#testMaxCorruptFiles
v1v1 running time = 155027602603
updating test result for file org.apache.hadoop.hdfs.server.namenode.TestListCorruptFileBlocks#testMaxCorruptFiles
v2v2 running time = 91532490846
---> v1v1 and v2v2 test test suceeded.
updating test result for file org.apache.hadoop.hdfs.server.namenode.TestListCorruptFileBlocks#testMaxCorruptFiles
v1v2 running time = 316115746549
---> v1v2 test failed.
proj: hdfs
u_test: org.apache.hadoop.hdfs.server.namenode.TestListCorruptFileBlocks#testMaxCorruptFiles
h_list: dfs.namenode.max-corrupt-file-blocks-returned@@@hdfs:NameNode@@@1@@@200@@@100
vv_mode: v1v2
result: FAIL
failureMessage: test timed out after 300000 milliseconds
stackTrace: org.junit.runners.model.TestTimedOutException: test timed out after 300000 milliseconds
	at java.lang.Thread.sleep(Native Method)
	at org.apache.hadoop.hdfs.server.namenode.TestListCorruptFileBlocks.testMaxCorruptFiles(TestListCorruptFileBlocks.java:508)
	at sun.reflect.NativeMethodAccessorImpl.invoke0(Native Method)
	at sun.reflect.NativeMethodAccessorImpl.invoke(NativeMethodAccessorImpl.java:62)
	at sun.reflect.DelegatingMethodAccessorImpl.invoke(DelegatingMethodAccessorImpl.java:43)
	at java.lang.reflect.Method.invoke(Method.java:498)
	at org.junit.runners.model.FrameworkMethod$1.runReflectiveCall(FrameworkMethod.java:50)
	at org.junit.internal.runners.model.ReflectiveCallable.run(ReflectiveCallable.java:12)
	at org.junit.runners.model.FrameworkMethod.invokeExplosively(FrameworkMethod.java:47)
	at org.junit.internal.runners.statements.InvokeMethod.evaluate(InvokeMethod.java:17)
	at org.junit.internal.runners.statements.FailOnTimeout$CallableStatement.call(FailOnTimeout.java:298)
	at org.junit.internal.runners.statements.FailOnTimeout$CallableStatement.call(FailOnTimeout.java:292)
	at java.util.concurrent.FutureTask.run(FutureTask.java:266)
	at java.lang.Thread.run(Thread.java:748)


updating test result for file org.apache.hadoop.hdfs.server.namenode.TestListCorruptFileBlocks#testMaxCorruptFiles
v1v1 running time = 158452619359
updating test result for file org.apache.hadoop.hdfs.server.namenode.TestListCorruptFileBlocks#testMaxCorruptFiles
v2v2 running time = 99768844315
---> v1v1 and v2v2 test test suceeded.
updating test result for file org.apache.hadoop.hdfs.server.namenode.TestListCorruptFileBlocks#testMaxCorruptFiles
v1v2 running time = 315221188402
---> v1v2 test failed.
proj: hdfs
u_test: org.apache.hadoop.hdfs.server.namenode.TestListCorruptFileBlocks#testMaxCorruptFiles
h_list: dfs.namenode.max-corrupt-file-blocks-returned@@@hdfs:NameNode@@@1@@@200@@@100
vv_mode: v1v2
result: FAIL
failureMessage: test timed out after 300000 milliseconds
stackTrace: org.junit.runners.model.TestTimedOutException: test timed out after 300000 milliseconds
	at java.lang.Thread.sleep(Native Method)
	at org.apache.hadoop.hdfs.server.namenode.TestListCorruptFileBlocks.testMaxCorruptFiles(TestListCorruptFileBlocks.java:508)
	at sun.reflect.NativeMethodAccessorImpl.invoke0(Native Method)
	at sun.reflect.NativeMethodAccessorImpl.invoke(NativeMethodAccessorImpl.java:62)
	at sun.reflect.DelegatingMethodAccessorImpl.invoke(DelegatingMethodAccessorImpl.java:43)
	at java.lang.reflect.Method.invoke(Method.java:498)
	at org.junit.runners.model.FrameworkMethod$1.runReflectiveCall(FrameworkMethod.java:50)
	at org.junit.internal.runners.model.ReflectiveCallable.run(ReflectiveCallable.java:12)
	at org.junit.runners.model.FrameworkMethod.invokeExplosively(FrameworkMethod.java:47)
	at org.junit.internal.runners.statements.InvokeMethod.evaluate(InvokeMethod.java:17)
	at org.junit.internal.runners.statements.FailOnTimeout$CallableStatement.call(FailOnTimeout.java:298)
	at org.junit.internal.runners.statements.FailOnTimeout$CallableStatement.call(FailOnTimeout.java:292)
	at java.util.concurrent.FutureTask.run(FutureTask.java:266)
	at java.lang.Thread.run(Thread.java:748)


updating test result for file org.apache.hadoop.hdfs.server.namenode.TestListCorruptFileBlocks#testMaxCorruptFiles
v1v1 running time = 162264028540
updating test result for file org.apache.hadoop.hdfs.server.namenode.TestListCorruptFileBlocks#testMaxCorruptFiles
v2v2 running time = 98445635541
---> v1v1 and v2v2 test test suceeded.
updating test result for file org.apache.hadoop.hdfs.server.namenode.TestListCorruptFileBlocks#testMaxCorruptFiles
v1v2 running time = 316716886223
---> v1v2 test failed.
proj: hdfs
u_test: org.apache.hadoop.hdfs.server.namenode.TestListCorruptFileBlocks#testMaxCorruptFiles
h_list: dfs.namenode.max-corrupt-file-blocks-returned@@@hdfs:NameNode@@@1@@@200@@@100
vv_mode: v1v2
result: FAIL
failureMessage: test timed out after 300000 milliseconds
stackTrace: org.junit.runners.model.TestTimedOutException: test timed out after 300000 milliseconds
	at java.lang.Thread.sleep(Native Method)
	at org.apache.hadoop.hdfs.server.namenode.TestListCorruptFileBlocks.testMaxCorruptFiles(TestListCorruptFileBlocks.java:508)
	at sun.reflect.NativeMethodAccessorImpl.invoke0(Native Method)
	at sun.reflect.NativeMethodAccessorImpl.invoke(NativeMethodAccessorImpl.java:62)
	at sun.reflect.DelegatingMethodAccessorImpl.invoke(DelegatingMethodAccessorImpl.java:43)
	at java.lang.reflect.Method.invoke(Method.java:498)
	at org.junit.runners.model.FrameworkMethod$1.runReflectiveCall(FrameworkMethod.java:50)
	at org.junit.internal.runners.model.ReflectiveCallable.run(ReflectiveCallable.java:12)
	at org.junit.runners.model.FrameworkMethod.invokeExplosively(FrameworkMethod.java:47)
	at org.junit.internal.runners.statements.InvokeMethod.evaluate(InvokeMethod.java:17)
	at org.junit.internal.runners.statements.FailOnTimeout$CallableStatement.call(FailOnTimeout.java:298)
	at org.junit.internal.runners.statements.FailOnTimeout$CallableStatement.call(FailOnTimeout.java:292)
	at java.util.concurrent.FutureTask.run(FutureTask.java:266)
	at java.lang.Thread.run(Thread.java:748)


updating test result for file org.apache.hadoop.hdfs.server.namenode.TestListCorruptFileBlocks#testMaxCorruptFiles
v1v1 running time = 177827666187
updating test result for file org.apache.hadoop.hdfs.server.namenode.TestListCorruptFileBlocks#testMaxCorruptFiles
v2v2 running time = 87804683284
---> v1v1 and v2v2 test test suceeded.
updating test result for file org.apache.hadoop.hdfs.server.namenode.TestListCorruptFileBlocks#testMaxCorruptFiles
v1v2 running time = 311390380002
---> v1v2 test failed.
proj: hdfs
u_test: org.apache.hadoop.hdfs.server.namenode.TestListCorruptFileBlocks#testMaxCorruptFiles
h_list: dfs.namenode.max-corrupt-file-blocks-returned@@@hdfs:NameNode@@@1@@@200@@@100
vv_mode: v1v2
result: FAIL
failureMessage: test timed out after 300000 milliseconds
stackTrace: org.junit.runners.model.TestTimedOutException: test timed out after 300000 milliseconds
	at java.lang.Thread.sleep(Native Method)
	at org.apache.hadoop.hdfs.server.namenode.TestListCorruptFileBlocks.testMaxCorruptFiles(TestListCorruptFileBlocks.java:508)
	at sun.reflect.NativeMethodAccessorImpl.invoke0(Native Method)
	at sun.reflect.NativeMethodAccessorImpl.invoke(NativeMethodAccessorImpl.java:62)
	at sun.reflect.DelegatingMethodAccessorImpl.invoke(DelegatingMethodAccessorImpl.java:43)
	at java.lang.reflect.Method.invoke(Method.java:498)
	at org.junit.runners.model.FrameworkMethod$1.runReflectiveCall(FrameworkMethod.java:50)
	at org.junit.internal.runners.model.ReflectiveCallable.run(ReflectiveCallable.java:12)
	at org.junit.runners.model.FrameworkMethod.invokeExplosively(FrameworkMethod.java:47)
	at org.junit.internal.runners.statements.InvokeMethod.evaluate(InvokeMethod.java:17)
	at org.junit.internal.runners.statements.FailOnTimeout$CallableStatement.call(FailOnTimeout.java:298)
	at org.junit.internal.runners.statements.FailOnTimeout$CallableStatement.call(FailOnTimeout.java:292)
	at java.util.concurrent.FutureTask.run(FutureTask.java:266)
	at java.lang.Thread.run(Thread.java:748)


updating test result for file org.apache.hadoop.hdfs.server.namenode.TestListCorruptFileBlocks#testMaxCorruptFiles
v1v1 running time = 146957114245
updating test result for file org.apache.hadoop.hdfs.server.namenode.TestListCorruptFileBlocks#testMaxCorruptFiles
v2v2 running time = 90516034026
---> v1v1 and v2v2 test test suceeded.
updating test result for file org.apache.hadoop.hdfs.server.namenode.TestListCorruptFileBlocks#testMaxCorruptFiles
v1v2 running time = 316662508500
---> v1v2 test failed.
proj: hdfs
u_test: org.apache.hadoop.hdfs.server.namenode.TestListCorruptFileBlocks#testMaxCorruptFiles
h_list: dfs.namenode.max-corrupt-file-blocks-returned@@@hdfs:NameNode@@@1@@@200@@@100
vv_mode: v1v2
result: FAIL
failureMessage: test timed out after 300000 milliseconds
stackTrace: org.junit.runners.model.TestTimedOutException: test timed out after 300000 milliseconds
	at java.lang.Thread.sleep(Native Method)
	at org.apache.hadoop.hdfs.server.namenode.TestListCorruptFileBlocks.testMaxCorruptFiles(TestListCorruptFileBlocks.java:508)
	at sun.reflect.NativeMethodAccessorImpl.invoke0(Native Method)
	at sun.reflect.NativeMethodAccessorImpl.invoke(NativeMethodAccessorImpl.java:62)
	at sun.reflect.DelegatingMethodAccessorImpl.invoke(DelegatingMethodAccessorImpl.java:43)
	at java.lang.reflect.Method.invoke(Method.java:498)
	at org.junit.runners.model.FrameworkMethod$1.runReflectiveCall(FrameworkMethod.java:50)
	at org.junit.internal.runners.model.ReflectiveCallable.run(ReflectiveCallable.java:12)
	at org.junit.runners.model.FrameworkMethod.invokeExplosively(FrameworkMethod.java:47)
	at org.junit.internal.runners.statements.InvokeMethod.evaluate(InvokeMethod.java:17)
	at org.junit.internal.runners.statements.FailOnTimeout$CallableStatement.call(FailOnTimeout.java:298)
	at org.junit.internal.runners.statements.FailOnTimeout$CallableStatement.call(FailOnTimeout.java:292)
	at java.util.concurrent.FutureTask.run(FutureTask.java:266)
	at java.lang.Thread.run(Thread.java:748)


updating test result for file org.apache.hadoop.hdfs.server.namenode.TestListCorruptFileBlocks#testMaxCorruptFiles
v1v1 running time = 164283398007
updating test result for file org.apache.hadoop.hdfs.server.namenode.TestListCorruptFileBlocks#testMaxCorruptFiles
v2v2 running time = 104461438840
---> v1v1 and v2v2 test test suceeded.
updating test result for file org.apache.hadoop.hdfs.server.namenode.TestListCorruptFileBlocks#testMaxCorruptFiles
v1v2 running time = 315864398156
---> v1v2 test failed.
proj: hdfs
u_test: org.apache.hadoop.hdfs.server.namenode.TestListCorruptFileBlocks#testMaxCorruptFiles
h_list: dfs.namenode.max-corrupt-file-blocks-returned@@@hdfs:NameNode@@@1@@@200@@@100
vv_mode: v1v2
result: FAIL
failureMessage: test timed out after 300000 milliseconds
stackTrace: org.junit.runners.model.TestTimedOutException: test timed out after 300000 milliseconds
	at java.lang.Thread.sleep(Native Method)
	at org.apache.hadoop.hdfs.server.namenode.TestListCorruptFileBlocks.testMaxCorruptFiles(TestListCorruptFileBlocks.java:508)
	at sun.reflect.NativeMethodAccessorImpl.invoke0(Native Method)
	at sun.reflect.NativeMethodAccessorImpl.invoke(NativeMethodAccessorImpl.java:62)
	at sun.reflect.DelegatingMethodAccessorImpl.invoke(DelegatingMethodAccessorImpl.java:43)
	at java.lang.reflect.Method.invoke(Method.java:498)
	at org.junit.runners.model.FrameworkMethod$1.runReflectiveCall(FrameworkMethod.java:50)
	at org.junit.internal.runners.model.ReflectiveCallable.run(ReflectiveCallable.java:12)
	at org.junit.runners.model.FrameworkMethod.invokeExplosively(FrameworkMethod.java:47)
	at org.junit.internal.runners.statements.InvokeMethod.evaluate(InvokeMethod.java:17)
	at org.junit.internal.runners.statements.FailOnTimeout$CallableStatement.call(FailOnTimeout.java:298)
	at org.junit.internal.runners.statements.FailOnTimeout$CallableStatement.call(FailOnTimeout.java:292)
	at java.util.concurrent.FutureTask.run(FutureTask.java:266)
	at java.lang.Thread.run(Thread.java:748)


updating test result for file org.apache.hadoop.hdfs.server.namenode.TestListCorruptFileBlocks#testMaxCorruptFiles
v1v1 running time = 167360901406
updating test result for file org.apache.hadoop.hdfs.server.namenode.TestListCorruptFileBlocks#testMaxCorruptFiles
v2v2 running time = 103847283551
---> v1v1 and v2v2 test test suceeded.
early stop after 7 is satisfied
v1v2 failed with probability 7 out of 7
v1v1v2v2 failed with probability 0 out of 7
Total execution time in seconds : 4016
0
