my_type=hypothesis
proj=hdfs
u_test=org.apache.hadoop.hdfs.protocol.datatransfer.sasl.TestSaslDataTransfer#testPrivacy
h_list[1]=dfs.blockreport.incremental.intervalMsec@@@hdfs:DataNode@@@-2@@@1000@@@0
proj: hdfs
u_test: org.apache.hadoop.hdfs.protocol.datatransfer.sasl.TestSaslDataTransfer#testPrivacy
h_list: dfs.blockreport.incremental.intervalMsec@@@hdfs:DataNode@@@-2@@@1000@@@0
updating test result for file org.apache.hadoop.hdfs.protocol.datatransfer.sasl.TestSaslDataTransfer#testPrivacy
v1v2 running time = 28972049573
---> v1v2 test failed.
proj: hdfs
u_test: org.apache.hadoop.hdfs.protocol.datatransfer.sasl.TestSaslDataTransfer#testPrivacy
h_list: dfs.blockreport.incremental.intervalMsec@@@hdfs:DataNode@@@-2@@@1000@@@0
vv_mode: v1v2
result: FAIL
failureMessage: expected:<3> but was:<1>
stackTrace: java.lang.AssertionError: expected:<3> but was:<1>
	at org.junit.Assert.fail(Assert.java:88)
	at org.junit.Assert.failNotEquals(Assert.java:834)
	at org.junit.Assert.assertEquals(Assert.java:645)
	at org.junit.Assert.assertEquals(Assert.java:631)
	at org.apache.hadoop.hdfs.protocol.datatransfer.sasl.TestSaslDataTransfer.doTest(TestSaslDataTransfer.java:210)
	at org.apache.hadoop.hdfs.protocol.datatransfer.sasl.TestSaslDataTransfer.testPrivacy(TestSaslDataTransfer.java:117)
	at sun.reflect.NativeMethodAccessorImpl.invoke0(Native Method)
	at sun.reflect.NativeMethodAccessorImpl.invoke(NativeMethodAccessorImpl.java:62)
	at sun.reflect.DelegatingMethodAccessorImpl.invoke(DelegatingMethodAccessorImpl.java:43)
	at java.lang.reflect.Method.invoke(Method.java:498)
	at org.junit.runners.model.FrameworkMethod$1.runReflectiveCall(FrameworkMethod.java:50)
	at org.junit.internal.runners.model.ReflectiveCallable.run(ReflectiveCallable.java:12)
	at org.junit.runners.model.FrameworkMethod.invokeExplosively(FrameworkMethod.java:47)
	at org.junit.internal.runners.statements.InvokeMethod.evaluate(InvokeMethod.java:17)
	at org.junit.internal.runners.statements.RunAfters.evaluate(RunAfters.java:27)
	at org.junit.rules.ExpectedException$ExpectedExceptionStatement.evaluate(ExpectedException.java:239)
	at org.junit.internal.runners.statements.FailOnTimeout$CallableStatement.call(FailOnTimeout.java:298)
	at org.junit.internal.runners.statements.FailOnTimeout$CallableStatement.call(FailOnTimeout.java:292)
	at java.util.concurrent.FutureTask.run(FutureTask.java:266)
	at java.lang.Thread.run(Thread.java:748)


updating test result for file org.apache.hadoop.hdfs.protocol.datatransfer.sasl.TestSaslDataTransfer#testPrivacy
v1v1 running time = 29205219238
updating test result for file org.apache.hadoop.hdfs.protocol.datatransfer.sasl.TestSaslDataTransfer#testPrivacy
v2v2 running time = 29955506914
---> v1v1 and v2v2 test test suceeded.
updating test result for file org.apache.hadoop.hdfs.protocol.datatransfer.sasl.TestSaslDataTransfer#testPrivacy
v1v2 running time = 31015931253
---> v1v2 test failed.
proj: hdfs
u_test: org.apache.hadoop.hdfs.protocol.datatransfer.sasl.TestSaslDataTransfer#testPrivacy
h_list: dfs.blockreport.incremental.intervalMsec@@@hdfs:DataNode@@@-2@@@1000@@@0
vv_mode: v1v2
result: FAIL
failureMessage: expected:<3> but was:<1>
stackTrace: java.lang.AssertionError: expected:<3> but was:<1>
	at org.junit.Assert.fail(Assert.java:88)
	at org.junit.Assert.failNotEquals(Assert.java:834)
	at org.junit.Assert.assertEquals(Assert.java:645)
	at org.junit.Assert.assertEquals(Assert.java:631)
	at org.apache.hadoop.hdfs.protocol.datatransfer.sasl.TestSaslDataTransfer.doTest(TestSaslDataTransfer.java:210)
	at org.apache.hadoop.hdfs.protocol.datatransfer.sasl.TestSaslDataTransfer.testPrivacy(TestSaslDataTransfer.java:117)
	at sun.reflect.NativeMethodAccessorImpl.invoke0(Native Method)
	at sun.reflect.NativeMethodAccessorImpl.invoke(NativeMethodAccessorImpl.java:62)
	at sun.reflect.DelegatingMethodAccessorImpl.invoke(DelegatingMethodAccessorImpl.java:43)
	at java.lang.reflect.Method.invoke(Method.java:498)
	at org.junit.runners.model.FrameworkMethod$1.runReflectiveCall(FrameworkMethod.java:50)
	at org.junit.internal.runners.model.ReflectiveCallable.run(ReflectiveCallable.java:12)
	at org.junit.runners.model.FrameworkMethod.invokeExplosively(FrameworkMethod.java:47)
	at org.junit.internal.runners.statements.InvokeMethod.evaluate(InvokeMethod.java:17)
	at org.junit.internal.runners.statements.RunAfters.evaluate(RunAfters.java:27)
	at org.junit.rules.ExpectedException$ExpectedExceptionStatement.evaluate(ExpectedException.java:239)
	at org.junit.internal.runners.statements.FailOnTimeout$CallableStatement.call(FailOnTimeout.java:298)
	at org.junit.internal.runners.statements.FailOnTimeout$CallableStatement.call(FailOnTimeout.java:292)
	at java.util.concurrent.FutureTask.run(FutureTask.java:266)
	at java.lang.Thread.run(Thread.java:748)


updating test result for file org.apache.hadoop.hdfs.protocol.datatransfer.sasl.TestSaslDataTransfer#testPrivacy
v1v1 running time = 25916778624
updating test result for file org.apache.hadoop.hdfs.protocol.datatransfer.sasl.TestSaslDataTransfer#testPrivacy
v2v2 running time = 30033924333
---> v1v1 and v2v2 test test suceeded.
updating test result for file org.apache.hadoop.hdfs.protocol.datatransfer.sasl.TestSaslDataTransfer#testPrivacy
v1v2 running time = 24602228142
---> v1v2 test failed.
proj: hdfs
u_test: org.apache.hadoop.hdfs.protocol.datatransfer.sasl.TestSaslDataTransfer#testPrivacy
h_list: dfs.blockreport.incremental.intervalMsec@@@hdfs:DataNode@@@-2@@@1000@@@0
vv_mode: v1v2
result: FAIL
failureMessage: expected:<3> but was:<1>
stackTrace: java.lang.AssertionError: expected:<3> but was:<1>
	at org.junit.Assert.fail(Assert.java:88)
	at org.junit.Assert.failNotEquals(Assert.java:834)
	at org.junit.Assert.assertEquals(Assert.java:645)
	at org.junit.Assert.assertEquals(Assert.java:631)
	at org.apache.hadoop.hdfs.protocol.datatransfer.sasl.TestSaslDataTransfer.doTest(TestSaslDataTransfer.java:210)
	at org.apache.hadoop.hdfs.protocol.datatransfer.sasl.TestSaslDataTransfer.testPrivacy(TestSaslDataTransfer.java:117)
	at sun.reflect.NativeMethodAccessorImpl.invoke0(Native Method)
	at sun.reflect.NativeMethodAccessorImpl.invoke(NativeMethodAccessorImpl.java:62)
	at sun.reflect.DelegatingMethodAccessorImpl.invoke(DelegatingMethodAccessorImpl.java:43)
	at java.lang.reflect.Method.invoke(Method.java:498)
	at org.junit.runners.model.FrameworkMethod$1.runReflectiveCall(FrameworkMethod.java:50)
	at org.junit.internal.runners.model.ReflectiveCallable.run(ReflectiveCallable.java:12)
	at org.junit.runners.model.FrameworkMethod.invokeExplosively(FrameworkMethod.java:47)
	at org.junit.internal.runners.statements.InvokeMethod.evaluate(InvokeMethod.java:17)
	at org.junit.internal.runners.statements.RunAfters.evaluate(RunAfters.java:27)
	at org.junit.rules.ExpectedException$ExpectedExceptionStatement.evaluate(ExpectedException.java:239)
	at org.junit.internal.runners.statements.FailOnTimeout$CallableStatement.call(FailOnTimeout.java:298)
	at org.junit.internal.runners.statements.FailOnTimeout$CallableStatement.call(FailOnTimeout.java:292)
	at java.util.concurrent.FutureTask.run(FutureTask.java:266)
	at java.lang.Thread.run(Thread.java:748)


updating test result for file org.apache.hadoop.hdfs.protocol.datatransfer.sasl.TestSaslDataTransfer#testPrivacy
v1v1 running time = 22893561218
updating test result for file org.apache.hadoop.hdfs.protocol.datatransfer.sasl.TestSaslDataTransfer#testPrivacy
v2v2 running time = 25367594271
---> v1v1 and v2v2 test test suceeded.
updating test result for file org.apache.hadoop.hdfs.protocol.datatransfer.sasl.TestSaslDataTransfer#testPrivacy
v1v2 running time = 27772475933
---> v1v2 test failed.
proj: hdfs
u_test: org.apache.hadoop.hdfs.protocol.datatransfer.sasl.TestSaslDataTransfer#testPrivacy
h_list: dfs.blockreport.incremental.intervalMsec@@@hdfs:DataNode@@@-2@@@1000@@@0
vv_mode: v1v2
result: FAIL
failureMessage: expected:<3> but was:<1>
stackTrace: java.lang.AssertionError: expected:<3> but was:<1>
	at org.junit.Assert.fail(Assert.java:88)
	at org.junit.Assert.failNotEquals(Assert.java:834)
	at org.junit.Assert.assertEquals(Assert.java:645)
	at org.junit.Assert.assertEquals(Assert.java:631)
	at org.apache.hadoop.hdfs.protocol.datatransfer.sasl.TestSaslDataTransfer.doTest(TestSaslDataTransfer.java:210)
	at org.apache.hadoop.hdfs.protocol.datatransfer.sasl.TestSaslDataTransfer.testPrivacy(TestSaslDataTransfer.java:117)
	at sun.reflect.NativeMethodAccessorImpl.invoke0(Native Method)
	at sun.reflect.NativeMethodAccessorImpl.invoke(NativeMethodAccessorImpl.java:62)
	at sun.reflect.DelegatingMethodAccessorImpl.invoke(DelegatingMethodAccessorImpl.java:43)
	at java.lang.reflect.Method.invoke(Method.java:498)
	at org.junit.runners.model.FrameworkMethod$1.runReflectiveCall(FrameworkMethod.java:50)
	at org.junit.internal.runners.model.ReflectiveCallable.run(ReflectiveCallable.java:12)
	at org.junit.runners.model.FrameworkMethod.invokeExplosively(FrameworkMethod.java:47)
	at org.junit.internal.runners.statements.InvokeMethod.evaluate(InvokeMethod.java:17)
	at org.junit.internal.runners.statements.RunAfters.evaluate(RunAfters.java:27)
	at org.junit.rules.ExpectedException$ExpectedExceptionStatement.evaluate(ExpectedException.java:239)
	at org.junit.internal.runners.statements.FailOnTimeout$CallableStatement.call(FailOnTimeout.java:298)
	at org.junit.internal.runners.statements.FailOnTimeout$CallableStatement.call(FailOnTimeout.java:292)
	at java.util.concurrent.FutureTask.run(FutureTask.java:266)
	at java.lang.Thread.run(Thread.java:748)


updating test result for file org.apache.hadoop.hdfs.protocol.datatransfer.sasl.TestSaslDataTransfer#testPrivacy
v1v1 running time = 31341229295
updating test result for file org.apache.hadoop.hdfs.protocol.datatransfer.sasl.TestSaslDataTransfer#testPrivacy
v2v2 running time = 25965465746
---> v1v1 and v2v2 test test suceeded.
updating test result for file org.apache.hadoop.hdfs.protocol.datatransfer.sasl.TestSaslDataTransfer#testPrivacy
v1v2 running time = 42955381160
---> v1v2 test failed.
proj: hdfs
u_test: org.apache.hadoop.hdfs.protocol.datatransfer.sasl.TestSaslDataTransfer#testPrivacy
h_list: dfs.blockreport.incremental.intervalMsec@@@hdfs:DataNode@@@-2@@@1000@@@0
vv_mode: v1v2
result: FAIL
failureMessage: expected:<3> but was:<1>
stackTrace: java.lang.AssertionError: expected:<3> but was:<1>
	at org.junit.Assert.fail(Assert.java:88)
	at org.junit.Assert.failNotEquals(Assert.java:834)
	at org.junit.Assert.assertEquals(Assert.java:645)
	at org.junit.Assert.assertEquals(Assert.java:631)
	at org.apache.hadoop.hdfs.protocol.datatransfer.sasl.TestSaslDataTransfer.doTest(TestSaslDataTransfer.java:210)
	at org.apache.hadoop.hdfs.protocol.datatransfer.sasl.TestSaslDataTransfer.testPrivacy(TestSaslDataTransfer.java:117)
	at sun.reflect.NativeMethodAccessorImpl.invoke0(Native Method)
	at sun.reflect.NativeMethodAccessorImpl.invoke(NativeMethodAccessorImpl.java:62)
	at sun.reflect.DelegatingMethodAccessorImpl.invoke(DelegatingMethodAccessorImpl.java:43)
	at java.lang.reflect.Method.invoke(Method.java:498)
	at org.junit.runners.model.FrameworkMethod$1.runReflectiveCall(FrameworkMethod.java:50)
	at org.junit.internal.runners.model.ReflectiveCallable.run(ReflectiveCallable.java:12)
	at org.junit.runners.model.FrameworkMethod.invokeExplosively(FrameworkMethod.java:47)
	at org.junit.internal.runners.statements.InvokeMethod.evaluate(InvokeMethod.java:17)
	at org.junit.internal.runners.statements.RunAfters.evaluate(RunAfters.java:27)
	at org.junit.rules.ExpectedException$ExpectedExceptionStatement.evaluate(ExpectedException.java:239)
	at org.junit.internal.runners.statements.FailOnTimeout$CallableStatement.call(FailOnTimeout.java:298)
	at org.junit.internal.runners.statements.FailOnTimeout$CallableStatement.call(FailOnTimeout.java:292)
	at java.util.concurrent.FutureTask.run(FutureTask.java:266)
	at java.lang.Thread.run(Thread.java:748)


updating test result for file org.apache.hadoop.hdfs.protocol.datatransfer.sasl.TestSaslDataTransfer#testPrivacy
v1v1 running time = 26105905334
updating test result for file org.apache.hadoop.hdfs.protocol.datatransfer.sasl.TestSaslDataTransfer#testPrivacy
v2v2 running time = 24720663375
---> v1v1 and v2v2 test test suceeded.
updating test result for file org.apache.hadoop.hdfs.protocol.datatransfer.sasl.TestSaslDataTransfer#testPrivacy
v1v2 running time = 21309804472
---> v1v2 test failed.
proj: hdfs
u_test: org.apache.hadoop.hdfs.protocol.datatransfer.sasl.TestSaslDataTransfer#testPrivacy
h_list: dfs.blockreport.incremental.intervalMsec@@@hdfs:DataNode@@@-2@@@1000@@@0
vv_mode: v1v2
result: FAIL
failureMessage: expected:<3> but was:<1>
stackTrace: java.lang.AssertionError: expected:<3> but was:<1>
	at org.junit.Assert.fail(Assert.java:88)
	at org.junit.Assert.failNotEquals(Assert.java:834)
	at org.junit.Assert.assertEquals(Assert.java:645)
	at org.junit.Assert.assertEquals(Assert.java:631)
	at org.apache.hadoop.hdfs.protocol.datatransfer.sasl.TestSaslDataTransfer.doTest(TestSaslDataTransfer.java:210)
	at org.apache.hadoop.hdfs.protocol.datatransfer.sasl.TestSaslDataTransfer.testPrivacy(TestSaslDataTransfer.java:117)
	at sun.reflect.NativeMethodAccessorImpl.invoke0(Native Method)
	at sun.reflect.NativeMethodAccessorImpl.invoke(NativeMethodAccessorImpl.java:62)
	at sun.reflect.DelegatingMethodAccessorImpl.invoke(DelegatingMethodAccessorImpl.java:43)
	at java.lang.reflect.Method.invoke(Method.java:498)
	at org.junit.runners.model.FrameworkMethod$1.runReflectiveCall(FrameworkMethod.java:50)
	at org.junit.internal.runners.model.ReflectiveCallable.run(ReflectiveCallable.java:12)
	at org.junit.runners.model.FrameworkMethod.invokeExplosively(FrameworkMethod.java:47)
	at org.junit.internal.runners.statements.InvokeMethod.evaluate(InvokeMethod.java:17)
	at org.junit.internal.runners.statements.RunAfters.evaluate(RunAfters.java:27)
	at org.junit.rules.ExpectedException$ExpectedExceptionStatement.evaluate(ExpectedException.java:239)
	at org.junit.internal.runners.statements.FailOnTimeout$CallableStatement.call(FailOnTimeout.java:298)
	at org.junit.internal.runners.statements.FailOnTimeout$CallableStatement.call(FailOnTimeout.java:292)
	at java.util.concurrent.FutureTask.run(FutureTask.java:266)
	at java.lang.Thread.run(Thread.java:748)


updating test result for file org.apache.hadoop.hdfs.protocol.datatransfer.sasl.TestSaslDataTransfer#testPrivacy
v1v1 running time = 22017958083
updating test result for file org.apache.hadoop.hdfs.protocol.datatransfer.sasl.TestSaslDataTransfer#testPrivacy
v2v2 running time = 19244129972
---> v1v1 and v2v2 test test suceeded.
updating test result for file org.apache.hadoop.hdfs.protocol.datatransfer.sasl.TestSaslDataTransfer#testPrivacy
v1v2 running time = 17246306548
---> v1v2 test failed.
proj: hdfs
u_test: org.apache.hadoop.hdfs.protocol.datatransfer.sasl.TestSaslDataTransfer#testPrivacy
h_list: dfs.blockreport.incremental.intervalMsec@@@hdfs:DataNode@@@-2@@@1000@@@0
vv_mode: v1v2
result: FAIL
failureMessage: expected:<3> but was:<1>
stackTrace: java.lang.AssertionError: expected:<3> but was:<1>
	at org.junit.Assert.fail(Assert.java:88)
	at org.junit.Assert.failNotEquals(Assert.java:834)
	at org.junit.Assert.assertEquals(Assert.java:645)
	at org.junit.Assert.assertEquals(Assert.java:631)
	at org.apache.hadoop.hdfs.protocol.datatransfer.sasl.TestSaslDataTransfer.doTest(TestSaslDataTransfer.java:210)
	at org.apache.hadoop.hdfs.protocol.datatransfer.sasl.TestSaslDataTransfer.testPrivacy(TestSaslDataTransfer.java:117)
	at sun.reflect.NativeMethodAccessorImpl.invoke0(Native Method)
	at sun.reflect.NativeMethodAccessorImpl.invoke(NativeMethodAccessorImpl.java:62)
	at sun.reflect.DelegatingMethodAccessorImpl.invoke(DelegatingMethodAccessorImpl.java:43)
	at java.lang.reflect.Method.invoke(Method.java:498)
	at org.junit.runners.model.FrameworkMethod$1.runReflectiveCall(FrameworkMethod.java:50)
	at org.junit.internal.runners.model.ReflectiveCallable.run(ReflectiveCallable.java:12)
	at org.junit.runners.model.FrameworkMethod.invokeExplosively(FrameworkMethod.java:47)
	at org.junit.internal.runners.statements.InvokeMethod.evaluate(InvokeMethod.java:17)
	at org.junit.internal.runners.statements.RunAfters.evaluate(RunAfters.java:27)
	at org.junit.rules.ExpectedException$ExpectedExceptionStatement.evaluate(ExpectedException.java:239)
	at org.junit.internal.runners.statements.FailOnTimeout$CallableStatement.call(FailOnTimeout.java:298)
	at org.junit.internal.runners.statements.FailOnTimeout$CallableStatement.call(FailOnTimeout.java:292)
	at java.util.concurrent.FutureTask.run(FutureTask.java:266)
	at java.lang.Thread.run(Thread.java:748)


updating test result for file org.apache.hadoop.hdfs.protocol.datatransfer.sasl.TestSaslDataTransfer#testPrivacy
v1v1 running time = 16438617816
updating test result for file org.apache.hadoop.hdfs.protocol.datatransfer.sasl.TestSaslDataTransfer#testPrivacy
v2v2 running time = 21385866173
---> v1v1 and v2v2 test test suceeded.
early stop after 7 is satisfied
v1v2 failed with probability 7 out of 7
v1v1v2v2 failed with probability 0 out of 7
Total execution time in seconds : 544
0
