my_type=hypothesis
proj=hdfs
u_test=org.apache.hadoop.hdfs.TestPipelines#pipeline_01
h_list[1]=dfs.blockreport.incremental.intervalMsec@@@hdfs:DataNode@@@-2@@@10000000@@@0
proj: hdfs
u_test: org.apache.hadoop.hdfs.TestPipelines#pipeline_01
h_list: dfs.blockreport.incremental.intervalMsec@@@hdfs:DataNode@@@-2@@@10000000@@@0
updating test result for file org.apache.hadoop.hdfs.TestPipelines#pipeline_01
v1v2 running time = 17708029808
---> v1v2 test failed.
proj: hdfs
u_test: org.apache.hadoop.hdfs.TestPipelines#pipeline_01
h_list: dfs.blockreport.incremental.intervalMsec@@@hdfs:DataNode@@@-2@@@10000000@@@0
vv_mode: v1v2
result: FAIL
failureMessage: Should be RBW replica on DataNode{data=FSDataset{dirpath='[/root/hadoop-3.2.1-src/hadoop-hdfs-project/hadoop-hdfs/target/test/data/dfs/data/data5, /root/hadoop-3.2.1-src/hadoop-hdfs-project/hadoop-hdfs/target/test/data/dfs/data/data6]'}, localName='127.0.0.1:46437', datanodeUuid='4ccf3a27-17ec-45ba-b20a-8c43f7a7956b', xmitsInProgress=0} after sequence of calls append()/write()/hflush() expected:<RBW> but was:<FINALIZED>
stackTrace: java.lang.AssertionError: Should be RBW replica on DataNode{data=FSDataset{dirpath='[/root/hadoop-3.2.1-src/hadoop-hdfs-project/hadoop-hdfs/target/test/data/dfs/data/data5, /root/hadoop-3.2.1-src/hadoop-hdfs-project/hadoop-hdfs/target/test/data/dfs/data/data6]'}, localName='127.0.0.1:46437', datanodeUuid='4ccf3a27-17ec-45ba-b20a-8c43f7a7956b', xmitsInProgress=0} after sequence of calls append()/write()/hflush() expected:<RBW> but was:<FINALIZED>
	at org.junit.Assert.fail(Assert.java:88)
	at org.junit.Assert.failNotEquals(Assert.java:834)
	at org.junit.Assert.assertEquals(Assert.java:118)
	at org.apache.hadoop.hdfs.TestPipelines.pipeline_01(TestPipelines.java:112)
	at sun.reflect.NativeMethodAccessorImpl.invoke0(Native Method)
	at sun.reflect.NativeMethodAccessorImpl.invoke(NativeMethodAccessorImpl.java:62)
	at sun.reflect.DelegatingMethodAccessorImpl.invoke(DelegatingMethodAccessorImpl.java:43)
	at java.lang.reflect.Method.invoke(Method.java:498)
	at org.junit.runners.model.FrameworkMethod$1.runReflectiveCall(FrameworkMethod.java:50)
	at org.junit.internal.runners.model.ReflectiveCallable.run(ReflectiveCallable.java:12)
	at org.junit.runners.model.FrameworkMethod.invokeExplosively(FrameworkMethod.java:47)
	at org.junit.internal.runners.statements.InvokeMethod.evaluate(InvokeMethod.java:17)
	at org.junit.internal.runners.statements.RunBefores.evaluate(RunBefores.java:26)
	at org.junit.internal.runners.statements.RunAfters.evaluate(RunAfters.java:27)
	at org.junit.runners.ParentRunner.runLeaf(ParentRunner.java:325)
	at org.junit.runners.BlockJUnit4ClassRunner.runChild(BlockJUnit4ClassRunner.java:78)
	at org.junit.runners.BlockJUnit4ClassRunner.runChild(BlockJUnit4ClassRunner.java:57)
	at org.junit.runners.ParentRunner$3.run(ParentRunner.java:290)
	at org.junit.runners.ParentRunner$1.schedule(ParentRunner.java:71)
	at org.junit.runners.ParentRunner.runChildren(ParentRunner.java:288)
	at org.junit.runners.ParentRunner.access$000(ParentRunner.java:58)
	at org.junit.runners.ParentRunner$2.evaluate(ParentRunner.java:268)
	at org.junit.runners.ParentRunner.run(ParentRunner.java:363)
	at org.apache.maven.surefire.junit4.JUnit4Provider.execute(JUnit4Provider.java:365)
	at org.apache.maven.surefire.junit4.JUnit4Provider.executeWithRerun(JUnit4Provider.java:273)
	at org.apache.maven.surefire.junit4.JUnit4Provider.executeTestSet(JUnit4Provider.java:238)
	at org.apache.maven.surefire.junit4.JUnit4Provider.invoke(JUnit4Provider.java:159)
	at org.apache.maven.surefire.booter.ForkedBooter.invokeProviderInSameClassLoader(ForkedBooter.java:384)
	at org.apache.maven.surefire.booter.ForkedBooter.runSuitesInProcess(ForkedBooter.java:345)
	at org.apache.maven.surefire.booter.ForkedBooter.execute(ForkedBooter.java:126)
	at org.apache.maven.surefire.booter.ForkedBooter.main(ForkedBooter.java:418)


updating test result for file org.apache.hadoop.hdfs.TestPipelines#pipeline_01
v1v1 running time = 27866053696
updating test result for file org.apache.hadoop.hdfs.TestPipelines#pipeline_01
v2v2 running time = 21573089419
---> v1v1 and v2v2 test test suceeded.
updating test result for file org.apache.hadoop.hdfs.TestPipelines#pipeline_01
v1v2 running time = 19094637553
---> v1v2 test failed.
proj: hdfs
u_test: org.apache.hadoop.hdfs.TestPipelines#pipeline_01
h_list: dfs.blockreport.incremental.intervalMsec@@@hdfs:DataNode@@@-2@@@10000000@@@0
vv_mode: v1v2
result: FAIL
failureMessage: Should be RBW replica on DataNode{data=FSDataset{dirpath='[/root/hadoop-3.2.1-src/hadoop-hdfs-project/hadoop-hdfs/target/test/data/dfs/data/data5, /root/hadoop-3.2.1-src/hadoop-hdfs-project/hadoop-hdfs/target/test/data/dfs/data/data6]'}, localName='127.0.0.1:38470', datanodeUuid='50758330-28a3-4939-b605-b60f8cabfd99', xmitsInProgress=0} after sequence of calls append()/write()/hflush() expected:<RBW> but was:<FINALIZED>
stackTrace: java.lang.AssertionError: Should be RBW replica on DataNode{data=FSDataset{dirpath='[/root/hadoop-3.2.1-src/hadoop-hdfs-project/hadoop-hdfs/target/test/data/dfs/data/data5, /root/hadoop-3.2.1-src/hadoop-hdfs-project/hadoop-hdfs/target/test/data/dfs/data/data6]'}, localName='127.0.0.1:38470', datanodeUuid='50758330-28a3-4939-b605-b60f8cabfd99', xmitsInProgress=0} after sequence of calls append()/write()/hflush() expected:<RBW> but was:<FINALIZED>
	at org.junit.Assert.fail(Assert.java:88)
	at org.junit.Assert.failNotEquals(Assert.java:834)
	at org.junit.Assert.assertEquals(Assert.java:118)
	at org.apache.hadoop.hdfs.TestPipelines.pipeline_01(TestPipelines.java:112)
	at sun.reflect.NativeMethodAccessorImpl.invoke0(Native Method)
	at sun.reflect.NativeMethodAccessorImpl.invoke(NativeMethodAccessorImpl.java:62)
	at sun.reflect.DelegatingMethodAccessorImpl.invoke(DelegatingMethodAccessorImpl.java:43)
	at java.lang.reflect.Method.invoke(Method.java:498)
	at org.junit.runners.model.FrameworkMethod$1.runReflectiveCall(FrameworkMethod.java:50)
	at org.junit.internal.runners.model.ReflectiveCallable.run(ReflectiveCallable.java:12)
	at org.junit.runners.model.FrameworkMethod.invokeExplosively(FrameworkMethod.java:47)
	at org.junit.internal.runners.statements.InvokeMethod.evaluate(InvokeMethod.java:17)
	at org.junit.internal.runners.statements.RunBefores.evaluate(RunBefores.java:26)
	at org.junit.internal.runners.statements.RunAfters.evaluate(RunAfters.java:27)
	at org.junit.runners.ParentRunner.runLeaf(ParentRunner.java:325)
	at org.junit.runners.BlockJUnit4ClassRunner.runChild(BlockJUnit4ClassRunner.java:78)
	at org.junit.runners.BlockJUnit4ClassRunner.runChild(BlockJUnit4ClassRunner.java:57)
	at org.junit.runners.ParentRunner$3.run(ParentRunner.java:290)
	at org.junit.runners.ParentRunner$1.schedule(ParentRunner.java:71)
	at org.junit.runners.ParentRunner.runChildren(ParentRunner.java:288)
	at org.junit.runners.ParentRunner.access$000(ParentRunner.java:58)
	at org.junit.runners.ParentRunner$2.evaluate(ParentRunner.java:268)
	at org.junit.runners.ParentRunner.run(ParentRunner.java:363)
	at org.apache.maven.surefire.junit4.JUnit4Provider.execute(JUnit4Provider.java:365)
	at org.apache.maven.surefire.junit4.JUnit4Provider.executeWithRerun(JUnit4Provider.java:273)
	at org.apache.maven.surefire.junit4.JUnit4Provider.executeTestSet(JUnit4Provider.java:238)
	at org.apache.maven.surefire.junit4.JUnit4Provider.invoke(JUnit4Provider.java:159)
	at org.apache.maven.surefire.booter.ForkedBooter.invokeProviderInSameClassLoader(ForkedBooter.java:384)
	at org.apache.maven.surefire.booter.ForkedBooter.runSuitesInProcess(ForkedBooter.java:345)
	at org.apache.maven.surefire.booter.ForkedBooter.execute(ForkedBooter.java:126)
	at org.apache.maven.surefire.booter.ForkedBooter.main(ForkedBooter.java:418)


updating test result for file org.apache.hadoop.hdfs.TestPipelines#pipeline_01
v1v1 running time = 26943237814
updating test result for file org.apache.hadoop.hdfs.TestPipelines#pipeline_01
v2v2 running time = 22824941995
---> v1v1 and v2v2 test test suceeded.
updating test result for file org.apache.hadoop.hdfs.TestPipelines#pipeline_01
v1v2 running time = 21102922849
---> v1v2 test failed.
proj: hdfs
u_test: org.apache.hadoop.hdfs.TestPipelines#pipeline_01
h_list: dfs.blockreport.incremental.intervalMsec@@@hdfs:DataNode@@@-2@@@10000000@@@0
vv_mode: v1v2
result: FAIL
failureMessage: Should be RBW replica on DataNode{data=FSDataset{dirpath='[/root/hadoop-3.2.1-src/hadoop-hdfs-project/hadoop-hdfs/target/test/data/dfs/data/data1, /root/hadoop-3.2.1-src/hadoop-hdfs-project/hadoop-hdfs/target/test/data/dfs/data/data2]'}, localName='127.0.0.1:42736', datanodeUuid='7723d1e2-3138-4ac1-a4ec-1a1343d71bdd', xmitsInProgress=0} after sequence of calls append()/write()/hflush() expected:<RBW> but was:<FINALIZED>
stackTrace: java.lang.AssertionError: Should be RBW replica on DataNode{data=FSDataset{dirpath='[/root/hadoop-3.2.1-src/hadoop-hdfs-project/hadoop-hdfs/target/test/data/dfs/data/data1, /root/hadoop-3.2.1-src/hadoop-hdfs-project/hadoop-hdfs/target/test/data/dfs/data/data2]'}, localName='127.0.0.1:42736', datanodeUuid='7723d1e2-3138-4ac1-a4ec-1a1343d71bdd', xmitsInProgress=0} after sequence of calls append()/write()/hflush() expected:<RBW> but was:<FINALIZED>
	at org.junit.Assert.fail(Assert.java:88)
	at org.junit.Assert.failNotEquals(Assert.java:834)
	at org.junit.Assert.assertEquals(Assert.java:118)
	at org.apache.hadoop.hdfs.TestPipelines.pipeline_01(TestPipelines.java:112)
	at sun.reflect.NativeMethodAccessorImpl.invoke0(Native Method)
	at sun.reflect.NativeMethodAccessorImpl.invoke(NativeMethodAccessorImpl.java:62)
	at sun.reflect.DelegatingMethodAccessorImpl.invoke(DelegatingMethodAccessorImpl.java:43)
	at java.lang.reflect.Method.invoke(Method.java:498)
	at org.junit.runners.model.FrameworkMethod$1.runReflectiveCall(FrameworkMethod.java:50)
	at org.junit.internal.runners.model.ReflectiveCallable.run(ReflectiveCallable.java:12)
	at org.junit.runners.model.FrameworkMethod.invokeExplosively(FrameworkMethod.java:47)
	at org.junit.internal.runners.statements.InvokeMethod.evaluate(InvokeMethod.java:17)
	at org.junit.internal.runners.statements.RunBefores.evaluate(RunBefores.java:26)
	at org.junit.internal.runners.statements.RunAfters.evaluate(RunAfters.java:27)
	at org.junit.runners.ParentRunner.runLeaf(ParentRunner.java:325)
	at org.junit.runners.BlockJUnit4ClassRunner.runChild(BlockJUnit4ClassRunner.java:78)
	at org.junit.runners.BlockJUnit4ClassRunner.runChild(BlockJUnit4ClassRunner.java:57)
	at org.junit.runners.ParentRunner$3.run(ParentRunner.java:290)
	at org.junit.runners.ParentRunner$1.schedule(ParentRunner.java:71)
	at org.junit.runners.ParentRunner.runChildren(ParentRunner.java:288)
	at org.junit.runners.ParentRunner.access$000(ParentRunner.java:58)
	at org.junit.runners.ParentRunner$2.evaluate(ParentRunner.java:268)
	at org.junit.runners.ParentRunner.run(ParentRunner.java:363)
	at org.apache.maven.surefire.junit4.JUnit4Provider.execute(JUnit4Provider.java:365)
	at org.apache.maven.surefire.junit4.JUnit4Provider.executeWithRerun(JUnit4Provider.java:273)
	at org.apache.maven.surefire.junit4.JUnit4Provider.executeTestSet(JUnit4Provider.java:238)
	at org.apache.maven.surefire.junit4.JUnit4Provider.invoke(JUnit4Provider.java:159)
	at org.apache.maven.surefire.booter.ForkedBooter.invokeProviderInSameClassLoader(ForkedBooter.java:384)
	at org.apache.maven.surefire.booter.ForkedBooter.runSuitesInProcess(ForkedBooter.java:345)
	at org.apache.maven.surefire.booter.ForkedBooter.execute(ForkedBooter.java:126)
	at org.apache.maven.surefire.booter.ForkedBooter.main(ForkedBooter.java:418)


updating test result for file org.apache.hadoop.hdfs.TestPipelines#pipeline_01
v1v1 running time = 38021564528
updating test result for file org.apache.hadoop.hdfs.TestPipelines#pipeline_01
v2v2 running time = 22174903749
---> v1v1 and v2v2 test test suceeded.
updating test result for file org.apache.hadoop.hdfs.TestPipelines#pipeline_01
v1v2 running time = 20479734288
---> v1v2 test failed.
proj: hdfs
u_test: org.apache.hadoop.hdfs.TestPipelines#pipeline_01
h_list: dfs.blockreport.incremental.intervalMsec@@@hdfs:DataNode@@@-2@@@10000000@@@0
vv_mode: v1v2
result: FAIL
failureMessage: Should be RBW replica on DataNode{data=FSDataset{dirpath='[/root/hadoop-3.2.1-src/hadoop-hdfs-project/hadoop-hdfs/target/test/data/dfs/data/data5, /root/hadoop-3.2.1-src/hadoop-hdfs-project/hadoop-hdfs/target/test/data/dfs/data/data6]'}, localName='127.0.0.1:42048', datanodeUuid='6e6f8432-ec34-400c-bd25-aea4115dac7c', xmitsInProgress=0} after sequence of calls append()/write()/hflush() expected:<RBW> but was:<FINALIZED>
stackTrace: java.lang.AssertionError: Should be RBW replica on DataNode{data=FSDataset{dirpath='[/root/hadoop-3.2.1-src/hadoop-hdfs-project/hadoop-hdfs/target/test/data/dfs/data/data5, /root/hadoop-3.2.1-src/hadoop-hdfs-project/hadoop-hdfs/target/test/data/dfs/data/data6]'}, localName='127.0.0.1:42048', datanodeUuid='6e6f8432-ec34-400c-bd25-aea4115dac7c', xmitsInProgress=0} after sequence of calls append()/write()/hflush() expected:<RBW> but was:<FINALIZED>
	at org.junit.Assert.fail(Assert.java:88)
	at org.junit.Assert.failNotEquals(Assert.java:834)
	at org.junit.Assert.assertEquals(Assert.java:118)
	at org.apache.hadoop.hdfs.TestPipelines.pipeline_01(TestPipelines.java:112)
	at sun.reflect.NativeMethodAccessorImpl.invoke0(Native Method)
	at sun.reflect.NativeMethodAccessorImpl.invoke(NativeMethodAccessorImpl.java:62)
	at sun.reflect.DelegatingMethodAccessorImpl.invoke(DelegatingMethodAccessorImpl.java:43)
	at java.lang.reflect.Method.invoke(Method.java:498)
	at org.junit.runners.model.FrameworkMethod$1.runReflectiveCall(FrameworkMethod.java:50)
	at org.junit.internal.runners.model.ReflectiveCallable.run(ReflectiveCallable.java:12)
	at org.junit.runners.model.FrameworkMethod.invokeExplosively(FrameworkMethod.java:47)
	at org.junit.internal.runners.statements.InvokeMethod.evaluate(InvokeMethod.java:17)
	at org.junit.internal.runners.statements.RunBefores.evaluate(RunBefores.java:26)
	at org.junit.internal.runners.statements.RunAfters.evaluate(RunAfters.java:27)
	at org.junit.runners.ParentRunner.runLeaf(ParentRunner.java:325)
	at org.junit.runners.BlockJUnit4ClassRunner.runChild(BlockJUnit4ClassRunner.java:78)
	at org.junit.runners.BlockJUnit4ClassRunner.runChild(BlockJUnit4ClassRunner.java:57)
	at org.junit.runners.ParentRunner$3.run(ParentRunner.java:290)
	at org.junit.runners.ParentRunner$1.schedule(ParentRunner.java:71)
	at org.junit.runners.ParentRunner.runChildren(ParentRunner.java:288)
	at org.junit.runners.ParentRunner.access$000(ParentRunner.java:58)
	at org.junit.runners.ParentRunner$2.evaluate(ParentRunner.java:268)
	at org.junit.runners.ParentRunner.run(ParentRunner.java:363)
	at org.apache.maven.surefire.junit4.JUnit4Provider.execute(JUnit4Provider.java:365)
	at org.apache.maven.surefire.junit4.JUnit4Provider.executeWithRerun(JUnit4Provider.java:273)
	at org.apache.maven.surefire.junit4.JUnit4Provider.executeTestSet(JUnit4Provider.java:238)
	at org.apache.maven.surefire.junit4.JUnit4Provider.invoke(JUnit4Provider.java:159)
	at org.apache.maven.surefire.booter.ForkedBooter.invokeProviderInSameClassLoader(ForkedBooter.java:384)
	at org.apache.maven.surefire.booter.ForkedBooter.runSuitesInProcess(ForkedBooter.java:345)
	at org.apache.maven.surefire.booter.ForkedBooter.execute(ForkedBooter.java:126)
	at org.apache.maven.surefire.booter.ForkedBooter.main(ForkedBooter.java:418)


updating test result for file org.apache.hadoop.hdfs.TestPipelines#pipeline_01
v1v1 running time = 31180511422
updating test result for file org.apache.hadoop.hdfs.TestPipelines#pipeline_01
v2v2 running time = 18907991021
---> v1v1 and v2v2 test test suceeded.
updating test result for file org.apache.hadoop.hdfs.TestPipelines#pipeline_01
v1v2 running time = 21163109643
---> v1v2 test failed.
proj: hdfs
u_test: org.apache.hadoop.hdfs.TestPipelines#pipeline_01
h_list: dfs.blockreport.incremental.intervalMsec@@@hdfs:DataNode@@@-2@@@10000000@@@0
vv_mode: v1v2
result: FAIL
failureMessage: Should be RBW replica on DataNode{data=FSDataset{dirpath='[/root/hadoop-3.2.1-src/hadoop-hdfs-project/hadoop-hdfs/target/test/data/dfs/data/data1, /root/hadoop-3.2.1-src/hadoop-hdfs-project/hadoop-hdfs/target/test/data/dfs/data/data2]'}, localName='127.0.0.1:44272', datanodeUuid='7776a42c-3914-43ca-ac09-047d8a28dc88', xmitsInProgress=0} after sequence of calls append()/write()/hflush() expected:<RBW> but was:<FINALIZED>
stackTrace: java.lang.AssertionError: Should be RBW replica on DataNode{data=FSDataset{dirpath='[/root/hadoop-3.2.1-src/hadoop-hdfs-project/hadoop-hdfs/target/test/data/dfs/data/data1, /root/hadoop-3.2.1-src/hadoop-hdfs-project/hadoop-hdfs/target/test/data/dfs/data/data2]'}, localName='127.0.0.1:44272', datanodeUuid='7776a42c-3914-43ca-ac09-047d8a28dc88', xmitsInProgress=0} after sequence of calls append()/write()/hflush() expected:<RBW> but was:<FINALIZED>
	at org.junit.Assert.fail(Assert.java:88)
	at org.junit.Assert.failNotEquals(Assert.java:834)
	at org.junit.Assert.assertEquals(Assert.java:118)
	at org.apache.hadoop.hdfs.TestPipelines.pipeline_01(TestPipelines.java:112)
	at sun.reflect.NativeMethodAccessorImpl.invoke0(Native Method)
	at sun.reflect.NativeMethodAccessorImpl.invoke(NativeMethodAccessorImpl.java:62)
	at sun.reflect.DelegatingMethodAccessorImpl.invoke(DelegatingMethodAccessorImpl.java:43)
	at java.lang.reflect.Method.invoke(Method.java:498)
	at org.junit.runners.model.FrameworkMethod$1.runReflectiveCall(FrameworkMethod.java:50)
	at org.junit.internal.runners.model.ReflectiveCallable.run(ReflectiveCallable.java:12)
	at org.junit.runners.model.FrameworkMethod.invokeExplosively(FrameworkMethod.java:47)
	at org.junit.internal.runners.statements.InvokeMethod.evaluate(InvokeMethod.java:17)
	at org.junit.internal.runners.statements.RunBefores.evaluate(RunBefores.java:26)
	at org.junit.internal.runners.statements.RunAfters.evaluate(RunAfters.java:27)
	at org.junit.runners.ParentRunner.runLeaf(ParentRunner.java:325)
	at org.junit.runners.BlockJUnit4ClassRunner.runChild(BlockJUnit4ClassRunner.java:78)
	at org.junit.runners.BlockJUnit4ClassRunner.runChild(BlockJUnit4ClassRunner.java:57)
	at org.junit.runners.ParentRunner$3.run(ParentRunner.java:290)
	at org.junit.runners.ParentRunner$1.schedule(ParentRunner.java:71)
	at org.junit.runners.ParentRunner.runChildren(ParentRunner.java:288)
	at org.junit.runners.ParentRunner.access$000(ParentRunner.java:58)
	at org.junit.runners.ParentRunner$2.evaluate(ParentRunner.java:268)
	at org.junit.runners.ParentRunner.run(ParentRunner.java:363)
	at org.apache.maven.surefire.junit4.JUnit4Provider.execute(JUnit4Provider.java:365)
	at org.apache.maven.surefire.junit4.JUnit4Provider.executeWithRerun(JUnit4Provider.java:273)
	at org.apache.maven.surefire.junit4.JUnit4Provider.executeTestSet(JUnit4Provider.java:238)
	at org.apache.maven.surefire.junit4.JUnit4Provider.invoke(JUnit4Provider.java:159)
	at org.apache.maven.surefire.booter.ForkedBooter.invokeProviderInSameClassLoader(ForkedBooter.java:384)
	at org.apache.maven.surefire.booter.ForkedBooter.runSuitesInProcess(ForkedBooter.java:345)
	at org.apache.maven.surefire.booter.ForkedBooter.execute(ForkedBooter.java:126)
	at org.apache.maven.surefire.booter.ForkedBooter.main(ForkedBooter.java:418)


updating test result for file org.apache.hadoop.hdfs.TestPipelines#pipeline_01
v1v1 running time = 32951273206
updating test result for file org.apache.hadoop.hdfs.TestPipelines#pipeline_01
v2v2 running time = 29334342941
---> v1v1 and v2v2 test test suceeded.
updating test result for file org.apache.hadoop.hdfs.TestPipelines#pipeline_01
v1v2 running time = 30006707252
---> v1v2 test failed.
proj: hdfs
u_test: org.apache.hadoop.hdfs.TestPipelines#pipeline_01
h_list: dfs.blockreport.incremental.intervalMsec@@@hdfs:DataNode@@@-2@@@10000000@@@0
vv_mode: v1v2
result: FAIL
failureMessage: Should be RBW replica on DataNode{data=FSDataset{dirpath='[/root/hadoop-3.2.1-src/hadoop-hdfs-project/hadoop-hdfs/target/test/data/dfs/data/data1, /root/hadoop-3.2.1-src/hadoop-hdfs-project/hadoop-hdfs/target/test/data/dfs/data/data2]'}, localName='127.0.0.1:46855', datanodeUuid='2498fb2a-be4c-4d47-9255-47fe0b6c966a', xmitsInProgress=0} after sequence of calls append()/write()/hflush() expected:<RBW> but was:<FINALIZED>
stackTrace: java.lang.AssertionError: Should be RBW replica on DataNode{data=FSDataset{dirpath='[/root/hadoop-3.2.1-src/hadoop-hdfs-project/hadoop-hdfs/target/test/data/dfs/data/data1, /root/hadoop-3.2.1-src/hadoop-hdfs-project/hadoop-hdfs/target/test/data/dfs/data/data2]'}, localName='127.0.0.1:46855', datanodeUuid='2498fb2a-be4c-4d47-9255-47fe0b6c966a', xmitsInProgress=0} after sequence of calls append()/write()/hflush() expected:<RBW> but was:<FINALIZED>
	at org.junit.Assert.fail(Assert.java:88)
	at org.junit.Assert.failNotEquals(Assert.java:834)
	at org.junit.Assert.assertEquals(Assert.java:118)
	at org.apache.hadoop.hdfs.TestPipelines.pipeline_01(TestPipelines.java:112)
	at sun.reflect.NativeMethodAccessorImpl.invoke0(Native Method)
	at sun.reflect.NativeMethodAccessorImpl.invoke(NativeMethodAccessorImpl.java:62)
	at sun.reflect.DelegatingMethodAccessorImpl.invoke(DelegatingMethodAccessorImpl.java:43)
	at java.lang.reflect.Method.invoke(Method.java:498)
	at org.junit.runners.model.FrameworkMethod$1.runReflectiveCall(FrameworkMethod.java:50)
	at org.junit.internal.runners.model.ReflectiveCallable.run(ReflectiveCallable.java:12)
	at org.junit.runners.model.FrameworkMethod.invokeExplosively(FrameworkMethod.java:47)
	at org.junit.internal.runners.statements.InvokeMethod.evaluate(InvokeMethod.java:17)
	at org.junit.internal.runners.statements.RunBefores.evaluate(RunBefores.java:26)
	at org.junit.internal.runners.statements.RunAfters.evaluate(RunAfters.java:27)
	at org.junit.runners.ParentRunner.runLeaf(ParentRunner.java:325)
	at org.junit.runners.BlockJUnit4ClassRunner.runChild(BlockJUnit4ClassRunner.java:78)
	at org.junit.runners.BlockJUnit4ClassRunner.runChild(BlockJUnit4ClassRunner.java:57)
	at org.junit.runners.ParentRunner$3.run(ParentRunner.java:290)
	at org.junit.runners.ParentRunner$1.schedule(ParentRunner.java:71)
	at org.junit.runners.ParentRunner.runChildren(ParentRunner.java:288)
	at org.junit.runners.ParentRunner.access$000(ParentRunner.java:58)
	at org.junit.runners.ParentRunner$2.evaluate(ParentRunner.java:268)
	at org.junit.runners.ParentRunner.run(ParentRunner.java:363)
	at org.apache.maven.surefire.junit4.JUnit4Provider.execute(JUnit4Provider.java:365)
	at org.apache.maven.surefire.junit4.JUnit4Provider.executeWithRerun(JUnit4Provider.java:273)
	at org.apache.maven.surefire.junit4.JUnit4Provider.executeTestSet(JUnit4Provider.java:238)
	at org.apache.maven.surefire.junit4.JUnit4Provider.invoke(JUnit4Provider.java:159)
	at org.apache.maven.surefire.booter.ForkedBooter.invokeProviderInSameClassLoader(ForkedBooter.java:384)
	at org.apache.maven.surefire.booter.ForkedBooter.runSuitesInProcess(ForkedBooter.java:345)
	at org.apache.maven.surefire.booter.ForkedBooter.execute(ForkedBooter.java:126)
	at org.apache.maven.surefire.booter.ForkedBooter.main(ForkedBooter.java:418)


updating test result for file org.apache.hadoop.hdfs.TestPipelines#pipeline_01
v1v1 running time = 29434485383
updating test result for file org.apache.hadoop.hdfs.TestPipelines#pipeline_01
v2v2 running time = 21164614717
---> v1v1 and v2v2 test test suceeded.
updating test result for file org.apache.hadoop.hdfs.TestPipelines#pipeline_01
v1v2 running time = 22806785154
---> v1v2 test failed.
proj: hdfs
u_test: org.apache.hadoop.hdfs.TestPipelines#pipeline_01
h_list: dfs.blockreport.incremental.intervalMsec@@@hdfs:DataNode@@@-2@@@10000000@@@0
vv_mode: v1v2
result: FAIL
failureMessage: Should be RBW replica on DataNode{data=FSDataset{dirpath='[/root/hadoop-3.2.1-src/hadoop-hdfs-project/hadoop-hdfs/target/test/data/dfs/data/data1, /root/hadoop-3.2.1-src/hadoop-hdfs-project/hadoop-hdfs/target/test/data/dfs/data/data2]'}, localName='127.0.0.1:42261', datanodeUuid='9e3fad53-a6ad-4ab1-a4b4-07bbb96c0e9c', xmitsInProgress=0} after sequence of calls append()/write()/hflush() expected:<RBW> but was:<FINALIZED>
stackTrace: java.lang.AssertionError: Should be RBW replica on DataNode{data=FSDataset{dirpath='[/root/hadoop-3.2.1-src/hadoop-hdfs-project/hadoop-hdfs/target/test/data/dfs/data/data1, /root/hadoop-3.2.1-src/hadoop-hdfs-project/hadoop-hdfs/target/test/data/dfs/data/data2]'}, localName='127.0.0.1:42261', datanodeUuid='9e3fad53-a6ad-4ab1-a4b4-07bbb96c0e9c', xmitsInProgress=0} after sequence of calls append()/write()/hflush() expected:<RBW> but was:<FINALIZED>
	at org.junit.Assert.fail(Assert.java:88)
	at org.junit.Assert.failNotEquals(Assert.java:834)
	at org.junit.Assert.assertEquals(Assert.java:118)
	at org.apache.hadoop.hdfs.TestPipelines.pipeline_01(TestPipelines.java:112)
	at sun.reflect.NativeMethodAccessorImpl.invoke0(Native Method)
	at sun.reflect.NativeMethodAccessorImpl.invoke(NativeMethodAccessorImpl.java:62)
	at sun.reflect.DelegatingMethodAccessorImpl.invoke(DelegatingMethodAccessorImpl.java:43)
	at java.lang.reflect.Method.invoke(Method.java:498)
	at org.junit.runners.model.FrameworkMethod$1.runReflectiveCall(FrameworkMethod.java:50)
	at org.junit.internal.runners.model.ReflectiveCallable.run(ReflectiveCallable.java:12)
	at org.junit.runners.model.FrameworkMethod.invokeExplosively(FrameworkMethod.java:47)
	at org.junit.internal.runners.statements.InvokeMethod.evaluate(InvokeMethod.java:17)
	at org.junit.internal.runners.statements.RunBefores.evaluate(RunBefores.java:26)
	at org.junit.internal.runners.statements.RunAfters.evaluate(RunAfters.java:27)
	at org.junit.runners.ParentRunner.runLeaf(ParentRunner.java:325)
	at org.junit.runners.BlockJUnit4ClassRunner.runChild(BlockJUnit4ClassRunner.java:78)
	at org.junit.runners.BlockJUnit4ClassRunner.runChild(BlockJUnit4ClassRunner.java:57)
	at org.junit.runners.ParentRunner$3.run(ParentRunner.java:290)
	at org.junit.runners.ParentRunner$1.schedule(ParentRunner.java:71)
	at org.junit.runners.ParentRunner.runChildren(ParentRunner.java:288)
	at org.junit.runners.ParentRunner.access$000(ParentRunner.java:58)
	at org.junit.runners.ParentRunner$2.evaluate(ParentRunner.java:268)
	at org.junit.runners.ParentRunner.run(ParentRunner.java:363)
	at org.apache.maven.surefire.junit4.JUnit4Provider.execute(JUnit4Provider.java:365)
	at org.apache.maven.surefire.junit4.JUnit4Provider.executeWithRerun(JUnit4Provider.java:273)
	at org.apache.maven.surefire.junit4.JUnit4Provider.executeTestSet(JUnit4Provider.java:238)
	at org.apache.maven.surefire.junit4.JUnit4Provider.invoke(JUnit4Provider.java:159)
	at org.apache.maven.surefire.booter.ForkedBooter.invokeProviderInSameClassLoader(ForkedBooter.java:384)
	at org.apache.maven.surefire.booter.ForkedBooter.runSuitesInProcess(ForkedBooter.java:345)
	at org.apache.maven.surefire.booter.ForkedBooter.execute(ForkedBooter.java:126)
	at org.apache.maven.surefire.booter.ForkedBooter.main(ForkedBooter.java:418)


updating test result for file org.apache.hadoop.hdfs.TestPipelines#pipeline_01
v1v1 running time = 27222516003
updating test result for file org.apache.hadoop.hdfs.TestPipelines#pipeline_01
v2v2 running time = 23216942416
---> v1v1 and v2v2 test test suceeded.
early stop after 7 is satisfied
v1v2 failed with probability 7 out of 7
v1v1v2v2 failed with probability 0 out of 7
Total execution time in seconds : 525
0
