my_type=hypothesis
proj=hdfs
u_test=org.apache.hadoop.hdfs.protocol.datatransfer.sasl.TestSaslDataTransfer#testAuthentication
h_list[1]=dfs.blockreport.incremental.intervalMsec@@@hdfs:DataNode@@@-2@@@1000@@@0
proj: hdfs
u_test: org.apache.hadoop.hdfs.protocol.datatransfer.sasl.TestSaslDataTransfer#testAuthentication
h_list: dfs.blockreport.incremental.intervalMsec@@@hdfs:DataNode@@@-2@@@1000@@@0
updating test result for file org.apache.hadoop.hdfs.protocol.datatransfer.sasl.TestSaslDataTransfer#testAuthentication
v1v2 running time = 25121148969
---> v1v2 test failed.
proj: hdfs
u_test: org.apache.hadoop.hdfs.protocol.datatransfer.sasl.TestSaslDataTransfer#testAuthentication
h_list: dfs.blockreport.incremental.intervalMsec@@@hdfs:DataNode@@@-2@@@1000@@@0
vv_mode: v1v2
result: FAIL
failureMessage: expected:<3> but was:<1>
stackTrace: java.lang.AssertionError: expected:<3> but was:<1>
	at org.junit.Assert.fail(Assert.java:88)
	at org.junit.Assert.failNotEquals(Assert.java:834)
	at org.junit.Assert.assertEquals(Assert.java:645)
	at org.junit.Assert.assertEquals(Assert.java:631)
	at org.apache.hadoop.hdfs.protocol.datatransfer.sasl.TestSaslDataTransfer.doTest(TestSaslDataTransfer.java:210)
	at org.apache.hadoop.hdfs.protocol.datatransfer.sasl.TestSaslDataTransfer.testAuthentication(TestSaslDataTransfer.java:97)
	at sun.reflect.NativeMethodAccessorImpl.invoke0(Native Method)
	at sun.reflect.NativeMethodAccessorImpl.invoke(NativeMethodAccessorImpl.java:62)
	at sun.reflect.DelegatingMethodAccessorImpl.invoke(DelegatingMethodAccessorImpl.java:43)
	at java.lang.reflect.Method.invoke(Method.java:498)
	at org.junit.runners.model.FrameworkMethod$1.runReflectiveCall(FrameworkMethod.java:50)
	at org.junit.internal.runners.model.ReflectiveCallable.run(ReflectiveCallable.java:12)
	at org.junit.runners.model.FrameworkMethod.invokeExplosively(FrameworkMethod.java:47)
	at org.junit.internal.runners.statements.InvokeMethod.evaluate(InvokeMethod.java:17)
	at org.junit.internal.runners.statements.RunAfters.evaluate(RunAfters.java:27)
	at org.junit.rules.ExpectedException$ExpectedExceptionStatement.evaluate(ExpectedException.java:239)
	at org.junit.internal.runners.statements.FailOnTimeout$CallableStatement.call(FailOnTimeout.java:298)
	at org.junit.internal.runners.statements.FailOnTimeout$CallableStatement.call(FailOnTimeout.java:292)
	at java.util.concurrent.FutureTask.run(FutureTask.java:266)
	at java.lang.Thread.run(Thread.java:748)


updating test result for file org.apache.hadoop.hdfs.protocol.datatransfer.sasl.TestSaslDataTransfer#testAuthentication
v1v1 running time = 21866658858
updating test result for file org.apache.hadoop.hdfs.protocol.datatransfer.sasl.TestSaslDataTransfer#testAuthentication
v2v2 running time = 25732437031
---> v1v1 and v2v2 test test suceeded.
updating test result for file org.apache.hadoop.hdfs.protocol.datatransfer.sasl.TestSaslDataTransfer#testAuthentication
v1v2 running time = 26953122771
---> v1v2 test failed.
proj: hdfs
u_test: org.apache.hadoop.hdfs.protocol.datatransfer.sasl.TestSaslDataTransfer#testAuthentication
h_list: dfs.blockreport.incremental.intervalMsec@@@hdfs:DataNode@@@-2@@@1000@@@0
vv_mode: v1v2
result: FAIL
failureMessage: expected:<3> but was:<1>
stackTrace: java.lang.AssertionError: expected:<3> but was:<1>
	at org.junit.Assert.fail(Assert.java:88)
	at org.junit.Assert.failNotEquals(Assert.java:834)
	at org.junit.Assert.assertEquals(Assert.java:645)
	at org.junit.Assert.assertEquals(Assert.java:631)
	at org.apache.hadoop.hdfs.protocol.datatransfer.sasl.TestSaslDataTransfer.doTest(TestSaslDataTransfer.java:210)
	at org.apache.hadoop.hdfs.protocol.datatransfer.sasl.TestSaslDataTransfer.testAuthentication(TestSaslDataTransfer.java:97)
	at sun.reflect.NativeMethodAccessorImpl.invoke0(Native Method)
	at sun.reflect.NativeMethodAccessorImpl.invoke(NativeMethodAccessorImpl.java:62)
	at sun.reflect.DelegatingMethodAccessorImpl.invoke(DelegatingMethodAccessorImpl.java:43)
	at java.lang.reflect.Method.invoke(Method.java:498)
	at org.junit.runners.model.FrameworkMethod$1.runReflectiveCall(FrameworkMethod.java:50)
	at org.junit.internal.runners.model.ReflectiveCallable.run(ReflectiveCallable.java:12)
	at org.junit.runners.model.FrameworkMethod.invokeExplosively(FrameworkMethod.java:47)
	at org.junit.internal.runners.statements.InvokeMethod.evaluate(InvokeMethod.java:17)
	at org.junit.internal.runners.statements.RunAfters.evaluate(RunAfters.java:27)
	at org.junit.rules.ExpectedException$ExpectedExceptionStatement.evaluate(ExpectedException.java:239)
	at org.junit.internal.runners.statements.FailOnTimeout$CallableStatement.call(FailOnTimeout.java:298)
	at org.junit.internal.runners.statements.FailOnTimeout$CallableStatement.call(FailOnTimeout.java:292)
	at java.util.concurrent.FutureTask.run(FutureTask.java:266)
	at java.lang.Thread.run(Thread.java:748)


updating test result for file org.apache.hadoop.hdfs.protocol.datatransfer.sasl.TestSaslDataTransfer#testAuthentication
v1v1 running time = 23072305229
updating test result for file org.apache.hadoop.hdfs.protocol.datatransfer.sasl.TestSaslDataTransfer#testAuthentication
v2v2 running time = 30620440083
---> v1v1 and v2v2 test test suceeded.
updating test result for file org.apache.hadoop.hdfs.protocol.datatransfer.sasl.TestSaslDataTransfer#testAuthentication
v1v2 running time = 19507880918
---> v1v2 test failed.
proj: hdfs
u_test: org.apache.hadoop.hdfs.protocol.datatransfer.sasl.TestSaslDataTransfer#testAuthentication
h_list: dfs.blockreport.incremental.intervalMsec@@@hdfs:DataNode@@@-2@@@1000@@@0
vv_mode: v1v2
result: FAIL
failureMessage: expected:<3> but was:<1>
stackTrace: java.lang.AssertionError: expected:<3> but was:<1>
	at org.junit.Assert.fail(Assert.java:88)
	at org.junit.Assert.failNotEquals(Assert.java:834)
	at org.junit.Assert.assertEquals(Assert.java:645)
	at org.junit.Assert.assertEquals(Assert.java:631)
	at org.apache.hadoop.hdfs.protocol.datatransfer.sasl.TestSaslDataTransfer.doTest(TestSaslDataTransfer.java:210)
	at org.apache.hadoop.hdfs.protocol.datatransfer.sasl.TestSaslDataTransfer.testAuthentication(TestSaslDataTransfer.java:97)
	at sun.reflect.NativeMethodAccessorImpl.invoke0(Native Method)
	at sun.reflect.NativeMethodAccessorImpl.invoke(NativeMethodAccessorImpl.java:62)
	at sun.reflect.DelegatingMethodAccessorImpl.invoke(DelegatingMethodAccessorImpl.java:43)
	at java.lang.reflect.Method.invoke(Method.java:498)
	at org.junit.runners.model.FrameworkMethod$1.runReflectiveCall(FrameworkMethod.java:50)
	at org.junit.internal.runners.model.ReflectiveCallable.run(ReflectiveCallable.java:12)
	at org.junit.runners.model.FrameworkMethod.invokeExplosively(FrameworkMethod.java:47)
	at org.junit.internal.runners.statements.InvokeMethod.evaluate(InvokeMethod.java:17)
	at org.junit.internal.runners.statements.RunAfters.evaluate(RunAfters.java:27)
	at org.junit.rules.ExpectedException$ExpectedExceptionStatement.evaluate(ExpectedException.java:239)
	at org.junit.internal.runners.statements.FailOnTimeout$CallableStatement.call(FailOnTimeout.java:298)
	at org.junit.internal.runners.statements.FailOnTimeout$CallableStatement.call(FailOnTimeout.java:292)
	at java.util.concurrent.FutureTask.run(FutureTask.java:266)
	at java.lang.Thread.run(Thread.java:748)


updating test result for file org.apache.hadoop.hdfs.protocol.datatransfer.sasl.TestSaslDataTransfer#testAuthentication
v1v1 running time = 23766323000
updating test result for file org.apache.hadoop.hdfs.protocol.datatransfer.sasl.TestSaslDataTransfer#testAuthentication
v2v2 running time = 26729702237
---> v1v1 and v2v2 test test suceeded.
updating test result for file org.apache.hadoop.hdfs.protocol.datatransfer.sasl.TestSaslDataTransfer#testAuthentication
v1v2 running time = 25632633231
---> v1v2 test failed.
proj: hdfs
u_test: org.apache.hadoop.hdfs.protocol.datatransfer.sasl.TestSaslDataTransfer#testAuthentication
h_list: dfs.blockreport.incremental.intervalMsec@@@hdfs:DataNode@@@-2@@@1000@@@0
vv_mode: v1v2
result: FAIL
failureMessage: expected:<3> but was:<1>
stackTrace: java.lang.AssertionError: expected:<3> but was:<1>
	at org.junit.Assert.fail(Assert.java:88)
	at org.junit.Assert.failNotEquals(Assert.java:834)
	at org.junit.Assert.assertEquals(Assert.java:645)
	at org.junit.Assert.assertEquals(Assert.java:631)
	at org.apache.hadoop.hdfs.protocol.datatransfer.sasl.TestSaslDataTransfer.doTest(TestSaslDataTransfer.java:210)
	at org.apache.hadoop.hdfs.protocol.datatransfer.sasl.TestSaslDataTransfer.testAuthentication(TestSaslDataTransfer.java:97)
	at sun.reflect.NativeMethodAccessorImpl.invoke0(Native Method)
	at sun.reflect.NativeMethodAccessorImpl.invoke(NativeMethodAccessorImpl.java:62)
	at sun.reflect.DelegatingMethodAccessorImpl.invoke(DelegatingMethodAccessorImpl.java:43)
	at java.lang.reflect.Method.invoke(Method.java:498)
	at org.junit.runners.model.FrameworkMethod$1.runReflectiveCall(FrameworkMethod.java:50)
	at org.junit.internal.runners.model.ReflectiveCallable.run(ReflectiveCallable.java:12)
	at org.junit.runners.model.FrameworkMethod.invokeExplosively(FrameworkMethod.java:47)
	at org.junit.internal.runners.statements.InvokeMethod.evaluate(InvokeMethod.java:17)
	at org.junit.internal.runners.statements.RunAfters.evaluate(RunAfters.java:27)
	at org.junit.rules.ExpectedException$ExpectedExceptionStatement.evaluate(ExpectedException.java:239)
	at org.junit.internal.runners.statements.FailOnTimeout$CallableStatement.call(FailOnTimeout.java:298)
	at org.junit.internal.runners.statements.FailOnTimeout$CallableStatement.call(FailOnTimeout.java:292)
	at java.util.concurrent.FutureTask.run(FutureTask.java:266)
	at java.lang.Thread.run(Thread.java:748)


updating test result for file org.apache.hadoop.hdfs.protocol.datatransfer.sasl.TestSaslDataTransfer#testAuthentication
v1v1 running time = 27678743246
updating test result for file org.apache.hadoop.hdfs.protocol.datatransfer.sasl.TestSaslDataTransfer#testAuthentication
v2v2 running time = 25566623741
---> v1v1 and v2v2 test test suceeded.
updating test result for file org.apache.hadoop.hdfs.protocol.datatransfer.sasl.TestSaslDataTransfer#testAuthentication
v1v2 running time = 28122370216
---> v1v2 test failed.
proj: hdfs
u_test: org.apache.hadoop.hdfs.protocol.datatransfer.sasl.TestSaslDataTransfer#testAuthentication
h_list: dfs.blockreport.incremental.intervalMsec@@@hdfs:DataNode@@@-2@@@1000@@@0
vv_mode: v1v2
result: FAIL
failureMessage: expected:<3> but was:<1>
stackTrace: java.lang.AssertionError: expected:<3> but was:<1>
	at org.junit.Assert.fail(Assert.java:88)
	at org.junit.Assert.failNotEquals(Assert.java:834)
	at org.junit.Assert.assertEquals(Assert.java:645)
	at org.junit.Assert.assertEquals(Assert.java:631)
	at org.apache.hadoop.hdfs.protocol.datatransfer.sasl.TestSaslDataTransfer.doTest(TestSaslDataTransfer.java:210)
	at org.apache.hadoop.hdfs.protocol.datatransfer.sasl.TestSaslDataTransfer.testAuthentication(TestSaslDataTransfer.java:97)
	at sun.reflect.NativeMethodAccessorImpl.invoke0(Native Method)
	at sun.reflect.NativeMethodAccessorImpl.invoke(NativeMethodAccessorImpl.java:62)
	at sun.reflect.DelegatingMethodAccessorImpl.invoke(DelegatingMethodAccessorImpl.java:43)
	at java.lang.reflect.Method.invoke(Method.java:498)
	at org.junit.runners.model.FrameworkMethod$1.runReflectiveCall(FrameworkMethod.java:50)
	at org.junit.internal.runners.model.ReflectiveCallable.run(ReflectiveCallable.java:12)
	at org.junit.runners.model.FrameworkMethod.invokeExplosively(FrameworkMethod.java:47)
	at org.junit.internal.runners.statements.InvokeMethod.evaluate(InvokeMethod.java:17)
	at org.junit.internal.runners.statements.RunAfters.evaluate(RunAfters.java:27)
	at org.junit.rules.ExpectedException$ExpectedExceptionStatement.evaluate(ExpectedException.java:239)
	at org.junit.internal.runners.statements.FailOnTimeout$CallableStatement.call(FailOnTimeout.java:298)
	at org.junit.internal.runners.statements.FailOnTimeout$CallableStatement.call(FailOnTimeout.java:292)
	at java.util.concurrent.FutureTask.run(FutureTask.java:266)
	at java.lang.Thread.run(Thread.java:748)


updating test result for file org.apache.hadoop.hdfs.protocol.datatransfer.sasl.TestSaslDataTransfer#testAuthentication
v1v1 running time = 29548031002
updating test result for file org.apache.hadoop.hdfs.protocol.datatransfer.sasl.TestSaslDataTransfer#testAuthentication
v2v2 running time = 22170679380
---> v1v1 and v2v2 test test suceeded.
updating test result for file org.apache.hadoop.hdfs.protocol.datatransfer.sasl.TestSaslDataTransfer#testAuthentication
v1v2 running time = 29648614822
---> v1v2 test failed.
proj: hdfs
u_test: org.apache.hadoop.hdfs.protocol.datatransfer.sasl.TestSaslDataTransfer#testAuthentication
h_list: dfs.blockreport.incremental.intervalMsec@@@hdfs:DataNode@@@-2@@@1000@@@0
vv_mode: v1v2
result: FAIL
failureMessage: expected:<3> but was:<1>
stackTrace: java.lang.AssertionError: expected:<3> but was:<1>
	at org.junit.Assert.fail(Assert.java:88)
	at org.junit.Assert.failNotEquals(Assert.java:834)
	at org.junit.Assert.assertEquals(Assert.java:645)
	at org.junit.Assert.assertEquals(Assert.java:631)
	at org.apache.hadoop.hdfs.protocol.datatransfer.sasl.TestSaslDataTransfer.doTest(TestSaslDataTransfer.java:210)
	at org.apache.hadoop.hdfs.protocol.datatransfer.sasl.TestSaslDataTransfer.testAuthentication(TestSaslDataTransfer.java:97)
	at sun.reflect.NativeMethodAccessorImpl.invoke0(Native Method)
	at sun.reflect.NativeMethodAccessorImpl.invoke(NativeMethodAccessorImpl.java:62)
	at sun.reflect.DelegatingMethodAccessorImpl.invoke(DelegatingMethodAccessorImpl.java:43)
	at java.lang.reflect.Method.invoke(Method.java:498)
	at org.junit.runners.model.FrameworkMethod$1.runReflectiveCall(FrameworkMethod.java:50)
	at org.junit.internal.runners.model.ReflectiveCallable.run(ReflectiveCallable.java:12)
	at org.junit.runners.model.FrameworkMethod.invokeExplosively(FrameworkMethod.java:47)
	at org.junit.internal.runners.statements.InvokeMethod.evaluate(InvokeMethod.java:17)
	at org.junit.internal.runners.statements.RunAfters.evaluate(RunAfters.java:27)
	at org.junit.rules.ExpectedException$ExpectedExceptionStatement.evaluate(ExpectedException.java:239)
	at org.junit.internal.runners.statements.FailOnTimeout$CallableStatement.call(FailOnTimeout.java:298)
	at org.junit.internal.runners.statements.FailOnTimeout$CallableStatement.call(FailOnTimeout.java:292)
	at java.util.concurrent.FutureTask.run(FutureTask.java:266)
	at java.lang.Thread.run(Thread.java:748)


updating test result for file org.apache.hadoop.hdfs.protocol.datatransfer.sasl.TestSaslDataTransfer#testAuthentication
v1v1 running time = 30257993284
updating test result for file org.apache.hadoop.hdfs.protocol.datatransfer.sasl.TestSaslDataTransfer#testAuthentication
v2v2 running time = 25374416154
---> v1v1 and v2v2 test test suceeded.
updating test result for file org.apache.hadoop.hdfs.protocol.datatransfer.sasl.TestSaslDataTransfer#testAuthentication
v1v2 running time = 28378919341
---> v1v2 test failed.
proj: hdfs
u_test: org.apache.hadoop.hdfs.protocol.datatransfer.sasl.TestSaslDataTransfer#testAuthentication
h_list: dfs.blockreport.incremental.intervalMsec@@@hdfs:DataNode@@@-2@@@1000@@@0
vv_mode: v1v2
result: FAIL
failureMessage: expected:<3> but was:<1>
stackTrace: java.lang.AssertionError: expected:<3> but was:<1>
	at org.junit.Assert.fail(Assert.java:88)
	at org.junit.Assert.failNotEquals(Assert.java:834)
	at org.junit.Assert.assertEquals(Assert.java:645)
	at org.junit.Assert.assertEquals(Assert.java:631)
	at org.apache.hadoop.hdfs.protocol.datatransfer.sasl.TestSaslDataTransfer.doTest(TestSaslDataTransfer.java:210)
	at org.apache.hadoop.hdfs.protocol.datatransfer.sasl.TestSaslDataTransfer.testAuthentication(TestSaslDataTransfer.java:97)
	at sun.reflect.NativeMethodAccessorImpl.invoke0(Native Method)
	at sun.reflect.NativeMethodAccessorImpl.invoke(NativeMethodAccessorImpl.java:62)
	at sun.reflect.DelegatingMethodAccessorImpl.invoke(DelegatingMethodAccessorImpl.java:43)
	at java.lang.reflect.Method.invoke(Method.java:498)
	at org.junit.runners.model.FrameworkMethod$1.runReflectiveCall(FrameworkMethod.java:50)
	at org.junit.internal.runners.model.ReflectiveCallable.run(ReflectiveCallable.java:12)
	at org.junit.runners.model.FrameworkMethod.invokeExplosively(FrameworkMethod.java:47)
	at org.junit.internal.runners.statements.InvokeMethod.evaluate(InvokeMethod.java:17)
	at org.junit.internal.runners.statements.RunAfters.evaluate(RunAfters.java:27)
	at org.junit.rules.ExpectedException$ExpectedExceptionStatement.evaluate(ExpectedException.java:239)
	at org.junit.internal.runners.statements.FailOnTimeout$CallableStatement.call(FailOnTimeout.java:298)
	at org.junit.internal.runners.statements.FailOnTimeout$CallableStatement.call(FailOnTimeout.java:292)
	at java.util.concurrent.FutureTask.run(FutureTask.java:266)
	at java.lang.Thread.run(Thread.java:748)


updating test result for file org.apache.hadoop.hdfs.protocol.datatransfer.sasl.TestSaslDataTransfer#testAuthentication
v1v1 running time = 24766559183
updating test result for file org.apache.hadoop.hdfs.protocol.datatransfer.sasl.TestSaslDataTransfer#testAuthentication
v2v2 running time = 19826371314
---> v1v1 and v2v2 test test suceeded.
early stop after 7 is satisfied
v1v2 failed with probability 7 out of 7
v1v1v2v2 failed with probability 0 out of 7
Total execution time in seconds : 540
0
