my_type=hypothesis
proj=hdfs
u_test=org.apache.hadoop.hdfs.TestRollingUpgrade#testCheckpointWithMultipleNN
h_list[1]=dfs.ha.tail-edits.period.backoff-max@@@hdfs:NameNode@@@-2@@@0@@@100s
proj: hdfs
u_test: org.apache.hadoop.hdfs.TestRollingUpgrade#testCheckpointWithMultipleNN
h_list: dfs.ha.tail-edits.period.backoff-max@@@hdfs:NameNode@@@-2@@@0@@@100s
updating test result for file org.apache.hadoop.hdfs.TestRollingUpgrade#testCheckpointWithMultipleNN
v1v2 running time = 20924628513
---> v1v2 test failed.
proj: hdfs
u_test: org.apache.hadoop.hdfs.TestRollingUpgrade#testCheckpointWithMultipleNN
h_list: dfs.ha.tail-edits.period.backoff-max@@@hdfs:NameNode@@@-2@@@0@@@100s
vv_mode: v1v2
result: FAIL
failureMessage: new checkpoint does not exist
stackTrace: java.lang.AssertionError: new checkpoint does not exist
	at org.junit.Assert.fail(Assert.java:88)
	at org.apache.hadoop.hdfs.TestRollingUpgrade.verifyNNCheckpoint(TestRollingUpgrade.java:671)
	at org.apache.hadoop.hdfs.TestRollingUpgrade.testCheckpoint(TestRollingUpgrade.java:648)
	at org.apache.hadoop.hdfs.TestRollingUpgrade.testCheckpointWithMultipleNN(TestRollingUpgrade.java:571)
	at sun.reflect.NativeMethodAccessorImpl.invoke0(Native Method)
	at sun.reflect.NativeMethodAccessorImpl.invoke(NativeMethodAccessorImpl.java:62)
	at sun.reflect.DelegatingMethodAccessorImpl.invoke(DelegatingMethodAccessorImpl.java:43)
	at java.lang.reflect.Method.invoke(Method.java:498)
	at org.junit.runners.model.FrameworkMethod$1.runReflectiveCall(FrameworkMethod.java:50)
	at org.junit.internal.runners.model.ReflectiveCallable.run(ReflectiveCallable.java:12)
	at org.junit.runners.model.FrameworkMethod.invokeExplosively(FrameworkMethod.java:47)
	at org.junit.internal.runners.statements.InvokeMethod.evaluate(InvokeMethod.java:17)
	at org.junit.internal.runners.statements.FailOnTimeout$CallableStatement.call(FailOnTimeout.java:298)
	at org.junit.internal.runners.statements.FailOnTimeout$CallableStatement.call(FailOnTimeout.java:292)
	at java.util.concurrent.FutureTask.run(FutureTask.java:266)
	at java.lang.Thread.run(Thread.java:748)


updating test result for file org.apache.hadoop.hdfs.TestRollingUpgrade#testCheckpointWithMultipleNN
v1v1 running time = 22659523036
updating test result for file org.apache.hadoop.hdfs.TestRollingUpgrade#testCheckpointWithMultipleNN
v2v2 running time = 19925017972
---> v1v1 and v2v2 test test suceeded.
updating test result for file org.apache.hadoop.hdfs.TestRollingUpgrade#testCheckpointWithMultipleNN
v1v2 running time = 20368236579
---> v1v2 test failed.
proj: hdfs
u_test: org.apache.hadoop.hdfs.TestRollingUpgrade#testCheckpointWithMultipleNN
h_list: dfs.ha.tail-edits.period.backoff-max@@@hdfs:NameNode@@@-2@@@0@@@100s
vv_mode: v1v2
result: FAIL
failureMessage: new checkpoint does not exist
stackTrace: java.lang.AssertionError: new checkpoint does not exist
	at org.junit.Assert.fail(Assert.java:88)
	at org.apache.hadoop.hdfs.TestRollingUpgrade.verifyNNCheckpoint(TestRollingUpgrade.java:671)
	at org.apache.hadoop.hdfs.TestRollingUpgrade.testCheckpoint(TestRollingUpgrade.java:648)
	at org.apache.hadoop.hdfs.TestRollingUpgrade.testCheckpointWithMultipleNN(TestRollingUpgrade.java:571)
	at sun.reflect.NativeMethodAccessorImpl.invoke0(Native Method)
	at sun.reflect.NativeMethodAccessorImpl.invoke(NativeMethodAccessorImpl.java:62)
	at sun.reflect.DelegatingMethodAccessorImpl.invoke(DelegatingMethodAccessorImpl.java:43)
	at java.lang.reflect.Method.invoke(Method.java:498)
	at org.junit.runners.model.FrameworkMethod$1.runReflectiveCall(FrameworkMethod.java:50)
	at org.junit.internal.runners.model.ReflectiveCallable.run(ReflectiveCallable.java:12)
	at org.junit.runners.model.FrameworkMethod.invokeExplosively(FrameworkMethod.java:47)
	at org.junit.internal.runners.statements.InvokeMethod.evaluate(InvokeMethod.java:17)
	at org.junit.internal.runners.statements.FailOnTimeout$CallableStatement.call(FailOnTimeout.java:298)
	at org.junit.internal.runners.statements.FailOnTimeout$CallableStatement.call(FailOnTimeout.java:292)
	at java.util.concurrent.FutureTask.run(FutureTask.java:266)
	at java.lang.Thread.run(Thread.java:748)


updating test result for file org.apache.hadoop.hdfs.TestRollingUpgrade#testCheckpointWithMultipleNN
v1v1 running time = 16264141139
updating test result for file org.apache.hadoop.hdfs.TestRollingUpgrade#testCheckpointWithMultipleNN
v2v2 running time = 17568990914
---> v1v1 and v2v2 test test suceeded.
updating test result for file org.apache.hadoop.hdfs.TestRollingUpgrade#testCheckpointWithMultipleNN
v1v2 running time = 18406463095
---> v1v2 test failed.
proj: hdfs
u_test: org.apache.hadoop.hdfs.TestRollingUpgrade#testCheckpointWithMultipleNN
h_list: dfs.ha.tail-edits.period.backoff-max@@@hdfs:NameNode@@@-2@@@0@@@100s
vv_mode: v1v2
result: FAIL
failureMessage: new checkpoint does not exist
stackTrace: java.lang.AssertionError: new checkpoint does not exist
	at org.junit.Assert.fail(Assert.java:88)
	at org.apache.hadoop.hdfs.TestRollingUpgrade.verifyNNCheckpoint(TestRollingUpgrade.java:671)
	at org.apache.hadoop.hdfs.TestRollingUpgrade.testCheckpoint(TestRollingUpgrade.java:648)
	at org.apache.hadoop.hdfs.TestRollingUpgrade.testCheckpointWithMultipleNN(TestRollingUpgrade.java:571)
	at sun.reflect.NativeMethodAccessorImpl.invoke0(Native Method)
	at sun.reflect.NativeMethodAccessorImpl.invoke(NativeMethodAccessorImpl.java:62)
	at sun.reflect.DelegatingMethodAccessorImpl.invoke(DelegatingMethodAccessorImpl.java:43)
	at java.lang.reflect.Method.invoke(Method.java:498)
	at org.junit.runners.model.FrameworkMethod$1.runReflectiveCall(FrameworkMethod.java:50)
	at org.junit.internal.runners.model.ReflectiveCallable.run(ReflectiveCallable.java:12)
	at org.junit.runners.model.FrameworkMethod.invokeExplosively(FrameworkMethod.java:47)
	at org.junit.internal.runners.statements.InvokeMethod.evaluate(InvokeMethod.java:17)
	at org.junit.internal.runners.statements.FailOnTimeout$CallableStatement.call(FailOnTimeout.java:298)
	at org.junit.internal.runners.statements.FailOnTimeout$CallableStatement.call(FailOnTimeout.java:292)
	at java.util.concurrent.FutureTask.run(FutureTask.java:266)
	at java.lang.Thread.run(Thread.java:748)


updating test result for file org.apache.hadoop.hdfs.TestRollingUpgrade#testCheckpointWithMultipleNN
v1v1 running time = 16643348455
updating test result for file org.apache.hadoop.hdfs.TestRollingUpgrade#testCheckpointWithMultipleNN
v2v2 running time = 19670988968
---> v1v1 and v2v2 test test suceeded.
updating test result for file org.apache.hadoop.hdfs.TestRollingUpgrade#testCheckpointWithMultipleNN
v1v2 running time = 21698173969
---> v1v2 test failed.
proj: hdfs
u_test: org.apache.hadoop.hdfs.TestRollingUpgrade#testCheckpointWithMultipleNN
h_list: dfs.ha.tail-edits.period.backoff-max@@@hdfs:NameNode@@@-2@@@0@@@100s
vv_mode: v1v2
result: FAIL
failureMessage: new checkpoint does not exist
stackTrace: java.lang.AssertionError: new checkpoint does not exist
	at org.junit.Assert.fail(Assert.java:88)
	at org.apache.hadoop.hdfs.TestRollingUpgrade.verifyNNCheckpoint(TestRollingUpgrade.java:671)
	at org.apache.hadoop.hdfs.TestRollingUpgrade.testCheckpoint(TestRollingUpgrade.java:648)
	at org.apache.hadoop.hdfs.TestRollingUpgrade.testCheckpointWithMultipleNN(TestRollingUpgrade.java:571)
	at sun.reflect.NativeMethodAccessorImpl.invoke0(Native Method)
	at sun.reflect.NativeMethodAccessorImpl.invoke(NativeMethodAccessorImpl.java:62)
	at sun.reflect.DelegatingMethodAccessorImpl.invoke(DelegatingMethodAccessorImpl.java:43)
	at java.lang.reflect.Method.invoke(Method.java:498)
	at org.junit.runners.model.FrameworkMethod$1.runReflectiveCall(FrameworkMethod.java:50)
	at org.junit.internal.runners.model.ReflectiveCallable.run(ReflectiveCallable.java:12)
	at org.junit.runners.model.FrameworkMethod.invokeExplosively(FrameworkMethod.java:47)
	at org.junit.internal.runners.statements.InvokeMethod.evaluate(InvokeMethod.java:17)
	at org.junit.internal.runners.statements.FailOnTimeout$CallableStatement.call(FailOnTimeout.java:298)
	at org.junit.internal.runners.statements.FailOnTimeout$CallableStatement.call(FailOnTimeout.java:292)
	at java.util.concurrent.FutureTask.run(FutureTask.java:266)
	at java.lang.Thread.run(Thread.java:748)


updating test result for file org.apache.hadoop.hdfs.TestRollingUpgrade#testCheckpointWithMultipleNN
v1v1 running time = 19544240389
updating test result for file org.apache.hadoop.hdfs.TestRollingUpgrade#testCheckpointWithMultipleNN
v2v2 running time = 20792341106
---> v1v1 and v2v2 test test suceeded.
updating test result for file org.apache.hadoop.hdfs.TestRollingUpgrade#testCheckpointWithMultipleNN
v1v2 running time = 23614202824
---> v1v2 test failed.
proj: hdfs
u_test: org.apache.hadoop.hdfs.TestRollingUpgrade#testCheckpointWithMultipleNN
h_list: dfs.ha.tail-edits.period.backoff-max@@@hdfs:NameNode@@@-2@@@0@@@100s
vv_mode: v1v2
result: FAIL
failureMessage: new checkpoint does not exist
stackTrace: java.lang.AssertionError: new checkpoint does not exist
	at org.junit.Assert.fail(Assert.java:88)
	at org.apache.hadoop.hdfs.TestRollingUpgrade.verifyNNCheckpoint(TestRollingUpgrade.java:671)
	at org.apache.hadoop.hdfs.TestRollingUpgrade.testCheckpoint(TestRollingUpgrade.java:648)
	at org.apache.hadoop.hdfs.TestRollingUpgrade.testCheckpointWithMultipleNN(TestRollingUpgrade.java:571)
	at sun.reflect.NativeMethodAccessorImpl.invoke0(Native Method)
	at sun.reflect.NativeMethodAccessorImpl.invoke(NativeMethodAccessorImpl.java:62)
	at sun.reflect.DelegatingMethodAccessorImpl.invoke(DelegatingMethodAccessorImpl.java:43)
	at java.lang.reflect.Method.invoke(Method.java:498)
	at org.junit.runners.model.FrameworkMethod$1.runReflectiveCall(FrameworkMethod.java:50)
	at org.junit.internal.runners.model.ReflectiveCallable.run(ReflectiveCallable.java:12)
	at org.junit.runners.model.FrameworkMethod.invokeExplosively(FrameworkMethod.java:47)
	at org.junit.internal.runners.statements.InvokeMethod.evaluate(InvokeMethod.java:17)
	at org.junit.internal.runners.statements.FailOnTimeout$CallableStatement.call(FailOnTimeout.java:298)
	at org.junit.internal.runners.statements.FailOnTimeout$CallableStatement.call(FailOnTimeout.java:292)
	at java.util.concurrent.FutureTask.run(FutureTask.java:266)
	at java.lang.Thread.run(Thread.java:748)


updating test result for file org.apache.hadoop.hdfs.TestRollingUpgrade#testCheckpointWithMultipleNN
v1v1 running time = 24173858164
updating test result for file org.apache.hadoop.hdfs.TestRollingUpgrade#testCheckpointWithMultipleNN
v2v2 running time = 24784182583
---> v1v1 and v2v2 test test suceeded.
updating test result for file org.apache.hadoop.hdfs.TestRollingUpgrade#testCheckpointWithMultipleNN
v1v2 running time = 25841273560
---> v1v2 test failed.
proj: hdfs
u_test: org.apache.hadoop.hdfs.TestRollingUpgrade#testCheckpointWithMultipleNN
h_list: dfs.ha.tail-edits.period.backoff-max@@@hdfs:NameNode@@@-2@@@0@@@100s
vv_mode: v1v2
result: FAIL
failureMessage: new checkpoint does not exist
stackTrace: java.lang.AssertionError: new checkpoint does not exist
	at org.junit.Assert.fail(Assert.java:88)
	at org.apache.hadoop.hdfs.TestRollingUpgrade.verifyNNCheckpoint(TestRollingUpgrade.java:671)
	at org.apache.hadoop.hdfs.TestRollingUpgrade.testCheckpoint(TestRollingUpgrade.java:648)
	at org.apache.hadoop.hdfs.TestRollingUpgrade.testCheckpointWithMultipleNN(TestRollingUpgrade.java:571)
	at sun.reflect.NativeMethodAccessorImpl.invoke0(Native Method)
	at sun.reflect.NativeMethodAccessorImpl.invoke(NativeMethodAccessorImpl.java:62)
	at sun.reflect.DelegatingMethodAccessorImpl.invoke(DelegatingMethodAccessorImpl.java:43)
	at java.lang.reflect.Method.invoke(Method.java:498)
	at org.junit.runners.model.FrameworkMethod$1.runReflectiveCall(FrameworkMethod.java:50)
	at org.junit.internal.runners.model.ReflectiveCallable.run(ReflectiveCallable.java:12)
	at org.junit.runners.model.FrameworkMethod.invokeExplosively(FrameworkMethod.java:47)
	at org.junit.internal.runners.statements.InvokeMethod.evaluate(InvokeMethod.java:17)
	at org.junit.internal.runners.statements.FailOnTimeout$CallableStatement.call(FailOnTimeout.java:298)
	at org.junit.internal.runners.statements.FailOnTimeout$CallableStatement.call(FailOnTimeout.java:292)
	at java.util.concurrent.FutureTask.run(FutureTask.java:266)
	at java.lang.Thread.run(Thread.java:748)


updating test result for file org.apache.hadoop.hdfs.TestRollingUpgrade#testCheckpointWithMultipleNN
v1v1 running time = 15545114647
updating test result for file org.apache.hadoop.hdfs.TestRollingUpgrade#testCheckpointWithMultipleNN
v2v2 running time = 19510621532
---> v1v1 and v2v2 test test suceeded.
updating test result for file org.apache.hadoop.hdfs.TestRollingUpgrade#testCheckpointWithMultipleNN
v1v2 running time = 22076597448
---> v1v2 test failed.
proj: hdfs
u_test: org.apache.hadoop.hdfs.TestRollingUpgrade#testCheckpointWithMultipleNN
h_list: dfs.ha.tail-edits.period.backoff-max@@@hdfs:NameNode@@@-2@@@0@@@100s
vv_mode: v1v2
result: FAIL
failureMessage: new checkpoint does not exist
stackTrace: java.lang.AssertionError: new checkpoint does not exist
	at org.junit.Assert.fail(Assert.java:88)
	at org.apache.hadoop.hdfs.TestRollingUpgrade.verifyNNCheckpoint(TestRollingUpgrade.java:671)
	at org.apache.hadoop.hdfs.TestRollingUpgrade.testCheckpoint(TestRollingUpgrade.java:648)
	at org.apache.hadoop.hdfs.TestRollingUpgrade.testCheckpointWithMultipleNN(TestRollingUpgrade.java:571)
	at sun.reflect.NativeMethodAccessorImpl.invoke0(Native Method)
	at sun.reflect.NativeMethodAccessorImpl.invoke(NativeMethodAccessorImpl.java:62)
	at sun.reflect.DelegatingMethodAccessorImpl.invoke(DelegatingMethodAccessorImpl.java:43)
	at java.lang.reflect.Method.invoke(Method.java:498)
	at org.junit.runners.model.FrameworkMethod$1.runReflectiveCall(FrameworkMethod.java:50)
	at org.junit.internal.runners.model.ReflectiveCallable.run(ReflectiveCallable.java:12)
	at org.junit.runners.model.FrameworkMethod.invokeExplosively(FrameworkMethod.java:47)
	at org.junit.internal.runners.statements.InvokeMethod.evaluate(InvokeMethod.java:17)
	at org.junit.internal.runners.statements.FailOnTimeout$CallableStatement.call(FailOnTimeout.java:298)
	at org.junit.internal.runners.statements.FailOnTimeout$CallableStatement.call(FailOnTimeout.java:292)
	at java.util.concurrent.FutureTask.run(FutureTask.java:266)
	at java.lang.Thread.run(Thread.java:748)


updating test result for file org.apache.hadoop.hdfs.TestRollingUpgrade#testCheckpointWithMultipleNN
v1v1 running time = 17793823000
updating test result for file org.apache.hadoop.hdfs.TestRollingUpgrade#testCheckpointWithMultipleNN
v2v2 running time = 19544833923
---> v1v1 and v2v2 test test suceeded.
early stop after 7 is satisfied
v1v2 failed with probability 7 out of 7
v1v1v2v2 failed with probability 0 out of 7
Total execution time in seconds : 427
0
