my_type=hypothesis
proj=hdfs
u_test=org.apache.hadoop.hdfs.protocol.datatransfer.sasl.TestSaslDataTransfer#testNoSaslAndSecurePortsIgnored
h_list[1]=dfs.blockreport.incremental.intervalMsec@@@hdfs:DataNode@@@-1@@@0@@@10000000
proj: hdfs
u_test: org.apache.hadoop.hdfs.protocol.datatransfer.sasl.TestSaslDataTransfer#testNoSaslAndSecurePortsIgnored
h_list: dfs.blockreport.incremental.intervalMsec@@@hdfs:DataNode@@@-1@@@0@@@10000000
updating test result for file org.apache.hadoop.hdfs.protocol.datatransfer.sasl.TestSaslDataTransfer#testNoSaslAndSecurePortsIgnored
v1v2 running time = 15580498935
---> v1v2 test failed.
proj: hdfs
u_test: org.apache.hadoop.hdfs.protocol.datatransfer.sasl.TestSaslDataTransfer#testNoSaslAndSecurePortsIgnored
h_list: dfs.blockreport.incremental.intervalMsec@@@hdfs:DataNode@@@-1@@@0@@@10000000
vv_mode: v1v2
result: FAIL
failureMessage: expected:<3> but was:<1>
stackTrace: java.lang.AssertionError: expected:<3> but was:<1>
	at org.junit.Assert.fail(Assert.java:88)
	at org.junit.Assert.failNotEquals(Assert.java:834)
	at org.junit.Assert.assertEquals(Assert.java:645)
	at org.junit.Assert.assertEquals(Assert.java:631)
	at org.apache.hadoop.hdfs.protocol.datatransfer.sasl.TestSaslDataTransfer.doTest(TestSaslDataTransfer.java:210)
	at org.apache.hadoop.hdfs.protocol.datatransfer.sasl.TestSaslDataTransfer.testNoSaslAndSecurePortsIgnored(TestSaslDataTransfer.java:190)
	at sun.reflect.NativeMethodAccessorImpl.invoke0(Native Method)
	at sun.reflect.NativeMethodAccessorImpl.invoke(NativeMethodAccessorImpl.java:62)
	at sun.reflect.DelegatingMethodAccessorImpl.invoke(DelegatingMethodAccessorImpl.java:43)
	at java.lang.reflect.Method.invoke(Method.java:498)
	at org.junit.runners.model.FrameworkMethod$1.runReflectiveCall(FrameworkMethod.java:50)
	at org.junit.internal.runners.model.ReflectiveCallable.run(ReflectiveCallable.java:12)
	at org.junit.runners.model.FrameworkMethod.invokeExplosively(FrameworkMethod.java:47)
	at org.junit.internal.runners.statements.InvokeMethod.evaluate(InvokeMethod.java:17)
	at org.junit.internal.runners.statements.RunAfters.evaluate(RunAfters.java:27)
	at org.junit.rules.ExpectedException$ExpectedExceptionStatement.evaluate(ExpectedException.java:239)
	at org.junit.internal.runners.statements.FailOnTimeout$CallableStatement.call(FailOnTimeout.java:298)
	at org.junit.internal.runners.statements.FailOnTimeout$CallableStatement.call(FailOnTimeout.java:292)
	at java.util.concurrent.FutureTask.run(FutureTask.java:266)
	at java.lang.Thread.run(Thread.java:748)


updating test result for file org.apache.hadoop.hdfs.protocol.datatransfer.sasl.TestSaslDataTransfer#testNoSaslAndSecurePortsIgnored
v1v1 running time = 14363127683
updating test result for file org.apache.hadoop.hdfs.protocol.datatransfer.sasl.TestSaslDataTransfer#testNoSaslAndSecurePortsIgnored
v2v2 running time = 19367083244
---> v1v1 and v2v2 test test suceeded.
updating test result for file org.apache.hadoop.hdfs.protocol.datatransfer.sasl.TestSaslDataTransfer#testNoSaslAndSecurePortsIgnored
v1v2 running time = 16897558210
---> v1v2 test failed.
proj: hdfs
u_test: org.apache.hadoop.hdfs.protocol.datatransfer.sasl.TestSaslDataTransfer#testNoSaslAndSecurePortsIgnored
h_list: dfs.blockreport.incremental.intervalMsec@@@hdfs:DataNode@@@-1@@@0@@@10000000
vv_mode: v1v2
result: FAIL
failureMessage: expected:<3> but was:<1>
stackTrace: java.lang.AssertionError: expected:<3> but was:<1>
	at org.junit.Assert.fail(Assert.java:88)
	at org.junit.Assert.failNotEquals(Assert.java:834)
	at org.junit.Assert.assertEquals(Assert.java:645)
	at org.junit.Assert.assertEquals(Assert.java:631)
	at org.apache.hadoop.hdfs.protocol.datatransfer.sasl.TestSaslDataTransfer.doTest(TestSaslDataTransfer.java:210)
	at org.apache.hadoop.hdfs.protocol.datatransfer.sasl.TestSaslDataTransfer.testNoSaslAndSecurePortsIgnored(TestSaslDataTransfer.java:190)
	at sun.reflect.NativeMethodAccessorImpl.invoke0(Native Method)
	at sun.reflect.NativeMethodAccessorImpl.invoke(NativeMethodAccessorImpl.java:62)
	at sun.reflect.DelegatingMethodAccessorImpl.invoke(DelegatingMethodAccessorImpl.java:43)
	at java.lang.reflect.Method.invoke(Method.java:498)
	at org.junit.runners.model.FrameworkMethod$1.runReflectiveCall(FrameworkMethod.java:50)
	at org.junit.internal.runners.model.ReflectiveCallable.run(ReflectiveCallable.java:12)
	at org.junit.runners.model.FrameworkMethod.invokeExplosively(FrameworkMethod.java:47)
	at org.junit.internal.runners.statements.InvokeMethod.evaluate(InvokeMethod.java:17)
	at org.junit.internal.runners.statements.RunAfters.evaluate(RunAfters.java:27)
	at org.junit.rules.ExpectedException$ExpectedExceptionStatement.evaluate(ExpectedException.java:239)
	at org.junit.internal.runners.statements.FailOnTimeout$CallableStatement.call(FailOnTimeout.java:298)
	at org.junit.internal.runners.statements.FailOnTimeout$CallableStatement.call(FailOnTimeout.java:292)
	at java.util.concurrent.FutureTask.run(FutureTask.java:266)
	at java.lang.Thread.run(Thread.java:748)


updating test result for file org.apache.hadoop.hdfs.protocol.datatransfer.sasl.TestSaslDataTransfer#testNoSaslAndSecurePortsIgnored
v1v1 running time = 16689177973
updating test result for file org.apache.hadoop.hdfs.protocol.datatransfer.sasl.TestSaslDataTransfer#testNoSaslAndSecurePortsIgnored
v2v2 running time = 18449570328
---> v1v1 and v2v2 test test suceeded.
updating test result for file org.apache.hadoop.hdfs.protocol.datatransfer.sasl.TestSaslDataTransfer#testNoSaslAndSecurePortsIgnored
v1v2 running time = 18818410859
---> v1v2 test failed.
proj: hdfs
u_test: org.apache.hadoop.hdfs.protocol.datatransfer.sasl.TestSaslDataTransfer#testNoSaslAndSecurePortsIgnored
h_list: dfs.blockreport.incremental.intervalMsec@@@hdfs:DataNode@@@-1@@@0@@@10000000
vv_mode: v1v2
result: FAIL
failureMessage: expected:<3> but was:<1>
stackTrace: java.lang.AssertionError: expected:<3> but was:<1>
	at org.junit.Assert.fail(Assert.java:88)
	at org.junit.Assert.failNotEquals(Assert.java:834)
	at org.junit.Assert.assertEquals(Assert.java:645)
	at org.junit.Assert.assertEquals(Assert.java:631)
	at org.apache.hadoop.hdfs.protocol.datatransfer.sasl.TestSaslDataTransfer.doTest(TestSaslDataTransfer.java:210)
	at org.apache.hadoop.hdfs.protocol.datatransfer.sasl.TestSaslDataTransfer.testNoSaslAndSecurePortsIgnored(TestSaslDataTransfer.java:190)
	at sun.reflect.NativeMethodAccessorImpl.invoke0(Native Method)
	at sun.reflect.NativeMethodAccessorImpl.invoke(NativeMethodAccessorImpl.java:62)
	at sun.reflect.DelegatingMethodAccessorImpl.invoke(DelegatingMethodAccessorImpl.java:43)
	at java.lang.reflect.Method.invoke(Method.java:498)
	at org.junit.runners.model.FrameworkMethod$1.runReflectiveCall(FrameworkMethod.java:50)
	at org.junit.internal.runners.model.ReflectiveCallable.run(ReflectiveCallable.java:12)
	at org.junit.runners.model.FrameworkMethod.invokeExplosively(FrameworkMethod.java:47)
	at org.junit.internal.runners.statements.InvokeMethod.evaluate(InvokeMethod.java:17)
	at org.junit.internal.runners.statements.RunAfters.evaluate(RunAfters.java:27)
	at org.junit.rules.ExpectedException$ExpectedExceptionStatement.evaluate(ExpectedException.java:239)
	at org.junit.internal.runners.statements.FailOnTimeout$CallableStatement.call(FailOnTimeout.java:298)
	at org.junit.internal.runners.statements.FailOnTimeout$CallableStatement.call(FailOnTimeout.java:292)
	at java.util.concurrent.FutureTask.run(FutureTask.java:266)
	at java.lang.Thread.run(Thread.java:748)


updating test result for file org.apache.hadoop.hdfs.protocol.datatransfer.sasl.TestSaslDataTransfer#testNoSaslAndSecurePortsIgnored
v1v1 running time = 15797021034
updating test result for file org.apache.hadoop.hdfs.protocol.datatransfer.sasl.TestSaslDataTransfer#testNoSaslAndSecurePortsIgnored
v2v2 running time = 17418038362
---> v1v1 and v2v2 test test suceeded.
updating test result for file org.apache.hadoop.hdfs.protocol.datatransfer.sasl.TestSaslDataTransfer#testNoSaslAndSecurePortsIgnored
v1v2 running time = 15921550476
---> v1v2 test failed.
proj: hdfs
u_test: org.apache.hadoop.hdfs.protocol.datatransfer.sasl.TestSaslDataTransfer#testNoSaslAndSecurePortsIgnored
h_list: dfs.blockreport.incremental.intervalMsec@@@hdfs:DataNode@@@-1@@@0@@@10000000
vv_mode: v1v2
result: FAIL
failureMessage: expected:<3> but was:<1>
stackTrace: java.lang.AssertionError: expected:<3> but was:<1>
	at org.junit.Assert.fail(Assert.java:88)
	at org.junit.Assert.failNotEquals(Assert.java:834)
	at org.junit.Assert.assertEquals(Assert.java:645)
	at org.junit.Assert.assertEquals(Assert.java:631)
	at org.apache.hadoop.hdfs.protocol.datatransfer.sasl.TestSaslDataTransfer.doTest(TestSaslDataTransfer.java:210)
	at org.apache.hadoop.hdfs.protocol.datatransfer.sasl.TestSaslDataTransfer.testNoSaslAndSecurePortsIgnored(TestSaslDataTransfer.java:190)
	at sun.reflect.NativeMethodAccessorImpl.invoke0(Native Method)
	at sun.reflect.NativeMethodAccessorImpl.invoke(NativeMethodAccessorImpl.java:62)
	at sun.reflect.DelegatingMethodAccessorImpl.invoke(DelegatingMethodAccessorImpl.java:43)
	at java.lang.reflect.Method.invoke(Method.java:498)
	at org.junit.runners.model.FrameworkMethod$1.runReflectiveCall(FrameworkMethod.java:50)
	at org.junit.internal.runners.model.ReflectiveCallable.run(ReflectiveCallable.java:12)
	at org.junit.runners.model.FrameworkMethod.invokeExplosively(FrameworkMethod.java:47)
	at org.junit.internal.runners.statements.InvokeMethod.evaluate(InvokeMethod.java:17)
	at org.junit.internal.runners.statements.RunAfters.evaluate(RunAfters.java:27)
	at org.junit.rules.ExpectedException$ExpectedExceptionStatement.evaluate(ExpectedException.java:239)
	at org.junit.internal.runners.statements.FailOnTimeout$CallableStatement.call(FailOnTimeout.java:298)
	at org.junit.internal.runners.statements.FailOnTimeout$CallableStatement.call(FailOnTimeout.java:292)
	at java.util.concurrent.FutureTask.run(FutureTask.java:266)
	at java.lang.Thread.run(Thread.java:748)


updating test result for file org.apache.hadoop.hdfs.protocol.datatransfer.sasl.TestSaslDataTransfer#testNoSaslAndSecurePortsIgnored
v1v1 running time = 17567618631
updating test result for file org.apache.hadoop.hdfs.protocol.datatransfer.sasl.TestSaslDataTransfer#testNoSaslAndSecurePortsIgnored
v2v2 running time = 19624825734
---> v1v1 and v2v2 test test suceeded.
updating test result for file org.apache.hadoop.hdfs.protocol.datatransfer.sasl.TestSaslDataTransfer#testNoSaslAndSecurePortsIgnored
v1v2 running time = 19726915765
---> v1v2 test failed.
proj: hdfs
u_test: org.apache.hadoop.hdfs.protocol.datatransfer.sasl.TestSaslDataTransfer#testNoSaslAndSecurePortsIgnored
h_list: dfs.blockreport.incremental.intervalMsec@@@hdfs:DataNode@@@-1@@@0@@@10000000
vv_mode: v1v2
result: FAIL
failureMessage: expected:<3> but was:<1>
stackTrace: java.lang.AssertionError: expected:<3> but was:<1>
	at org.junit.Assert.fail(Assert.java:88)
	at org.junit.Assert.failNotEquals(Assert.java:834)
	at org.junit.Assert.assertEquals(Assert.java:645)
	at org.junit.Assert.assertEquals(Assert.java:631)
	at org.apache.hadoop.hdfs.protocol.datatransfer.sasl.TestSaslDataTransfer.doTest(TestSaslDataTransfer.java:210)
	at org.apache.hadoop.hdfs.protocol.datatransfer.sasl.TestSaslDataTransfer.testNoSaslAndSecurePortsIgnored(TestSaslDataTransfer.java:190)
	at sun.reflect.NativeMethodAccessorImpl.invoke0(Native Method)
	at sun.reflect.NativeMethodAccessorImpl.invoke(NativeMethodAccessorImpl.java:62)
	at sun.reflect.DelegatingMethodAccessorImpl.invoke(DelegatingMethodAccessorImpl.java:43)
	at java.lang.reflect.Method.invoke(Method.java:498)
	at org.junit.runners.model.FrameworkMethod$1.runReflectiveCall(FrameworkMethod.java:50)
	at org.junit.internal.runners.model.ReflectiveCallable.run(ReflectiveCallable.java:12)
	at org.junit.runners.model.FrameworkMethod.invokeExplosively(FrameworkMethod.java:47)
	at org.junit.internal.runners.statements.InvokeMethod.evaluate(InvokeMethod.java:17)
	at org.junit.internal.runners.statements.RunAfters.evaluate(RunAfters.java:27)
	at org.junit.rules.ExpectedException$ExpectedExceptionStatement.evaluate(ExpectedException.java:239)
	at org.junit.internal.runners.statements.FailOnTimeout$CallableStatement.call(FailOnTimeout.java:298)
	at org.junit.internal.runners.statements.FailOnTimeout$CallableStatement.call(FailOnTimeout.java:292)
	at java.util.concurrent.FutureTask.run(FutureTask.java:266)
	at java.lang.Thread.run(Thread.java:748)


updating test result for file org.apache.hadoop.hdfs.protocol.datatransfer.sasl.TestSaslDataTransfer#testNoSaslAndSecurePortsIgnored
v1v1 running time = 17306166759
updating test result for file org.apache.hadoop.hdfs.protocol.datatransfer.sasl.TestSaslDataTransfer#testNoSaslAndSecurePortsIgnored
v2v2 running time = 18275130122
---> v1v1 and v2v2 test test suceeded.
updating test result for file org.apache.hadoop.hdfs.protocol.datatransfer.sasl.TestSaslDataTransfer#testNoSaslAndSecurePortsIgnored
v1v2 running time = 17442893186
---> v1v2 test failed.
proj: hdfs
u_test: org.apache.hadoop.hdfs.protocol.datatransfer.sasl.TestSaslDataTransfer#testNoSaslAndSecurePortsIgnored
h_list: dfs.blockreport.incremental.intervalMsec@@@hdfs:DataNode@@@-1@@@0@@@10000000
vv_mode: v1v2
result: FAIL
failureMessage: expected:<3> but was:<1>
stackTrace: java.lang.AssertionError: expected:<3> but was:<1>
	at org.junit.Assert.fail(Assert.java:88)
	at org.junit.Assert.failNotEquals(Assert.java:834)
	at org.junit.Assert.assertEquals(Assert.java:645)
	at org.junit.Assert.assertEquals(Assert.java:631)
	at org.apache.hadoop.hdfs.protocol.datatransfer.sasl.TestSaslDataTransfer.doTest(TestSaslDataTransfer.java:210)
	at org.apache.hadoop.hdfs.protocol.datatransfer.sasl.TestSaslDataTransfer.testNoSaslAndSecurePortsIgnored(TestSaslDataTransfer.java:190)
	at sun.reflect.NativeMethodAccessorImpl.invoke0(Native Method)
	at sun.reflect.NativeMethodAccessorImpl.invoke(NativeMethodAccessorImpl.java:62)
	at sun.reflect.DelegatingMethodAccessorImpl.invoke(DelegatingMethodAccessorImpl.java:43)
	at java.lang.reflect.Method.invoke(Method.java:498)
	at org.junit.runners.model.FrameworkMethod$1.runReflectiveCall(FrameworkMethod.java:50)
	at org.junit.internal.runners.model.ReflectiveCallable.run(ReflectiveCallable.java:12)
	at org.junit.runners.model.FrameworkMethod.invokeExplosively(FrameworkMethod.java:47)
	at org.junit.internal.runners.statements.InvokeMethod.evaluate(InvokeMethod.java:17)
	at org.junit.internal.runners.statements.RunAfters.evaluate(RunAfters.java:27)
	at org.junit.rules.ExpectedException$ExpectedExceptionStatement.evaluate(ExpectedException.java:239)
	at org.junit.internal.runners.statements.FailOnTimeout$CallableStatement.call(FailOnTimeout.java:298)
	at org.junit.internal.runners.statements.FailOnTimeout$CallableStatement.call(FailOnTimeout.java:292)
	at java.util.concurrent.FutureTask.run(FutureTask.java:266)
	at java.lang.Thread.run(Thread.java:748)


updating test result for file org.apache.hadoop.hdfs.protocol.datatransfer.sasl.TestSaslDataTransfer#testNoSaslAndSecurePortsIgnored
v1v1 running time = 17800756501
updating test result for file org.apache.hadoop.hdfs.protocol.datatransfer.sasl.TestSaslDataTransfer#testNoSaslAndSecurePortsIgnored
v2v2 running time = 18871975333
---> v1v1 and v2v2 test test suceeded.
updating test result for file org.apache.hadoop.hdfs.protocol.datatransfer.sasl.TestSaslDataTransfer#testNoSaslAndSecurePortsIgnored
v1v2 running time = 14882695740
---> v1v2 test failed.
proj: hdfs
u_test: org.apache.hadoop.hdfs.protocol.datatransfer.sasl.TestSaslDataTransfer#testNoSaslAndSecurePortsIgnored
h_list: dfs.blockreport.incremental.intervalMsec@@@hdfs:DataNode@@@-1@@@0@@@10000000
vv_mode: v1v2
result: FAIL
failureMessage: expected:<3> but was:<1>
stackTrace: java.lang.AssertionError: expected:<3> but was:<1>
	at org.junit.Assert.fail(Assert.java:88)
	at org.junit.Assert.failNotEquals(Assert.java:834)
	at org.junit.Assert.assertEquals(Assert.java:645)
	at org.junit.Assert.assertEquals(Assert.java:631)
	at org.apache.hadoop.hdfs.protocol.datatransfer.sasl.TestSaslDataTransfer.doTest(TestSaslDataTransfer.java:210)
	at org.apache.hadoop.hdfs.protocol.datatransfer.sasl.TestSaslDataTransfer.testNoSaslAndSecurePortsIgnored(TestSaslDataTransfer.java:190)
	at sun.reflect.NativeMethodAccessorImpl.invoke0(Native Method)
	at sun.reflect.NativeMethodAccessorImpl.invoke(NativeMethodAccessorImpl.java:62)
	at sun.reflect.DelegatingMethodAccessorImpl.invoke(DelegatingMethodAccessorImpl.java:43)
	at java.lang.reflect.Method.invoke(Method.java:498)
	at org.junit.runners.model.FrameworkMethod$1.runReflectiveCall(FrameworkMethod.java:50)
	at org.junit.internal.runners.model.ReflectiveCallable.run(ReflectiveCallable.java:12)
	at org.junit.runners.model.FrameworkMethod.invokeExplosively(FrameworkMethod.java:47)
	at org.junit.internal.runners.statements.InvokeMethod.evaluate(InvokeMethod.java:17)
	at org.junit.internal.runners.statements.RunAfters.evaluate(RunAfters.java:27)
	at org.junit.rules.ExpectedException$ExpectedExceptionStatement.evaluate(ExpectedException.java:239)
	at org.junit.internal.runners.statements.FailOnTimeout$CallableStatement.call(FailOnTimeout.java:298)
	at org.junit.internal.runners.statements.FailOnTimeout$CallableStatement.call(FailOnTimeout.java:292)
	at java.util.concurrent.FutureTask.run(FutureTask.java:266)
	at java.lang.Thread.run(Thread.java:748)


updating test result for file org.apache.hadoop.hdfs.protocol.datatransfer.sasl.TestSaslDataTransfer#testNoSaslAndSecurePortsIgnored
v1v1 running time = 17015832954
updating test result for file org.apache.hadoop.hdfs.protocol.datatransfer.sasl.TestSaslDataTransfer#testNoSaslAndSecurePortsIgnored
v2v2 running time = 19529912707
---> v1v1 and v2v2 test test suceeded.
early stop after 7 is satisfied
v1v2 failed with probability 7 out of 7
v1v1v2v2 failed with probability 0 out of 7
Total execution time in seconds : 367
0
