my_type=hypothesis
proj=yarn
u_test=org.apache.hadoop.yarn.server.resourcemanager.TestRMRestart#testRMDelegationTokenRestoredOnRMRestart[*]
h_list[1]=yarn.resourcemanager.delegation.token.renew-interval@@@yarn:ResourceManager@@@-1@@@1000@@@86400000
proj: yarn
u_test: org.apache.hadoop.yarn.server.resourcemanager.TestRMRestart#testRMDelegationTokenRestoredOnRMRestart[*]
h_list: yarn.resourcemanager.delegation.token.renew-interval@@@yarn:ResourceManager@@@-1@@@1000@@@86400000
updating test result for file org.apache.hadoop.yarn.server.resourcemanager.TestRMRestart#testRMDelegationTokenRestoredOnRMRestart
v1v2 running time = 13993640893
---> v1v2 test failed.
proj: yarn
u_test: org.apache.hadoop.yarn.server.resourcemanager.TestRMRestart#testRMDelegationTokenRestoredOnRMRestart[*]
h_list: yarn.resourcemanager.delegation.token.renew-interval@@@yarn:ResourceManager@@@-1@@@1000@@@86400000
vv_mode: v1v2
result: FAIL
failureMessage: null
stackTrace: java.lang.AssertionError
	at org.junit.Assert.fail(Assert.java:86)
	at org.junit.Assert.assertTrue(Assert.java:41)
	at org.junit.Assert.assertTrue(Assert.java:52)
	at org.apache.hadoop.yarn.server.resourcemanager.TestRMRestart.testRMDelegationTokenRestoredOnRMRestart(TestRMRestart.java:1576)
	at sun.reflect.NativeMethodAccessorImpl.invoke0(Native Method)
	at sun.reflect.NativeMethodAccessorImpl.invoke(NativeMethodAccessorImpl.java:62)
	at sun.reflect.DelegatingMethodAccessorImpl.invoke(DelegatingMethodAccessorImpl.java:43)
	at java.lang.reflect.Method.invoke(Method.java:498)
	at org.junit.runners.model.FrameworkMethod$1.runReflectiveCall(FrameworkMethod.java:50)
	at org.junit.internal.runners.model.ReflectiveCallable.run(ReflectiveCallable.java:12)
	at org.junit.runners.model.FrameworkMethod.invokeExplosively(FrameworkMethod.java:47)
	at org.junit.internal.runners.statements.InvokeMethod.evaluate(InvokeMethod.java:17)
	at org.junit.internal.runners.statements.FailOnTimeout$CallableStatement.call(FailOnTimeout.java:298)
	at org.junit.internal.runners.statements.FailOnTimeout$CallableStatement.call(FailOnTimeout.java:292)
	at java.util.concurrent.FutureTask.run(FutureTask.java:266)
	at java.lang.Thread.run(Thread.java:748)


updating test result for file org.apache.hadoop.yarn.server.resourcemanager.TestRMRestart#testRMDelegationTokenRestoredOnRMRestart
v1v1 running time = 11887579908
updating test result for file org.apache.hadoop.yarn.server.resourcemanager.TestRMRestart#testRMDelegationTokenRestoredOnRMRestart
v2v2 running time = 10961124425
---> v1v1 and v2v2 test test suceeded.
updating test result for file org.apache.hadoop.yarn.server.resourcemanager.TestRMRestart#testRMDelegationTokenRestoredOnRMRestart
v1v2 running time = 11631320479
---> v1v2 test failed.
proj: yarn
u_test: org.apache.hadoop.yarn.server.resourcemanager.TestRMRestart#testRMDelegationTokenRestoredOnRMRestart[*]
h_list: yarn.resourcemanager.delegation.token.renew-interval@@@yarn:ResourceManager@@@-1@@@1000@@@86400000
vv_mode: v1v2
result: FAIL
failureMessage: null
stackTrace: java.lang.AssertionError
	at org.junit.Assert.fail(Assert.java:86)
	at org.junit.Assert.assertTrue(Assert.java:41)
	at org.junit.Assert.assertTrue(Assert.java:52)
	at org.apache.hadoop.yarn.server.resourcemanager.TestRMRestart.testRMDelegationTokenRestoredOnRMRestart(TestRMRestart.java:1576)
	at sun.reflect.NativeMethodAccessorImpl.invoke0(Native Method)
	at sun.reflect.NativeMethodAccessorImpl.invoke(NativeMethodAccessorImpl.java:62)
	at sun.reflect.DelegatingMethodAccessorImpl.invoke(DelegatingMethodAccessorImpl.java:43)
	at java.lang.reflect.Method.invoke(Method.java:498)
	at org.junit.runners.model.FrameworkMethod$1.runReflectiveCall(FrameworkMethod.java:50)
	at org.junit.internal.runners.model.ReflectiveCallable.run(ReflectiveCallable.java:12)
	at org.junit.runners.model.FrameworkMethod.invokeExplosively(FrameworkMethod.java:47)
	at org.junit.internal.runners.statements.InvokeMethod.evaluate(InvokeMethod.java:17)
	at org.junit.internal.runners.statements.FailOnTimeout$CallableStatement.call(FailOnTimeout.java:298)
	at org.junit.internal.runners.statements.FailOnTimeout$CallableStatement.call(FailOnTimeout.java:292)
	at java.util.concurrent.FutureTask.run(FutureTask.java:266)
	at java.lang.Thread.run(Thread.java:748)


updating test result for file org.apache.hadoop.yarn.server.resourcemanager.TestRMRestart#testRMDelegationTokenRestoredOnRMRestart
v1v1 running time = 12635931620
updating test result for file org.apache.hadoop.yarn.server.resourcemanager.TestRMRestart#testRMDelegationTokenRestoredOnRMRestart
v2v2 running time = 11803467649
---> v1v1 and v2v2 test test suceeded.
updating test result for file org.apache.hadoop.yarn.server.resourcemanager.TestRMRestart#testRMDelegationTokenRestoredOnRMRestart
v1v2 running time = 12410386915
---> v1v2 test failed.
proj: yarn
u_test: org.apache.hadoop.yarn.server.resourcemanager.TestRMRestart#testRMDelegationTokenRestoredOnRMRestart[*]
h_list: yarn.resourcemanager.delegation.token.renew-interval@@@yarn:ResourceManager@@@-1@@@1000@@@86400000
vv_mode: v1v2
result: FAIL
failureMessage: null
stackTrace: java.lang.AssertionError
	at org.junit.Assert.fail(Assert.java:86)
	at org.junit.Assert.assertTrue(Assert.java:41)
	at org.junit.Assert.assertTrue(Assert.java:52)
	at org.apache.hadoop.yarn.server.resourcemanager.TestRMRestart.testRMDelegationTokenRestoredOnRMRestart(TestRMRestart.java:1576)
	at sun.reflect.NativeMethodAccessorImpl.invoke0(Native Method)
	at sun.reflect.NativeMethodAccessorImpl.invoke(NativeMethodAccessorImpl.java:62)
	at sun.reflect.DelegatingMethodAccessorImpl.invoke(DelegatingMethodAccessorImpl.java:43)
	at java.lang.reflect.Method.invoke(Method.java:498)
	at org.junit.runners.model.FrameworkMethod$1.runReflectiveCall(FrameworkMethod.java:50)
	at org.junit.internal.runners.model.ReflectiveCallable.run(ReflectiveCallable.java:12)
	at org.junit.runners.model.FrameworkMethod.invokeExplosively(FrameworkMethod.java:47)
	at org.junit.internal.runners.statements.InvokeMethod.evaluate(InvokeMethod.java:17)
	at org.junit.internal.runners.statements.FailOnTimeout$CallableStatement.call(FailOnTimeout.java:298)
	at org.junit.internal.runners.statements.FailOnTimeout$CallableStatement.call(FailOnTimeout.java:292)
	at java.util.concurrent.FutureTask.run(FutureTask.java:266)
	at java.lang.Thread.run(Thread.java:748)


updating test result for file org.apache.hadoop.yarn.server.resourcemanager.TestRMRestart#testRMDelegationTokenRestoredOnRMRestart
v1v1 running time = 11573922333
updating test result for file org.apache.hadoop.yarn.server.resourcemanager.TestRMRestart#testRMDelegationTokenRestoredOnRMRestart
v2v2 running time = 12648778969
---> v1v1 and v2v2 test test suceeded.
updating test result for file org.apache.hadoop.yarn.server.resourcemanager.TestRMRestart#testRMDelegationTokenRestoredOnRMRestart
v1v2 running time = 11555157534
---> v1v2 test failed.
proj: yarn
u_test: org.apache.hadoop.yarn.server.resourcemanager.TestRMRestart#testRMDelegationTokenRestoredOnRMRestart[*]
h_list: yarn.resourcemanager.delegation.token.renew-interval@@@yarn:ResourceManager@@@-1@@@1000@@@86400000
vv_mode: v1v2
result: FAIL
failureMessage: null
stackTrace: java.lang.AssertionError
	at org.junit.Assert.fail(Assert.java:86)
	at org.junit.Assert.assertTrue(Assert.java:41)
	at org.junit.Assert.assertTrue(Assert.java:52)
	at org.apache.hadoop.yarn.server.resourcemanager.TestRMRestart.testRMDelegationTokenRestoredOnRMRestart(TestRMRestart.java:1576)
	at sun.reflect.NativeMethodAccessorImpl.invoke0(Native Method)
	at sun.reflect.NativeMethodAccessorImpl.invoke(NativeMethodAccessorImpl.java:62)
	at sun.reflect.DelegatingMethodAccessorImpl.invoke(DelegatingMethodAccessorImpl.java:43)
	at java.lang.reflect.Method.invoke(Method.java:498)
	at org.junit.runners.model.FrameworkMethod$1.runReflectiveCall(FrameworkMethod.java:50)
	at org.junit.internal.runners.model.ReflectiveCallable.run(ReflectiveCallable.java:12)
	at org.junit.runners.model.FrameworkMethod.invokeExplosively(FrameworkMethod.java:47)
	at org.junit.internal.runners.statements.InvokeMethod.evaluate(InvokeMethod.java:17)
	at org.junit.internal.runners.statements.FailOnTimeout$CallableStatement.call(FailOnTimeout.java:298)
	at org.junit.internal.runners.statements.FailOnTimeout$CallableStatement.call(FailOnTimeout.java:292)
	at java.util.concurrent.FutureTask.run(FutureTask.java:266)
	at java.lang.Thread.run(Thread.java:748)


updating test result for file org.apache.hadoop.yarn.server.resourcemanager.TestRMRestart#testRMDelegationTokenRestoredOnRMRestart
v1v1 running time = 11356419082
updating test result for file org.apache.hadoop.yarn.server.resourcemanager.TestRMRestart#testRMDelegationTokenRestoredOnRMRestart
v2v2 running time = 11416060686
---> v1v1 and v2v2 test test suceeded.
updating test result for file org.apache.hadoop.yarn.server.resourcemanager.TestRMRestart#testRMDelegationTokenRestoredOnRMRestart
v1v2 running time = 11273983655
---> v1v2 test failed.
proj: yarn
u_test: org.apache.hadoop.yarn.server.resourcemanager.TestRMRestart#testRMDelegationTokenRestoredOnRMRestart[*]
h_list: yarn.resourcemanager.delegation.token.renew-interval@@@yarn:ResourceManager@@@-1@@@1000@@@86400000
vv_mode: v1v2
result: FAIL
failureMessage: null
stackTrace: java.lang.AssertionError
	at org.junit.Assert.fail(Assert.java:86)
	at org.junit.Assert.assertTrue(Assert.java:41)
	at org.junit.Assert.assertTrue(Assert.java:52)
	at org.apache.hadoop.yarn.server.resourcemanager.TestRMRestart.testRMDelegationTokenRestoredOnRMRestart(TestRMRestart.java:1576)
	at sun.reflect.NativeMethodAccessorImpl.invoke0(Native Method)
	at sun.reflect.NativeMethodAccessorImpl.invoke(NativeMethodAccessorImpl.java:62)
	at sun.reflect.DelegatingMethodAccessorImpl.invoke(DelegatingMethodAccessorImpl.java:43)
	at java.lang.reflect.Method.invoke(Method.java:498)
	at org.junit.runners.model.FrameworkMethod$1.runReflectiveCall(FrameworkMethod.java:50)
	at org.junit.internal.runners.model.ReflectiveCallable.run(ReflectiveCallable.java:12)
	at org.junit.runners.model.FrameworkMethod.invokeExplosively(FrameworkMethod.java:47)
	at org.junit.internal.runners.statements.InvokeMethod.evaluate(InvokeMethod.java:17)
	at org.junit.internal.runners.statements.FailOnTimeout$CallableStatement.call(FailOnTimeout.java:298)
	at org.junit.internal.runners.statements.FailOnTimeout$CallableStatement.call(FailOnTimeout.java:292)
	at java.util.concurrent.FutureTask.run(FutureTask.java:266)
	at java.lang.Thread.run(Thread.java:748)


updating test result for file org.apache.hadoop.yarn.server.resourcemanager.TestRMRestart#testRMDelegationTokenRestoredOnRMRestart
v1v1 running time = 11488507307
updating test result for file org.apache.hadoop.yarn.server.resourcemanager.TestRMRestart#testRMDelegationTokenRestoredOnRMRestart
v2v2 running time = 11179479176
---> v1v1 and v2v2 test test suceeded.
updating test result for file org.apache.hadoop.yarn.server.resourcemanager.TestRMRestart#testRMDelegationTokenRestoredOnRMRestart
v1v2 running time = 11038894708
---> v1v2 test failed.
proj: yarn
u_test: org.apache.hadoop.yarn.server.resourcemanager.TestRMRestart#testRMDelegationTokenRestoredOnRMRestart[*]
h_list: yarn.resourcemanager.delegation.token.renew-interval@@@yarn:ResourceManager@@@-1@@@1000@@@86400000
vv_mode: v1v2
result: FAIL
failureMessage: null
stackTrace: java.lang.AssertionError
	at org.junit.Assert.fail(Assert.java:86)
	at org.junit.Assert.assertTrue(Assert.java:41)
	at org.junit.Assert.assertTrue(Assert.java:52)
	at org.apache.hadoop.yarn.server.resourcemanager.TestRMRestart.testRMDelegationTokenRestoredOnRMRestart(TestRMRestart.java:1576)
	at sun.reflect.NativeMethodAccessorImpl.invoke0(Native Method)
	at sun.reflect.NativeMethodAccessorImpl.invoke(NativeMethodAccessorImpl.java:62)
	at sun.reflect.DelegatingMethodAccessorImpl.invoke(DelegatingMethodAccessorImpl.java:43)
	at java.lang.reflect.Method.invoke(Method.java:498)
	at org.junit.runners.model.FrameworkMethod$1.runReflectiveCall(FrameworkMethod.java:50)
	at org.junit.internal.runners.model.ReflectiveCallable.run(ReflectiveCallable.java:12)
	at org.junit.runners.model.FrameworkMethod.invokeExplosively(FrameworkMethod.java:47)
	at org.junit.internal.runners.statements.InvokeMethod.evaluate(InvokeMethod.java:17)
	at org.junit.internal.runners.statements.FailOnTimeout$CallableStatement.call(FailOnTimeout.java:298)
	at org.junit.internal.runners.statements.FailOnTimeout$CallableStatement.call(FailOnTimeout.java:292)
	at java.util.concurrent.FutureTask.run(FutureTask.java:266)
	at java.lang.Thread.run(Thread.java:748)


updating test result for file org.apache.hadoop.yarn.server.resourcemanager.TestRMRestart#testRMDelegationTokenRestoredOnRMRestart
v1v1 running time = 11582760685
updating test result for file org.apache.hadoop.yarn.server.resourcemanager.TestRMRestart#testRMDelegationTokenRestoredOnRMRestart
v2v2 running time = 11346560046
---> v1v1 and v2v2 test test suceeded.
updating test result for file org.apache.hadoop.yarn.server.resourcemanager.TestRMRestart#testRMDelegationTokenRestoredOnRMRestart
v1v2 running time = 13348828707
---> v1v2 test failed.
proj: yarn
u_test: org.apache.hadoop.yarn.server.resourcemanager.TestRMRestart#testRMDelegationTokenRestoredOnRMRestart[*]
h_list: yarn.resourcemanager.delegation.token.renew-interval@@@yarn:ResourceManager@@@-1@@@1000@@@86400000
vv_mode: v1v2
result: FAIL
failureMessage: null
stackTrace: java.lang.AssertionError
	at org.junit.Assert.fail(Assert.java:86)
	at org.junit.Assert.assertTrue(Assert.java:41)
	at org.junit.Assert.assertTrue(Assert.java:52)
	at org.apache.hadoop.yarn.server.resourcemanager.TestRMRestart.testRMDelegationTokenRestoredOnRMRestart(TestRMRestart.java:1576)
	at sun.reflect.NativeMethodAccessorImpl.invoke0(Native Method)
	at sun.reflect.NativeMethodAccessorImpl.invoke(NativeMethodAccessorImpl.java:62)
	at sun.reflect.DelegatingMethodAccessorImpl.invoke(DelegatingMethodAccessorImpl.java:43)
	at java.lang.reflect.Method.invoke(Method.java:498)
	at org.junit.runners.model.FrameworkMethod$1.runReflectiveCall(FrameworkMethod.java:50)
	at org.junit.internal.runners.model.ReflectiveCallable.run(ReflectiveCallable.java:12)
	at org.junit.runners.model.FrameworkMethod.invokeExplosively(FrameworkMethod.java:47)
	at org.junit.internal.runners.statements.InvokeMethod.evaluate(InvokeMethod.java:17)
	at org.junit.internal.runners.statements.FailOnTimeout$CallableStatement.call(FailOnTimeout.java:298)
	at org.junit.internal.runners.statements.FailOnTimeout$CallableStatement.call(FailOnTimeout.java:292)
	at java.util.concurrent.FutureTask.run(FutureTask.java:266)
	at java.lang.Thread.run(Thread.java:748)


updating test result for file org.apache.hadoop.yarn.server.resourcemanager.TestRMRestart#testRMDelegationTokenRestoredOnRMRestart
v1v1 running time = 14571833758
updating test result for file org.apache.hadoop.yarn.server.resourcemanager.TestRMRestart#testRMDelegationTokenRestoredOnRMRestart
v2v2 running time = 12675958401
---> v1v1 and v2v2 test test suceeded.
early stop after 7 is satisfied
v1v2 failed with probability 7 out of 7
v1v1v2v2 failed with probability 0 out of 7
Total execution time in seconds : 252
0
