my_type=hypothesis
proj=hdfs
u_test=org.apache.hadoop.hdfs.TestRollingUpgrade#testCheckpointWithMultipleNN
h_list[1]=dfs.ha.tail-edits.period.backoff-max@@@hdfs:NameNode@@@-1@@@100s@@@0
proj: hdfs
u_test: org.apache.hadoop.hdfs.TestRollingUpgrade#testCheckpointWithMultipleNN
h_list: dfs.ha.tail-edits.period.backoff-max@@@hdfs:NameNode@@@-1@@@100s@@@0
updating test result for file org.apache.hadoop.hdfs.TestRollingUpgrade#testCheckpointWithMultipleNN
v1v2 running time = 32661431704
---> v1v2 test failed.
proj: hdfs
u_test: org.apache.hadoop.hdfs.TestRollingUpgrade#testCheckpointWithMultipleNN
h_list: dfs.ha.tail-edits.period.backoff-max@@@hdfs:NameNode@@@-1@@@100s@@@0
vv_mode: v1v2
result: FAIL
failureMessage: new checkpoint does not exist
stackTrace: java.lang.AssertionError: new checkpoint does not exist
	at org.junit.Assert.fail(Assert.java:88)
	at org.apache.hadoop.hdfs.TestRollingUpgrade.verifyNNCheckpoint(TestRollingUpgrade.java:671)
	at org.apache.hadoop.hdfs.TestRollingUpgrade.testCheckpoint(TestRollingUpgrade.java:648)
	at org.apache.hadoop.hdfs.TestRollingUpgrade.testCheckpointWithMultipleNN(TestRollingUpgrade.java:571)
	at sun.reflect.NativeMethodAccessorImpl.invoke0(Native Method)
	at sun.reflect.NativeMethodAccessorImpl.invoke(NativeMethodAccessorImpl.java:62)
	at sun.reflect.DelegatingMethodAccessorImpl.invoke(DelegatingMethodAccessorImpl.java:43)
	at java.lang.reflect.Method.invoke(Method.java:498)
	at org.junit.runners.model.FrameworkMethod$1.runReflectiveCall(FrameworkMethod.java:50)
	at org.junit.internal.runners.model.ReflectiveCallable.run(ReflectiveCallable.java:12)
	at org.junit.runners.model.FrameworkMethod.invokeExplosively(FrameworkMethod.java:47)
	at org.junit.internal.runners.statements.InvokeMethod.evaluate(InvokeMethod.java:17)
	at org.junit.internal.runners.statements.FailOnTimeout$CallableStatement.call(FailOnTimeout.java:298)
	at org.junit.internal.runners.statements.FailOnTimeout$CallableStatement.call(FailOnTimeout.java:292)
	at java.util.concurrent.FutureTask.run(FutureTask.java:266)
	at java.lang.Thread.run(Thread.java:748)


updating test result for file org.apache.hadoop.hdfs.TestRollingUpgrade#testCheckpointWithMultipleNN
v1v1 running time = 26006829334
updating test result for file org.apache.hadoop.hdfs.TestRollingUpgrade#testCheckpointWithMultipleNN
v2v2 running time = 31839892037
---> v1v1 and v2v2 test test suceeded.
updating test result for file org.apache.hadoop.hdfs.TestRollingUpgrade#testCheckpointWithMultipleNN
v1v2 running time = 36854886766
---> v1v2 test failed.
proj: hdfs
u_test: org.apache.hadoop.hdfs.TestRollingUpgrade#testCheckpointWithMultipleNN
h_list: dfs.ha.tail-edits.period.backoff-max@@@hdfs:NameNode@@@-1@@@100s@@@0
vv_mode: v1v2
result: FAIL
failureMessage: new checkpoint does not exist
stackTrace: java.lang.AssertionError: new checkpoint does not exist
	at org.junit.Assert.fail(Assert.java:88)
	at org.apache.hadoop.hdfs.TestRollingUpgrade.verifyNNCheckpoint(TestRollingUpgrade.java:671)
	at org.apache.hadoop.hdfs.TestRollingUpgrade.testCheckpoint(TestRollingUpgrade.java:648)
	at org.apache.hadoop.hdfs.TestRollingUpgrade.testCheckpointWithMultipleNN(TestRollingUpgrade.java:571)
	at sun.reflect.NativeMethodAccessorImpl.invoke0(Native Method)
	at sun.reflect.NativeMethodAccessorImpl.invoke(NativeMethodAccessorImpl.java:62)
	at sun.reflect.DelegatingMethodAccessorImpl.invoke(DelegatingMethodAccessorImpl.java:43)
	at java.lang.reflect.Method.invoke(Method.java:498)
	at org.junit.runners.model.FrameworkMethod$1.runReflectiveCall(FrameworkMethod.java:50)
	at org.junit.internal.runners.model.ReflectiveCallable.run(ReflectiveCallable.java:12)
	at org.junit.runners.model.FrameworkMethod.invokeExplosively(FrameworkMethod.java:47)
	at org.junit.internal.runners.statements.InvokeMethod.evaluate(InvokeMethod.java:17)
	at org.junit.internal.runners.statements.FailOnTimeout$CallableStatement.call(FailOnTimeout.java:298)
	at org.junit.internal.runners.statements.FailOnTimeout$CallableStatement.call(FailOnTimeout.java:292)
	at java.util.concurrent.FutureTask.run(FutureTask.java:266)
	at java.lang.Thread.run(Thread.java:748)


updating test result for file org.apache.hadoop.hdfs.TestRollingUpgrade#testCheckpointWithMultipleNN
v1v1 running time = 29427728215
updating test result for file org.apache.hadoop.hdfs.TestRollingUpgrade#testCheckpointWithMultipleNN
v2v2 running time = 32000563820
---> v1v1 and v2v2 test test suceeded.
updating test result for file org.apache.hadoop.hdfs.TestRollingUpgrade#testCheckpointWithMultipleNN
v1v2 running time = 37718842673
---> v1v2 test failed.
proj: hdfs
u_test: org.apache.hadoop.hdfs.TestRollingUpgrade#testCheckpointWithMultipleNN
h_list: dfs.ha.tail-edits.period.backoff-max@@@hdfs:NameNode@@@-1@@@100s@@@0
vv_mode: v1v2
result: FAIL
failureMessage: new checkpoint does not exist
stackTrace: java.lang.AssertionError: new checkpoint does not exist
	at org.junit.Assert.fail(Assert.java:88)
	at org.apache.hadoop.hdfs.TestRollingUpgrade.verifyNNCheckpoint(TestRollingUpgrade.java:671)
	at org.apache.hadoop.hdfs.TestRollingUpgrade.testCheckpoint(TestRollingUpgrade.java:648)
	at org.apache.hadoop.hdfs.TestRollingUpgrade.testCheckpointWithMultipleNN(TestRollingUpgrade.java:571)
	at sun.reflect.NativeMethodAccessorImpl.invoke0(Native Method)
	at sun.reflect.NativeMethodAccessorImpl.invoke(NativeMethodAccessorImpl.java:62)
	at sun.reflect.DelegatingMethodAccessorImpl.invoke(DelegatingMethodAccessorImpl.java:43)
	at java.lang.reflect.Method.invoke(Method.java:498)
	at org.junit.runners.model.FrameworkMethod$1.runReflectiveCall(FrameworkMethod.java:50)
	at org.junit.internal.runners.model.ReflectiveCallable.run(ReflectiveCallable.java:12)
	at org.junit.runners.model.FrameworkMethod.invokeExplosively(FrameworkMethod.java:47)
	at org.junit.internal.runners.statements.InvokeMethod.evaluate(InvokeMethod.java:17)
	at org.junit.internal.runners.statements.FailOnTimeout$CallableStatement.call(FailOnTimeout.java:298)
	at org.junit.internal.runners.statements.FailOnTimeout$CallableStatement.call(FailOnTimeout.java:292)
	at java.util.concurrent.FutureTask.run(FutureTask.java:266)
	at java.lang.Thread.run(Thread.java:748)


updating test result for file org.apache.hadoop.hdfs.TestRollingUpgrade#testCheckpointWithMultipleNN
v1v1 running time = 23052439145
updating test result for file org.apache.hadoop.hdfs.TestRollingUpgrade#testCheckpointWithMultipleNN
v2v2 running time = 35074900370
---> v1v1 and v2v2 test test suceeded.
updating test result for file org.apache.hadoop.hdfs.TestRollingUpgrade#testCheckpointWithMultipleNN
v1v2 running time = 28253907742
---> v1v2 test failed.
proj: hdfs
u_test: org.apache.hadoop.hdfs.TestRollingUpgrade#testCheckpointWithMultipleNN
h_list: dfs.ha.tail-edits.period.backoff-max@@@hdfs:NameNode@@@-1@@@100s@@@0
vv_mode: v1v2
result: FAIL
failureMessage: new checkpoint does not exist
stackTrace: java.lang.AssertionError: new checkpoint does not exist
	at org.junit.Assert.fail(Assert.java:88)
	at org.apache.hadoop.hdfs.TestRollingUpgrade.verifyNNCheckpoint(TestRollingUpgrade.java:671)
	at org.apache.hadoop.hdfs.TestRollingUpgrade.testCheckpoint(TestRollingUpgrade.java:648)
	at org.apache.hadoop.hdfs.TestRollingUpgrade.testCheckpointWithMultipleNN(TestRollingUpgrade.java:571)
	at sun.reflect.NativeMethodAccessorImpl.invoke0(Native Method)
	at sun.reflect.NativeMethodAccessorImpl.invoke(NativeMethodAccessorImpl.java:62)
	at sun.reflect.DelegatingMethodAccessorImpl.invoke(DelegatingMethodAccessorImpl.java:43)
	at java.lang.reflect.Method.invoke(Method.java:498)
	at org.junit.runners.model.FrameworkMethod$1.runReflectiveCall(FrameworkMethod.java:50)
	at org.junit.internal.runners.model.ReflectiveCallable.run(ReflectiveCallable.java:12)
	at org.junit.runners.model.FrameworkMethod.invokeExplosively(FrameworkMethod.java:47)
	at org.junit.internal.runners.statements.InvokeMethod.evaluate(InvokeMethod.java:17)
	at org.junit.internal.runners.statements.FailOnTimeout$CallableStatement.call(FailOnTimeout.java:298)
	at org.junit.internal.runners.statements.FailOnTimeout$CallableStatement.call(FailOnTimeout.java:292)
	at java.util.concurrent.FutureTask.run(FutureTask.java:266)
	at java.lang.Thread.run(Thread.java:748)


updating test result for file org.apache.hadoop.hdfs.TestRollingUpgrade#testCheckpointWithMultipleNN
v1v1 running time = 28190872835
updating test result for file org.apache.hadoop.hdfs.TestRollingUpgrade#testCheckpointWithMultipleNN
v2v2 running time = 28011161389
---> v1v1 and v2v2 test test suceeded.
updating test result for file org.apache.hadoop.hdfs.TestRollingUpgrade#testCheckpointWithMultipleNN
v1v2 running time = 28568283122
---> v1v2 test failed.
proj: hdfs
u_test: org.apache.hadoop.hdfs.TestRollingUpgrade#testCheckpointWithMultipleNN
h_list: dfs.ha.tail-edits.period.backoff-max@@@hdfs:NameNode@@@-1@@@100s@@@0
vv_mode: v1v2
result: FAIL
failureMessage: new checkpoint does not exist
stackTrace: java.lang.AssertionError: new checkpoint does not exist
	at org.junit.Assert.fail(Assert.java:88)
	at org.apache.hadoop.hdfs.TestRollingUpgrade.verifyNNCheckpoint(TestRollingUpgrade.java:671)
	at org.apache.hadoop.hdfs.TestRollingUpgrade.testCheckpoint(TestRollingUpgrade.java:648)
	at org.apache.hadoop.hdfs.TestRollingUpgrade.testCheckpointWithMultipleNN(TestRollingUpgrade.java:571)
	at sun.reflect.NativeMethodAccessorImpl.invoke0(Native Method)
	at sun.reflect.NativeMethodAccessorImpl.invoke(NativeMethodAccessorImpl.java:62)
	at sun.reflect.DelegatingMethodAccessorImpl.invoke(DelegatingMethodAccessorImpl.java:43)
	at java.lang.reflect.Method.invoke(Method.java:498)
	at org.junit.runners.model.FrameworkMethod$1.runReflectiveCall(FrameworkMethod.java:50)
	at org.junit.internal.runners.model.ReflectiveCallable.run(ReflectiveCallable.java:12)
	at org.junit.runners.model.FrameworkMethod.invokeExplosively(FrameworkMethod.java:47)
	at org.junit.internal.runners.statements.InvokeMethod.evaluate(InvokeMethod.java:17)
	at org.junit.internal.runners.statements.FailOnTimeout$CallableStatement.call(FailOnTimeout.java:298)
	at org.junit.internal.runners.statements.FailOnTimeout$CallableStatement.call(FailOnTimeout.java:292)
	at java.util.concurrent.FutureTask.run(FutureTask.java:266)
	at java.lang.Thread.run(Thread.java:748)


updating test result for file org.apache.hadoop.hdfs.TestRollingUpgrade#testCheckpointWithMultipleNN
v1v1 running time = 26574490983
updating test result for file org.apache.hadoop.hdfs.TestRollingUpgrade#testCheckpointWithMultipleNN
v2v2 running time = 34223450592
---> v1v1 and v2v2 test test suceeded.
updating test result for file org.apache.hadoop.hdfs.TestRollingUpgrade#testCheckpointWithMultipleNN
v1v2 running time = 32160740888
---> v1v2 test failed.
proj: hdfs
u_test: org.apache.hadoop.hdfs.TestRollingUpgrade#testCheckpointWithMultipleNN
h_list: dfs.ha.tail-edits.period.backoff-max@@@hdfs:NameNode@@@-1@@@100s@@@0
vv_mode: v1v2
result: FAIL
failureMessage: new checkpoint does not exist
stackTrace: java.lang.AssertionError: new checkpoint does not exist
	at org.junit.Assert.fail(Assert.java:88)
	at org.apache.hadoop.hdfs.TestRollingUpgrade.verifyNNCheckpoint(TestRollingUpgrade.java:671)
	at org.apache.hadoop.hdfs.TestRollingUpgrade.testCheckpoint(TestRollingUpgrade.java:648)
	at org.apache.hadoop.hdfs.TestRollingUpgrade.testCheckpointWithMultipleNN(TestRollingUpgrade.java:571)
	at sun.reflect.NativeMethodAccessorImpl.invoke0(Native Method)
	at sun.reflect.NativeMethodAccessorImpl.invoke(NativeMethodAccessorImpl.java:62)
	at sun.reflect.DelegatingMethodAccessorImpl.invoke(DelegatingMethodAccessorImpl.java:43)
	at java.lang.reflect.Method.invoke(Method.java:498)
	at org.junit.runners.model.FrameworkMethod$1.runReflectiveCall(FrameworkMethod.java:50)
	at org.junit.internal.runners.model.ReflectiveCallable.run(ReflectiveCallable.java:12)
	at org.junit.runners.model.FrameworkMethod.invokeExplosively(FrameworkMethod.java:47)
	at org.junit.internal.runners.statements.InvokeMethod.evaluate(InvokeMethod.java:17)
	at org.junit.internal.runners.statements.FailOnTimeout$CallableStatement.call(FailOnTimeout.java:298)
	at org.junit.internal.runners.statements.FailOnTimeout$CallableStatement.call(FailOnTimeout.java:292)
	at java.util.concurrent.FutureTask.run(FutureTask.java:266)
	at java.lang.Thread.run(Thread.java:748)


updating test result for file org.apache.hadoop.hdfs.TestRollingUpgrade#testCheckpointWithMultipleNN
v1v1 running time = 28363533698
updating test result for file org.apache.hadoop.hdfs.TestRollingUpgrade#testCheckpointWithMultipleNN
v2v2 running time = 32457906654
---> v1v1 and v2v2 test test suceeded.
updating test result for file org.apache.hadoop.hdfs.TestRollingUpgrade#testCheckpointWithMultipleNN
v1v2 running time = 35577874093
---> v1v2 test failed.
proj: hdfs
u_test: org.apache.hadoop.hdfs.TestRollingUpgrade#testCheckpointWithMultipleNN
h_list: dfs.ha.tail-edits.period.backoff-max@@@hdfs:NameNode@@@-1@@@100s@@@0
vv_mode: v1v2
result: FAIL
failureMessage: new checkpoint does not exist
stackTrace: java.lang.AssertionError: new checkpoint does not exist
	at org.junit.Assert.fail(Assert.java:88)
	at org.apache.hadoop.hdfs.TestRollingUpgrade.verifyNNCheckpoint(TestRollingUpgrade.java:671)
	at org.apache.hadoop.hdfs.TestRollingUpgrade.testCheckpoint(TestRollingUpgrade.java:648)
	at org.apache.hadoop.hdfs.TestRollingUpgrade.testCheckpointWithMultipleNN(TestRollingUpgrade.java:571)
	at sun.reflect.NativeMethodAccessorImpl.invoke0(Native Method)
	at sun.reflect.NativeMethodAccessorImpl.invoke(NativeMethodAccessorImpl.java:62)
	at sun.reflect.DelegatingMethodAccessorImpl.invoke(DelegatingMethodAccessorImpl.java:43)
	at java.lang.reflect.Method.invoke(Method.java:498)
	at org.junit.runners.model.FrameworkMethod$1.runReflectiveCall(FrameworkMethod.java:50)
	at org.junit.internal.runners.model.ReflectiveCallable.run(ReflectiveCallable.java:12)
	at org.junit.runners.model.FrameworkMethod.invokeExplosively(FrameworkMethod.java:47)
	at org.junit.internal.runners.statements.InvokeMethod.evaluate(InvokeMethod.java:17)
	at org.junit.internal.runners.statements.FailOnTimeout$CallableStatement.call(FailOnTimeout.java:298)
	at org.junit.internal.runners.statements.FailOnTimeout$CallableStatement.call(FailOnTimeout.java:292)
	at java.util.concurrent.FutureTask.run(FutureTask.java:266)
	at java.lang.Thread.run(Thread.java:748)


updating test result for file org.apache.hadoop.hdfs.TestRollingUpgrade#testCheckpointWithMultipleNN
v1v1 running time = 29971185563
updating test result for file org.apache.hadoop.hdfs.TestRollingUpgrade#testCheckpointWithMultipleNN
v2v2 running time = 33321648291
---> v1v1 and v2v2 test test suceeded.
early stop after 7 is satisfied
v1v2 failed with probability 7 out of 7
v1v1v2v2 failed with probability 0 out of 7
Total execution time in seconds : 650
0
