my_type=hypothesis
proj=hdfs
u_test=org.apache.hadoop.hdfs.TestRollingUpgrade#testCheckpointWithMultipleNN
h_list[1]=dfs.ha.tail-edits.period.backoff-max@@@hdfs:NameNode@@@-1@@@60s@@@0
proj: hdfs
u_test: org.apache.hadoop.hdfs.TestRollingUpgrade#testCheckpointWithMultipleNN
h_list: dfs.ha.tail-edits.period.backoff-max@@@hdfs:NameNode@@@-1@@@60s@@@0
updating test result for file org.apache.hadoop.hdfs.TestRollingUpgrade#testCheckpointWithMultipleNN
v1v2 running time = 25945149606
---> v1v2 test failed.
proj: hdfs
u_test: org.apache.hadoop.hdfs.TestRollingUpgrade#testCheckpointWithMultipleNN
h_list: dfs.ha.tail-edits.period.backoff-max@@@hdfs:NameNode@@@-1@@@60s@@@0
vv_mode: v1v2
result: FAIL
failureMessage: new checkpoint does not exist
stackTrace: java.lang.AssertionError: new checkpoint does not exist
	at org.junit.Assert.fail(Assert.java:88)
	at org.apache.hadoop.hdfs.TestRollingUpgrade.verifyNNCheckpoint(TestRollingUpgrade.java:671)
	at org.apache.hadoop.hdfs.TestRollingUpgrade.testCheckpoint(TestRollingUpgrade.java:648)
	at org.apache.hadoop.hdfs.TestRollingUpgrade.testCheckpointWithMultipleNN(TestRollingUpgrade.java:571)
	at sun.reflect.NativeMethodAccessorImpl.invoke0(Native Method)
	at sun.reflect.NativeMethodAccessorImpl.invoke(NativeMethodAccessorImpl.java:62)
	at sun.reflect.DelegatingMethodAccessorImpl.invoke(DelegatingMethodAccessorImpl.java:43)
	at java.lang.reflect.Method.invoke(Method.java:498)
	at org.junit.runners.model.FrameworkMethod$1.runReflectiveCall(FrameworkMethod.java:50)
	at org.junit.internal.runners.model.ReflectiveCallable.run(ReflectiveCallable.java:12)
	at org.junit.runners.model.FrameworkMethod.invokeExplosively(FrameworkMethod.java:47)
	at org.junit.internal.runners.statements.InvokeMethod.evaluate(InvokeMethod.java:17)
	at org.junit.internal.runners.statements.FailOnTimeout$CallableStatement.call(FailOnTimeout.java:298)
	at org.junit.internal.runners.statements.FailOnTimeout$CallableStatement.call(FailOnTimeout.java:292)
	at java.util.concurrent.FutureTask.run(FutureTask.java:266)
	at java.lang.Thread.run(Thread.java:748)


updating test result for file org.apache.hadoop.hdfs.TestRollingUpgrade#testCheckpointWithMultipleNN
v1v1 running time = 28814202974
updating test result for file org.apache.hadoop.hdfs.TestRollingUpgrade#testCheckpointWithMultipleNN
v2v2 running time = 20112151754
---> v1v1 and v2v2 test test suceeded.
updating test result for file org.apache.hadoop.hdfs.TestRollingUpgrade#testCheckpointWithMultipleNN
v1v2 running time = 22851498480
---> v1v2 test failed.
proj: hdfs
u_test: org.apache.hadoop.hdfs.TestRollingUpgrade#testCheckpointWithMultipleNN
h_list: dfs.ha.tail-edits.period.backoff-max@@@hdfs:NameNode@@@-1@@@60s@@@0
vv_mode: v1v2
result: FAIL
failureMessage: new checkpoint does not exist
stackTrace: java.lang.AssertionError: new checkpoint does not exist
	at org.junit.Assert.fail(Assert.java:88)
	at org.apache.hadoop.hdfs.TestRollingUpgrade.verifyNNCheckpoint(TestRollingUpgrade.java:671)
	at org.apache.hadoop.hdfs.TestRollingUpgrade.testCheckpoint(TestRollingUpgrade.java:648)
	at org.apache.hadoop.hdfs.TestRollingUpgrade.testCheckpointWithMultipleNN(TestRollingUpgrade.java:571)
	at sun.reflect.NativeMethodAccessorImpl.invoke0(Native Method)
	at sun.reflect.NativeMethodAccessorImpl.invoke(NativeMethodAccessorImpl.java:62)
	at sun.reflect.DelegatingMethodAccessorImpl.invoke(DelegatingMethodAccessorImpl.java:43)
	at java.lang.reflect.Method.invoke(Method.java:498)
	at org.junit.runners.model.FrameworkMethod$1.runReflectiveCall(FrameworkMethod.java:50)
	at org.junit.internal.runners.model.ReflectiveCallable.run(ReflectiveCallable.java:12)
	at org.junit.runners.model.FrameworkMethod.invokeExplosively(FrameworkMethod.java:47)
	at org.junit.internal.runners.statements.InvokeMethod.evaluate(InvokeMethod.java:17)
	at org.junit.internal.runners.statements.FailOnTimeout$CallableStatement.call(FailOnTimeout.java:298)
	at org.junit.internal.runners.statements.FailOnTimeout$CallableStatement.call(FailOnTimeout.java:292)
	at java.util.concurrent.FutureTask.run(FutureTask.java:266)
	at java.lang.Thread.run(Thread.java:748)


updating test result for file org.apache.hadoop.hdfs.TestRollingUpgrade#testCheckpointWithMultipleNN
v1v1 running time = 21946412349
updating test result for file org.apache.hadoop.hdfs.TestRollingUpgrade#testCheckpointWithMultipleNN
v2v2 running time = 24116604953
---> v1v1 and v2v2 test test suceeded.
updating test result for file org.apache.hadoop.hdfs.TestRollingUpgrade#testCheckpointWithMultipleNN
v1v2 running time = 26026522544
---> v1v2 test failed.
proj: hdfs
u_test: org.apache.hadoop.hdfs.TestRollingUpgrade#testCheckpointWithMultipleNN
h_list: dfs.ha.tail-edits.period.backoff-max@@@hdfs:NameNode@@@-1@@@60s@@@0
vv_mode: v1v2
result: FAIL
failureMessage: new checkpoint does not exist
stackTrace: java.lang.AssertionError: new checkpoint does not exist
	at org.junit.Assert.fail(Assert.java:88)
	at org.apache.hadoop.hdfs.TestRollingUpgrade.verifyNNCheckpoint(TestRollingUpgrade.java:671)
	at org.apache.hadoop.hdfs.TestRollingUpgrade.testCheckpoint(TestRollingUpgrade.java:648)
	at org.apache.hadoop.hdfs.TestRollingUpgrade.testCheckpointWithMultipleNN(TestRollingUpgrade.java:571)
	at sun.reflect.NativeMethodAccessorImpl.invoke0(Native Method)
	at sun.reflect.NativeMethodAccessorImpl.invoke(NativeMethodAccessorImpl.java:62)
	at sun.reflect.DelegatingMethodAccessorImpl.invoke(DelegatingMethodAccessorImpl.java:43)
	at java.lang.reflect.Method.invoke(Method.java:498)
	at org.junit.runners.model.FrameworkMethod$1.runReflectiveCall(FrameworkMethod.java:50)
	at org.junit.internal.runners.model.ReflectiveCallable.run(ReflectiveCallable.java:12)
	at org.junit.runners.model.FrameworkMethod.invokeExplosively(FrameworkMethod.java:47)
	at org.junit.internal.runners.statements.InvokeMethod.evaluate(InvokeMethod.java:17)
	at org.junit.internal.runners.statements.FailOnTimeout$CallableStatement.call(FailOnTimeout.java:298)
	at org.junit.internal.runners.statements.FailOnTimeout$CallableStatement.call(FailOnTimeout.java:292)
	at java.util.concurrent.FutureTask.run(FutureTask.java:266)
	at java.lang.Thread.run(Thread.java:748)


updating test result for file org.apache.hadoop.hdfs.TestRollingUpgrade#testCheckpointWithMultipleNN
v1v1 running time = 25720407125
updating test result for file org.apache.hadoop.hdfs.TestRollingUpgrade#testCheckpointWithMultipleNN
v2v2 running time = 23250293446
---> v1v1 and v2v2 test test suceeded.
updating test result for file org.apache.hadoop.hdfs.TestRollingUpgrade#testCheckpointWithMultipleNN
v1v2 running time = 25289921457
---> v1v2 test failed.
proj: hdfs
u_test: org.apache.hadoop.hdfs.TestRollingUpgrade#testCheckpointWithMultipleNN
h_list: dfs.ha.tail-edits.period.backoff-max@@@hdfs:NameNode@@@-1@@@60s@@@0
vv_mode: v1v2
result: FAIL
failureMessage: new checkpoint does not exist
stackTrace: java.lang.AssertionError: new checkpoint does not exist
	at org.junit.Assert.fail(Assert.java:88)
	at org.apache.hadoop.hdfs.TestRollingUpgrade.verifyNNCheckpoint(TestRollingUpgrade.java:671)
	at org.apache.hadoop.hdfs.TestRollingUpgrade.testCheckpoint(TestRollingUpgrade.java:648)
	at org.apache.hadoop.hdfs.TestRollingUpgrade.testCheckpointWithMultipleNN(TestRollingUpgrade.java:571)
	at sun.reflect.NativeMethodAccessorImpl.invoke0(Native Method)
	at sun.reflect.NativeMethodAccessorImpl.invoke(NativeMethodAccessorImpl.java:62)
	at sun.reflect.DelegatingMethodAccessorImpl.invoke(DelegatingMethodAccessorImpl.java:43)
	at java.lang.reflect.Method.invoke(Method.java:498)
	at org.junit.runners.model.FrameworkMethod$1.runReflectiveCall(FrameworkMethod.java:50)
	at org.junit.internal.runners.model.ReflectiveCallable.run(ReflectiveCallable.java:12)
	at org.junit.runners.model.FrameworkMethod.invokeExplosively(FrameworkMethod.java:47)
	at org.junit.internal.runners.statements.InvokeMethod.evaluate(InvokeMethod.java:17)
	at org.junit.internal.runners.statements.FailOnTimeout$CallableStatement.call(FailOnTimeout.java:298)
	at org.junit.internal.runners.statements.FailOnTimeout$CallableStatement.call(FailOnTimeout.java:292)
	at java.util.concurrent.FutureTask.run(FutureTask.java:266)
	at java.lang.Thread.run(Thread.java:748)


updating test result for file org.apache.hadoop.hdfs.TestRollingUpgrade#testCheckpointWithMultipleNN
v1v1 running time = 31539252494
updating test result for file org.apache.hadoop.hdfs.TestRollingUpgrade#testCheckpointWithMultipleNN
v2v2 running time = 27269662127
---> v1v1 and v2v2 test test suceeded.
updating test result for file org.apache.hadoop.hdfs.TestRollingUpgrade#testCheckpointWithMultipleNN
v1v2 running time = 26933626092
---> v1v2 test failed.
proj: hdfs
u_test: org.apache.hadoop.hdfs.TestRollingUpgrade#testCheckpointWithMultipleNN
h_list: dfs.ha.tail-edits.period.backoff-max@@@hdfs:NameNode@@@-1@@@60s@@@0
vv_mode: v1v2
result: FAIL
failureMessage: new checkpoint does not exist
stackTrace: java.lang.AssertionError: new checkpoint does not exist
	at org.junit.Assert.fail(Assert.java:88)
	at org.apache.hadoop.hdfs.TestRollingUpgrade.verifyNNCheckpoint(TestRollingUpgrade.java:671)
	at org.apache.hadoop.hdfs.TestRollingUpgrade.testCheckpoint(TestRollingUpgrade.java:648)
	at org.apache.hadoop.hdfs.TestRollingUpgrade.testCheckpointWithMultipleNN(TestRollingUpgrade.java:571)
	at sun.reflect.NativeMethodAccessorImpl.invoke0(Native Method)
	at sun.reflect.NativeMethodAccessorImpl.invoke(NativeMethodAccessorImpl.java:62)
	at sun.reflect.DelegatingMethodAccessorImpl.invoke(DelegatingMethodAccessorImpl.java:43)
	at java.lang.reflect.Method.invoke(Method.java:498)
	at org.junit.runners.model.FrameworkMethod$1.runReflectiveCall(FrameworkMethod.java:50)
	at org.junit.internal.runners.model.ReflectiveCallable.run(ReflectiveCallable.java:12)
	at org.junit.runners.model.FrameworkMethod.invokeExplosively(FrameworkMethod.java:47)
	at org.junit.internal.runners.statements.InvokeMethod.evaluate(InvokeMethod.java:17)
	at org.junit.internal.runners.statements.FailOnTimeout$CallableStatement.call(FailOnTimeout.java:298)
	at org.junit.internal.runners.statements.FailOnTimeout$CallableStatement.call(FailOnTimeout.java:292)
	at java.util.concurrent.FutureTask.run(FutureTask.java:266)
	at java.lang.Thread.run(Thread.java:748)


updating test result for file org.apache.hadoop.hdfs.TestRollingUpgrade#testCheckpointWithMultipleNN
v1v1 running time = 26278021038
updating test result for file org.apache.hadoop.hdfs.TestRollingUpgrade#testCheckpointWithMultipleNN
v2v2 running time = 25220496535
---> v1v1 and v2v2 test test suceeded.
updating test result for file org.apache.hadoop.hdfs.TestRollingUpgrade#testCheckpointWithMultipleNN
v1v2 running time = 31052997625
---> v1v2 test failed.
proj: hdfs
u_test: org.apache.hadoop.hdfs.TestRollingUpgrade#testCheckpointWithMultipleNN
h_list: dfs.ha.tail-edits.period.backoff-max@@@hdfs:NameNode@@@-1@@@60s@@@0
vv_mode: v1v2
result: FAIL
failureMessage: new checkpoint does not exist
stackTrace: java.lang.AssertionError: new checkpoint does not exist
	at org.junit.Assert.fail(Assert.java:88)
	at org.apache.hadoop.hdfs.TestRollingUpgrade.verifyNNCheckpoint(TestRollingUpgrade.java:671)
	at org.apache.hadoop.hdfs.TestRollingUpgrade.testCheckpoint(TestRollingUpgrade.java:648)
	at org.apache.hadoop.hdfs.TestRollingUpgrade.testCheckpointWithMultipleNN(TestRollingUpgrade.java:571)
	at sun.reflect.NativeMethodAccessorImpl.invoke0(Native Method)
	at sun.reflect.NativeMethodAccessorImpl.invoke(NativeMethodAccessorImpl.java:62)
	at sun.reflect.DelegatingMethodAccessorImpl.invoke(DelegatingMethodAccessorImpl.java:43)
	at java.lang.reflect.Method.invoke(Method.java:498)
	at org.junit.runners.model.FrameworkMethod$1.runReflectiveCall(FrameworkMethod.java:50)
	at org.junit.internal.runners.model.ReflectiveCallable.run(ReflectiveCallable.java:12)
	at org.junit.runners.model.FrameworkMethod.invokeExplosively(FrameworkMethod.java:47)
	at org.junit.internal.runners.statements.InvokeMethod.evaluate(InvokeMethod.java:17)
	at org.junit.internal.runners.statements.FailOnTimeout$CallableStatement.call(FailOnTimeout.java:298)
	at org.junit.internal.runners.statements.FailOnTimeout$CallableStatement.call(FailOnTimeout.java:292)
	at java.util.concurrent.FutureTask.run(FutureTask.java:266)
	at java.lang.Thread.run(Thread.java:748)


updating test result for file org.apache.hadoop.hdfs.TestRollingUpgrade#testCheckpointWithMultipleNN
v1v1 running time = 34655531472
updating test result for file org.apache.hadoop.hdfs.TestRollingUpgrade#testCheckpointWithMultipleNN
v2v2 running time = 22745621803
---> v1v1 and v2v2 test test suceeded.
updating test result for file org.apache.hadoop.hdfs.TestRollingUpgrade#testCheckpointWithMultipleNN
v1v2 running time = 32865355401
---> v1v2 test failed.
proj: hdfs
u_test: org.apache.hadoop.hdfs.TestRollingUpgrade#testCheckpointWithMultipleNN
h_list: dfs.ha.tail-edits.period.backoff-max@@@hdfs:NameNode@@@-1@@@60s@@@0
vv_mode: v1v2
result: FAIL
failureMessage: new checkpoint does not exist
stackTrace: java.lang.AssertionError: new checkpoint does not exist
	at org.junit.Assert.fail(Assert.java:88)
	at org.apache.hadoop.hdfs.TestRollingUpgrade.verifyNNCheckpoint(TestRollingUpgrade.java:671)
	at org.apache.hadoop.hdfs.TestRollingUpgrade.testCheckpoint(TestRollingUpgrade.java:648)
	at org.apache.hadoop.hdfs.TestRollingUpgrade.testCheckpointWithMultipleNN(TestRollingUpgrade.java:571)
	at sun.reflect.NativeMethodAccessorImpl.invoke0(Native Method)
	at sun.reflect.NativeMethodAccessorImpl.invoke(NativeMethodAccessorImpl.java:62)
	at sun.reflect.DelegatingMethodAccessorImpl.invoke(DelegatingMethodAccessorImpl.java:43)
	at java.lang.reflect.Method.invoke(Method.java:498)
	at org.junit.runners.model.FrameworkMethod$1.runReflectiveCall(FrameworkMethod.java:50)
	at org.junit.internal.runners.model.ReflectiveCallable.run(ReflectiveCallable.java:12)
	at org.junit.runners.model.FrameworkMethod.invokeExplosively(FrameworkMethod.java:47)
	at org.junit.internal.runners.statements.InvokeMethod.evaluate(InvokeMethod.java:17)
	at org.junit.internal.runners.statements.FailOnTimeout$CallableStatement.call(FailOnTimeout.java:298)
	at org.junit.internal.runners.statements.FailOnTimeout$CallableStatement.call(FailOnTimeout.java:292)
	at java.util.concurrent.FutureTask.run(FutureTask.java:266)
	at java.lang.Thread.run(Thread.java:748)


updating test result for file org.apache.hadoop.hdfs.TestRollingUpgrade#testCheckpointWithMultipleNN
v1v1 running time = 28187364712
updating test result for file org.apache.hadoop.hdfs.TestRollingUpgrade#testCheckpointWithMultipleNN
v2v2 running time = 32302555209
---> v1v1 and v2v2 test test suceeded.
early stop after 7 is satisfied
v1v2 failed with probability 7 out of 7
v1v1v2v2 failed with probability 0 out of 7
Total execution time in seconds : 563
0
