my_type=hypothesis
proj=hdfs
u_test=org.apache.hadoop.hdfs.server.namenode.ha.TestStandbyCheckpoints#testBothNodesInStandbyState
h_list[1]=dfs.image.compress@@@hdfs:NameNode@@@-1@@@false@@@true
proj: hdfs
u_test: org.apache.hadoop.hdfs.server.namenode.ha.TestStandbyCheckpoints#testBothNodesInStandbyState
h_list: dfs.image.compress@@@hdfs:NameNode@@@-1@@@false@@@true
updating test result for file org.apache.hadoop.hdfs.server.namenode.ha.TestStandbyCheckpoints#testBothNodesInStandbyState
v1v2 running time = 18283230966
---> v1v2 test failed.
proj: hdfs
u_test: org.apache.hadoop.hdfs.server.namenode.ha.TestStandbyCheckpoints#testBothNodesInStandbyState
h_list: dfs.image.compress@@@hdfs:NameNode@@@-1@@@false@@@true
vv_mode: v1v2
result: FAIL
failureMessage: File contents differed:
  /root/hadoop-3.2.1-src/hadoop-hdfs-project/hadoop-hdfs/target/test/data/dfs/name-0-1/current/fsimage_0000000000000000012.md5=a9ef618dca73ada0e8cdb0604867612e
  /root/hadoop-3.2.1-src/hadoop-hdfs-project/hadoop-hdfs/target/test/data/dfs/name-0-4/current/fsimage_0000000000000000012.md5=188551b760f8a3844d3383cac62f378a
  /root/hadoop-3.2.1-src/hadoop-hdfs-project/hadoop-hdfs/target/test/data/dfs/name-0-3/current/fsimage_0000000000000000012.md5=188551b760f8a3844d3383cac62f378a
  /root/hadoop-3.2.1-src/hadoop-hdfs-project/hadoop-hdfs/target/test/data/dfs/name-0-2/current/fsimage_0000000000000000012.md5=a9ef618dca73ada0e8cdb0604867612e
stackTrace: java.lang.AssertionError: File contents differed:
  /root/hadoop-3.2.1-src/hadoop-hdfs-project/hadoop-hdfs/target/test/data/dfs/name-0-1/current/fsimage_0000000000000000012.md5=a9ef618dca73ada0e8cdb0604867612e
  /root/hadoop-3.2.1-src/hadoop-hdfs-project/hadoop-hdfs/target/test/data/dfs/name-0-4/current/fsimage_0000000000000000012.md5=188551b760f8a3844d3383cac62f378a
  /root/hadoop-3.2.1-src/hadoop-hdfs-project/hadoop-hdfs/target/test/data/dfs/name-0-3/current/fsimage_0000000000000000012.md5=188551b760f8a3844d3383cac62f378a
  /root/hadoop-3.2.1-src/hadoop-hdfs-project/hadoop-hdfs/target/test/data/dfs/name-0-2/current/fsimage_0000000000000000012.md5=a9ef618dca73ada0e8cdb0604867612e
	at org.junit.Assert.fail(Assert.java:88)
	at org.apache.hadoop.hdfs.server.namenode.FSImageTestUtil.assertFileContentsSame(FSImageTestUtil.java:419)
	at org.apache.hadoop.hdfs.server.namenode.FSImageTestUtil.assertParallelFilesAreIdentical(FSImageTestUtil.java:350)
	at org.apache.hadoop.hdfs.server.namenode.ha.TestStandbyCheckpoints.testBothNodesInStandbyState(TestStandbyCheckpoints.java:253)
	at sun.reflect.NativeMethodAccessorImpl.invoke0(Native Method)
	at sun.reflect.NativeMethodAccessorImpl.invoke(NativeMethodAccessorImpl.java:62)
	at sun.reflect.DelegatingMethodAccessorImpl.invoke(DelegatingMethodAccessorImpl.java:43)
	at java.lang.reflect.Method.invoke(Method.java:498)
	at org.junit.runners.model.FrameworkMethod$1.runReflectiveCall(FrameworkMethod.java:50)
	at org.junit.internal.runners.model.ReflectiveCallable.run(ReflectiveCallable.java:12)
	at org.junit.runners.model.FrameworkMethod.invokeExplosively(FrameworkMethod.java:47)
	at org.junit.internal.runners.statements.InvokeMethod.evaluate(InvokeMethod.java:17)
	at org.junit.internal.runners.statements.FailOnTimeout$CallableStatement.call(FailOnTimeout.java:298)
	at org.junit.internal.runners.statements.FailOnTimeout$CallableStatement.call(FailOnTimeout.java:292)
	at java.util.concurrent.FutureTask.run(FutureTask.java:266)
	at java.lang.Thread.run(Thread.java:748)


updating test result for file org.apache.hadoop.hdfs.server.namenode.ha.TestStandbyCheckpoints#testBothNodesInStandbyState
v1v1 running time = 19723222793
updating test result for file org.apache.hadoop.hdfs.server.namenode.ha.TestStandbyCheckpoints#testBothNodesInStandbyState
v2v2 running time = 26757115184
---> v1v1 and v2v2 test test suceeded.
updating test result for file org.apache.hadoop.hdfs.server.namenode.ha.TestStandbyCheckpoints#testBothNodesInStandbyState
v1v2 running time = 23288711859
---> v1v2 test failed.
proj: hdfs
u_test: org.apache.hadoop.hdfs.server.namenode.ha.TestStandbyCheckpoints#testBothNodesInStandbyState
h_list: dfs.image.compress@@@hdfs:NameNode@@@-1@@@false@@@true
vv_mode: v1v2
result: FAIL
failureMessage: File contents differed:
  /root/hadoop-3.2.1-src/hadoop-hdfs-project/hadoop-hdfs/target/test/data/dfs/name-0-1/current/fsimage_0000000000000000012.md5=3ce68c2869339ae2462216342a9a9e2d
  /root/hadoop-3.2.1-src/hadoop-hdfs-project/hadoop-hdfs/target/test/data/dfs/name-0-4/current/fsimage_0000000000000000012.md5=991688bc17a4ff181e16ff5d7f6f1601
  /root/hadoop-3.2.1-src/hadoop-hdfs-project/hadoop-hdfs/target/test/data/dfs/name-0-3/current/fsimage_0000000000000000012.md5=991688bc17a4ff181e16ff5d7f6f1601
  /root/hadoop-3.2.1-src/hadoop-hdfs-project/hadoop-hdfs/target/test/data/dfs/name-0-2/current/fsimage_0000000000000000012.md5=3ce68c2869339ae2462216342a9a9e2d
stackTrace: java.lang.AssertionError: File contents differed:
  /root/hadoop-3.2.1-src/hadoop-hdfs-project/hadoop-hdfs/target/test/data/dfs/name-0-1/current/fsimage_0000000000000000012.md5=3ce68c2869339ae2462216342a9a9e2d
  /root/hadoop-3.2.1-src/hadoop-hdfs-project/hadoop-hdfs/target/test/data/dfs/name-0-4/current/fsimage_0000000000000000012.md5=991688bc17a4ff181e16ff5d7f6f1601
  /root/hadoop-3.2.1-src/hadoop-hdfs-project/hadoop-hdfs/target/test/data/dfs/name-0-3/current/fsimage_0000000000000000012.md5=991688bc17a4ff181e16ff5d7f6f1601
  /root/hadoop-3.2.1-src/hadoop-hdfs-project/hadoop-hdfs/target/test/data/dfs/name-0-2/current/fsimage_0000000000000000012.md5=3ce68c2869339ae2462216342a9a9e2d
	at org.junit.Assert.fail(Assert.java:88)
	at org.apache.hadoop.hdfs.server.namenode.FSImageTestUtil.assertFileContentsSame(FSImageTestUtil.java:419)
	at org.apache.hadoop.hdfs.server.namenode.FSImageTestUtil.assertParallelFilesAreIdentical(FSImageTestUtil.java:350)
	at org.apache.hadoop.hdfs.server.namenode.ha.TestStandbyCheckpoints.testBothNodesInStandbyState(TestStandbyCheckpoints.java:253)
	at sun.reflect.NativeMethodAccessorImpl.invoke0(Native Method)
	at sun.reflect.NativeMethodAccessorImpl.invoke(NativeMethodAccessorImpl.java:62)
	at sun.reflect.DelegatingMethodAccessorImpl.invoke(DelegatingMethodAccessorImpl.java:43)
	at java.lang.reflect.Method.invoke(Method.java:498)
	at org.junit.runners.model.FrameworkMethod$1.runReflectiveCall(FrameworkMethod.java:50)
	at org.junit.internal.runners.model.ReflectiveCallable.run(ReflectiveCallable.java:12)
	at org.junit.runners.model.FrameworkMethod.invokeExplosively(FrameworkMethod.java:47)
	at org.junit.internal.runners.statements.InvokeMethod.evaluate(InvokeMethod.java:17)
	at org.junit.internal.runners.statements.FailOnTimeout$CallableStatement.call(FailOnTimeout.java:298)
	at org.junit.internal.runners.statements.FailOnTimeout$CallableStatement.call(FailOnTimeout.java:292)
	at java.util.concurrent.FutureTask.run(FutureTask.java:266)
	at java.lang.Thread.run(Thread.java:748)


updating test result for file org.apache.hadoop.hdfs.server.namenode.ha.TestStandbyCheckpoints#testBothNodesInStandbyState
v1v1 running time = 24876420106
updating test result for file org.apache.hadoop.hdfs.server.namenode.ha.TestStandbyCheckpoints#testBothNodesInStandbyState
v2v2 running time = 27789144793
---> v1v1 and v2v2 test test suceeded.
updating test result for file org.apache.hadoop.hdfs.server.namenode.ha.TestStandbyCheckpoints#testBothNodesInStandbyState
v1v2 running time = 29531317711
---> v1v2 test failed.
proj: hdfs
u_test: org.apache.hadoop.hdfs.server.namenode.ha.TestStandbyCheckpoints#testBothNodesInStandbyState
h_list: dfs.image.compress@@@hdfs:NameNode@@@-1@@@false@@@true
vv_mode: v1v2
result: FAIL
failureMessage: File contents differed:
  /root/hadoop-3.2.1-src/hadoop-hdfs-project/hadoop-hdfs/target/test/data/dfs/name-0-1/current/fsimage_0000000000000000012.md5=4cfd11deb96ac9a8de4ab5d4ed07c221
  /root/hadoop-3.2.1-src/hadoop-hdfs-project/hadoop-hdfs/target/test/data/dfs/name-0-4/current/fsimage_0000000000000000012.md5=36d3339a79ee8119973944d691f383b4
  /root/hadoop-3.2.1-src/hadoop-hdfs-project/hadoop-hdfs/target/test/data/dfs/name-0-3/current/fsimage_0000000000000000012.md5=36d3339a79ee8119973944d691f383b4
  /root/hadoop-3.2.1-src/hadoop-hdfs-project/hadoop-hdfs/target/test/data/dfs/name-0-2/current/fsimage_0000000000000000012.md5=4cfd11deb96ac9a8de4ab5d4ed07c221
stackTrace: java.lang.AssertionError: File contents differed:
  /root/hadoop-3.2.1-src/hadoop-hdfs-project/hadoop-hdfs/target/test/data/dfs/name-0-1/current/fsimage_0000000000000000012.md5=4cfd11deb96ac9a8de4ab5d4ed07c221
  /root/hadoop-3.2.1-src/hadoop-hdfs-project/hadoop-hdfs/target/test/data/dfs/name-0-4/current/fsimage_0000000000000000012.md5=36d3339a79ee8119973944d691f383b4
  /root/hadoop-3.2.1-src/hadoop-hdfs-project/hadoop-hdfs/target/test/data/dfs/name-0-3/current/fsimage_0000000000000000012.md5=36d3339a79ee8119973944d691f383b4
  /root/hadoop-3.2.1-src/hadoop-hdfs-project/hadoop-hdfs/target/test/data/dfs/name-0-2/current/fsimage_0000000000000000012.md5=4cfd11deb96ac9a8de4ab5d4ed07c221
	at org.junit.Assert.fail(Assert.java:88)
	at org.apache.hadoop.hdfs.server.namenode.FSImageTestUtil.assertFileContentsSame(FSImageTestUtil.java:419)
	at org.apache.hadoop.hdfs.server.namenode.FSImageTestUtil.assertParallelFilesAreIdentical(FSImageTestUtil.java:350)
	at org.apache.hadoop.hdfs.server.namenode.ha.TestStandbyCheckpoints.testBothNodesInStandbyState(TestStandbyCheckpoints.java:253)
	at sun.reflect.NativeMethodAccessorImpl.invoke0(Native Method)
	at sun.reflect.NativeMethodAccessorImpl.invoke(NativeMethodAccessorImpl.java:62)
	at sun.reflect.DelegatingMethodAccessorImpl.invoke(DelegatingMethodAccessorImpl.java:43)
	at java.lang.reflect.Method.invoke(Method.java:498)
	at org.junit.runners.model.FrameworkMethod$1.runReflectiveCall(FrameworkMethod.java:50)
	at org.junit.internal.runners.model.ReflectiveCallable.run(ReflectiveCallable.java:12)
	at org.junit.runners.model.FrameworkMethod.invokeExplosively(FrameworkMethod.java:47)
	at org.junit.internal.runners.statements.InvokeMethod.evaluate(InvokeMethod.java:17)
	at org.junit.internal.runners.statements.FailOnTimeout$CallableStatement.call(FailOnTimeout.java:298)
	at org.junit.internal.runners.statements.FailOnTimeout$CallableStatement.call(FailOnTimeout.java:292)
	at java.util.concurrent.FutureTask.run(FutureTask.java:266)
	at java.lang.Thread.run(Thread.java:748)


updating test result for file org.apache.hadoop.hdfs.server.namenode.ha.TestStandbyCheckpoints#testBothNodesInStandbyState
v1v1 running time = 25528006842
updating test result for file org.apache.hadoop.hdfs.server.namenode.ha.TestStandbyCheckpoints#testBothNodesInStandbyState
v2v2 running time = 29405167820
---> v1v1 and v2v2 test test suceeded.
updating test result for file org.apache.hadoop.hdfs.server.namenode.ha.TestStandbyCheckpoints#testBothNodesInStandbyState
v1v2 running time = 27413384656
---> v1v2 test failed.
proj: hdfs
u_test: org.apache.hadoop.hdfs.server.namenode.ha.TestStandbyCheckpoints#testBothNodesInStandbyState
h_list: dfs.image.compress@@@hdfs:NameNode@@@-1@@@false@@@true
vv_mode: v1v2
result: FAIL
failureMessage: File contents differed:
  /root/hadoop-3.2.1-src/hadoop-hdfs-project/hadoop-hdfs/target/test/data/dfs/name-0-1/current/fsimage_0000000000000000012.md5=f6ef3bb7681bc5e4540bb01d5ca0da91
  /root/hadoop-3.2.1-src/hadoop-hdfs-project/hadoop-hdfs/target/test/data/dfs/name-0-4/current/fsimage_0000000000000000012.md5=9f04c371d9794291027c320f6b30b55d
  /root/hadoop-3.2.1-src/hadoop-hdfs-project/hadoop-hdfs/target/test/data/dfs/name-0-3/current/fsimage_0000000000000000012.md5=9f04c371d9794291027c320f6b30b55d
  /root/hadoop-3.2.1-src/hadoop-hdfs-project/hadoop-hdfs/target/test/data/dfs/name-0-2/current/fsimage_0000000000000000012.md5=f6ef3bb7681bc5e4540bb01d5ca0da91
stackTrace: java.lang.AssertionError: File contents differed:
  /root/hadoop-3.2.1-src/hadoop-hdfs-project/hadoop-hdfs/target/test/data/dfs/name-0-1/current/fsimage_0000000000000000012.md5=f6ef3bb7681bc5e4540bb01d5ca0da91
  /root/hadoop-3.2.1-src/hadoop-hdfs-project/hadoop-hdfs/target/test/data/dfs/name-0-4/current/fsimage_0000000000000000012.md5=9f04c371d9794291027c320f6b30b55d
  /root/hadoop-3.2.1-src/hadoop-hdfs-project/hadoop-hdfs/target/test/data/dfs/name-0-3/current/fsimage_0000000000000000012.md5=9f04c371d9794291027c320f6b30b55d
  /root/hadoop-3.2.1-src/hadoop-hdfs-project/hadoop-hdfs/target/test/data/dfs/name-0-2/current/fsimage_0000000000000000012.md5=f6ef3bb7681bc5e4540bb01d5ca0da91
	at org.junit.Assert.fail(Assert.java:88)
	at org.apache.hadoop.hdfs.server.namenode.FSImageTestUtil.assertFileContentsSame(FSImageTestUtil.java:419)
	at org.apache.hadoop.hdfs.server.namenode.FSImageTestUtil.assertParallelFilesAreIdentical(FSImageTestUtil.java:350)
	at org.apache.hadoop.hdfs.server.namenode.ha.TestStandbyCheckpoints.testBothNodesInStandbyState(TestStandbyCheckpoints.java:253)
	at sun.reflect.NativeMethodAccessorImpl.invoke0(Native Method)
	at sun.reflect.NativeMethodAccessorImpl.invoke(NativeMethodAccessorImpl.java:62)
	at sun.reflect.DelegatingMethodAccessorImpl.invoke(DelegatingMethodAccessorImpl.java:43)
	at java.lang.reflect.Method.invoke(Method.java:498)
	at org.junit.runners.model.FrameworkMethod$1.runReflectiveCall(FrameworkMethod.java:50)
	at org.junit.internal.runners.model.ReflectiveCallable.run(ReflectiveCallable.java:12)
	at org.junit.runners.model.FrameworkMethod.invokeExplosively(FrameworkMethod.java:47)
	at org.junit.internal.runners.statements.InvokeMethod.evaluate(InvokeMethod.java:17)
	at org.junit.internal.runners.statements.FailOnTimeout$CallableStatement.call(FailOnTimeout.java:298)
	at org.junit.internal.runners.statements.FailOnTimeout$CallableStatement.call(FailOnTimeout.java:292)
	at java.util.concurrent.FutureTask.run(FutureTask.java:266)
	at java.lang.Thread.run(Thread.java:748)


updating test result for file org.apache.hadoop.hdfs.server.namenode.ha.TestStandbyCheckpoints#testBothNodesInStandbyState
v1v1 running time = 26360816739
updating test result for file org.apache.hadoop.hdfs.server.namenode.ha.TestStandbyCheckpoints#testBothNodesInStandbyState
v2v2 running time = 24975553164
---> v1v1 and v2v2 test test suceeded.
updating test result for file org.apache.hadoop.hdfs.server.namenode.ha.TestStandbyCheckpoints#testBothNodesInStandbyState
v1v2 running time = 26783792354
---> v1v2 test failed.
proj: hdfs
u_test: org.apache.hadoop.hdfs.server.namenode.ha.TestStandbyCheckpoints#testBothNodesInStandbyState
h_list: dfs.image.compress@@@hdfs:NameNode@@@-1@@@false@@@true
vv_mode: v1v2
result: FAIL
failureMessage: File contents differed:
  /root/hadoop-3.2.1-src/hadoop-hdfs-project/hadoop-hdfs/target/test/data/dfs/name-0-1/current/fsimage_0000000000000000012.md5=7e02eeae77d76703302fb04710633c6b
  /root/hadoop-3.2.1-src/hadoop-hdfs-project/hadoop-hdfs/target/test/data/dfs/name-0-4/current/fsimage_0000000000000000012.md5=5b0ec9c53976bf1260eb0c6214ca969e
  /root/hadoop-3.2.1-src/hadoop-hdfs-project/hadoop-hdfs/target/test/data/dfs/name-0-3/current/fsimage_0000000000000000012.md5=5b0ec9c53976bf1260eb0c6214ca969e
  /root/hadoop-3.2.1-src/hadoop-hdfs-project/hadoop-hdfs/target/test/data/dfs/name-0-2/current/fsimage_0000000000000000012.md5=7e02eeae77d76703302fb04710633c6b
stackTrace: java.lang.AssertionError: File contents differed:
  /root/hadoop-3.2.1-src/hadoop-hdfs-project/hadoop-hdfs/target/test/data/dfs/name-0-1/current/fsimage_0000000000000000012.md5=7e02eeae77d76703302fb04710633c6b
  /root/hadoop-3.2.1-src/hadoop-hdfs-project/hadoop-hdfs/target/test/data/dfs/name-0-4/current/fsimage_0000000000000000012.md5=5b0ec9c53976bf1260eb0c6214ca969e
  /root/hadoop-3.2.1-src/hadoop-hdfs-project/hadoop-hdfs/target/test/data/dfs/name-0-3/current/fsimage_0000000000000000012.md5=5b0ec9c53976bf1260eb0c6214ca969e
  /root/hadoop-3.2.1-src/hadoop-hdfs-project/hadoop-hdfs/target/test/data/dfs/name-0-2/current/fsimage_0000000000000000012.md5=7e02eeae77d76703302fb04710633c6b
	at org.junit.Assert.fail(Assert.java:88)
	at org.apache.hadoop.hdfs.server.namenode.FSImageTestUtil.assertFileContentsSame(FSImageTestUtil.java:419)
	at org.apache.hadoop.hdfs.server.namenode.FSImageTestUtil.assertParallelFilesAreIdentical(FSImageTestUtil.java:350)
	at org.apache.hadoop.hdfs.server.namenode.ha.TestStandbyCheckpoints.testBothNodesInStandbyState(TestStandbyCheckpoints.java:253)
	at sun.reflect.NativeMethodAccessorImpl.invoke0(Native Method)
	at sun.reflect.NativeMethodAccessorImpl.invoke(NativeMethodAccessorImpl.java:62)
	at sun.reflect.DelegatingMethodAccessorImpl.invoke(DelegatingMethodAccessorImpl.java:43)
	at java.lang.reflect.Method.invoke(Method.java:498)
	at org.junit.runners.model.FrameworkMethod$1.runReflectiveCall(FrameworkMethod.java:50)
	at org.junit.internal.runners.model.ReflectiveCallable.run(ReflectiveCallable.java:12)
	at org.junit.runners.model.FrameworkMethod.invokeExplosively(FrameworkMethod.java:47)
	at org.junit.internal.runners.statements.InvokeMethod.evaluate(InvokeMethod.java:17)
	at org.junit.internal.runners.statements.FailOnTimeout$CallableStatement.call(FailOnTimeout.java:298)
	at org.junit.internal.runners.statements.FailOnTimeout$CallableStatement.call(FailOnTimeout.java:292)
	at java.util.concurrent.FutureTask.run(FutureTask.java:266)
	at java.lang.Thread.run(Thread.java:748)


updating test result for file org.apache.hadoop.hdfs.server.namenode.ha.TestStandbyCheckpoints#testBothNodesInStandbyState
v1v1 running time = 25872889901
updating test result for file org.apache.hadoop.hdfs.server.namenode.ha.TestStandbyCheckpoints#testBothNodesInStandbyState
v2v2 running time = 22146163733
---> v1v1 and v2v2 test test suceeded.
updating test result for file org.apache.hadoop.hdfs.server.namenode.ha.TestStandbyCheckpoints#testBothNodesInStandbyState
v1v2 running time = 24026284542
---> v1v2 test failed.
proj: hdfs
u_test: org.apache.hadoop.hdfs.server.namenode.ha.TestStandbyCheckpoints#testBothNodesInStandbyState
h_list: dfs.image.compress@@@hdfs:NameNode@@@-1@@@false@@@true
vv_mode: v1v2
result: FAIL
failureMessage: File contents differed:
  /root/hadoop-3.2.1-src/hadoop-hdfs-project/hadoop-hdfs/target/test/data/dfs/name-0-1/current/fsimage_0000000000000000012.md5=da03ccf2834b5f8669287cc7c55e93ec
  /root/hadoop-3.2.1-src/hadoop-hdfs-project/hadoop-hdfs/target/test/data/dfs/name-0-4/current/fsimage_0000000000000000012.md5=f8cca7152dc5234041d7e819da983ee4
  /root/hadoop-3.2.1-src/hadoop-hdfs-project/hadoop-hdfs/target/test/data/dfs/name-0-3/current/fsimage_0000000000000000012.md5=f8cca7152dc5234041d7e819da983ee4
  /root/hadoop-3.2.1-src/hadoop-hdfs-project/hadoop-hdfs/target/test/data/dfs/name-0-2/current/fsimage_0000000000000000012.md5=da03ccf2834b5f8669287cc7c55e93ec
stackTrace: java.lang.AssertionError: File contents differed:
  /root/hadoop-3.2.1-src/hadoop-hdfs-project/hadoop-hdfs/target/test/data/dfs/name-0-1/current/fsimage_0000000000000000012.md5=da03ccf2834b5f8669287cc7c55e93ec
  /root/hadoop-3.2.1-src/hadoop-hdfs-project/hadoop-hdfs/target/test/data/dfs/name-0-4/current/fsimage_0000000000000000012.md5=f8cca7152dc5234041d7e819da983ee4
  /root/hadoop-3.2.1-src/hadoop-hdfs-project/hadoop-hdfs/target/test/data/dfs/name-0-3/current/fsimage_0000000000000000012.md5=f8cca7152dc5234041d7e819da983ee4
  /root/hadoop-3.2.1-src/hadoop-hdfs-project/hadoop-hdfs/target/test/data/dfs/name-0-2/current/fsimage_0000000000000000012.md5=da03ccf2834b5f8669287cc7c55e93ec
	at org.junit.Assert.fail(Assert.java:88)
	at org.apache.hadoop.hdfs.server.namenode.FSImageTestUtil.assertFileContentsSame(FSImageTestUtil.java:419)
	at org.apache.hadoop.hdfs.server.namenode.FSImageTestUtil.assertParallelFilesAreIdentical(FSImageTestUtil.java:350)
	at org.apache.hadoop.hdfs.server.namenode.ha.TestStandbyCheckpoints.testBothNodesInStandbyState(TestStandbyCheckpoints.java:253)
	at sun.reflect.NativeMethodAccessorImpl.invoke0(Native Method)
	at sun.reflect.NativeMethodAccessorImpl.invoke(NativeMethodAccessorImpl.java:62)
	at sun.reflect.DelegatingMethodAccessorImpl.invoke(DelegatingMethodAccessorImpl.java:43)
	at java.lang.reflect.Method.invoke(Method.java:498)
	at org.junit.runners.model.FrameworkMethod$1.runReflectiveCall(FrameworkMethod.java:50)
	at org.junit.internal.runners.model.ReflectiveCallable.run(ReflectiveCallable.java:12)
	at org.junit.runners.model.FrameworkMethod.invokeExplosively(FrameworkMethod.java:47)
	at org.junit.internal.runners.statements.InvokeMethod.evaluate(InvokeMethod.java:17)
	at org.junit.internal.runners.statements.FailOnTimeout$CallableStatement.call(FailOnTimeout.java:298)
	at org.junit.internal.runners.statements.FailOnTimeout$CallableStatement.call(FailOnTimeout.java:292)
	at java.util.concurrent.FutureTask.run(FutureTask.java:266)
	at java.lang.Thread.run(Thread.java:748)


updating test result for file org.apache.hadoop.hdfs.server.namenode.ha.TestStandbyCheckpoints#testBothNodesInStandbyState
v1v1 running time = 22214335369
updating test result for file org.apache.hadoop.hdfs.server.namenode.ha.TestStandbyCheckpoints#testBothNodesInStandbyState
v2v2 running time = 31972922902
---> v1v1 and v2v2 test test suceeded.
updating test result for file org.apache.hadoop.hdfs.server.namenode.ha.TestStandbyCheckpoints#testBothNodesInStandbyState
v1v2 running time = 27256524678
---> v1v2 test failed.
proj: hdfs
u_test: org.apache.hadoop.hdfs.server.namenode.ha.TestStandbyCheckpoints#testBothNodesInStandbyState
h_list: dfs.image.compress@@@hdfs:NameNode@@@-1@@@false@@@true
vv_mode: v1v2
result: FAIL
failureMessage: File contents differed:
  /root/hadoop-3.2.1-src/hadoop-hdfs-project/hadoop-hdfs/target/test/data/dfs/name-0-1/current/fsimage_0000000000000000012.md5=3984d8ffe9c704b1c658848f9af8bca8
  /root/hadoop-3.2.1-src/hadoop-hdfs-project/hadoop-hdfs/target/test/data/dfs/name-0-4/current/fsimage_0000000000000000012.md5=e03e475654271fe774c9bb82cf6c6e08
  /root/hadoop-3.2.1-src/hadoop-hdfs-project/hadoop-hdfs/target/test/data/dfs/name-0-3/current/fsimage_0000000000000000012.md5=e03e475654271fe774c9bb82cf6c6e08
  /root/hadoop-3.2.1-src/hadoop-hdfs-project/hadoop-hdfs/target/test/data/dfs/name-0-2/current/fsimage_0000000000000000012.md5=3984d8ffe9c704b1c658848f9af8bca8
stackTrace: java.lang.AssertionError: File contents differed:
  /root/hadoop-3.2.1-src/hadoop-hdfs-project/hadoop-hdfs/target/test/data/dfs/name-0-1/current/fsimage_0000000000000000012.md5=3984d8ffe9c704b1c658848f9af8bca8
  /root/hadoop-3.2.1-src/hadoop-hdfs-project/hadoop-hdfs/target/test/data/dfs/name-0-4/current/fsimage_0000000000000000012.md5=e03e475654271fe774c9bb82cf6c6e08
  /root/hadoop-3.2.1-src/hadoop-hdfs-project/hadoop-hdfs/target/test/data/dfs/name-0-3/current/fsimage_0000000000000000012.md5=e03e475654271fe774c9bb82cf6c6e08
  /root/hadoop-3.2.1-src/hadoop-hdfs-project/hadoop-hdfs/target/test/data/dfs/name-0-2/current/fsimage_0000000000000000012.md5=3984d8ffe9c704b1c658848f9af8bca8
	at org.junit.Assert.fail(Assert.java:88)
	at org.apache.hadoop.hdfs.server.namenode.FSImageTestUtil.assertFileContentsSame(FSImageTestUtil.java:419)
	at org.apache.hadoop.hdfs.server.namenode.FSImageTestUtil.assertParallelFilesAreIdentical(FSImageTestUtil.java:350)
	at org.apache.hadoop.hdfs.server.namenode.ha.TestStandbyCheckpoints.testBothNodesInStandbyState(TestStandbyCheckpoints.java:253)
	at sun.reflect.NativeMethodAccessorImpl.invoke0(Native Method)
	at sun.reflect.NativeMethodAccessorImpl.invoke(NativeMethodAccessorImpl.java:62)
	at sun.reflect.DelegatingMethodAccessorImpl.invoke(DelegatingMethodAccessorImpl.java:43)
	at java.lang.reflect.Method.invoke(Method.java:498)
	at org.junit.runners.model.FrameworkMethod$1.runReflectiveCall(FrameworkMethod.java:50)
	at org.junit.internal.runners.model.ReflectiveCallable.run(ReflectiveCallable.java:12)
	at org.junit.runners.model.FrameworkMethod.invokeExplosively(FrameworkMethod.java:47)
	at org.junit.internal.runners.statements.InvokeMethod.evaluate(InvokeMethod.java:17)
	at org.junit.internal.runners.statements.FailOnTimeout$CallableStatement.call(FailOnTimeout.java:298)
	at org.junit.internal.runners.statements.FailOnTimeout$CallableStatement.call(FailOnTimeout.java:292)
	at java.util.concurrent.FutureTask.run(FutureTask.java:266)
	at java.lang.Thread.run(Thread.java:748)


updating test result for file org.apache.hadoop.hdfs.server.namenode.ha.TestStandbyCheckpoints#testBothNodesInStandbyState
v1v1 running time = 18206105683
updating test result for file org.apache.hadoop.hdfs.server.namenode.ha.TestStandbyCheckpoints#testBothNodesInStandbyState
v2v2 running time = 23167169059
---> v1v1 and v2v2 test test suceeded.
early stop after 7 is satisfied
v1v2 failed with probability 7 out of 7
v1v1v2v2 failed with probability 0 out of 7
Total execution time in seconds : 525
0
