my_type=hypothesis
proj=hdfs
u_test=org.apache.hadoop.hdfs.server.blockmanagement.TestHeartbeatHandling#testHeartbeat
h_list[1]=dfs.namenode.replication.max-streams@@@hdfs:NameNode@@@1@@@2@@@3
proj: hdfs
u_test: org.apache.hadoop.hdfs.server.blockmanagement.TestHeartbeatHandling#testHeartbeat
h_list: dfs.namenode.replication.max-streams@@@hdfs:NameNode@@@1@@@2@@@3
updating test result for file org.apache.hadoop.hdfs.server.blockmanagement.TestHeartbeatHandling#testHeartbeat
v1v2 running time = 11770139579
---> v1v2 test failed.
proj: hdfs
u_test: org.apache.hadoop.hdfs.server.blockmanagement.TestHeartbeatHandling#testHeartbeat
h_list: dfs.namenode.replication.max-streams@@@hdfs:NameNode@@@1@@@2@@@3
vv_mode: v1v2
result: FAIL
failureMessage: expected:<2> but was:<3>
stackTrace: java.lang.AssertionError: expected:<2> but was:<3>
	at org.junit.Assert.fail(Assert.java:88)
	at org.junit.Assert.failNotEquals(Assert.java:834)
	at org.junit.Assert.assertEquals(Assert.java:645)
	at org.junit.Assert.assertEquals(Assert.java:631)
	at org.apache.hadoop.hdfs.server.blockmanagement.TestHeartbeatHandling.testHeartbeat(TestHeartbeatHandling.java:105)
	at sun.reflect.NativeMethodAccessorImpl.invoke0(Native Method)
	at sun.reflect.NativeMethodAccessorImpl.invoke(NativeMethodAccessorImpl.java:62)
	at sun.reflect.DelegatingMethodAccessorImpl.invoke(DelegatingMethodAccessorImpl.java:43)
	at java.lang.reflect.Method.invoke(Method.java:498)
	at org.junit.runners.model.FrameworkMethod$1.runReflectiveCall(FrameworkMethod.java:50)
	at org.junit.internal.runners.model.ReflectiveCallable.run(ReflectiveCallable.java:12)
	at org.junit.runners.model.FrameworkMethod.invokeExplosively(FrameworkMethod.java:47)
	at org.junit.internal.runners.statements.InvokeMethod.evaluate(InvokeMethod.java:17)
	at org.junit.internal.runners.statements.FailOnTimeout$CallableStatement.call(FailOnTimeout.java:298)
	at org.junit.internal.runners.statements.FailOnTimeout$CallableStatement.call(FailOnTimeout.java:292)
	at java.util.concurrent.FutureTask.run(FutureTask.java:266)
	at java.lang.Thread.run(Thread.java:748)


updating test result for file org.apache.hadoop.hdfs.server.blockmanagement.TestHeartbeatHandling#testHeartbeat
v1v1 running time = 13775091994
updating test result for file org.apache.hadoop.hdfs.server.blockmanagement.TestHeartbeatHandling#testHeartbeat
v2v2 running time = 14121916243
---> v1v1 and v2v2 test test suceeded.
updating test result for file org.apache.hadoop.hdfs.server.blockmanagement.TestHeartbeatHandling#testHeartbeat
v1v2 running time = 12630967255
---> v1v2 test failed.
proj: hdfs
u_test: org.apache.hadoop.hdfs.server.blockmanagement.TestHeartbeatHandling#testHeartbeat
h_list: dfs.namenode.replication.max-streams@@@hdfs:NameNode@@@1@@@2@@@3
vv_mode: v1v2
result: FAIL
failureMessage: expected:<2> but was:<3>
stackTrace: java.lang.AssertionError: expected:<2> but was:<3>
	at org.junit.Assert.fail(Assert.java:88)
	at org.junit.Assert.failNotEquals(Assert.java:834)
	at org.junit.Assert.assertEquals(Assert.java:645)
	at org.junit.Assert.assertEquals(Assert.java:631)
	at org.apache.hadoop.hdfs.server.blockmanagement.TestHeartbeatHandling.testHeartbeat(TestHeartbeatHandling.java:105)
	at sun.reflect.NativeMethodAccessorImpl.invoke0(Native Method)
	at sun.reflect.NativeMethodAccessorImpl.invoke(NativeMethodAccessorImpl.java:62)
	at sun.reflect.DelegatingMethodAccessorImpl.invoke(DelegatingMethodAccessorImpl.java:43)
	at java.lang.reflect.Method.invoke(Method.java:498)
	at org.junit.runners.model.FrameworkMethod$1.runReflectiveCall(FrameworkMethod.java:50)
	at org.junit.internal.runners.model.ReflectiveCallable.run(ReflectiveCallable.java:12)
	at org.junit.runners.model.FrameworkMethod.invokeExplosively(FrameworkMethod.java:47)
	at org.junit.internal.runners.statements.InvokeMethod.evaluate(InvokeMethod.java:17)
	at org.junit.internal.runners.statements.FailOnTimeout$CallableStatement.call(FailOnTimeout.java:298)
	at org.junit.internal.runners.statements.FailOnTimeout$CallableStatement.call(FailOnTimeout.java:292)
	at java.util.concurrent.FutureTask.run(FutureTask.java:266)
	at java.lang.Thread.run(Thread.java:748)


updating test result for file org.apache.hadoop.hdfs.server.blockmanagement.TestHeartbeatHandling#testHeartbeat
v1v1 running time = 11951967822
updating test result for file org.apache.hadoop.hdfs.server.blockmanagement.TestHeartbeatHandling#testHeartbeat
v2v2 running time = 14510709394
---> v1v1 and v2v2 test test suceeded.
updating test result for file org.apache.hadoop.hdfs.server.blockmanagement.TestHeartbeatHandling#testHeartbeat
v1v2 running time = 13580393907
---> v1v2 test failed.
proj: hdfs
u_test: org.apache.hadoop.hdfs.server.blockmanagement.TestHeartbeatHandling#testHeartbeat
h_list: dfs.namenode.replication.max-streams@@@hdfs:NameNode@@@1@@@2@@@3
vv_mode: v1v2
result: FAIL
failureMessage: expected:<2> but was:<3>
stackTrace: java.lang.AssertionError: expected:<2> but was:<3>
	at org.junit.Assert.fail(Assert.java:88)
	at org.junit.Assert.failNotEquals(Assert.java:834)
	at org.junit.Assert.assertEquals(Assert.java:645)
	at org.junit.Assert.assertEquals(Assert.java:631)
	at org.apache.hadoop.hdfs.server.blockmanagement.TestHeartbeatHandling.testHeartbeat(TestHeartbeatHandling.java:105)
	at sun.reflect.NativeMethodAccessorImpl.invoke0(Native Method)
	at sun.reflect.NativeMethodAccessorImpl.invoke(NativeMethodAccessorImpl.java:62)
	at sun.reflect.DelegatingMethodAccessorImpl.invoke(DelegatingMethodAccessorImpl.java:43)
	at java.lang.reflect.Method.invoke(Method.java:498)
	at org.junit.runners.model.FrameworkMethod$1.runReflectiveCall(FrameworkMethod.java:50)
	at org.junit.internal.runners.model.ReflectiveCallable.run(ReflectiveCallable.java:12)
	at org.junit.runners.model.FrameworkMethod.invokeExplosively(FrameworkMethod.java:47)
	at org.junit.internal.runners.statements.InvokeMethod.evaluate(InvokeMethod.java:17)
	at org.junit.internal.runners.statements.FailOnTimeout$CallableStatement.call(FailOnTimeout.java:298)
	at org.junit.internal.runners.statements.FailOnTimeout$CallableStatement.call(FailOnTimeout.java:292)
	at java.util.concurrent.FutureTask.run(FutureTask.java:266)
	at java.lang.Thread.run(Thread.java:748)


updating test result for file org.apache.hadoop.hdfs.server.blockmanagement.TestHeartbeatHandling#testHeartbeat
v1v1 running time = 13557290389
updating test result for file org.apache.hadoop.hdfs.server.blockmanagement.TestHeartbeatHandling#testHeartbeat
v2v2 running time = 12691140033
---> v1v1 and v2v2 test test suceeded.
updating test result for file org.apache.hadoop.hdfs.server.blockmanagement.TestHeartbeatHandling#testHeartbeat
v1v2 running time = 11449253500
---> v1v2 test failed.
proj: hdfs
u_test: org.apache.hadoop.hdfs.server.blockmanagement.TestHeartbeatHandling#testHeartbeat
h_list: dfs.namenode.replication.max-streams@@@hdfs:NameNode@@@1@@@2@@@3
vv_mode: v1v2
result: FAIL
failureMessage: expected:<2> but was:<3>
stackTrace: java.lang.AssertionError: expected:<2> but was:<3>
	at org.junit.Assert.fail(Assert.java:88)
	at org.junit.Assert.failNotEquals(Assert.java:834)
	at org.junit.Assert.assertEquals(Assert.java:645)
	at org.junit.Assert.assertEquals(Assert.java:631)
	at org.apache.hadoop.hdfs.server.blockmanagement.TestHeartbeatHandling.testHeartbeat(TestHeartbeatHandling.java:105)
	at sun.reflect.NativeMethodAccessorImpl.invoke0(Native Method)
	at sun.reflect.NativeMethodAccessorImpl.invoke(NativeMethodAccessorImpl.java:62)
	at sun.reflect.DelegatingMethodAccessorImpl.invoke(DelegatingMethodAccessorImpl.java:43)
	at java.lang.reflect.Method.invoke(Method.java:498)
	at org.junit.runners.model.FrameworkMethod$1.runReflectiveCall(FrameworkMethod.java:50)
	at org.junit.internal.runners.model.ReflectiveCallable.run(ReflectiveCallable.java:12)
	at org.junit.runners.model.FrameworkMethod.invokeExplosively(FrameworkMethod.java:47)
	at org.junit.internal.runners.statements.InvokeMethod.evaluate(InvokeMethod.java:17)
	at org.junit.internal.runners.statements.FailOnTimeout$CallableStatement.call(FailOnTimeout.java:298)
	at org.junit.internal.runners.statements.FailOnTimeout$CallableStatement.call(FailOnTimeout.java:292)
	at java.util.concurrent.FutureTask.run(FutureTask.java:266)
	at java.lang.Thread.run(Thread.java:748)


updating test result for file org.apache.hadoop.hdfs.server.blockmanagement.TestHeartbeatHandling#testHeartbeat
v1v1 running time = 12055627099
updating test result for file org.apache.hadoop.hdfs.server.blockmanagement.TestHeartbeatHandling#testHeartbeat
v2v2 running time = 11712702080
---> v1v1 and v2v2 test test suceeded.
updating test result for file org.apache.hadoop.hdfs.server.blockmanagement.TestHeartbeatHandling#testHeartbeat
v1v2 running time = 12442873019
---> v1v2 test failed.
proj: hdfs
u_test: org.apache.hadoop.hdfs.server.blockmanagement.TestHeartbeatHandling#testHeartbeat
h_list: dfs.namenode.replication.max-streams@@@hdfs:NameNode@@@1@@@2@@@3
vv_mode: v1v2
result: FAIL
failureMessage: expected:<2> but was:<3>
stackTrace: java.lang.AssertionError: expected:<2> but was:<3>
	at org.junit.Assert.fail(Assert.java:88)
	at org.junit.Assert.failNotEquals(Assert.java:834)
	at org.junit.Assert.assertEquals(Assert.java:645)
	at org.junit.Assert.assertEquals(Assert.java:631)
	at org.apache.hadoop.hdfs.server.blockmanagement.TestHeartbeatHandling.testHeartbeat(TestHeartbeatHandling.java:105)
	at sun.reflect.NativeMethodAccessorImpl.invoke0(Native Method)
	at sun.reflect.NativeMethodAccessorImpl.invoke(NativeMethodAccessorImpl.java:62)
	at sun.reflect.DelegatingMethodAccessorImpl.invoke(DelegatingMethodAccessorImpl.java:43)
	at java.lang.reflect.Method.invoke(Method.java:498)
	at org.junit.runners.model.FrameworkMethod$1.runReflectiveCall(FrameworkMethod.java:50)
	at org.junit.internal.runners.model.ReflectiveCallable.run(ReflectiveCallable.java:12)
	at org.junit.runners.model.FrameworkMethod.invokeExplosively(FrameworkMethod.java:47)
	at org.junit.internal.runners.statements.InvokeMethod.evaluate(InvokeMethod.java:17)
	at org.junit.internal.runners.statements.FailOnTimeout$CallableStatement.call(FailOnTimeout.java:298)
	at org.junit.internal.runners.statements.FailOnTimeout$CallableStatement.call(FailOnTimeout.java:292)
	at java.util.concurrent.FutureTask.run(FutureTask.java:266)
	at java.lang.Thread.run(Thread.java:748)


updating test result for file org.apache.hadoop.hdfs.server.blockmanagement.TestHeartbeatHandling#testHeartbeat
v1v1 running time = 15049707518
updating test result for file org.apache.hadoop.hdfs.server.blockmanagement.TestHeartbeatHandling#testHeartbeat
v2v2 running time = 12916554581
---> v1v1 and v2v2 test test suceeded.
updating test result for file org.apache.hadoop.hdfs.server.blockmanagement.TestHeartbeatHandling#testHeartbeat
v1v2 running time = 11736359924
---> v1v2 test failed.
proj: hdfs
u_test: org.apache.hadoop.hdfs.server.blockmanagement.TestHeartbeatHandling#testHeartbeat
h_list: dfs.namenode.replication.max-streams@@@hdfs:NameNode@@@1@@@2@@@3
vv_mode: v1v2
result: FAIL
failureMessage: expected:<2> but was:<3>
stackTrace: java.lang.AssertionError: expected:<2> but was:<3>
	at org.junit.Assert.fail(Assert.java:88)
	at org.junit.Assert.failNotEquals(Assert.java:834)
	at org.junit.Assert.assertEquals(Assert.java:645)
	at org.junit.Assert.assertEquals(Assert.java:631)
	at org.apache.hadoop.hdfs.server.blockmanagement.TestHeartbeatHandling.testHeartbeat(TestHeartbeatHandling.java:105)
	at sun.reflect.NativeMethodAccessorImpl.invoke0(Native Method)
	at sun.reflect.NativeMethodAccessorImpl.invoke(NativeMethodAccessorImpl.java:62)
	at sun.reflect.DelegatingMethodAccessorImpl.invoke(DelegatingMethodAccessorImpl.java:43)
	at java.lang.reflect.Method.invoke(Method.java:498)
	at org.junit.runners.model.FrameworkMethod$1.runReflectiveCall(FrameworkMethod.java:50)
	at org.junit.internal.runners.model.ReflectiveCallable.run(ReflectiveCallable.java:12)
	at org.junit.runners.model.FrameworkMethod.invokeExplosively(FrameworkMethod.java:47)
	at org.junit.internal.runners.statements.InvokeMethod.evaluate(InvokeMethod.java:17)
	at org.junit.internal.runners.statements.FailOnTimeout$CallableStatement.call(FailOnTimeout.java:298)
	at org.junit.internal.runners.statements.FailOnTimeout$CallableStatement.call(FailOnTimeout.java:292)
	at java.util.concurrent.FutureTask.run(FutureTask.java:266)
	at java.lang.Thread.run(Thread.java:748)


updating test result for file org.apache.hadoop.hdfs.server.blockmanagement.TestHeartbeatHandling#testHeartbeat
v1v1 running time = 11225004717
updating test result for file org.apache.hadoop.hdfs.server.blockmanagement.TestHeartbeatHandling#testHeartbeat
v2v2 running time = 12925739588
---> v1v1 and v2v2 test test suceeded.
updating test result for file org.apache.hadoop.hdfs.server.blockmanagement.TestHeartbeatHandling#testHeartbeat
v1v2 running time = 12432599285
---> v1v2 test failed.
proj: hdfs
u_test: org.apache.hadoop.hdfs.server.blockmanagement.TestHeartbeatHandling#testHeartbeat
h_list: dfs.namenode.replication.max-streams@@@hdfs:NameNode@@@1@@@2@@@3
vv_mode: v1v2
result: FAIL
failureMessage: expected:<2> but was:<3>
stackTrace: java.lang.AssertionError: expected:<2> but was:<3>
	at org.junit.Assert.fail(Assert.java:88)
	at org.junit.Assert.failNotEquals(Assert.java:834)
	at org.junit.Assert.assertEquals(Assert.java:645)
	at org.junit.Assert.assertEquals(Assert.java:631)
	at org.apache.hadoop.hdfs.server.blockmanagement.TestHeartbeatHandling.testHeartbeat(TestHeartbeatHandling.java:105)
	at sun.reflect.NativeMethodAccessorImpl.invoke0(Native Method)
	at sun.reflect.NativeMethodAccessorImpl.invoke(NativeMethodAccessorImpl.java:62)
	at sun.reflect.DelegatingMethodAccessorImpl.invoke(DelegatingMethodAccessorImpl.java:43)
	at java.lang.reflect.Method.invoke(Method.java:498)
	at org.junit.runners.model.FrameworkMethod$1.runReflectiveCall(FrameworkMethod.java:50)
	at org.junit.internal.runners.model.ReflectiveCallable.run(ReflectiveCallable.java:12)
	at org.junit.runners.model.FrameworkMethod.invokeExplosively(FrameworkMethod.java:47)
	at org.junit.internal.runners.statements.InvokeMethod.evaluate(InvokeMethod.java:17)
	at org.junit.internal.runners.statements.FailOnTimeout$CallableStatement.call(FailOnTimeout.java:298)
	at org.junit.internal.runners.statements.FailOnTimeout$CallableStatement.call(FailOnTimeout.java:292)
	at java.util.concurrent.FutureTask.run(FutureTask.java:266)
	at java.lang.Thread.run(Thread.java:748)


updating test result for file org.apache.hadoop.hdfs.server.blockmanagement.TestHeartbeatHandling#testHeartbeat
v1v1 running time = 14547568540
updating test result for file org.apache.hadoop.hdfs.server.blockmanagement.TestHeartbeatHandling#testHeartbeat
v2v2 running time = 14452937768
---> v1v1 and v2v2 test test suceeded.
early stop after 7 is satisfied
v1v2 failed with probability 7 out of 7
v1v1v2v2 failed with probability 0 out of 7
Total execution time in seconds : 271
0
