my_type=hypothesis
proj=hdfs
u_test=org.apache.hadoop.hdfs.server.blockmanagement.TestHeartbeatHandling#testHeartbeat
h_list[1]=dfs.namenode.replication.max-streams@@@hdfs:NameNode@@@1@@@3@@@2
proj: hdfs
u_test: org.apache.hadoop.hdfs.server.blockmanagement.TestHeartbeatHandling#testHeartbeat
h_list: dfs.namenode.replication.max-streams@@@hdfs:NameNode@@@1@@@3@@@2
updating test result for file org.apache.hadoop.hdfs.server.blockmanagement.TestHeartbeatHandling#testHeartbeat
v1v2 running time = 12001654729
---> v1v2 test failed.
proj: hdfs
u_test: org.apache.hadoop.hdfs.server.blockmanagement.TestHeartbeatHandling#testHeartbeat
h_list: dfs.namenode.replication.max-streams@@@hdfs:NameNode@@@1@@@3@@@2
vv_mode: v1v2
result: FAIL
failureMessage: expected:<3> but was:<2>
stackTrace: java.lang.AssertionError: expected:<3> but was:<2>
	at org.junit.Assert.fail(Assert.java:88)
	at org.junit.Assert.failNotEquals(Assert.java:834)
	at org.junit.Assert.assertEquals(Assert.java:645)
	at org.junit.Assert.assertEquals(Assert.java:631)
	at org.apache.hadoop.hdfs.server.blockmanagement.TestHeartbeatHandling.testHeartbeat(TestHeartbeatHandling.java:105)
	at sun.reflect.NativeMethodAccessorImpl.invoke0(Native Method)
	at sun.reflect.NativeMethodAccessorImpl.invoke(NativeMethodAccessorImpl.java:62)
	at sun.reflect.DelegatingMethodAccessorImpl.invoke(DelegatingMethodAccessorImpl.java:43)
	at java.lang.reflect.Method.invoke(Method.java:498)
	at org.junit.runners.model.FrameworkMethod$1.runReflectiveCall(FrameworkMethod.java:50)
	at org.junit.internal.runners.model.ReflectiveCallable.run(ReflectiveCallable.java:12)
	at org.junit.runners.model.FrameworkMethod.invokeExplosively(FrameworkMethod.java:47)
	at org.junit.internal.runners.statements.InvokeMethod.evaluate(InvokeMethod.java:17)
	at org.junit.internal.runners.statements.FailOnTimeout$CallableStatement.call(FailOnTimeout.java:298)
	at org.junit.internal.runners.statements.FailOnTimeout$CallableStatement.call(FailOnTimeout.java:292)
	at java.util.concurrent.FutureTask.run(FutureTask.java:266)
	at java.lang.Thread.run(Thread.java:748)


updating test result for file org.apache.hadoop.hdfs.server.blockmanagement.TestHeartbeatHandling#testHeartbeat
v1v1 running time = 12502996913
updating test result for file org.apache.hadoop.hdfs.server.blockmanagement.TestHeartbeatHandling#testHeartbeat
v2v2 running time = 12416763601
---> v1v1 and v2v2 test test suceeded.
updating test result for file org.apache.hadoop.hdfs.server.blockmanagement.TestHeartbeatHandling#testHeartbeat
v1v2 running time = 11854111580
---> v1v2 test failed.
proj: hdfs
u_test: org.apache.hadoop.hdfs.server.blockmanagement.TestHeartbeatHandling#testHeartbeat
h_list: dfs.namenode.replication.max-streams@@@hdfs:NameNode@@@1@@@3@@@2
vv_mode: v1v2
result: FAIL
failureMessage: expected:<3> but was:<2>
stackTrace: java.lang.AssertionError: expected:<3> but was:<2>
	at org.junit.Assert.fail(Assert.java:88)
	at org.junit.Assert.failNotEquals(Assert.java:834)
	at org.junit.Assert.assertEquals(Assert.java:645)
	at org.junit.Assert.assertEquals(Assert.java:631)
	at org.apache.hadoop.hdfs.server.blockmanagement.TestHeartbeatHandling.testHeartbeat(TestHeartbeatHandling.java:105)
	at sun.reflect.NativeMethodAccessorImpl.invoke0(Native Method)
	at sun.reflect.NativeMethodAccessorImpl.invoke(NativeMethodAccessorImpl.java:62)
	at sun.reflect.DelegatingMethodAccessorImpl.invoke(DelegatingMethodAccessorImpl.java:43)
	at java.lang.reflect.Method.invoke(Method.java:498)
	at org.junit.runners.model.FrameworkMethod$1.runReflectiveCall(FrameworkMethod.java:50)
	at org.junit.internal.runners.model.ReflectiveCallable.run(ReflectiveCallable.java:12)
	at org.junit.runners.model.FrameworkMethod.invokeExplosively(FrameworkMethod.java:47)
	at org.junit.internal.runners.statements.InvokeMethod.evaluate(InvokeMethod.java:17)
	at org.junit.internal.runners.statements.FailOnTimeout$CallableStatement.call(FailOnTimeout.java:298)
	at org.junit.internal.runners.statements.FailOnTimeout$CallableStatement.call(FailOnTimeout.java:292)
	at java.util.concurrent.FutureTask.run(FutureTask.java:266)
	at java.lang.Thread.run(Thread.java:748)


updating test result for file org.apache.hadoop.hdfs.server.blockmanagement.TestHeartbeatHandling#testHeartbeat
v1v1 running time = 12903078560
updating test result for file org.apache.hadoop.hdfs.server.blockmanagement.TestHeartbeatHandling#testHeartbeat
v2v2 running time = 12364233393
---> v1v1 and v2v2 test test suceeded.
updating test result for file org.apache.hadoop.hdfs.server.blockmanagement.TestHeartbeatHandling#testHeartbeat
v1v2 running time = 11422114910
---> v1v2 test failed.
proj: hdfs
u_test: org.apache.hadoop.hdfs.server.blockmanagement.TestHeartbeatHandling#testHeartbeat
h_list: dfs.namenode.replication.max-streams@@@hdfs:NameNode@@@1@@@3@@@2
vv_mode: v1v2
result: FAIL
failureMessage: expected:<3> but was:<2>
stackTrace: java.lang.AssertionError: expected:<3> but was:<2>
	at org.junit.Assert.fail(Assert.java:88)
	at org.junit.Assert.failNotEquals(Assert.java:834)
	at org.junit.Assert.assertEquals(Assert.java:645)
	at org.junit.Assert.assertEquals(Assert.java:631)
	at org.apache.hadoop.hdfs.server.blockmanagement.TestHeartbeatHandling.testHeartbeat(TestHeartbeatHandling.java:105)
	at sun.reflect.NativeMethodAccessorImpl.invoke0(Native Method)
	at sun.reflect.NativeMethodAccessorImpl.invoke(NativeMethodAccessorImpl.java:62)
	at sun.reflect.DelegatingMethodAccessorImpl.invoke(DelegatingMethodAccessorImpl.java:43)
	at java.lang.reflect.Method.invoke(Method.java:498)
	at org.junit.runners.model.FrameworkMethod$1.runReflectiveCall(FrameworkMethod.java:50)
	at org.junit.internal.runners.model.ReflectiveCallable.run(ReflectiveCallable.java:12)
	at org.junit.runners.model.FrameworkMethod.invokeExplosively(FrameworkMethod.java:47)
	at org.junit.internal.runners.statements.InvokeMethod.evaluate(InvokeMethod.java:17)
	at org.junit.internal.runners.statements.FailOnTimeout$CallableStatement.call(FailOnTimeout.java:298)
	at org.junit.internal.runners.statements.FailOnTimeout$CallableStatement.call(FailOnTimeout.java:292)
	at java.util.concurrent.FutureTask.run(FutureTask.java:266)
	at java.lang.Thread.run(Thread.java:748)


updating test result for file org.apache.hadoop.hdfs.server.blockmanagement.TestHeartbeatHandling#testHeartbeat
v1v1 running time = 11227928847
updating test result for file org.apache.hadoop.hdfs.server.blockmanagement.TestHeartbeatHandling#testHeartbeat
v2v2 running time = 12082248884
---> v1v1 and v2v2 test test suceeded.
updating test result for file org.apache.hadoop.hdfs.server.blockmanagement.TestHeartbeatHandling#testHeartbeat
v1v2 running time = 11524265242
---> v1v2 test failed.
proj: hdfs
u_test: org.apache.hadoop.hdfs.server.blockmanagement.TestHeartbeatHandling#testHeartbeat
h_list: dfs.namenode.replication.max-streams@@@hdfs:NameNode@@@1@@@3@@@2
vv_mode: v1v2
result: FAIL
failureMessage: expected:<3> but was:<2>
stackTrace: java.lang.AssertionError: expected:<3> but was:<2>
	at org.junit.Assert.fail(Assert.java:88)
	at org.junit.Assert.failNotEquals(Assert.java:834)
	at org.junit.Assert.assertEquals(Assert.java:645)
	at org.junit.Assert.assertEquals(Assert.java:631)
	at org.apache.hadoop.hdfs.server.blockmanagement.TestHeartbeatHandling.testHeartbeat(TestHeartbeatHandling.java:105)
	at sun.reflect.NativeMethodAccessorImpl.invoke0(Native Method)
	at sun.reflect.NativeMethodAccessorImpl.invoke(NativeMethodAccessorImpl.java:62)
	at sun.reflect.DelegatingMethodAccessorImpl.invoke(DelegatingMethodAccessorImpl.java:43)
	at java.lang.reflect.Method.invoke(Method.java:498)
	at org.junit.runners.model.FrameworkMethod$1.runReflectiveCall(FrameworkMethod.java:50)
	at org.junit.internal.runners.model.ReflectiveCallable.run(ReflectiveCallable.java:12)
	at org.junit.runners.model.FrameworkMethod.invokeExplosively(FrameworkMethod.java:47)
	at org.junit.internal.runners.statements.InvokeMethod.evaluate(InvokeMethod.java:17)
	at org.junit.internal.runners.statements.FailOnTimeout$CallableStatement.call(FailOnTimeout.java:298)
	at org.junit.internal.runners.statements.FailOnTimeout$CallableStatement.call(FailOnTimeout.java:292)
	at java.util.concurrent.FutureTask.run(FutureTask.java:266)
	at java.lang.Thread.run(Thread.java:748)


updating test result for file org.apache.hadoop.hdfs.server.blockmanagement.TestHeartbeatHandling#testHeartbeat
v1v1 running time = 12647305628
updating test result for file org.apache.hadoop.hdfs.server.blockmanagement.TestHeartbeatHandling#testHeartbeat
v2v2 running time = 11987124798
---> v1v1 and v2v2 test test suceeded.
updating test result for file org.apache.hadoop.hdfs.server.blockmanagement.TestHeartbeatHandling#testHeartbeat
v1v2 running time = 10763800991
---> v1v2 test failed.
proj: hdfs
u_test: org.apache.hadoop.hdfs.server.blockmanagement.TestHeartbeatHandling#testHeartbeat
h_list: dfs.namenode.replication.max-streams@@@hdfs:NameNode@@@1@@@3@@@2
vv_mode: v1v2
result: FAIL
failureMessage: expected:<3> but was:<2>
stackTrace: java.lang.AssertionError: expected:<3> but was:<2>
	at org.junit.Assert.fail(Assert.java:88)
	at org.junit.Assert.failNotEquals(Assert.java:834)
	at org.junit.Assert.assertEquals(Assert.java:645)
	at org.junit.Assert.assertEquals(Assert.java:631)
	at org.apache.hadoop.hdfs.server.blockmanagement.TestHeartbeatHandling.testHeartbeat(TestHeartbeatHandling.java:105)
	at sun.reflect.NativeMethodAccessorImpl.invoke0(Native Method)
	at sun.reflect.NativeMethodAccessorImpl.invoke(NativeMethodAccessorImpl.java:62)
	at sun.reflect.DelegatingMethodAccessorImpl.invoke(DelegatingMethodAccessorImpl.java:43)
	at java.lang.reflect.Method.invoke(Method.java:498)
	at org.junit.runners.model.FrameworkMethod$1.runReflectiveCall(FrameworkMethod.java:50)
	at org.junit.internal.runners.model.ReflectiveCallable.run(ReflectiveCallable.java:12)
	at org.junit.runners.model.FrameworkMethod.invokeExplosively(FrameworkMethod.java:47)
	at org.junit.internal.runners.statements.InvokeMethod.evaluate(InvokeMethod.java:17)
	at org.junit.internal.runners.statements.FailOnTimeout$CallableStatement.call(FailOnTimeout.java:298)
	at org.junit.internal.runners.statements.FailOnTimeout$CallableStatement.call(FailOnTimeout.java:292)
	at java.util.concurrent.FutureTask.run(FutureTask.java:266)
	at java.lang.Thread.run(Thread.java:748)


updating test result for file org.apache.hadoop.hdfs.server.blockmanagement.TestHeartbeatHandling#testHeartbeat
v1v1 running time = 11557724335
updating test result for file org.apache.hadoop.hdfs.server.blockmanagement.TestHeartbeatHandling#testHeartbeat
v2v2 running time = 11840138333
---> v1v1 and v2v2 test test suceeded.
updating test result for file org.apache.hadoop.hdfs.server.blockmanagement.TestHeartbeatHandling#testHeartbeat
v1v2 running time = 11397692927
---> v1v2 test failed.
proj: hdfs
u_test: org.apache.hadoop.hdfs.server.blockmanagement.TestHeartbeatHandling#testHeartbeat
h_list: dfs.namenode.replication.max-streams@@@hdfs:NameNode@@@1@@@3@@@2
vv_mode: v1v2
result: FAIL
failureMessage: expected:<3> but was:<2>
stackTrace: java.lang.AssertionError: expected:<3> but was:<2>
	at org.junit.Assert.fail(Assert.java:88)
	at org.junit.Assert.failNotEquals(Assert.java:834)
	at org.junit.Assert.assertEquals(Assert.java:645)
	at org.junit.Assert.assertEquals(Assert.java:631)
	at org.apache.hadoop.hdfs.server.blockmanagement.TestHeartbeatHandling.testHeartbeat(TestHeartbeatHandling.java:105)
	at sun.reflect.NativeMethodAccessorImpl.invoke0(Native Method)
	at sun.reflect.NativeMethodAccessorImpl.invoke(NativeMethodAccessorImpl.java:62)
	at sun.reflect.DelegatingMethodAccessorImpl.invoke(DelegatingMethodAccessorImpl.java:43)
	at java.lang.reflect.Method.invoke(Method.java:498)
	at org.junit.runners.model.FrameworkMethod$1.runReflectiveCall(FrameworkMethod.java:50)
	at org.junit.internal.runners.model.ReflectiveCallable.run(ReflectiveCallable.java:12)
	at org.junit.runners.model.FrameworkMethod.invokeExplosively(FrameworkMethod.java:47)
	at org.junit.internal.runners.statements.InvokeMethod.evaluate(InvokeMethod.java:17)
	at org.junit.internal.runners.statements.FailOnTimeout$CallableStatement.call(FailOnTimeout.java:298)
	at org.junit.internal.runners.statements.FailOnTimeout$CallableStatement.call(FailOnTimeout.java:292)
	at java.util.concurrent.FutureTask.run(FutureTask.java:266)
	at java.lang.Thread.run(Thread.java:748)


updating test result for file org.apache.hadoop.hdfs.server.blockmanagement.TestHeartbeatHandling#testHeartbeat
v1v1 running time = 10678198660
updating test result for file org.apache.hadoop.hdfs.server.blockmanagement.TestHeartbeatHandling#testHeartbeat
v2v2 running time = 11507552849
---> v1v1 and v2v2 test test suceeded.
updating test result for file org.apache.hadoop.hdfs.server.blockmanagement.TestHeartbeatHandling#testHeartbeat
v1v2 running time = 11373215985
---> v1v2 test failed.
proj: hdfs
u_test: org.apache.hadoop.hdfs.server.blockmanagement.TestHeartbeatHandling#testHeartbeat
h_list: dfs.namenode.replication.max-streams@@@hdfs:NameNode@@@1@@@3@@@2
vv_mode: v1v2
result: FAIL
failureMessage: expected:<3> but was:<2>
stackTrace: java.lang.AssertionError: expected:<3> but was:<2>
	at org.junit.Assert.fail(Assert.java:88)
	at org.junit.Assert.failNotEquals(Assert.java:834)
	at org.junit.Assert.assertEquals(Assert.java:645)
	at org.junit.Assert.assertEquals(Assert.java:631)
	at org.apache.hadoop.hdfs.server.blockmanagement.TestHeartbeatHandling.testHeartbeat(TestHeartbeatHandling.java:105)
	at sun.reflect.NativeMethodAccessorImpl.invoke0(Native Method)
	at sun.reflect.NativeMethodAccessorImpl.invoke(NativeMethodAccessorImpl.java:62)
	at sun.reflect.DelegatingMethodAccessorImpl.invoke(DelegatingMethodAccessorImpl.java:43)
	at java.lang.reflect.Method.invoke(Method.java:498)
	at org.junit.runners.model.FrameworkMethod$1.runReflectiveCall(FrameworkMethod.java:50)
	at org.junit.internal.runners.model.ReflectiveCallable.run(ReflectiveCallable.java:12)
	at org.junit.runners.model.FrameworkMethod.invokeExplosively(FrameworkMethod.java:47)
	at org.junit.internal.runners.statements.InvokeMethod.evaluate(InvokeMethod.java:17)
	at org.junit.internal.runners.statements.FailOnTimeout$CallableStatement.call(FailOnTimeout.java:298)
	at org.junit.internal.runners.statements.FailOnTimeout$CallableStatement.call(FailOnTimeout.java:292)
	at java.util.concurrent.FutureTask.run(FutureTask.java:266)
	at java.lang.Thread.run(Thread.java:748)


updating test result for file org.apache.hadoop.hdfs.server.blockmanagement.TestHeartbeatHandling#testHeartbeat
v1v1 running time = 12522700462
updating test result for file org.apache.hadoop.hdfs.server.blockmanagement.TestHeartbeatHandling#testHeartbeat
v2v2 running time = 11586322895
---> v1v1 and v2v2 test test suceeded.
early stop after 7 is satisfied
v1v2 failed with probability 7 out of 7
v1v1v2v2 failed with probability 0 out of 7
Total execution time in seconds : 248
0
