my_type=hypothesis
proj=hdfs
u_test=org.apache.hadoop.hdfs.server.blockmanagement.TestHeartbeatHandling#testHeartbeat
h_list[1]=dfs.namenode.replication.max-streams@@@hdfs:NameNode@@@1@@@1@@@2
proj: hdfs
u_test: org.apache.hadoop.hdfs.server.blockmanagement.TestHeartbeatHandling#testHeartbeat
h_list: dfs.namenode.replication.max-streams@@@hdfs:NameNode@@@1@@@1@@@2
updating test result for file org.apache.hadoop.hdfs.server.blockmanagement.TestHeartbeatHandling#testHeartbeat
v1v2 running time = 16776298512
---> v1v2 test failed.
proj: hdfs
u_test: org.apache.hadoop.hdfs.server.blockmanagement.TestHeartbeatHandling#testHeartbeat
h_list: dfs.namenode.replication.max-streams@@@hdfs:NameNode@@@1@@@1@@@2
vv_mode: v1v2
result: FAIL
failureMessage: expected:<1> but was:<2>
stackTrace: java.lang.AssertionError: expected:<1> but was:<2>
	at org.junit.Assert.fail(Assert.java:88)
	at org.junit.Assert.failNotEquals(Assert.java:834)
	at org.junit.Assert.assertEquals(Assert.java:645)
	at org.junit.Assert.assertEquals(Assert.java:631)
	at org.apache.hadoop.hdfs.server.blockmanagement.TestHeartbeatHandling.testHeartbeat(TestHeartbeatHandling.java:105)
	at sun.reflect.NativeMethodAccessorImpl.invoke0(Native Method)
	at sun.reflect.NativeMethodAccessorImpl.invoke(NativeMethodAccessorImpl.java:62)
	at sun.reflect.DelegatingMethodAccessorImpl.invoke(DelegatingMethodAccessorImpl.java:43)
	at java.lang.reflect.Method.invoke(Method.java:498)
	at org.junit.runners.model.FrameworkMethod$1.runReflectiveCall(FrameworkMethod.java:50)
	at org.junit.internal.runners.model.ReflectiveCallable.run(ReflectiveCallable.java:12)
	at org.junit.runners.model.FrameworkMethod.invokeExplosively(FrameworkMethod.java:47)
	at org.junit.internal.runners.statements.InvokeMethod.evaluate(InvokeMethod.java:17)
	at org.junit.internal.runners.statements.FailOnTimeout$CallableStatement.call(FailOnTimeout.java:298)
	at org.junit.internal.runners.statements.FailOnTimeout$CallableStatement.call(FailOnTimeout.java:292)
	at java.util.concurrent.FutureTask.run(FutureTask.java:266)
	at java.lang.Thread.run(Thread.java:748)


updating test result for file org.apache.hadoop.hdfs.server.blockmanagement.TestHeartbeatHandling#testHeartbeat
v1v1 running time = 17791731284
updating test result for file org.apache.hadoop.hdfs.server.blockmanagement.TestHeartbeatHandling#testHeartbeat
v2v2 running time = 18090307255
---> v1v1 and v2v2 test test suceeded.
updating test result for file org.apache.hadoop.hdfs.server.blockmanagement.TestHeartbeatHandling#testHeartbeat
v1v2 running time = 18563693236
---> v1v2 test failed.
proj: hdfs
u_test: org.apache.hadoop.hdfs.server.blockmanagement.TestHeartbeatHandling#testHeartbeat
h_list: dfs.namenode.replication.max-streams@@@hdfs:NameNode@@@1@@@1@@@2
vv_mode: v1v2
result: FAIL
failureMessage: expected:<1> but was:<2>
stackTrace: java.lang.AssertionError: expected:<1> but was:<2>
	at org.junit.Assert.fail(Assert.java:88)
	at org.junit.Assert.failNotEquals(Assert.java:834)
	at org.junit.Assert.assertEquals(Assert.java:645)
	at org.junit.Assert.assertEquals(Assert.java:631)
	at org.apache.hadoop.hdfs.server.blockmanagement.TestHeartbeatHandling.testHeartbeat(TestHeartbeatHandling.java:105)
	at sun.reflect.NativeMethodAccessorImpl.invoke0(Native Method)
	at sun.reflect.NativeMethodAccessorImpl.invoke(NativeMethodAccessorImpl.java:62)
	at sun.reflect.DelegatingMethodAccessorImpl.invoke(DelegatingMethodAccessorImpl.java:43)
	at java.lang.reflect.Method.invoke(Method.java:498)
	at org.junit.runners.model.FrameworkMethod$1.runReflectiveCall(FrameworkMethod.java:50)
	at org.junit.internal.runners.model.ReflectiveCallable.run(ReflectiveCallable.java:12)
	at org.junit.runners.model.FrameworkMethod.invokeExplosively(FrameworkMethod.java:47)
	at org.junit.internal.runners.statements.InvokeMethod.evaluate(InvokeMethod.java:17)
	at org.junit.internal.runners.statements.FailOnTimeout$CallableStatement.call(FailOnTimeout.java:298)
	at org.junit.internal.runners.statements.FailOnTimeout$CallableStatement.call(FailOnTimeout.java:292)
	at java.util.concurrent.FutureTask.run(FutureTask.java:266)
	at java.lang.Thread.run(Thread.java:748)


updating test result for file org.apache.hadoop.hdfs.server.blockmanagement.TestHeartbeatHandling#testHeartbeat
v1v1 running time = 14610091993
updating test result for file org.apache.hadoop.hdfs.server.blockmanagement.TestHeartbeatHandling#testHeartbeat
v2v2 running time = 16794569387
---> v1v1 and v2v2 test test suceeded.
updating test result for file org.apache.hadoop.hdfs.server.blockmanagement.TestHeartbeatHandling#testHeartbeat
v1v2 running time = 13608878387
---> v1v2 test failed.
proj: hdfs
u_test: org.apache.hadoop.hdfs.server.blockmanagement.TestHeartbeatHandling#testHeartbeat
h_list: dfs.namenode.replication.max-streams@@@hdfs:NameNode@@@1@@@1@@@2
vv_mode: v1v2
result: FAIL
failureMessage: expected:<1> but was:<2>
stackTrace: java.lang.AssertionError: expected:<1> but was:<2>
	at org.junit.Assert.fail(Assert.java:88)
	at org.junit.Assert.failNotEquals(Assert.java:834)
	at org.junit.Assert.assertEquals(Assert.java:645)
	at org.junit.Assert.assertEquals(Assert.java:631)
	at org.apache.hadoop.hdfs.server.blockmanagement.TestHeartbeatHandling.testHeartbeat(TestHeartbeatHandling.java:105)
	at sun.reflect.NativeMethodAccessorImpl.invoke0(Native Method)
	at sun.reflect.NativeMethodAccessorImpl.invoke(NativeMethodAccessorImpl.java:62)
	at sun.reflect.DelegatingMethodAccessorImpl.invoke(DelegatingMethodAccessorImpl.java:43)
	at java.lang.reflect.Method.invoke(Method.java:498)
	at org.junit.runners.model.FrameworkMethod$1.runReflectiveCall(FrameworkMethod.java:50)
	at org.junit.internal.runners.model.ReflectiveCallable.run(ReflectiveCallable.java:12)
	at org.junit.runners.model.FrameworkMethod.invokeExplosively(FrameworkMethod.java:47)
	at org.junit.internal.runners.statements.InvokeMethod.evaluate(InvokeMethod.java:17)
	at org.junit.internal.runners.statements.FailOnTimeout$CallableStatement.call(FailOnTimeout.java:298)
	at org.junit.internal.runners.statements.FailOnTimeout$CallableStatement.call(FailOnTimeout.java:292)
	at java.util.concurrent.FutureTask.run(FutureTask.java:266)
	at java.lang.Thread.run(Thread.java:748)


updating test result for file org.apache.hadoop.hdfs.server.blockmanagement.TestHeartbeatHandling#testHeartbeat
v1v1 running time = 18599462481
updating test result for file org.apache.hadoop.hdfs.server.blockmanagement.TestHeartbeatHandling#testHeartbeat
v2v2 running time = 16790847696
---> v1v1 and v2v2 test test suceeded.
updating test result for file org.apache.hadoop.hdfs.server.blockmanagement.TestHeartbeatHandling#testHeartbeat
v1v2 running time = 19272627708
---> v1v2 test failed.
proj: hdfs
u_test: org.apache.hadoop.hdfs.server.blockmanagement.TestHeartbeatHandling#testHeartbeat
h_list: dfs.namenode.replication.max-streams@@@hdfs:NameNode@@@1@@@1@@@2
vv_mode: v1v2
result: FAIL
failureMessage: expected:<1> but was:<2>
stackTrace: java.lang.AssertionError: expected:<1> but was:<2>
	at org.junit.Assert.fail(Assert.java:88)
	at org.junit.Assert.failNotEquals(Assert.java:834)
	at org.junit.Assert.assertEquals(Assert.java:645)
	at org.junit.Assert.assertEquals(Assert.java:631)
	at org.apache.hadoop.hdfs.server.blockmanagement.TestHeartbeatHandling.testHeartbeat(TestHeartbeatHandling.java:105)
	at sun.reflect.NativeMethodAccessorImpl.invoke0(Native Method)
	at sun.reflect.NativeMethodAccessorImpl.invoke(NativeMethodAccessorImpl.java:62)
	at sun.reflect.DelegatingMethodAccessorImpl.invoke(DelegatingMethodAccessorImpl.java:43)
	at java.lang.reflect.Method.invoke(Method.java:498)
	at org.junit.runners.model.FrameworkMethod$1.runReflectiveCall(FrameworkMethod.java:50)
	at org.junit.internal.runners.model.ReflectiveCallable.run(ReflectiveCallable.java:12)
	at org.junit.runners.model.FrameworkMethod.invokeExplosively(FrameworkMethod.java:47)
	at org.junit.internal.runners.statements.InvokeMethod.evaluate(InvokeMethod.java:17)
	at org.junit.internal.runners.statements.FailOnTimeout$CallableStatement.call(FailOnTimeout.java:298)
	at org.junit.internal.runners.statements.FailOnTimeout$CallableStatement.call(FailOnTimeout.java:292)
	at java.util.concurrent.FutureTask.run(FutureTask.java:266)
	at java.lang.Thread.run(Thread.java:748)


updating test result for file org.apache.hadoop.hdfs.server.blockmanagement.TestHeartbeatHandling#testHeartbeat
v1v1 running time = 17773631204
updating test result for file org.apache.hadoop.hdfs.server.blockmanagement.TestHeartbeatHandling#testHeartbeat
v2v2 running time = 18572469629
---> v1v1 and v2v2 test test suceeded.
updating test result for file org.apache.hadoop.hdfs.server.blockmanagement.TestHeartbeatHandling#testHeartbeat
v1v2 running time = 19156286806
---> v1v2 test failed.
proj: hdfs
u_test: org.apache.hadoop.hdfs.server.blockmanagement.TestHeartbeatHandling#testHeartbeat
h_list: dfs.namenode.replication.max-streams@@@hdfs:NameNode@@@1@@@1@@@2
vv_mode: v1v2
result: FAIL
failureMessage: expected:<1> but was:<2>
stackTrace: java.lang.AssertionError: expected:<1> but was:<2>
	at org.junit.Assert.fail(Assert.java:88)
	at org.junit.Assert.failNotEquals(Assert.java:834)
	at org.junit.Assert.assertEquals(Assert.java:645)
	at org.junit.Assert.assertEquals(Assert.java:631)
	at org.apache.hadoop.hdfs.server.blockmanagement.TestHeartbeatHandling.testHeartbeat(TestHeartbeatHandling.java:105)
	at sun.reflect.NativeMethodAccessorImpl.invoke0(Native Method)
	at sun.reflect.NativeMethodAccessorImpl.invoke(NativeMethodAccessorImpl.java:62)
	at sun.reflect.DelegatingMethodAccessorImpl.invoke(DelegatingMethodAccessorImpl.java:43)
	at java.lang.reflect.Method.invoke(Method.java:498)
	at org.junit.runners.model.FrameworkMethod$1.runReflectiveCall(FrameworkMethod.java:50)
	at org.junit.internal.runners.model.ReflectiveCallable.run(ReflectiveCallable.java:12)
	at org.junit.runners.model.FrameworkMethod.invokeExplosively(FrameworkMethod.java:47)
	at org.junit.internal.runners.statements.InvokeMethod.evaluate(InvokeMethod.java:17)
	at org.junit.internal.runners.statements.FailOnTimeout$CallableStatement.call(FailOnTimeout.java:298)
	at org.junit.internal.runners.statements.FailOnTimeout$CallableStatement.call(FailOnTimeout.java:292)
	at java.util.concurrent.FutureTask.run(FutureTask.java:266)
	at java.lang.Thread.run(Thread.java:748)


updating test result for file org.apache.hadoop.hdfs.server.blockmanagement.TestHeartbeatHandling#testHeartbeat
v1v1 running time = 18469730487
updating test result for file org.apache.hadoop.hdfs.server.blockmanagement.TestHeartbeatHandling#testHeartbeat
v2v2 running time = 15174957788
---> v1v1 and v2v2 test test suceeded.
updating test result for file org.apache.hadoop.hdfs.server.blockmanagement.TestHeartbeatHandling#testHeartbeat
v1v2 running time = 14848400762
---> v1v2 test failed.
proj: hdfs
u_test: org.apache.hadoop.hdfs.server.blockmanagement.TestHeartbeatHandling#testHeartbeat
h_list: dfs.namenode.replication.max-streams@@@hdfs:NameNode@@@1@@@1@@@2
vv_mode: v1v2
result: FAIL
failureMessage: expected:<1> but was:<2>
stackTrace: java.lang.AssertionError: expected:<1> but was:<2>
	at org.junit.Assert.fail(Assert.java:88)
	at org.junit.Assert.failNotEquals(Assert.java:834)
	at org.junit.Assert.assertEquals(Assert.java:645)
	at org.junit.Assert.assertEquals(Assert.java:631)
	at org.apache.hadoop.hdfs.server.blockmanagement.TestHeartbeatHandling.testHeartbeat(TestHeartbeatHandling.java:105)
	at sun.reflect.NativeMethodAccessorImpl.invoke0(Native Method)
	at sun.reflect.NativeMethodAccessorImpl.invoke(NativeMethodAccessorImpl.java:62)
	at sun.reflect.DelegatingMethodAccessorImpl.invoke(DelegatingMethodAccessorImpl.java:43)
	at java.lang.reflect.Method.invoke(Method.java:498)
	at org.junit.runners.model.FrameworkMethod$1.runReflectiveCall(FrameworkMethod.java:50)
	at org.junit.internal.runners.model.ReflectiveCallable.run(ReflectiveCallable.java:12)
	at org.junit.runners.model.FrameworkMethod.invokeExplosively(FrameworkMethod.java:47)
	at org.junit.internal.runners.statements.InvokeMethod.evaluate(InvokeMethod.java:17)
	at org.junit.internal.runners.statements.FailOnTimeout$CallableStatement.call(FailOnTimeout.java:298)
	at org.junit.internal.runners.statements.FailOnTimeout$CallableStatement.call(FailOnTimeout.java:292)
	at java.util.concurrent.FutureTask.run(FutureTask.java:266)
	at java.lang.Thread.run(Thread.java:748)


updating test result for file org.apache.hadoop.hdfs.server.blockmanagement.TestHeartbeatHandling#testHeartbeat
v1v1 running time = 17938922635
updating test result for file org.apache.hadoop.hdfs.server.blockmanagement.TestHeartbeatHandling#testHeartbeat
v2v2 running time = 16563119737
---> v1v1 and v2v2 test test suceeded.
updating test result for file org.apache.hadoop.hdfs.server.blockmanagement.TestHeartbeatHandling#testHeartbeat
v1v2 running time = 15912026362
---> v1v2 test failed.
proj: hdfs
u_test: org.apache.hadoop.hdfs.server.blockmanagement.TestHeartbeatHandling#testHeartbeat
h_list: dfs.namenode.replication.max-streams@@@hdfs:NameNode@@@1@@@1@@@2
vv_mode: v1v2
result: FAIL
failureMessage: expected:<1> but was:<2>
stackTrace: java.lang.AssertionError: expected:<1> but was:<2>
	at org.junit.Assert.fail(Assert.java:88)
	at org.junit.Assert.failNotEquals(Assert.java:834)
	at org.junit.Assert.assertEquals(Assert.java:645)
	at org.junit.Assert.assertEquals(Assert.java:631)
	at org.apache.hadoop.hdfs.server.blockmanagement.TestHeartbeatHandling.testHeartbeat(TestHeartbeatHandling.java:105)
	at sun.reflect.NativeMethodAccessorImpl.invoke0(Native Method)
	at sun.reflect.NativeMethodAccessorImpl.invoke(NativeMethodAccessorImpl.java:62)
	at sun.reflect.DelegatingMethodAccessorImpl.invoke(DelegatingMethodAccessorImpl.java:43)
	at java.lang.reflect.Method.invoke(Method.java:498)
	at org.junit.runners.model.FrameworkMethod$1.runReflectiveCall(FrameworkMethod.java:50)
	at org.junit.internal.runners.model.ReflectiveCallable.run(ReflectiveCallable.java:12)
	at org.junit.runners.model.FrameworkMethod.invokeExplosively(FrameworkMethod.java:47)
	at org.junit.internal.runners.statements.InvokeMethod.evaluate(InvokeMethod.java:17)
	at org.junit.internal.runners.statements.FailOnTimeout$CallableStatement.call(FailOnTimeout.java:298)
	at org.junit.internal.runners.statements.FailOnTimeout$CallableStatement.call(FailOnTimeout.java:292)
	at java.util.concurrent.FutureTask.run(FutureTask.java:266)
	at java.lang.Thread.run(Thread.java:748)


updating test result for file org.apache.hadoop.hdfs.server.blockmanagement.TestHeartbeatHandling#testHeartbeat
v1v1 running time = 19075874078
updating test result for file org.apache.hadoop.hdfs.server.blockmanagement.TestHeartbeatHandling#testHeartbeat
v2v2 running time = 18346187504
---> v1v1 and v2v2 test test suceeded.
early stop after 7 is satisfied
v1v2 failed with probability 7 out of 7
v1v1v2v2 failed with probability 0 out of 7
Total execution time in seconds : 362
0
