my_type=hypothesis
proj=yarn
u_test=org.apache.hadoop.yarn.server.resourcemanager.TestResourceTrackerService#testNodeRemovalNormally
h_list[1]=yarn.resourcemanager.node-removal-untracked.timeout-ms@@@yarn:ResourceManager@@@-3@@@500@@@600
proj: yarn
u_test: org.apache.hadoop.yarn.server.resourcemanager.TestResourceTrackerService#testNodeRemovalNormally
h_list: yarn.resourcemanager.node-removal-untracked.timeout-ms@@@yarn:ResourceManager@@@-3@@@500@@@600
updating test result for file org.apache.hadoop.yarn.server.resourcemanager.TestResourceTrackerService#testNodeRemovalNormally
v1v2 running time = 13748298486
---> v1v2 test failed.
proj: yarn
u_test: org.apache.hadoop.yarn.server.resourcemanager.TestResourceTrackerService#testNodeRemovalNormally
h_list: yarn.resourcemanager.node-removal-untracked.timeout-ms@@@yarn:ResourceManager@@@-3@@@500@@@600
vv_mode: v1v2
result: FAIL
failureMessage: Node should have been forgotten! expected:<host2:5678> but was:<null>
stackTrace: java.lang.AssertionError: Node should have been forgotten! expected:<host2:5678> but was:<null>
	at org.junit.Assert.fail(Assert.java:88)
	at org.junit.Assert.failNotEquals(Assert.java:834)
	at org.junit.Assert.assertEquals(Assert.java:118)
	at org.apache.hadoop.yarn.server.resourcemanager.TestResourceTrackerService.testNodeRemovalUtil(TestResourceTrackerService.java:2191)
	at org.apache.hadoop.yarn.server.resourcemanager.TestResourceTrackerService.testNodeRemovalNormally(TestResourceTrackerService.java:2103)
	at sun.reflect.NativeMethodAccessorImpl.invoke0(Native Method)
	at sun.reflect.NativeMethodAccessorImpl.invoke(NativeMethodAccessorImpl.java:62)
	at sun.reflect.DelegatingMethodAccessorImpl.invoke(DelegatingMethodAccessorImpl.java:43)
	at java.lang.reflect.Method.invoke(Method.java:498)
	at org.junit.runners.model.FrameworkMethod$1.runReflectiveCall(FrameworkMethod.java:50)
	at org.junit.internal.runners.model.ReflectiveCallable.run(ReflectiveCallable.java:12)
	at org.junit.runners.model.FrameworkMethod.invokeExplosively(FrameworkMethod.java:47)
	at org.junit.internal.runners.statements.InvokeMethod.evaluate(InvokeMethod.java:17)
	at org.junit.internal.runners.statements.RunAfters.evaluate(RunAfters.java:27)
	at org.junit.runners.ParentRunner.runLeaf(ParentRunner.java:325)
	at org.junit.runners.BlockJUnit4ClassRunner.runChild(BlockJUnit4ClassRunner.java:78)
	at org.junit.runners.BlockJUnit4ClassRunner.runChild(BlockJUnit4ClassRunner.java:57)
	at org.junit.runners.ParentRunner$3.run(ParentRunner.java:290)
	at org.junit.runners.ParentRunner$1.schedule(ParentRunner.java:71)
	at org.junit.runners.ParentRunner.runChildren(ParentRunner.java:288)
	at org.junit.runners.ParentRunner.access$000(ParentRunner.java:58)
	at org.junit.runners.ParentRunner$2.evaluate(ParentRunner.java:268)
	at org.junit.runners.ParentRunner.run(ParentRunner.java:363)
	at org.apache.maven.surefire.junit4.JUnit4Provider.execute(JUnit4Provider.java:365)
	at org.apache.maven.surefire.junit4.JUnit4Provider.executeWithRerun(JUnit4Provider.java:273)
	at org.apache.maven.surefire.junit4.JUnit4Provider.executeTestSet(JUnit4Provider.java:238)
	at org.apache.maven.surefire.junit4.JUnit4Provider.invoke(JUnit4Provider.java:159)
	at org.apache.maven.surefire.booter.ForkedBooter.invokeProviderInSameClassLoader(ForkedBooter.java:384)
	at org.apache.maven.surefire.booter.ForkedBooter.runSuitesInProcess(ForkedBooter.java:345)
	at org.apache.maven.surefire.booter.ForkedBooter.execute(ForkedBooter.java:126)
	at org.apache.maven.surefire.booter.ForkedBooter.main(ForkedBooter.java:418)


updating test result for file org.apache.hadoop.yarn.server.resourcemanager.TestResourceTrackerService#testNodeRemovalNormally
v1v1 running time = 23168038345
updating test result for file org.apache.hadoop.yarn.server.resourcemanager.TestResourceTrackerService#testNodeRemovalNormally
v2v2 running time = 22605022495
---> v1v1 and v2v2 test test suceeded.
updating test result for file org.apache.hadoop.yarn.server.resourcemanager.TestResourceTrackerService#testNodeRemovalNormally
v1v2 running time = 15493201630
---> v1v2 test failed.
proj: yarn
u_test: org.apache.hadoop.yarn.server.resourcemanager.TestResourceTrackerService#testNodeRemovalNormally
h_list: yarn.resourcemanager.node-removal-untracked.timeout-ms@@@yarn:ResourceManager@@@-3@@@500@@@600
vv_mode: v1v2
result: FAIL
failureMessage: Node should have been forgotten! expected:<host2:5678> but was:<null>
stackTrace: java.lang.AssertionError: Node should have been forgotten! expected:<host2:5678> but was:<null>
	at org.junit.Assert.fail(Assert.java:88)
	at org.junit.Assert.failNotEquals(Assert.java:834)
	at org.junit.Assert.assertEquals(Assert.java:118)
	at org.apache.hadoop.yarn.server.resourcemanager.TestResourceTrackerService.testNodeRemovalUtil(TestResourceTrackerService.java:2191)
	at org.apache.hadoop.yarn.server.resourcemanager.TestResourceTrackerService.testNodeRemovalNormally(TestResourceTrackerService.java:2103)
	at sun.reflect.NativeMethodAccessorImpl.invoke0(Native Method)
	at sun.reflect.NativeMethodAccessorImpl.invoke(NativeMethodAccessorImpl.java:62)
	at sun.reflect.DelegatingMethodAccessorImpl.invoke(DelegatingMethodAccessorImpl.java:43)
	at java.lang.reflect.Method.invoke(Method.java:498)
	at org.junit.runners.model.FrameworkMethod$1.runReflectiveCall(FrameworkMethod.java:50)
	at org.junit.internal.runners.model.ReflectiveCallable.run(ReflectiveCallable.java:12)
	at org.junit.runners.model.FrameworkMethod.invokeExplosively(FrameworkMethod.java:47)
	at org.junit.internal.runners.statements.InvokeMethod.evaluate(InvokeMethod.java:17)
	at org.junit.internal.runners.statements.RunAfters.evaluate(RunAfters.java:27)
	at org.junit.runners.ParentRunner.runLeaf(ParentRunner.java:325)
	at org.junit.runners.BlockJUnit4ClassRunner.runChild(BlockJUnit4ClassRunner.java:78)
	at org.junit.runners.BlockJUnit4ClassRunner.runChild(BlockJUnit4ClassRunner.java:57)
	at org.junit.runners.ParentRunner$3.run(ParentRunner.java:290)
	at org.junit.runners.ParentRunner$1.schedule(ParentRunner.java:71)
	at org.junit.runners.ParentRunner.runChildren(ParentRunner.java:288)
	at org.junit.runners.ParentRunner.access$000(ParentRunner.java:58)
	at org.junit.runners.ParentRunner$2.evaluate(ParentRunner.java:268)
	at org.junit.runners.ParentRunner.run(ParentRunner.java:363)
	at org.apache.maven.surefire.junit4.JUnit4Provider.execute(JUnit4Provider.java:365)
	at org.apache.maven.surefire.junit4.JUnit4Provider.executeWithRerun(JUnit4Provider.java:273)
	at org.apache.maven.surefire.junit4.JUnit4Provider.executeTestSet(JUnit4Provider.java:238)
	at org.apache.maven.surefire.junit4.JUnit4Provider.invoke(JUnit4Provider.java:159)
	at org.apache.maven.surefire.booter.ForkedBooter.invokeProviderInSameClassLoader(ForkedBooter.java:384)
	at org.apache.maven.surefire.booter.ForkedBooter.runSuitesInProcess(ForkedBooter.java:345)
	at org.apache.maven.surefire.booter.ForkedBooter.execute(ForkedBooter.java:126)
	at org.apache.maven.surefire.booter.ForkedBooter.main(ForkedBooter.java:418)


updating test result for file org.apache.hadoop.yarn.server.resourcemanager.TestResourceTrackerService#testNodeRemovalNormally
v1v1 running time = 30014261788
updating test result for file org.apache.hadoop.yarn.server.resourcemanager.TestResourceTrackerService#testNodeRemovalNormally
v2v2 running time = 26476171121
---> v1v1 and v2v2 test test suceeded.
updating test result for file org.apache.hadoop.yarn.server.resourcemanager.TestResourceTrackerService#testNodeRemovalNormally
v1v2 running time = 24434795114
---> v1v2 test suceeded.
updating test result for file org.apache.hadoop.yarn.server.resourcemanager.TestResourceTrackerService#testNodeRemovalNormally
v1v1 running time = 25258349318
updating test result for file org.apache.hadoop.yarn.server.resourcemanager.TestResourceTrackerService#testNodeRemovalNormally
v2v2 running time = 27194273869
---> v1v1 and v2v2 test test suceeded.
updating test result for file org.apache.hadoop.yarn.server.resourcemanager.TestResourceTrackerService#testNodeRemovalNormally
v1v2 running time = 16785360635
---> v1v2 test failed.
proj: yarn
u_test: org.apache.hadoop.yarn.server.resourcemanager.TestResourceTrackerService#testNodeRemovalNormally
h_list: yarn.resourcemanager.node-removal-untracked.timeout-ms@@@yarn:ResourceManager@@@-3@@@500@@@600
vv_mode: v1v2
result: FAIL
failureMessage: Node should have been forgotten! expected:<host2:5678> but was:<null>
stackTrace: java.lang.AssertionError: Node should have been forgotten! expected:<host2:5678> but was:<null>
	at org.junit.Assert.fail(Assert.java:88)
	at org.junit.Assert.failNotEquals(Assert.java:834)
	at org.junit.Assert.assertEquals(Assert.java:118)
	at org.apache.hadoop.yarn.server.resourcemanager.TestResourceTrackerService.testNodeRemovalUtil(TestResourceTrackerService.java:2191)
	at org.apache.hadoop.yarn.server.resourcemanager.TestResourceTrackerService.testNodeRemovalNormally(TestResourceTrackerService.java:2103)
	at sun.reflect.NativeMethodAccessorImpl.invoke0(Native Method)
	at sun.reflect.NativeMethodAccessorImpl.invoke(NativeMethodAccessorImpl.java:62)
	at sun.reflect.DelegatingMethodAccessorImpl.invoke(DelegatingMethodAccessorImpl.java:43)
	at java.lang.reflect.Method.invoke(Method.java:498)
	at org.junit.runners.model.FrameworkMethod$1.runReflectiveCall(FrameworkMethod.java:50)
	at org.junit.internal.runners.model.ReflectiveCallable.run(ReflectiveCallable.java:12)
	at org.junit.runners.model.FrameworkMethod.invokeExplosively(FrameworkMethod.java:47)
	at org.junit.internal.runners.statements.InvokeMethod.evaluate(InvokeMethod.java:17)
	at org.junit.internal.runners.statements.RunAfters.evaluate(RunAfters.java:27)
	at org.junit.runners.ParentRunner.runLeaf(ParentRunner.java:325)
	at org.junit.runners.BlockJUnit4ClassRunner.runChild(BlockJUnit4ClassRunner.java:78)
	at org.junit.runners.BlockJUnit4ClassRunner.runChild(BlockJUnit4ClassRunner.java:57)
	at org.junit.runners.ParentRunner$3.run(ParentRunner.java:290)
	at org.junit.runners.ParentRunner$1.schedule(ParentRunner.java:71)
	at org.junit.runners.ParentRunner.runChildren(ParentRunner.java:288)
	at org.junit.runners.ParentRunner.access$000(ParentRunner.java:58)
	at org.junit.runners.ParentRunner$2.evaluate(ParentRunner.java:268)
	at org.junit.runners.ParentRunner.run(ParentRunner.java:363)
	at org.apache.maven.surefire.junit4.JUnit4Provider.execute(JUnit4Provider.java:365)
	at org.apache.maven.surefire.junit4.JUnit4Provider.executeWithRerun(JUnit4Provider.java:273)
	at org.apache.maven.surefire.junit4.JUnit4Provider.executeTestSet(JUnit4Provider.java:238)
	at org.apache.maven.surefire.junit4.JUnit4Provider.invoke(JUnit4Provider.java:159)
	at org.apache.maven.surefire.booter.ForkedBooter.invokeProviderInSameClassLoader(ForkedBooter.java:384)
	at org.apache.maven.surefire.booter.ForkedBooter.runSuitesInProcess(ForkedBooter.java:345)
	at org.apache.maven.surefire.booter.ForkedBooter.execute(ForkedBooter.java:126)
	at org.apache.maven.surefire.booter.ForkedBooter.main(ForkedBooter.java:418)


updating test result for file org.apache.hadoop.yarn.server.resourcemanager.TestResourceTrackerService#testNodeRemovalNormally
v1v1 running time = 27355454115
updating test result for file org.apache.hadoop.yarn.server.resourcemanager.TestResourceTrackerService#testNodeRemovalNormally
v2v2 running time = 25008416220
---> v1v1 and v2v2 test test suceeded.
updating test result for file org.apache.hadoop.yarn.server.resourcemanager.TestResourceTrackerService#testNodeRemovalNormally
v1v2 running time = 19601666816
---> v1v2 test failed.
proj: yarn
u_test: org.apache.hadoop.yarn.server.resourcemanager.TestResourceTrackerService#testNodeRemovalNormally
h_list: yarn.resourcemanager.node-removal-untracked.timeout-ms@@@yarn:ResourceManager@@@-3@@@500@@@600
vv_mode: v1v2
result: FAIL
failureMessage: Node should have been forgotten! expected:<host2:5678> but was:<null>
stackTrace: java.lang.AssertionError: Node should have been forgotten! expected:<host2:5678> but was:<null>
	at org.junit.Assert.fail(Assert.java:88)
	at org.junit.Assert.failNotEquals(Assert.java:834)
	at org.junit.Assert.assertEquals(Assert.java:118)
	at org.apache.hadoop.yarn.server.resourcemanager.TestResourceTrackerService.testNodeRemovalUtilDecomToUntracked(TestResourceTrackerService.java:2294)
	at org.apache.hadoop.yarn.server.resourcemanager.TestResourceTrackerService.testNodeRemovalUtil(TestResourceTrackerService.java:2258)
	at org.apache.hadoop.yarn.server.resourcemanager.TestResourceTrackerService.testNodeRemovalNormally(TestResourceTrackerService.java:2103)
	at sun.reflect.NativeMethodAccessorImpl.invoke0(Native Method)
	at sun.reflect.NativeMethodAccessorImpl.invoke(NativeMethodAccessorImpl.java:62)
	at sun.reflect.DelegatingMethodAccessorImpl.invoke(DelegatingMethodAccessorImpl.java:43)
	at java.lang.reflect.Method.invoke(Method.java:498)
	at org.junit.runners.model.FrameworkMethod$1.runReflectiveCall(FrameworkMethod.java:50)
	at org.junit.internal.runners.model.ReflectiveCallable.run(ReflectiveCallable.java:12)
	at org.junit.runners.model.FrameworkMethod.invokeExplosively(FrameworkMethod.java:47)
	at org.junit.internal.runners.statements.InvokeMethod.evaluate(InvokeMethod.java:17)
	at org.junit.internal.runners.statements.RunAfters.evaluate(RunAfters.java:27)
	at org.junit.runners.ParentRunner.runLeaf(ParentRunner.java:325)
	at org.junit.runners.BlockJUnit4ClassRunner.runChild(BlockJUnit4ClassRunner.java:78)
	at org.junit.runners.BlockJUnit4ClassRunner.runChild(BlockJUnit4ClassRunner.java:57)
	at org.junit.runners.ParentRunner$3.run(ParentRunner.java:290)
	at org.junit.runners.ParentRunner$1.schedule(ParentRunner.java:71)
	at org.junit.runners.ParentRunner.runChildren(ParentRunner.java:288)
	at org.junit.runners.ParentRunner.access$000(ParentRunner.java:58)
	at org.junit.runners.ParentRunner$2.evaluate(ParentRunner.java:268)
	at org.junit.runners.ParentRunner.run(ParentRunner.java:363)
	at org.apache.maven.surefire.junit4.JUnit4Provider.execute(JUnit4Provider.java:365)
	at org.apache.maven.surefire.junit4.JUnit4Provider.executeWithRerun(JUnit4Provider.java:273)
	at org.apache.maven.surefire.junit4.JUnit4Provider.executeTestSet(JUnit4Provider.java:238)
	at org.apache.maven.surefire.junit4.JUnit4Provider.invoke(JUnit4Provider.java:159)
	at org.apache.maven.surefire.booter.ForkedBooter.invokeProviderInSameClassLoader(ForkedBooter.java:384)
	at org.apache.maven.surefire.booter.ForkedBooter.runSuitesInProcess(ForkedBooter.java:345)
	at org.apache.maven.surefire.booter.ForkedBooter.execute(ForkedBooter.java:126)
	at org.apache.maven.surefire.booter.ForkedBooter.main(ForkedBooter.java:418)


updating test result for file org.apache.hadoop.yarn.server.resourcemanager.TestResourceTrackerService#testNodeRemovalNormally
v1v1 running time = 31671036024
updating test result for file org.apache.hadoop.yarn.server.resourcemanager.TestResourceTrackerService#testNodeRemovalNormally
v2v2 running time = 26592792783
---> v1v1 and v2v2 test test suceeded.
updating test result for file org.apache.hadoop.yarn.server.resourcemanager.TestResourceTrackerService#testNodeRemovalNormally
v1v2 running time = 14187384970
---> v1v2 test failed.
proj: yarn
u_test: org.apache.hadoop.yarn.server.resourcemanager.TestResourceTrackerService#testNodeRemovalNormally
h_list: yarn.resourcemanager.node-removal-untracked.timeout-ms@@@yarn:ResourceManager@@@-3@@@500@@@600
vv_mode: v1v2
result: FAIL
failureMessage: Node should have been forgotten! expected:<host2:5678> but was:<null>
stackTrace: java.lang.AssertionError: Node should have been forgotten! expected:<host2:5678> but was:<null>
	at org.junit.Assert.fail(Assert.java:88)
	at org.junit.Assert.failNotEquals(Assert.java:834)
	at org.junit.Assert.assertEquals(Assert.java:118)
	at org.apache.hadoop.yarn.server.resourcemanager.TestResourceTrackerService.testNodeRemovalUtilDecomToUntracked(TestResourceTrackerService.java:2294)
	at org.apache.hadoop.yarn.server.resourcemanager.TestResourceTrackerService.testNodeRemovalUtil(TestResourceTrackerService.java:2258)
	at org.apache.hadoop.yarn.server.resourcemanager.TestResourceTrackerService.testNodeRemovalNormally(TestResourceTrackerService.java:2103)
	at sun.reflect.NativeMethodAccessorImpl.invoke0(Native Method)
	at sun.reflect.NativeMethodAccessorImpl.invoke(NativeMethodAccessorImpl.java:62)
	at sun.reflect.DelegatingMethodAccessorImpl.invoke(DelegatingMethodAccessorImpl.java:43)
	at java.lang.reflect.Method.invoke(Method.java:498)
	at org.junit.runners.model.FrameworkMethod$1.runReflectiveCall(FrameworkMethod.java:50)
	at org.junit.internal.runners.model.ReflectiveCallable.run(ReflectiveCallable.java:12)
	at org.junit.runners.model.FrameworkMethod.invokeExplosively(FrameworkMethod.java:47)
	at org.junit.internal.runners.statements.InvokeMethod.evaluate(InvokeMethod.java:17)
	at org.junit.internal.runners.statements.RunAfters.evaluate(RunAfters.java:27)
	at org.junit.runners.ParentRunner.runLeaf(ParentRunner.java:325)
	at org.junit.runners.BlockJUnit4ClassRunner.runChild(BlockJUnit4ClassRunner.java:78)
	at org.junit.runners.BlockJUnit4ClassRunner.runChild(BlockJUnit4ClassRunner.java:57)
	at org.junit.runners.ParentRunner$3.run(ParentRunner.java:290)
	at org.junit.runners.ParentRunner$1.schedule(ParentRunner.java:71)
	at org.junit.runners.ParentRunner.runChildren(ParentRunner.java:288)
	at org.junit.runners.ParentRunner.access$000(ParentRunner.java:58)
	at org.junit.runners.ParentRunner$2.evaluate(ParentRunner.java:268)
	at org.junit.runners.ParentRunner.run(ParentRunner.java:363)
	at org.apache.maven.surefire.junit4.JUnit4Provider.execute(JUnit4Provider.java:365)
	at org.apache.maven.surefire.junit4.JUnit4Provider.executeWithRerun(JUnit4Provider.java:273)
	at org.apache.maven.surefire.junit4.JUnit4Provider.executeTestSet(JUnit4Provider.java:238)
	at org.apache.maven.surefire.junit4.JUnit4Provider.invoke(JUnit4Provider.java:159)
	at org.apache.maven.surefire.booter.ForkedBooter.invokeProviderInSameClassLoader(ForkedBooter.java:384)
	at org.apache.maven.surefire.booter.ForkedBooter.runSuitesInProcess(ForkedBooter.java:345)
	at org.apache.maven.surefire.booter.ForkedBooter.execute(ForkedBooter.java:126)
	at org.apache.maven.surefire.booter.ForkedBooter.main(ForkedBooter.java:418)


updating test result for file org.apache.hadoop.yarn.server.resourcemanager.TestResourceTrackerService#testNodeRemovalNormally
v1v1 running time = 30720562279
updating test result for file org.apache.hadoop.yarn.server.resourcemanager.TestResourceTrackerService#testNodeRemovalNormally
v2v2 running time = 26297915149
---> v1v1 and v2v2 test test suceeded.
updating test result for file org.apache.hadoop.yarn.server.resourcemanager.TestResourceTrackerService#testNodeRemovalNormally
v1v2 running time = 23448486949
---> v1v2 test failed.
proj: yarn
u_test: org.apache.hadoop.yarn.server.resourcemanager.TestResourceTrackerService#testNodeRemovalNormally
h_list: yarn.resourcemanager.node-removal-untracked.timeout-ms@@@yarn:ResourceManager@@@-3@@@500@@@600
vv_mode: v1v2
result: FAIL
failureMessage: Node should have been forgotten! expected:<host2:5678> but was:<null>
stackTrace: java.lang.AssertionError: Node should have been forgotten! expected:<host2:5678> but was:<null>
	at org.junit.Assert.fail(Assert.java:88)
	at org.junit.Assert.failNotEquals(Assert.java:834)
	at org.junit.Assert.assertEquals(Assert.java:118)
	at org.apache.hadoop.yarn.server.resourcemanager.TestResourceTrackerService.testNodeRemovalUtilDecomToUntracked(TestResourceTrackerService.java:2294)
	at org.apache.hadoop.yarn.server.resourcemanager.TestResourceTrackerService.testNodeRemovalUtil(TestResourceTrackerService.java:2258)
	at org.apache.hadoop.yarn.server.resourcemanager.TestResourceTrackerService.testNodeRemovalNormally(TestResourceTrackerService.java:2103)
	at sun.reflect.NativeMethodAccessorImpl.invoke0(Native Method)
	at sun.reflect.NativeMethodAccessorImpl.invoke(NativeMethodAccessorImpl.java:62)
	at sun.reflect.DelegatingMethodAccessorImpl.invoke(DelegatingMethodAccessorImpl.java:43)
	at java.lang.reflect.Method.invoke(Method.java:498)
	at org.junit.runners.model.FrameworkMethod$1.runReflectiveCall(FrameworkMethod.java:50)
	at org.junit.internal.runners.model.ReflectiveCallable.run(ReflectiveCallable.java:12)
	at org.junit.runners.model.FrameworkMethod.invokeExplosively(FrameworkMethod.java:47)
	at org.junit.internal.runners.statements.InvokeMethod.evaluate(InvokeMethod.java:17)
	at org.junit.internal.runners.statements.RunAfters.evaluate(RunAfters.java:27)
	at org.junit.runners.ParentRunner.runLeaf(ParentRunner.java:325)
	at org.junit.runners.BlockJUnit4ClassRunner.runChild(BlockJUnit4ClassRunner.java:78)
	at org.junit.runners.BlockJUnit4ClassRunner.runChild(BlockJUnit4ClassRunner.java:57)
	at org.junit.runners.ParentRunner$3.run(ParentRunner.java:290)
	at org.junit.runners.ParentRunner$1.schedule(ParentRunner.java:71)
	at org.junit.runners.ParentRunner.runChildren(ParentRunner.java:288)
	at org.junit.runners.ParentRunner.access$000(ParentRunner.java:58)
	at org.junit.runners.ParentRunner$2.evaluate(ParentRunner.java:268)
	at org.junit.runners.ParentRunner.run(ParentRunner.java:363)
	at org.apache.maven.surefire.junit4.JUnit4Provider.execute(JUnit4Provider.java:365)
	at org.apache.maven.surefire.junit4.JUnit4Provider.executeWithRerun(JUnit4Provider.java:273)
	at org.apache.maven.surefire.junit4.JUnit4Provider.executeTestSet(JUnit4Provider.java:238)
	at org.apache.maven.surefire.junit4.JUnit4Provider.invoke(JUnit4Provider.java:159)
	at org.apache.maven.surefire.booter.ForkedBooter.invokeProviderInSameClassLoader(ForkedBooter.java:384)
	at org.apache.maven.surefire.booter.ForkedBooter.runSuitesInProcess(ForkedBooter.java:345)
	at org.apache.maven.surefire.booter.ForkedBooter.execute(ForkedBooter.java:126)
	at org.apache.maven.surefire.booter.ForkedBooter.main(ForkedBooter.java:418)


updating test result for file org.apache.hadoop.yarn.server.resourcemanager.TestResourceTrackerService#testNodeRemovalNormally
v1v1 running time = 43895882759
updating test result for file org.apache.hadoop.yarn.server.resourcemanager.TestResourceTrackerService#testNodeRemovalNormally
v2v2 running time = 24476991309
---> v1v1 and v2v2 test test suceeded.
updating test result for file org.apache.hadoop.yarn.server.resourcemanager.TestResourceTrackerService#testNodeRemovalNormally
v1v2 running time = 25265004108
---> v1v2 test suceeded.
updating test result for file org.apache.hadoop.yarn.server.resourcemanager.TestResourceTrackerService#testNodeRemovalNormally
v1v1 running time = 22539586948
updating test result for file org.apache.hadoop.yarn.server.resourcemanager.TestResourceTrackerService#testNodeRemovalNormally
v2v2 running time = 26266166366
---> v1v1 and v2v2 test test suceeded.
updating test result for file org.apache.hadoop.yarn.server.resourcemanager.TestResourceTrackerService#testNodeRemovalNormally
v1v2 running time = 12524295988
---> v1v2 test failed.
proj: yarn
u_test: org.apache.hadoop.yarn.server.resourcemanager.TestResourceTrackerService#testNodeRemovalNormally
h_list: yarn.resourcemanager.node-removal-untracked.timeout-ms@@@yarn:ResourceManager@@@-3@@@500@@@600
vv_mode: v1v2
result: FAIL
failureMessage: Node should have been forgotten! expected:<host2:5678> but was:<null>
stackTrace: java.lang.AssertionError: Node should have been forgotten! expected:<host2:5678> but was:<null>
	at org.junit.Assert.fail(Assert.java:88)
	at org.junit.Assert.failNotEquals(Assert.java:834)
	at org.junit.Assert.assertEquals(Assert.java:118)
	at org.apache.hadoop.yarn.server.resourcemanager.TestResourceTrackerService.testNodeRemovalUtil(TestResourceTrackerService.java:2191)
	at org.apache.hadoop.yarn.server.resourcemanager.TestResourceTrackerService.testNodeRemovalNormally(TestResourceTrackerService.java:2103)
	at sun.reflect.NativeMethodAccessorImpl.invoke0(Native Method)
	at sun.reflect.NativeMethodAccessorImpl.invoke(NativeMethodAccessorImpl.java:62)
	at sun.reflect.DelegatingMethodAccessorImpl.invoke(DelegatingMethodAccessorImpl.java:43)
	at java.lang.reflect.Method.invoke(Method.java:498)
	at org.junit.runners.model.FrameworkMethod$1.runReflectiveCall(FrameworkMethod.java:50)
	at org.junit.internal.runners.model.ReflectiveCallable.run(ReflectiveCallable.java:12)
	at org.junit.runners.model.FrameworkMethod.invokeExplosively(FrameworkMethod.java:47)
	at org.junit.internal.runners.statements.InvokeMethod.evaluate(InvokeMethod.java:17)
	at org.junit.internal.runners.statements.RunAfters.evaluate(RunAfters.java:27)
	at org.junit.runners.ParentRunner.runLeaf(ParentRunner.java:325)
	at org.junit.runners.BlockJUnit4ClassRunner.runChild(BlockJUnit4ClassRunner.java:78)
	at org.junit.runners.BlockJUnit4ClassRunner.runChild(BlockJUnit4ClassRunner.java:57)
	at org.junit.runners.ParentRunner$3.run(ParentRunner.java:290)
	at org.junit.runners.ParentRunner$1.schedule(ParentRunner.java:71)
	at org.junit.runners.ParentRunner.runChildren(ParentRunner.java:288)
	at org.junit.runners.ParentRunner.access$000(ParentRunner.java:58)
	at org.junit.runners.ParentRunner$2.evaluate(ParentRunner.java:268)
	at org.junit.runners.ParentRunner.run(ParentRunner.java:363)
	at org.apache.maven.surefire.junit4.JUnit4Provider.execute(JUnit4Provider.java:365)
	at org.apache.maven.surefire.junit4.JUnit4Provider.executeWithRerun(JUnit4Provider.java:273)
	at org.apache.maven.surefire.junit4.JUnit4Provider.executeTestSet(JUnit4Provider.java:238)
	at org.apache.maven.surefire.junit4.JUnit4Provider.invoke(JUnit4Provider.java:159)
	at org.apache.maven.surefire.booter.ForkedBooter.invokeProviderInSameClassLoader(ForkedBooter.java:384)
	at org.apache.maven.surefire.booter.ForkedBooter.runSuitesInProcess(ForkedBooter.java:345)
	at org.apache.maven.surefire.booter.ForkedBooter.execute(ForkedBooter.java:126)
	at org.apache.maven.surefire.booter.ForkedBooter.main(ForkedBooter.java:418)


updating test result for file org.apache.hadoop.yarn.server.resourcemanager.TestResourceTrackerService#testNodeRemovalNormally
v1v1 running time = 22225548833
updating test result for file org.apache.hadoop.yarn.server.resourcemanager.TestResourceTrackerService#testNodeRemovalNormally
v2v2 running time = 26136509468
---> v1v1 and v2v2 test test suceeded.
early stop after 7 is satisfied
v1v2 failed with probability 7 out of 9
v1v1v2v2 failed with probability 0 out of 9
Total execution time in seconds : 653
0
