my_type=hypothesis
proj=mapreduce
u_test=org.apache.hadoop.mapred.nativetask.combinertest.CombinerTest#testWordCountCombiner
h_list[1]=mapreduce.output.fileoutputformat.compress@@@mapreduce:ReduceTaskRunnable@@@-1@@@true@@@false
proj: mapreduce
u_test: org.apache.hadoop.mapred.nativetask.combinertest.CombinerTest#testWordCountCombiner
h_list: mapreduce.output.fileoutputformat.compress@@@mapreduce:ReduceTaskRunnable@@@-1@@@true@@@false
updating test result for file org.apache.hadoop.mapred.nativetask.combinertest.CombinerTest#testWordCountCombiner
v1v2 running time = 14736285975
---> v1v2 test failed.
proj: mapreduce
u_test: org.apache.hadoop.mapred.nativetask.combinertest.CombinerTest#testWordCountCombiner
h_list: mapreduce.output.fileoutputformat.compress@@@mapreduce:ReduceTaskRunnable@@@-1@@@true@@@false
vv_mode: v1v2
result: FAIL
failureMessage: cound not find file file:/root/hadoop-3.2.1-src/hadoop-mapreduce-project/hadoop-mapreduce-client/hadoop-mapreduce-client-nativetask/target/test-dir/combinertest/output/native/nativewordcount/part-r-00000.deflate , as sourcepaths has such file
stackTrace: java.lang.Exception: cound not find file file:/root/hadoop-3.2.1-src/hadoop-mapreduce-project/hadoop-mapreduce-client/hadoop-mapreduce-client-nativetask/target/test-dir/combinertest/output/native/nativewordcount/part-r-00000.deflate , as sourcepaths has such file
	at org.apache.hadoop.mapred.nativetask.testutil.ResultVerifier.verify(ResultVerifier.java:77)
	at org.apache.hadoop.mapred.nativetask.combinertest.CombinerTest.testWordCountCombiner(CombinerTest.java:67)
	at sun.reflect.NativeMethodAccessorImpl.invoke0(Native Method)
	at sun.reflect.NativeMethodAccessorImpl.invoke(NativeMethodAccessorImpl.java:62)
	at sun.reflect.DelegatingMethodAccessorImpl.invoke(DelegatingMethodAccessorImpl.java:43)
	at java.lang.reflect.Method.invoke(Method.java:498)
	at org.junit.runners.model.FrameworkMethod$1.runReflectiveCall(FrameworkMethod.java:50)
	at org.junit.internal.runners.model.ReflectiveCallable.run(ReflectiveCallable.java:12)
	at org.junit.runners.model.FrameworkMethod.invokeExplosively(FrameworkMethod.java:47)
	at org.junit.internal.runners.statements.InvokeMethod.evaluate(InvokeMethod.java:17)
	at org.junit.internal.runners.statements.RunBefores.evaluate(RunBefores.java:26)
	at org.junit.runners.ParentRunner.runLeaf(ParentRunner.java:325)
	at org.junit.runners.BlockJUnit4ClassRunner.runChild(BlockJUnit4ClassRunner.java:78)
	at org.junit.runners.BlockJUnit4ClassRunner.runChild(BlockJUnit4ClassRunner.java:57)
	at org.junit.runners.ParentRunner$3.run(ParentRunner.java:290)
	at org.junit.runners.ParentRunner$1.schedule(ParentRunner.java:71)
	at org.junit.runners.ParentRunner.runChildren(ParentRunner.java:288)
	at org.junit.runners.ParentRunner.access$000(ParentRunner.java:58)
	at org.junit.runners.ParentRunner$2.evaluate(ParentRunner.java:268)
	at org.junit.internal.runners.statements.RunAfters.evaluate(RunAfters.java:27)
	at org.junit.runners.ParentRunner.run(ParentRunner.java:363)
	at org.apache.maven.surefire.junit4.JUnit4Provider.execute(JUnit4Provider.java:365)
	at org.apache.maven.surefire.junit4.JUnit4Provider.executeWithRerun(JUnit4Provider.java:273)
	at org.apache.maven.surefire.junit4.JUnit4Provider.executeTestSet(JUnit4Provider.java:238)
	at org.apache.maven.surefire.junit4.JUnit4Provider.invoke(JUnit4Provider.java:159)
	at org.apache.maven.surefire.booter.ForkedBooter.invokeProviderInSameClassLoader(ForkedBooter.java:384)
	at org.apache.maven.surefire.booter.ForkedBooter.runSuitesInProcess(ForkedBooter.java:345)
	at org.apache.maven.surefire.booter.ForkedBooter.execute(ForkedBooter.java:126)
	at org.apache.maven.surefire.booter.ForkedBooter.main(ForkedBooter.java:418)


updating test result for file org.apache.hadoop.mapred.nativetask.combinertest.CombinerTest#testWordCountCombiner
v1v1 running time = 15386600485
updating test result for file org.apache.hadoop.mapred.nativetask.combinertest.CombinerTest#testWordCountCombiner
v2v2 running time = 15878335317
---> v1v1 and v2v2 test test suceeded.
updating test result for file org.apache.hadoop.mapred.nativetask.combinertest.CombinerTest#testWordCountCombiner
v1v2 running time = 16232250425
---> v1v2 test failed.
proj: mapreduce
u_test: org.apache.hadoop.mapred.nativetask.combinertest.CombinerTest#testWordCountCombiner
h_list: mapreduce.output.fileoutputformat.compress@@@mapreduce:ReduceTaskRunnable@@@-1@@@true@@@false
vv_mode: v1v2
result: FAIL
failureMessage: cound not find file file:/root/hadoop-3.2.1-src/hadoop-mapreduce-project/hadoop-mapreduce-client/hadoop-mapreduce-client-nativetask/target/test-dir/combinertest/output/native/nativewordcount/part-r-00000.deflate , as sourcepaths has such file
stackTrace: java.lang.Exception: cound not find file file:/root/hadoop-3.2.1-src/hadoop-mapreduce-project/hadoop-mapreduce-client/hadoop-mapreduce-client-nativetask/target/test-dir/combinertest/output/native/nativewordcount/part-r-00000.deflate , as sourcepaths has such file
	at org.apache.hadoop.mapred.nativetask.testutil.ResultVerifier.verify(ResultVerifier.java:77)
	at org.apache.hadoop.mapred.nativetask.combinertest.CombinerTest.testWordCountCombiner(CombinerTest.java:67)
	at sun.reflect.NativeMethodAccessorImpl.invoke0(Native Method)
	at sun.reflect.NativeMethodAccessorImpl.invoke(NativeMethodAccessorImpl.java:62)
	at sun.reflect.DelegatingMethodAccessorImpl.invoke(DelegatingMethodAccessorImpl.java:43)
	at java.lang.reflect.Method.invoke(Method.java:498)
	at org.junit.runners.model.FrameworkMethod$1.runReflectiveCall(FrameworkMethod.java:50)
	at org.junit.internal.runners.model.ReflectiveCallable.run(ReflectiveCallable.java:12)
	at org.junit.runners.model.FrameworkMethod.invokeExplosively(FrameworkMethod.java:47)
	at org.junit.internal.runners.statements.InvokeMethod.evaluate(InvokeMethod.java:17)
	at org.junit.internal.runners.statements.RunBefores.evaluate(RunBefores.java:26)
	at org.junit.runners.ParentRunner.runLeaf(ParentRunner.java:325)
	at org.junit.runners.BlockJUnit4ClassRunner.runChild(BlockJUnit4ClassRunner.java:78)
	at org.junit.runners.BlockJUnit4ClassRunner.runChild(BlockJUnit4ClassRunner.java:57)
	at org.junit.runners.ParentRunner$3.run(ParentRunner.java:290)
	at org.junit.runners.ParentRunner$1.schedule(ParentRunner.java:71)
	at org.junit.runners.ParentRunner.runChildren(ParentRunner.java:288)
	at org.junit.runners.ParentRunner.access$000(ParentRunner.java:58)
	at org.junit.runners.ParentRunner$2.evaluate(ParentRunner.java:268)
	at org.junit.internal.runners.statements.RunAfters.evaluate(RunAfters.java:27)
	at org.junit.runners.ParentRunner.run(ParentRunner.java:363)
	at org.apache.maven.surefire.junit4.JUnit4Provider.execute(JUnit4Provider.java:365)
	at org.apache.maven.surefire.junit4.JUnit4Provider.executeWithRerun(JUnit4Provider.java:273)
	at org.apache.maven.surefire.junit4.JUnit4Provider.executeTestSet(JUnit4Provider.java:238)
	at org.apache.maven.surefire.junit4.JUnit4Provider.invoke(JUnit4Provider.java:159)
	at org.apache.maven.surefire.booter.ForkedBooter.invokeProviderInSameClassLoader(ForkedBooter.java:384)
	at org.apache.maven.surefire.booter.ForkedBooter.runSuitesInProcess(ForkedBooter.java:345)
	at org.apache.maven.surefire.booter.ForkedBooter.execute(ForkedBooter.java:126)
	at org.apache.maven.surefire.booter.ForkedBooter.main(ForkedBooter.java:418)


updating test result for file org.apache.hadoop.mapred.nativetask.combinertest.CombinerTest#testWordCountCombiner
v1v1 running time = 14712549743
updating test result for file org.apache.hadoop.mapred.nativetask.combinertest.CombinerTest#testWordCountCombiner
v2v2 running time = 16392865098
---> v1v1 and v2v2 test test suceeded.
updating test result for file org.apache.hadoop.mapred.nativetask.combinertest.CombinerTest#testWordCountCombiner
v1v2 running time = 16892597344
---> v1v2 test failed.
proj: mapreduce
u_test: org.apache.hadoop.mapred.nativetask.combinertest.CombinerTest#testWordCountCombiner
h_list: mapreduce.output.fileoutputformat.compress@@@mapreduce:ReduceTaskRunnable@@@-1@@@true@@@false
vv_mode: v1v2
result: FAIL
failureMessage: cound not find file file:/root/hadoop-3.2.1-src/hadoop-mapreduce-project/hadoop-mapreduce-client/hadoop-mapreduce-client-nativetask/target/test-dir/combinertest/output/native/nativewordcount/part-r-00000.deflate , as sourcepaths has such file
stackTrace: java.lang.Exception: cound not find file file:/root/hadoop-3.2.1-src/hadoop-mapreduce-project/hadoop-mapreduce-client/hadoop-mapreduce-client-nativetask/target/test-dir/combinertest/output/native/nativewordcount/part-r-00000.deflate , as sourcepaths has such file
	at org.apache.hadoop.mapred.nativetask.testutil.ResultVerifier.verify(ResultVerifier.java:77)
	at org.apache.hadoop.mapred.nativetask.combinertest.CombinerTest.testWordCountCombiner(CombinerTest.java:67)
	at sun.reflect.NativeMethodAccessorImpl.invoke0(Native Method)
	at sun.reflect.NativeMethodAccessorImpl.invoke(NativeMethodAccessorImpl.java:62)
	at sun.reflect.DelegatingMethodAccessorImpl.invoke(DelegatingMethodAccessorImpl.java:43)
	at java.lang.reflect.Method.invoke(Method.java:498)
	at org.junit.runners.model.FrameworkMethod$1.runReflectiveCall(FrameworkMethod.java:50)
	at org.junit.internal.runners.model.ReflectiveCallable.run(ReflectiveCallable.java:12)
	at org.junit.runners.model.FrameworkMethod.invokeExplosively(FrameworkMethod.java:47)
	at org.junit.internal.runners.statements.InvokeMethod.evaluate(InvokeMethod.java:17)
	at org.junit.internal.runners.statements.RunBefores.evaluate(RunBefores.java:26)
	at org.junit.runners.ParentRunner.runLeaf(ParentRunner.java:325)
	at org.junit.runners.BlockJUnit4ClassRunner.runChild(BlockJUnit4ClassRunner.java:78)
	at org.junit.runners.BlockJUnit4ClassRunner.runChild(BlockJUnit4ClassRunner.java:57)
	at org.junit.runners.ParentRunner$3.run(ParentRunner.java:290)
	at org.junit.runners.ParentRunner$1.schedule(ParentRunner.java:71)
	at org.junit.runners.ParentRunner.runChildren(ParentRunner.java:288)
	at org.junit.runners.ParentRunner.access$000(ParentRunner.java:58)
	at org.junit.runners.ParentRunner$2.evaluate(ParentRunner.java:268)
	at org.junit.internal.runners.statements.RunAfters.evaluate(RunAfters.java:27)
	at org.junit.runners.ParentRunner.run(ParentRunner.java:363)
	at org.apache.maven.surefire.junit4.JUnit4Provider.execute(JUnit4Provider.java:365)
	at org.apache.maven.surefire.junit4.JUnit4Provider.executeWithRerun(JUnit4Provider.java:273)
	at org.apache.maven.surefire.junit4.JUnit4Provider.executeTestSet(JUnit4Provider.java:238)
	at org.apache.maven.surefire.junit4.JUnit4Provider.invoke(JUnit4Provider.java:159)
	at org.apache.maven.surefire.booter.ForkedBooter.invokeProviderInSameClassLoader(ForkedBooter.java:384)
	at org.apache.maven.surefire.booter.ForkedBooter.runSuitesInProcess(ForkedBooter.java:345)
	at org.apache.maven.surefire.booter.ForkedBooter.execute(ForkedBooter.java:126)
	at org.apache.maven.surefire.booter.ForkedBooter.main(ForkedBooter.java:418)


updating test result for file org.apache.hadoop.mapred.nativetask.combinertest.CombinerTest#testWordCountCombiner
v1v1 running time = 18415977538
updating test result for file org.apache.hadoop.mapred.nativetask.combinertest.CombinerTest#testWordCountCombiner
v2v2 running time = 16928828945
---> v1v1 and v2v2 test test suceeded.
updating test result for file org.apache.hadoop.mapred.nativetask.combinertest.CombinerTest#testWordCountCombiner
v1v2 running time = 16753582875
---> v1v2 test failed.
proj: mapreduce
u_test: org.apache.hadoop.mapred.nativetask.combinertest.CombinerTest#testWordCountCombiner
h_list: mapreduce.output.fileoutputformat.compress@@@mapreduce:ReduceTaskRunnable@@@-1@@@true@@@false
vv_mode: v1v2
result: FAIL
failureMessage: cound not find file file:/root/hadoop-3.2.1-src/hadoop-mapreduce-project/hadoop-mapreduce-client/hadoop-mapreduce-client-nativetask/target/test-dir/combinertest/output/native/nativewordcount/part-r-00000.deflate , as sourcepaths has such file
stackTrace: java.lang.Exception: cound not find file file:/root/hadoop-3.2.1-src/hadoop-mapreduce-project/hadoop-mapreduce-client/hadoop-mapreduce-client-nativetask/target/test-dir/combinertest/output/native/nativewordcount/part-r-00000.deflate , as sourcepaths has such file
	at org.apache.hadoop.mapred.nativetask.testutil.ResultVerifier.verify(ResultVerifier.java:77)
	at org.apache.hadoop.mapred.nativetask.combinertest.CombinerTest.testWordCountCombiner(CombinerTest.java:67)
	at sun.reflect.NativeMethodAccessorImpl.invoke0(Native Method)
	at sun.reflect.NativeMethodAccessorImpl.invoke(NativeMethodAccessorImpl.java:62)
	at sun.reflect.DelegatingMethodAccessorImpl.invoke(DelegatingMethodAccessorImpl.java:43)
	at java.lang.reflect.Method.invoke(Method.java:498)
	at org.junit.runners.model.FrameworkMethod$1.runReflectiveCall(FrameworkMethod.java:50)
	at org.junit.internal.runners.model.ReflectiveCallable.run(ReflectiveCallable.java:12)
	at org.junit.runners.model.FrameworkMethod.invokeExplosively(FrameworkMethod.java:47)
	at org.junit.internal.runners.statements.InvokeMethod.evaluate(InvokeMethod.java:17)
	at org.junit.internal.runners.statements.RunBefores.evaluate(RunBefores.java:26)
	at org.junit.runners.ParentRunner.runLeaf(ParentRunner.java:325)
	at org.junit.runners.BlockJUnit4ClassRunner.runChild(BlockJUnit4ClassRunner.java:78)
	at org.junit.runners.BlockJUnit4ClassRunner.runChild(BlockJUnit4ClassRunner.java:57)
	at org.junit.runners.ParentRunner$3.run(ParentRunner.java:290)
	at org.junit.runners.ParentRunner$1.schedule(ParentRunner.java:71)
	at org.junit.runners.ParentRunner.runChildren(ParentRunner.java:288)
	at org.junit.runners.ParentRunner.access$000(ParentRunner.java:58)
	at org.junit.runners.ParentRunner$2.evaluate(ParentRunner.java:268)
	at org.junit.internal.runners.statements.RunAfters.evaluate(RunAfters.java:27)
	at org.junit.runners.ParentRunner.run(ParentRunner.java:363)
	at org.apache.maven.surefire.junit4.JUnit4Provider.execute(JUnit4Provider.java:365)
	at org.apache.maven.surefire.junit4.JUnit4Provider.executeWithRerun(JUnit4Provider.java:273)
	at org.apache.maven.surefire.junit4.JUnit4Provider.executeTestSet(JUnit4Provider.java:238)
	at org.apache.maven.surefire.junit4.JUnit4Provider.invoke(JUnit4Provider.java:159)
	at org.apache.maven.surefire.booter.ForkedBooter.invokeProviderInSameClassLoader(ForkedBooter.java:384)
	at org.apache.maven.surefire.booter.ForkedBooter.runSuitesInProcess(ForkedBooter.java:345)
	at org.apache.maven.surefire.booter.ForkedBooter.execute(ForkedBooter.java:126)
	at org.apache.maven.surefire.booter.ForkedBooter.main(ForkedBooter.java:418)


updating test result for file org.apache.hadoop.mapred.nativetask.combinertest.CombinerTest#testWordCountCombiner
v1v1 running time = 17803802006
updating test result for file org.apache.hadoop.mapred.nativetask.combinertest.CombinerTest#testWordCountCombiner
v2v2 running time = 19488660311
---> v1v1 and v2v2 test test suceeded.
updating test result for file org.apache.hadoop.mapred.nativetask.combinertest.CombinerTest#testWordCountCombiner
v1v2 running time = 17902506374
---> v1v2 test failed.
proj: mapreduce
u_test: org.apache.hadoop.mapred.nativetask.combinertest.CombinerTest#testWordCountCombiner
h_list: mapreduce.output.fileoutputformat.compress@@@mapreduce:ReduceTaskRunnable@@@-1@@@true@@@false
vv_mode: v1v2
result: FAIL
failureMessage: cound not find file file:/root/hadoop-3.2.1-src/hadoop-mapreduce-project/hadoop-mapreduce-client/hadoop-mapreduce-client-nativetask/target/test-dir/combinertest/output/native/nativewordcount/part-r-00000.deflate , as sourcepaths has such file
stackTrace: java.lang.Exception: cound not find file file:/root/hadoop-3.2.1-src/hadoop-mapreduce-project/hadoop-mapreduce-client/hadoop-mapreduce-client-nativetask/target/test-dir/combinertest/output/native/nativewordcount/part-r-00000.deflate , as sourcepaths has such file
	at org.apache.hadoop.mapred.nativetask.testutil.ResultVerifier.verify(ResultVerifier.java:77)
	at org.apache.hadoop.mapred.nativetask.combinertest.CombinerTest.testWordCountCombiner(CombinerTest.java:67)
	at sun.reflect.NativeMethodAccessorImpl.invoke0(Native Method)
	at sun.reflect.NativeMethodAccessorImpl.invoke(NativeMethodAccessorImpl.java:62)
	at sun.reflect.DelegatingMethodAccessorImpl.invoke(DelegatingMethodAccessorImpl.java:43)
	at java.lang.reflect.Method.invoke(Method.java:498)
	at org.junit.runners.model.FrameworkMethod$1.runReflectiveCall(FrameworkMethod.java:50)
	at org.junit.internal.runners.model.ReflectiveCallable.run(ReflectiveCallable.java:12)
	at org.junit.runners.model.FrameworkMethod.invokeExplosively(FrameworkMethod.java:47)
	at org.junit.internal.runners.statements.InvokeMethod.evaluate(InvokeMethod.java:17)
	at org.junit.internal.runners.statements.RunBefores.evaluate(RunBefores.java:26)
	at org.junit.runners.ParentRunner.runLeaf(ParentRunner.java:325)
	at org.junit.runners.BlockJUnit4ClassRunner.runChild(BlockJUnit4ClassRunner.java:78)
	at org.junit.runners.BlockJUnit4ClassRunner.runChild(BlockJUnit4ClassRunner.java:57)
	at org.junit.runners.ParentRunner$3.run(ParentRunner.java:290)
	at org.junit.runners.ParentRunner$1.schedule(ParentRunner.java:71)
	at org.junit.runners.ParentRunner.runChildren(ParentRunner.java:288)
	at org.junit.runners.ParentRunner.access$000(ParentRunner.java:58)
	at org.junit.runners.ParentRunner$2.evaluate(ParentRunner.java:268)
	at org.junit.internal.runners.statements.RunAfters.evaluate(RunAfters.java:27)
	at org.junit.runners.ParentRunner.run(ParentRunner.java:363)
	at org.apache.maven.surefire.junit4.JUnit4Provider.execute(JUnit4Provider.java:365)
	at org.apache.maven.surefire.junit4.JUnit4Provider.executeWithRerun(JUnit4Provider.java:273)
	at org.apache.maven.surefire.junit4.JUnit4Provider.executeTestSet(JUnit4Provider.java:238)
	at org.apache.maven.surefire.junit4.JUnit4Provider.invoke(JUnit4Provider.java:159)
	at org.apache.maven.surefire.booter.ForkedBooter.invokeProviderInSameClassLoader(ForkedBooter.java:384)
	at org.apache.maven.surefire.booter.ForkedBooter.runSuitesInProcess(ForkedBooter.java:345)
	at org.apache.maven.surefire.booter.ForkedBooter.execute(ForkedBooter.java:126)
	at org.apache.maven.surefire.booter.ForkedBooter.main(ForkedBooter.java:418)


updating test result for file org.apache.hadoop.mapred.nativetask.combinertest.CombinerTest#testWordCountCombiner
v1v1 running time = 15620706120
updating test result for file org.apache.hadoop.mapred.nativetask.combinertest.CombinerTest#testWordCountCombiner
v2v2 running time = 17247922271
---> v1v1 and v2v2 test test suceeded.
updating test result for file org.apache.hadoop.mapred.nativetask.combinertest.CombinerTest#testWordCountCombiner
v1v2 running time = 16998520087
---> v1v2 test failed.
proj: mapreduce
u_test: org.apache.hadoop.mapred.nativetask.combinertest.CombinerTest#testWordCountCombiner
h_list: mapreduce.output.fileoutputformat.compress@@@mapreduce:ReduceTaskRunnable@@@-1@@@true@@@false
vv_mode: v1v2
result: FAIL
failureMessage: cound not find file file:/root/hadoop-3.2.1-src/hadoop-mapreduce-project/hadoop-mapreduce-client/hadoop-mapreduce-client-nativetask/target/test-dir/combinertest/output/native/nativewordcount/part-r-00000.deflate , as sourcepaths has such file
stackTrace: java.lang.Exception: cound not find file file:/root/hadoop-3.2.1-src/hadoop-mapreduce-project/hadoop-mapreduce-client/hadoop-mapreduce-client-nativetask/target/test-dir/combinertest/output/native/nativewordcount/part-r-00000.deflate , as sourcepaths has such file
	at org.apache.hadoop.mapred.nativetask.testutil.ResultVerifier.verify(ResultVerifier.java:77)
	at org.apache.hadoop.mapred.nativetask.combinertest.CombinerTest.testWordCountCombiner(CombinerTest.java:67)
	at sun.reflect.NativeMethodAccessorImpl.invoke0(Native Method)
	at sun.reflect.NativeMethodAccessorImpl.invoke(NativeMethodAccessorImpl.java:62)
	at sun.reflect.DelegatingMethodAccessorImpl.invoke(DelegatingMethodAccessorImpl.java:43)
	at java.lang.reflect.Method.invoke(Method.java:498)
	at org.junit.runners.model.FrameworkMethod$1.runReflectiveCall(FrameworkMethod.java:50)
	at org.junit.internal.runners.model.ReflectiveCallable.run(ReflectiveCallable.java:12)
	at org.junit.runners.model.FrameworkMethod.invokeExplosively(FrameworkMethod.java:47)
	at org.junit.internal.runners.statements.InvokeMethod.evaluate(InvokeMethod.java:17)
	at org.junit.internal.runners.statements.RunBefores.evaluate(RunBefores.java:26)
	at org.junit.runners.ParentRunner.runLeaf(ParentRunner.java:325)
	at org.junit.runners.BlockJUnit4ClassRunner.runChild(BlockJUnit4ClassRunner.java:78)
	at org.junit.runners.BlockJUnit4ClassRunner.runChild(BlockJUnit4ClassRunner.java:57)
	at org.junit.runners.ParentRunner$3.run(ParentRunner.java:290)
	at org.junit.runners.ParentRunner$1.schedule(ParentRunner.java:71)
	at org.junit.runners.ParentRunner.runChildren(ParentRunner.java:288)
	at org.junit.runners.ParentRunner.access$000(ParentRunner.java:58)
	at org.junit.runners.ParentRunner$2.evaluate(ParentRunner.java:268)
	at org.junit.internal.runners.statements.RunAfters.evaluate(RunAfters.java:27)
	at org.junit.runners.ParentRunner.run(ParentRunner.java:363)
	at org.apache.maven.surefire.junit4.JUnit4Provider.execute(JUnit4Provider.java:365)
	at org.apache.maven.surefire.junit4.JUnit4Provider.executeWithRerun(JUnit4Provider.java:273)
	at org.apache.maven.surefire.junit4.JUnit4Provider.executeTestSet(JUnit4Provider.java:238)
	at org.apache.maven.surefire.junit4.JUnit4Provider.invoke(JUnit4Provider.java:159)
	at org.apache.maven.surefire.booter.ForkedBooter.invokeProviderInSameClassLoader(ForkedBooter.java:384)
	at org.apache.maven.surefire.booter.ForkedBooter.runSuitesInProcess(ForkedBooter.java:345)
	at org.apache.maven.surefire.booter.ForkedBooter.execute(ForkedBooter.java:126)
	at org.apache.maven.surefire.booter.ForkedBooter.main(ForkedBooter.java:418)


updating test result for file org.apache.hadoop.mapred.nativetask.combinertest.CombinerTest#testWordCountCombiner
v1v1 running time = 16323353930
updating test result for file org.apache.hadoop.mapred.nativetask.combinertest.CombinerTest#testWordCountCombiner
v2v2 running time = 17357863381
---> v1v1 and v2v2 test test suceeded.
updating test result for file org.apache.hadoop.mapred.nativetask.combinertest.CombinerTest#testWordCountCombiner
v1v2 running time = 16580650646
---> v1v2 test failed.
proj: mapreduce
u_test: org.apache.hadoop.mapred.nativetask.combinertest.CombinerTest#testWordCountCombiner
h_list: mapreduce.output.fileoutputformat.compress@@@mapreduce:ReduceTaskRunnable@@@-1@@@true@@@false
vv_mode: v1v2
result: FAIL
failureMessage: cound not find file file:/root/hadoop-3.2.1-src/hadoop-mapreduce-project/hadoop-mapreduce-client/hadoop-mapreduce-client-nativetask/target/test-dir/combinertest/output/native/nativewordcount/part-r-00000.deflate , as sourcepaths has such file
stackTrace: java.lang.Exception: cound not find file file:/root/hadoop-3.2.1-src/hadoop-mapreduce-project/hadoop-mapreduce-client/hadoop-mapreduce-client-nativetask/target/test-dir/combinertest/output/native/nativewordcount/part-r-00000.deflate , as sourcepaths has such file
	at org.apache.hadoop.mapred.nativetask.testutil.ResultVerifier.verify(ResultVerifier.java:77)
	at org.apache.hadoop.mapred.nativetask.combinertest.CombinerTest.testWordCountCombiner(CombinerTest.java:67)
	at sun.reflect.NativeMethodAccessorImpl.invoke0(Native Method)
	at sun.reflect.NativeMethodAccessorImpl.invoke(NativeMethodAccessorImpl.java:62)
	at sun.reflect.DelegatingMethodAccessorImpl.invoke(DelegatingMethodAccessorImpl.java:43)
	at java.lang.reflect.Method.invoke(Method.java:498)
	at org.junit.runners.model.FrameworkMethod$1.runReflectiveCall(FrameworkMethod.java:50)
	at org.junit.internal.runners.model.ReflectiveCallable.run(ReflectiveCallable.java:12)
	at org.junit.runners.model.FrameworkMethod.invokeExplosively(FrameworkMethod.java:47)
	at org.junit.internal.runners.statements.InvokeMethod.evaluate(InvokeMethod.java:17)
	at org.junit.internal.runners.statements.RunBefores.evaluate(RunBefores.java:26)
	at org.junit.runners.ParentRunner.runLeaf(ParentRunner.java:325)
	at org.junit.runners.BlockJUnit4ClassRunner.runChild(BlockJUnit4ClassRunner.java:78)
	at org.junit.runners.BlockJUnit4ClassRunner.runChild(BlockJUnit4ClassRunner.java:57)
	at org.junit.runners.ParentRunner$3.run(ParentRunner.java:290)
	at org.junit.runners.ParentRunner$1.schedule(ParentRunner.java:71)
	at org.junit.runners.ParentRunner.runChildren(ParentRunner.java:288)
	at org.junit.runners.ParentRunner.access$000(ParentRunner.java:58)
	at org.junit.runners.ParentRunner$2.evaluate(ParentRunner.java:268)
	at org.junit.internal.runners.statements.RunAfters.evaluate(RunAfters.java:27)
	at org.junit.runners.ParentRunner.run(ParentRunner.java:363)
	at org.apache.maven.surefire.junit4.JUnit4Provider.execute(JUnit4Provider.java:365)
	at org.apache.maven.surefire.junit4.JUnit4Provider.executeWithRerun(JUnit4Provider.java:273)
	at org.apache.maven.surefire.junit4.JUnit4Provider.executeTestSet(JUnit4Provider.java:238)
	at org.apache.maven.surefire.junit4.JUnit4Provider.invoke(JUnit4Provider.java:159)
	at org.apache.maven.surefire.booter.ForkedBooter.invokeProviderInSameClassLoader(ForkedBooter.java:384)
	at org.apache.maven.surefire.booter.ForkedBooter.runSuitesInProcess(ForkedBooter.java:345)
	at org.apache.maven.surefire.booter.ForkedBooter.execute(ForkedBooter.java:126)
	at org.apache.maven.surefire.booter.ForkedBooter.main(ForkedBooter.java:418)


updating test result for file org.apache.hadoop.mapred.nativetask.combinertest.CombinerTest#testWordCountCombiner
v1v1 running time = 16445857750
updating test result for file org.apache.hadoop.mapred.nativetask.combinertest.CombinerTest#testWordCountCombiner
v2v2 running time = 16486997274
---> v1v1 and v2v2 test test suceeded.
early stop after 7 is satisfied
v1v2 failed with probability 7 out of 7
v1v1v2v2 failed with probability 0 out of 7
Total execution time in seconds : 350
0
