my_type=hypothesis
proj=hbase
u_test=org.apache.hadoop.hbase.util.TestFSUtils#testcomputeHDFSBlocksDistribution
h_list[1]=dfs.blockreport.incremental.intervalMsec@@@hdfs:DataNode@@@-1@@@0@@@10000000
proj: hbase
u_test: org.apache.hadoop.hbase.util.TestFSUtils#testcomputeHDFSBlocksDistribution
h_list: dfs.blockreport.incremental.intervalMsec@@@hdfs:DataNode@@@-1@@@0@@@10000000
updating test result for file org.apache.hadoop.hbase.util.TestFSUtils#testcomputeHDFSBlocksDistribution
v1v2 running time = 34665853207
---> v1v2 test failed.
proj: hbase
u_test: org.apache.hadoop.hbase.util.TestFSUtils#testcomputeHDFSBlocksDistribution
h_list: dfs.blockreport.incremental.intervalMsec@@@hdfs:DataNode@@@-1@@@0@@@10000000
vv_mode: v1v2
result: FAIL
failureMessage: null
stackTrace: java.lang.AssertionError
	at org.junit.Assert.fail(Assert.java:86)
	at org.junit.Assert.assertTrue(Assert.java:41)
	at org.junit.Assert.assertTrue(Assert.java:52)
	at org.apache.hadoop.hbase.util.TestFSUtils.testcomputeHDFSBlocksDistribution(TestFSUtils.java:136)
	at sun.reflect.NativeMethodAccessorImpl.invoke0(Native Method)
	at sun.reflect.NativeMethodAccessorImpl.invoke(NativeMethodAccessorImpl.java:62)
	at sun.reflect.DelegatingMethodAccessorImpl.invoke(DelegatingMethodAccessorImpl.java:43)
	at java.lang.reflect.Method.invoke(Method.java:498)
	at org.junit.runners.model.FrameworkMethod$1.runReflectiveCall(FrameworkMethod.java:50)
	at org.junit.internal.runners.model.ReflectiveCallable.run(ReflectiveCallable.java:12)
	at org.junit.runners.model.FrameworkMethod.invokeExplosively(FrameworkMethod.java:47)
	at org.junit.internal.runners.statements.InvokeMethod.evaluate(InvokeMethod.java:17)
	at org.junit.internal.runners.statements.RunBefores.evaluate(RunBefores.java:26)
	at org.junit.runners.ParentRunner.runLeaf(ParentRunner.java:325)
	at org.junit.runners.BlockJUnit4ClassRunner.runChild(BlockJUnit4ClassRunner.java:78)
	at org.junit.runners.BlockJUnit4ClassRunner.runChild(BlockJUnit4ClassRunner.java:57)
	at org.junit.runners.ParentRunner$3.run(ParentRunner.java:290)
	at org.junit.runners.ParentRunner$1.schedule(ParentRunner.java:71)
	at org.junit.runners.ParentRunner.runChildren(ParentRunner.java:288)
	at org.junit.runners.ParentRunner.access$000(ParentRunner.java:58)
	at org.junit.runners.ParentRunner$2.evaluate(ParentRunner.java:268)
	at org.junit.internal.runners.statements.FailOnTimeout$CallableStatement.call(FailOnTimeout.java:298)
	at org.junit.internal.runners.statements.FailOnTimeout$CallableStatement.call(FailOnTimeout.java:292)
	at java.util.concurrent.FutureTask.run(FutureTask.java:266)
	at java.lang.Thread.run(Thread.java:748)


updating test result for file org.apache.hadoop.hbase.util.TestFSUtils#testcomputeHDFSBlocksDistribution
v1v1 running time = 35155976537
updating test result for file org.apache.hadoop.hbase.util.TestFSUtils#testcomputeHDFSBlocksDistribution
v2v2 running time = 47721934129
---> v1v1 and v2v2 test test suceeded.
updating test result for file org.apache.hadoop.hbase.util.TestFSUtils#testcomputeHDFSBlocksDistribution
v1v2 running time = 39895535863
---> v1v2 test failed.
proj: hbase
u_test: org.apache.hadoop.hbase.util.TestFSUtils#testcomputeHDFSBlocksDistribution
h_list: dfs.blockreport.incremental.intervalMsec@@@hdfs:DataNode@@@-1@@@0@@@10000000
vv_mode: v1v2
result: FAIL
failureMessage: null
stackTrace: java.lang.AssertionError
	at org.junit.Assert.fail(Assert.java:86)
	at org.junit.Assert.assertTrue(Assert.java:41)
	at org.junit.Assert.assertTrue(Assert.java:52)
	at org.apache.hadoop.hbase.util.TestFSUtils.testcomputeHDFSBlocksDistribution(TestFSUtils.java:136)
	at sun.reflect.NativeMethodAccessorImpl.invoke0(Native Method)
	at sun.reflect.NativeMethodAccessorImpl.invoke(NativeMethodAccessorImpl.java:62)
	at sun.reflect.DelegatingMethodAccessorImpl.invoke(DelegatingMethodAccessorImpl.java:43)
	at java.lang.reflect.Method.invoke(Method.java:498)
	at org.junit.runners.model.FrameworkMethod$1.runReflectiveCall(FrameworkMethod.java:50)
	at org.junit.internal.runners.model.ReflectiveCallable.run(ReflectiveCallable.java:12)
	at org.junit.runners.model.FrameworkMethod.invokeExplosively(FrameworkMethod.java:47)
	at org.junit.internal.runners.statements.InvokeMethod.evaluate(InvokeMethod.java:17)
	at org.junit.internal.runners.statements.RunBefores.evaluate(RunBefores.java:26)
	at org.junit.runners.ParentRunner.runLeaf(ParentRunner.java:325)
	at org.junit.runners.BlockJUnit4ClassRunner.runChild(BlockJUnit4ClassRunner.java:78)
	at org.junit.runners.BlockJUnit4ClassRunner.runChild(BlockJUnit4ClassRunner.java:57)
	at org.junit.runners.ParentRunner$3.run(ParentRunner.java:290)
	at org.junit.runners.ParentRunner$1.schedule(ParentRunner.java:71)
	at org.junit.runners.ParentRunner.runChildren(ParentRunner.java:288)
	at org.junit.runners.ParentRunner.access$000(ParentRunner.java:58)
	at org.junit.runners.ParentRunner$2.evaluate(ParentRunner.java:268)
	at org.junit.internal.runners.statements.FailOnTimeout$CallableStatement.call(FailOnTimeout.java:298)
	at org.junit.internal.runners.statements.FailOnTimeout$CallableStatement.call(FailOnTimeout.java:292)
	at java.util.concurrent.FutureTask.run(FutureTask.java:266)
	at java.lang.Thread.run(Thread.java:748)


updating test result for file org.apache.hadoop.hbase.util.TestFSUtils#testcomputeHDFSBlocksDistribution
v1v1 running time = 41129832193
updating test result for file org.apache.hadoop.hbase.util.TestFSUtils#testcomputeHDFSBlocksDistribution
v2v2 running time = 42604506429
---> v1v1 and v2v2 test test suceeded.
updating test result for file org.apache.hadoop.hbase.util.TestFSUtils#testcomputeHDFSBlocksDistribution
v1v2 running time = 31373401585
---> v1v2 test failed.
proj: hbase
u_test: org.apache.hadoop.hbase.util.TestFSUtils#testcomputeHDFSBlocksDistribution
h_list: dfs.blockreport.incremental.intervalMsec@@@hdfs:DataNode@@@-1@@@0@@@10000000
vv_mode: v1v2
result: FAIL
failureMessage: null
stackTrace: java.lang.AssertionError
	at org.junit.Assert.fail(Assert.java:86)
	at org.junit.Assert.assertTrue(Assert.java:41)
	at org.junit.Assert.assertTrue(Assert.java:52)
	at org.apache.hadoop.hbase.util.TestFSUtils.testcomputeHDFSBlocksDistribution(TestFSUtils.java:136)
	at sun.reflect.NativeMethodAccessorImpl.invoke0(Native Method)
	at sun.reflect.NativeMethodAccessorImpl.invoke(NativeMethodAccessorImpl.java:62)
	at sun.reflect.DelegatingMethodAccessorImpl.invoke(DelegatingMethodAccessorImpl.java:43)
	at java.lang.reflect.Method.invoke(Method.java:498)
	at org.junit.runners.model.FrameworkMethod$1.runReflectiveCall(FrameworkMethod.java:50)
	at org.junit.internal.runners.model.ReflectiveCallable.run(ReflectiveCallable.java:12)
	at org.junit.runners.model.FrameworkMethod.invokeExplosively(FrameworkMethod.java:47)
	at org.junit.internal.runners.statements.InvokeMethod.evaluate(InvokeMethod.java:17)
	at org.junit.internal.runners.statements.RunBefores.evaluate(RunBefores.java:26)
	at org.junit.runners.ParentRunner.runLeaf(ParentRunner.java:325)
	at org.junit.runners.BlockJUnit4ClassRunner.runChild(BlockJUnit4ClassRunner.java:78)
	at org.junit.runners.BlockJUnit4ClassRunner.runChild(BlockJUnit4ClassRunner.java:57)
	at org.junit.runners.ParentRunner$3.run(ParentRunner.java:290)
	at org.junit.runners.ParentRunner$1.schedule(ParentRunner.java:71)
	at org.junit.runners.ParentRunner.runChildren(ParentRunner.java:288)
	at org.junit.runners.ParentRunner.access$000(ParentRunner.java:58)
	at org.junit.runners.ParentRunner$2.evaluate(ParentRunner.java:268)
	at org.junit.internal.runners.statements.FailOnTimeout$CallableStatement.call(FailOnTimeout.java:298)
	at org.junit.internal.runners.statements.FailOnTimeout$CallableStatement.call(FailOnTimeout.java:292)
	at java.util.concurrent.FutureTask.run(FutureTask.java:266)
	at java.lang.Thread.run(Thread.java:748)


updating test result for file org.apache.hadoop.hbase.util.TestFSUtils#testcomputeHDFSBlocksDistribution
v1v1 running time = 33981499362
updating test result for file org.apache.hadoop.hbase.util.TestFSUtils#testcomputeHDFSBlocksDistribution
v2v2 running time = 40325541060
---> v1v1 and v2v2 test test suceeded.
updating test result for file org.apache.hadoop.hbase.util.TestFSUtils#testcomputeHDFSBlocksDistribution
v1v2 running time = 45681129867
---> v1v2 test suceeded.
updating test result for file org.apache.hadoop.hbase.util.TestFSUtils#testcomputeHDFSBlocksDistribution
v1v1 running time = 46861544150
updating test result for file org.apache.hadoop.hbase.util.TestFSUtils#testcomputeHDFSBlocksDistribution
v2v2 running time = 54963559437
---> v1v1 and v2v2 test test suceeded.
updating test result for file org.apache.hadoop.hbase.util.TestFSUtils#testcomputeHDFSBlocksDistribution
v1v2 running time = 36084749813
---> v1v2 test failed.
proj: hbase
u_test: org.apache.hadoop.hbase.util.TestFSUtils#testcomputeHDFSBlocksDistribution
h_list: dfs.blockreport.incremental.intervalMsec@@@hdfs:DataNode@@@-1@@@0@@@10000000
vv_mode: v1v2
result: FAIL
failureMessage: null
stackTrace: java.lang.AssertionError
	at org.junit.Assert.fail(Assert.java:86)
	at org.junit.Assert.assertTrue(Assert.java:41)
	at org.junit.Assert.assertTrue(Assert.java:52)
	at org.apache.hadoop.hbase.util.TestFSUtils.testcomputeHDFSBlocksDistribution(TestFSUtils.java:136)
	at sun.reflect.NativeMethodAccessorImpl.invoke0(Native Method)
	at sun.reflect.NativeMethodAccessorImpl.invoke(NativeMethodAccessorImpl.java:62)
	at sun.reflect.DelegatingMethodAccessorImpl.invoke(DelegatingMethodAccessorImpl.java:43)
	at java.lang.reflect.Method.invoke(Method.java:498)
	at org.junit.runners.model.FrameworkMethod$1.runReflectiveCall(FrameworkMethod.java:50)
	at org.junit.internal.runners.model.ReflectiveCallable.run(ReflectiveCallable.java:12)
	at org.junit.runners.model.FrameworkMethod.invokeExplosively(FrameworkMethod.java:47)
	at org.junit.internal.runners.statements.InvokeMethod.evaluate(InvokeMethod.java:17)
	at org.junit.internal.runners.statements.RunBefores.evaluate(RunBefores.java:26)
	at org.junit.runners.ParentRunner.runLeaf(ParentRunner.java:325)
	at org.junit.runners.BlockJUnit4ClassRunner.runChild(BlockJUnit4ClassRunner.java:78)
	at org.junit.runners.BlockJUnit4ClassRunner.runChild(BlockJUnit4ClassRunner.java:57)
	at org.junit.runners.ParentRunner$3.run(ParentRunner.java:290)
	at org.junit.runners.ParentRunner$1.schedule(ParentRunner.java:71)
	at org.junit.runners.ParentRunner.runChildren(ParentRunner.java:288)
	at org.junit.runners.ParentRunner.access$000(ParentRunner.java:58)
	at org.junit.runners.ParentRunner$2.evaluate(ParentRunner.java:268)
	at org.junit.internal.runners.statements.FailOnTimeout$CallableStatement.call(FailOnTimeout.java:298)
	at org.junit.internal.runners.statements.FailOnTimeout$CallableStatement.call(FailOnTimeout.java:292)
	at java.util.concurrent.FutureTask.run(FutureTask.java:266)
	at java.lang.Thread.run(Thread.java:748)


updating test result for file org.apache.hadoop.hbase.util.TestFSUtils#testcomputeHDFSBlocksDistribution
v1v1 running time = 35000881757
updating test result for file org.apache.hadoop.hbase.util.TestFSUtils#testcomputeHDFSBlocksDistribution
v2v2 running time = 40408538701
---> v1v1 and v2v2 test test suceeded.
updating test result for file org.apache.hadoop.hbase.util.TestFSUtils#testcomputeHDFSBlocksDistribution
v1v2 running time = 33939725007
---> v1v2 test failed.
proj: hbase
u_test: org.apache.hadoop.hbase.util.TestFSUtils#testcomputeHDFSBlocksDistribution
h_list: dfs.blockreport.incremental.intervalMsec@@@hdfs:DataNode@@@-1@@@0@@@10000000
vv_mode: v1v2
result: FAIL
failureMessage: null
stackTrace: java.lang.AssertionError
	at org.junit.Assert.fail(Assert.java:86)
	at org.junit.Assert.assertTrue(Assert.java:41)
	at org.junit.Assert.assertTrue(Assert.java:52)
	at org.apache.hadoop.hbase.util.TestFSUtils.testcomputeHDFSBlocksDistribution(TestFSUtils.java:136)
	at sun.reflect.NativeMethodAccessorImpl.invoke0(Native Method)
	at sun.reflect.NativeMethodAccessorImpl.invoke(NativeMethodAccessorImpl.java:62)
	at sun.reflect.DelegatingMethodAccessorImpl.invoke(DelegatingMethodAccessorImpl.java:43)
	at java.lang.reflect.Method.invoke(Method.java:498)
	at org.junit.runners.model.FrameworkMethod$1.runReflectiveCall(FrameworkMethod.java:50)
	at org.junit.internal.runners.model.ReflectiveCallable.run(ReflectiveCallable.java:12)
	at org.junit.runners.model.FrameworkMethod.invokeExplosively(FrameworkMethod.java:47)
	at org.junit.internal.runners.statements.InvokeMethod.evaluate(InvokeMethod.java:17)
	at org.junit.internal.runners.statements.RunBefores.evaluate(RunBefores.java:26)
	at org.junit.runners.ParentRunner.runLeaf(ParentRunner.java:325)
	at org.junit.runners.BlockJUnit4ClassRunner.runChild(BlockJUnit4ClassRunner.java:78)
	at org.junit.runners.BlockJUnit4ClassRunner.runChild(BlockJUnit4ClassRunner.java:57)
	at org.junit.runners.ParentRunner$3.run(ParentRunner.java:290)
	at org.junit.runners.ParentRunner$1.schedule(ParentRunner.java:71)
	at org.junit.runners.ParentRunner.runChildren(ParentRunner.java:288)
	at org.junit.runners.ParentRunner.access$000(ParentRunner.java:58)
	at org.junit.runners.ParentRunner$2.evaluate(ParentRunner.java:268)
	at org.junit.internal.runners.statements.FailOnTimeout$CallableStatement.call(FailOnTimeout.java:298)
	at org.junit.internal.runners.statements.FailOnTimeout$CallableStatement.call(FailOnTimeout.java:292)
	at java.util.concurrent.FutureTask.run(FutureTask.java:266)
	at java.lang.Thread.run(Thread.java:748)


updating test result for file org.apache.hadoop.hbase.util.TestFSUtils#testcomputeHDFSBlocksDistribution
v1v1 running time = 40126474848
updating test result for file org.apache.hadoop.hbase.util.TestFSUtils#testcomputeHDFSBlocksDistribution
v2v2 running time = 52959056511
---> v1v1 and v2v2 test test suceeded.
updating test result for file org.apache.hadoop.hbase.util.TestFSUtils#testcomputeHDFSBlocksDistribution
v1v2 running time = 42638490931
---> v1v2 test failed.
proj: hbase
u_test: org.apache.hadoop.hbase.util.TestFSUtils#testcomputeHDFSBlocksDistribution
h_list: dfs.blockreport.incremental.intervalMsec@@@hdfs:DataNode@@@-1@@@0@@@10000000
vv_mode: v1v2
result: FAIL
failureMessage: null
stackTrace: java.lang.AssertionError
	at org.junit.Assert.fail(Assert.java:86)
	at org.junit.Assert.assertTrue(Assert.java:41)
	at org.junit.Assert.assertTrue(Assert.java:52)
	at org.apache.hadoop.hbase.util.TestFSUtils.testcomputeHDFSBlocksDistribution(TestFSUtils.java:136)
	at sun.reflect.NativeMethodAccessorImpl.invoke0(Native Method)
	at sun.reflect.NativeMethodAccessorImpl.invoke(NativeMethodAccessorImpl.java:62)
	at sun.reflect.DelegatingMethodAccessorImpl.invoke(DelegatingMethodAccessorImpl.java:43)
	at java.lang.reflect.Method.invoke(Method.java:498)
	at org.junit.runners.model.FrameworkMethod$1.runReflectiveCall(FrameworkMethod.java:50)
	at org.junit.internal.runners.model.ReflectiveCallable.run(ReflectiveCallable.java:12)
	at org.junit.runners.model.FrameworkMethod.invokeExplosively(FrameworkMethod.java:47)
	at org.junit.internal.runners.statements.InvokeMethod.evaluate(InvokeMethod.java:17)
	at org.junit.internal.runners.statements.RunBefores.evaluate(RunBefores.java:26)
	at org.junit.runners.ParentRunner.runLeaf(ParentRunner.java:325)
	at org.junit.runners.BlockJUnit4ClassRunner.runChild(BlockJUnit4ClassRunner.java:78)
	at org.junit.runners.BlockJUnit4ClassRunner.runChild(BlockJUnit4ClassRunner.java:57)
	at org.junit.runners.ParentRunner$3.run(ParentRunner.java:290)
	at org.junit.runners.ParentRunner$1.schedule(ParentRunner.java:71)
	at org.junit.runners.ParentRunner.runChildren(ParentRunner.java:288)
	at org.junit.runners.ParentRunner.access$000(ParentRunner.java:58)
	at org.junit.runners.ParentRunner$2.evaluate(ParentRunner.java:268)
	at org.junit.internal.runners.statements.FailOnTimeout$CallableStatement.call(FailOnTimeout.java:298)
	at org.junit.internal.runners.statements.FailOnTimeout$CallableStatement.call(FailOnTimeout.java:292)
	at java.util.concurrent.FutureTask.run(FutureTask.java:266)
	at java.lang.Thread.run(Thread.java:748)


updating test result for file org.apache.hadoop.hbase.util.TestFSUtils#testcomputeHDFSBlocksDistribution
v1v1 running time = 45038826623
updating test result for file org.apache.hadoop.hbase.util.TestFSUtils#testcomputeHDFSBlocksDistribution
v2v2 running time = 48728190352
---> v1v1 and v2v2 test test suceeded.
updating test result for file org.apache.hadoop.hbase.util.TestFSUtils#testcomputeHDFSBlocksDistribution
v1v2 running time = 33613600053
---> v1v2 test failed.
proj: hbase
u_test: org.apache.hadoop.hbase.util.TestFSUtils#testcomputeHDFSBlocksDistribution
h_list: dfs.blockreport.incremental.intervalMsec@@@hdfs:DataNode@@@-1@@@0@@@10000000
vv_mode: v1v2
result: FAIL
failureMessage: null
stackTrace: java.lang.AssertionError
	at org.junit.Assert.fail(Assert.java:86)
	at org.junit.Assert.assertTrue(Assert.java:41)
	at org.junit.Assert.assertTrue(Assert.java:52)
	at org.apache.hadoop.hbase.util.TestFSUtils.testcomputeHDFSBlocksDistribution(TestFSUtils.java:136)
	at sun.reflect.NativeMethodAccessorImpl.invoke0(Native Method)
	at sun.reflect.NativeMethodAccessorImpl.invoke(NativeMethodAccessorImpl.java:62)
	at sun.reflect.DelegatingMethodAccessorImpl.invoke(DelegatingMethodAccessorImpl.java:43)
	at java.lang.reflect.Method.invoke(Method.java:498)
	at org.junit.runners.model.FrameworkMethod$1.runReflectiveCall(FrameworkMethod.java:50)
	at org.junit.internal.runners.model.ReflectiveCallable.run(ReflectiveCallable.java:12)
	at org.junit.runners.model.FrameworkMethod.invokeExplosively(FrameworkMethod.java:47)
	at org.junit.internal.runners.statements.InvokeMethod.evaluate(InvokeMethod.java:17)
	at org.junit.internal.runners.statements.RunBefores.evaluate(RunBefores.java:26)
	at org.junit.runners.ParentRunner.runLeaf(ParentRunner.java:325)
	at org.junit.runners.BlockJUnit4ClassRunner.runChild(BlockJUnit4ClassRunner.java:78)
	at org.junit.runners.BlockJUnit4ClassRunner.runChild(BlockJUnit4ClassRunner.java:57)
	at org.junit.runners.ParentRunner$3.run(ParentRunner.java:290)
	at org.junit.runners.ParentRunner$1.schedule(ParentRunner.java:71)
	at org.junit.runners.ParentRunner.runChildren(ParentRunner.java:288)
	at org.junit.runners.ParentRunner.access$000(ParentRunner.java:58)
	at org.junit.runners.ParentRunner$2.evaluate(ParentRunner.java:268)
	at org.junit.internal.runners.statements.FailOnTimeout$CallableStatement.call(FailOnTimeout.java:298)
	at org.junit.internal.runners.statements.FailOnTimeout$CallableStatement.call(FailOnTimeout.java:292)
	at java.util.concurrent.FutureTask.run(FutureTask.java:266)
	at java.lang.Thread.run(Thread.java:748)


updating test result for file org.apache.hadoop.hbase.util.TestFSUtils#testcomputeHDFSBlocksDistribution
v1v1 running time = 46026637478
updating test result for file org.apache.hadoop.hbase.util.TestFSUtils#testcomputeHDFSBlocksDistribution
v2v2 running time = 51622627865
---> v1v1 and v2v2 test test suceeded.
early stop after 7 is satisfied
v1v2 failed with probability 7 out of 8
v1v1v2v2 failed with probability 0 out of 8
Total execution time in seconds : 1000
0
