my_type=hypothesis
proj=hdfs
u_test=org.apache.hadoop.hdfs.server.blockmanagement.TestBlockTokenWithDFSStriped#testEnd2End
h_list[1]=dfs.blockreport.incremental.intervalMsec@@@hdfs:DataNode@@@-2@@@0@@@10000000
proj: hdfs
u_test: org.apache.hadoop.hdfs.server.blockmanagement.TestBlockTokenWithDFSStriped#testEnd2End
h_list: dfs.blockreport.incremental.intervalMsec@@@hdfs:DataNode@@@-2@@@0@@@10000000
updating test result for file org.apache.hadoop.hdfs.server.blockmanagement.TestBlockTokenWithDFSStriped#testEnd2End
v1v2 running time = 18275140184
---> v1v2 test failed.
proj: hdfs
u_test: org.apache.hadoop.hdfs.server.blockmanagement.TestBlockTokenWithDFSStriped#testEnd2End
h_list: dfs.blockreport.incremental.intervalMsec@@@hdfs:DataNode@@@-2@@@0@@@10000000
vv_mode: v1v2
result: FAIL
failureMessage: expected:<9> but was:<10>
stackTrace: java.lang.AssertionError: expected:<9> but was:<10>
	at org.junit.Assert.fail(Assert.java:88)
	at org.junit.Assert.failNotEquals(Assert.java:834)
	at org.junit.Assert.assertEquals(Assert.java:645)
	at org.junit.Assert.assertEquals(Assert.java:631)
	at org.apache.hadoop.hdfs.StripedFileTestUtil.verifyLocatedStripedBlocks(StripedFileTestUtil.java:344)
	at org.apache.hadoop.hdfs.server.balancer.TestBalancer.doTestBalancerWithStripedFile(TestBalancer.java:2088)
	at org.apache.hadoop.hdfs.server.balancer.TestBalancer.integrationTestWithStripedFile(TestBalancer.java:2039)
	at org.apache.hadoop.hdfs.server.blockmanagement.TestBlockTokenWithDFSStriped.testEnd2End(TestBlockTokenWithDFSStriped.java:119)
	at sun.reflect.NativeMethodAccessorImpl.invoke0(Native Method)
	at sun.reflect.NativeMethodAccessorImpl.invoke(NativeMethodAccessorImpl.java:62)
	at sun.reflect.DelegatingMethodAccessorImpl.invoke(DelegatingMethodAccessorImpl.java:43)
	at java.lang.reflect.Method.invoke(Method.java:498)
	at org.junit.runners.model.FrameworkMethod$1.runReflectiveCall(FrameworkMethod.java:50)
	at org.junit.internal.runners.model.ReflectiveCallable.run(ReflectiveCallable.java:12)
	at org.junit.runners.model.FrameworkMethod.invokeExplosively(FrameworkMethod.java:47)
	at org.junit.internal.runners.statements.InvokeMethod.evaluate(InvokeMethod.java:17)
	at org.junit.internal.runners.statements.FailOnTimeout$CallableStatement.call(FailOnTimeout.java:298)
	at org.junit.internal.runners.statements.FailOnTimeout$CallableStatement.call(FailOnTimeout.java:292)
	at java.util.concurrent.FutureTask.run(FutureTask.java:266)
	at java.lang.Thread.run(Thread.java:748)


updating test result for file org.apache.hadoop.hdfs.server.blockmanagement.TestBlockTokenWithDFSStriped#testEnd2End
v1v1 running time = 90755009459
updating test result for file org.apache.hadoop.hdfs.server.blockmanagement.TestBlockTokenWithDFSStriped#testEnd2End
v2v2 running time = 38466223164
---> v1v1 and v2v2 test test suceeded.
updating test result for file org.apache.hadoop.hdfs.server.blockmanagement.TestBlockTokenWithDFSStriped#testEnd2End
v1v2 running time = 19017523562
---> v1v2 test failed.
proj: hdfs
u_test: org.apache.hadoop.hdfs.server.blockmanagement.TestBlockTokenWithDFSStriped#testEnd2End
h_list: dfs.blockreport.incremental.intervalMsec@@@hdfs:DataNode@@@-2@@@0@@@10000000
vv_mode: v1v2
result: FAIL
failureMessage: expected:<9> but was:<10>
stackTrace: java.lang.AssertionError: expected:<9> but was:<10>
	at org.junit.Assert.fail(Assert.java:88)
	at org.junit.Assert.failNotEquals(Assert.java:834)
	at org.junit.Assert.assertEquals(Assert.java:645)
	at org.junit.Assert.assertEquals(Assert.java:631)
	at org.apache.hadoop.hdfs.StripedFileTestUtil.verifyLocatedStripedBlocks(StripedFileTestUtil.java:344)
	at org.apache.hadoop.hdfs.server.balancer.TestBalancer.doTestBalancerWithStripedFile(TestBalancer.java:2088)
	at org.apache.hadoop.hdfs.server.balancer.TestBalancer.integrationTestWithStripedFile(TestBalancer.java:2039)
	at org.apache.hadoop.hdfs.server.blockmanagement.TestBlockTokenWithDFSStriped.testEnd2End(TestBlockTokenWithDFSStriped.java:119)
	at sun.reflect.NativeMethodAccessorImpl.invoke0(Native Method)
	at sun.reflect.NativeMethodAccessorImpl.invoke(NativeMethodAccessorImpl.java:62)
	at sun.reflect.DelegatingMethodAccessorImpl.invoke(DelegatingMethodAccessorImpl.java:43)
	at java.lang.reflect.Method.invoke(Method.java:498)
	at org.junit.runners.model.FrameworkMethod$1.runReflectiveCall(FrameworkMethod.java:50)
	at org.junit.internal.runners.model.ReflectiveCallable.run(ReflectiveCallable.java:12)
	at org.junit.runners.model.FrameworkMethod.invokeExplosively(FrameworkMethod.java:47)
	at org.junit.internal.runners.statements.InvokeMethod.evaluate(InvokeMethod.java:17)
	at org.junit.internal.runners.statements.FailOnTimeout$CallableStatement.call(FailOnTimeout.java:298)
	at org.junit.internal.runners.statements.FailOnTimeout$CallableStatement.call(FailOnTimeout.java:292)
	at java.util.concurrent.FutureTask.run(FutureTask.java:266)
	at java.lang.Thread.run(Thread.java:748)


updating test result for file org.apache.hadoop.hdfs.server.blockmanagement.TestBlockTokenWithDFSStriped#testEnd2End
v1v1 running time = 30238013746
updating test result for file org.apache.hadoop.hdfs.server.blockmanagement.TestBlockTokenWithDFSStriped#testEnd2End
v2v2 running time = 63519377016
---> v1v1 or v2v2 test failed.
v2v2 failed in a hypo test
proj: hdfs
u_test: org.apache.hadoop.hdfs.server.blockmanagement.TestBlockTokenWithDFSStriped#testEnd2End
h_list: dfs.blockreport.incremental.intervalMsec@@@hdfs:DataNode@@@-2@@@0@@@10000000
vv_mode: v2v2
result: FAIL
failureMessage: Cluster failed to reached expected values of totalSpace (current: 1174405120, expected: 1174405120), or usedSpace (current: 457179136, expected: 452984832), in more than 40000 msec.
stackTrace: java.util.concurrent.TimeoutException: Cluster failed to reached expected values of totalSpace (current: 1174405120, expected: 1174405120), or usedSpace (current: 457179136, expected: 452984832), in more than 40000 msec.
	at org.apache.hadoop.hdfs.server.balancer.TestBalancer.waitForHeartBeat(TestBalancer.java:449)
	at org.apache.hadoop.hdfs.server.balancer.TestBalancer.runBalancer(TestBalancer.java:939)
	at org.apache.hadoop.hdfs.server.balancer.TestBalancer.doTestBalancerWithStripedFile(TestBalancer.java:2100)
	at org.apache.hadoop.hdfs.server.balancer.TestBalancer.integrationTestWithStripedFile(TestBalancer.java:2039)
	at org.apache.hadoop.hdfs.server.blockmanagement.TestBlockTokenWithDFSStriped.testEnd2End(TestBlockTokenWithDFSStriped.java:119)
	at sun.reflect.NativeMethodAccessorImpl.invoke0(Native Method)
	at sun.reflect.NativeMethodAccessorImpl.invoke(NativeMethodAccessorImpl.java:62)
	at sun.reflect.DelegatingMethodAccessorImpl.invoke(DelegatingMethodAccessorImpl.java:43)
	at java.lang.reflect.Method.invoke(Method.java:498)
	at org.junit.runners.model.FrameworkMethod$1.runReflectiveCall(FrameworkMethod.java:50)
	at org.junit.internal.runners.model.ReflectiveCallable.run(ReflectiveCallable.java:12)
	at org.junit.runners.model.FrameworkMethod.invokeExplosively(FrameworkMethod.java:47)
	at org.junit.internal.runners.statements.InvokeMethod.evaluate(InvokeMethod.java:17)
	at org.junit.internal.runners.statements.FailOnTimeout$CallableStatement.call(FailOnTimeout.java:298)
	at org.junit.internal.runners.statements.FailOnTimeout$CallableStatement.call(FailOnTimeout.java:292)
	at java.util.concurrent.FutureTask.run(FutureTask.java:266)
	at java.lang.Thread.run(Thread.java:748)


updating test result for file org.apache.hadoop.hdfs.server.blockmanagement.TestBlockTokenWithDFSStriped#testEnd2End
v1v2 running time = 18792991066
---> v1v2 test failed.
proj: hdfs
u_test: org.apache.hadoop.hdfs.server.blockmanagement.TestBlockTokenWithDFSStriped#testEnd2End
h_list: dfs.blockreport.incremental.intervalMsec@@@hdfs:DataNode@@@-2@@@0@@@10000000
vv_mode: v1v2
result: FAIL
failureMessage: expected:<9> but was:<10>
stackTrace: java.lang.AssertionError: expected:<9> but was:<10>
	at org.junit.Assert.fail(Assert.java:88)
	at org.junit.Assert.failNotEquals(Assert.java:834)
	at org.junit.Assert.assertEquals(Assert.java:645)
	at org.junit.Assert.assertEquals(Assert.java:631)
	at org.apache.hadoop.hdfs.StripedFileTestUtil.verifyLocatedStripedBlocks(StripedFileTestUtil.java:344)
	at org.apache.hadoop.hdfs.server.balancer.TestBalancer.doTestBalancerWithStripedFile(TestBalancer.java:2088)
	at org.apache.hadoop.hdfs.server.balancer.TestBalancer.integrationTestWithStripedFile(TestBalancer.java:2039)
	at org.apache.hadoop.hdfs.server.blockmanagement.TestBlockTokenWithDFSStriped.testEnd2End(TestBlockTokenWithDFSStriped.java:119)
	at sun.reflect.NativeMethodAccessorImpl.invoke0(Native Method)
	at sun.reflect.NativeMethodAccessorImpl.invoke(NativeMethodAccessorImpl.java:62)
	at sun.reflect.DelegatingMethodAccessorImpl.invoke(DelegatingMethodAccessorImpl.java:43)
	at java.lang.reflect.Method.invoke(Method.java:498)
	at org.junit.runners.model.FrameworkMethod$1.runReflectiveCall(FrameworkMethod.java:50)
	at org.junit.internal.runners.model.ReflectiveCallable.run(ReflectiveCallable.java:12)
	at org.junit.runners.model.FrameworkMethod.invokeExplosively(FrameworkMethod.java:47)
	at org.junit.internal.runners.statements.InvokeMethod.evaluate(InvokeMethod.java:17)
	at org.junit.internal.runners.statements.FailOnTimeout$CallableStatement.call(FailOnTimeout.java:298)
	at org.junit.internal.runners.statements.FailOnTimeout$CallableStatement.call(FailOnTimeout.java:292)
	at java.util.concurrent.FutureTask.run(FutureTask.java:266)
	at java.lang.Thread.run(Thread.java:748)


updating test result for file org.apache.hadoop.hdfs.server.blockmanagement.TestBlockTokenWithDFSStriped#testEnd2End
v1v1 running time = 90643419949
updating test result for file org.apache.hadoop.hdfs.server.blockmanagement.TestBlockTokenWithDFSStriped#testEnd2End
v2v2 running time = 34195399552
---> v1v1 and v2v2 test test suceeded.
updating test result for file org.apache.hadoop.hdfs.server.blockmanagement.TestBlockTokenWithDFSStriped#testEnd2End
v1v2 running time = 18507818604
---> v1v2 test failed.
proj: hdfs
u_test: org.apache.hadoop.hdfs.server.blockmanagement.TestBlockTokenWithDFSStriped#testEnd2End
h_list: dfs.blockreport.incremental.intervalMsec@@@hdfs:DataNode@@@-2@@@0@@@10000000
vv_mode: v1v2
result: FAIL
failureMessage: expected:<9> but was:<10>
stackTrace: java.lang.AssertionError: expected:<9> but was:<10>
	at org.junit.Assert.fail(Assert.java:88)
	at org.junit.Assert.failNotEquals(Assert.java:834)
	at org.junit.Assert.assertEquals(Assert.java:645)
	at org.junit.Assert.assertEquals(Assert.java:631)
	at org.apache.hadoop.hdfs.StripedFileTestUtil.verifyLocatedStripedBlocks(StripedFileTestUtil.java:344)
	at org.apache.hadoop.hdfs.server.balancer.TestBalancer.doTestBalancerWithStripedFile(TestBalancer.java:2088)
	at org.apache.hadoop.hdfs.server.balancer.TestBalancer.integrationTestWithStripedFile(TestBalancer.java:2039)
	at org.apache.hadoop.hdfs.server.blockmanagement.TestBlockTokenWithDFSStriped.testEnd2End(TestBlockTokenWithDFSStriped.java:119)
	at sun.reflect.NativeMethodAccessorImpl.invoke0(Native Method)
	at sun.reflect.NativeMethodAccessorImpl.invoke(NativeMethodAccessorImpl.java:62)
	at sun.reflect.DelegatingMethodAccessorImpl.invoke(DelegatingMethodAccessorImpl.java:43)
	at java.lang.reflect.Method.invoke(Method.java:498)
	at org.junit.runners.model.FrameworkMethod$1.runReflectiveCall(FrameworkMethod.java:50)
	at org.junit.internal.runners.model.ReflectiveCallable.run(ReflectiveCallable.java:12)
	at org.junit.runners.model.FrameworkMethod.invokeExplosively(FrameworkMethod.java:47)
	at org.junit.internal.runners.statements.InvokeMethod.evaluate(InvokeMethod.java:17)
	at org.junit.internal.runners.statements.FailOnTimeout$CallableStatement.call(FailOnTimeout.java:298)
	at org.junit.internal.runners.statements.FailOnTimeout$CallableStatement.call(FailOnTimeout.java:292)
	at java.util.concurrent.FutureTask.run(FutureTask.java:266)
	at java.lang.Thread.run(Thread.java:748)


updating test result for file org.apache.hadoop.hdfs.server.blockmanagement.TestBlockTokenWithDFSStriped#testEnd2End
v1v1 running time = 94452734628
updating test result for file org.apache.hadoop.hdfs.server.blockmanagement.TestBlockTokenWithDFSStriped#testEnd2End
v2v2 running time = 33727179945
---> v1v1 and v2v2 test test suceeded.
updating test result for file org.apache.hadoop.hdfs.server.blockmanagement.TestBlockTokenWithDFSStriped#testEnd2End
v1v2 running time = 18153465074
---> v1v2 test failed.
proj: hdfs
u_test: org.apache.hadoop.hdfs.server.blockmanagement.TestBlockTokenWithDFSStriped#testEnd2End
h_list: dfs.blockreport.incremental.intervalMsec@@@hdfs:DataNode@@@-2@@@0@@@10000000
vv_mode: v1v2
result: FAIL
failureMessage: expected:<9> but was:<10>
stackTrace: java.lang.AssertionError: expected:<9> but was:<10>
	at org.junit.Assert.fail(Assert.java:88)
	at org.junit.Assert.failNotEquals(Assert.java:834)
	at org.junit.Assert.assertEquals(Assert.java:645)
	at org.junit.Assert.assertEquals(Assert.java:631)
	at org.apache.hadoop.hdfs.StripedFileTestUtil.verifyLocatedStripedBlocks(StripedFileTestUtil.java:344)
	at org.apache.hadoop.hdfs.server.balancer.TestBalancer.doTestBalancerWithStripedFile(TestBalancer.java:2088)
	at org.apache.hadoop.hdfs.server.balancer.TestBalancer.integrationTestWithStripedFile(TestBalancer.java:2039)
	at org.apache.hadoop.hdfs.server.blockmanagement.TestBlockTokenWithDFSStriped.testEnd2End(TestBlockTokenWithDFSStriped.java:119)
	at sun.reflect.NativeMethodAccessorImpl.invoke0(Native Method)
	at sun.reflect.NativeMethodAccessorImpl.invoke(NativeMethodAccessorImpl.java:62)
	at sun.reflect.DelegatingMethodAccessorImpl.invoke(DelegatingMethodAccessorImpl.java:43)
	at java.lang.reflect.Method.invoke(Method.java:498)
	at org.junit.runners.model.FrameworkMethod$1.runReflectiveCall(FrameworkMethod.java:50)
	at org.junit.internal.runners.model.ReflectiveCallable.run(ReflectiveCallable.java:12)
	at org.junit.runners.model.FrameworkMethod.invokeExplosively(FrameworkMethod.java:47)
	at org.junit.internal.runners.statements.InvokeMethod.evaluate(InvokeMethod.java:17)
	at org.junit.internal.runners.statements.FailOnTimeout$CallableStatement.call(FailOnTimeout.java:298)
	at org.junit.internal.runners.statements.FailOnTimeout$CallableStatement.call(FailOnTimeout.java:292)
	at java.util.concurrent.FutureTask.run(FutureTask.java:266)
	at java.lang.Thread.run(Thread.java:748)


updating test result for file org.apache.hadoop.hdfs.server.blockmanagement.TestBlockTokenWithDFSStriped#testEnd2End
v1v1 running time = 89934261390
updating test result for file org.apache.hadoop.hdfs.server.blockmanagement.TestBlockTokenWithDFSStriped#testEnd2End
v2v2 running time = 96434410411
---> v1v1 and v2v2 test test suceeded.
updating test result for file org.apache.hadoop.hdfs.server.blockmanagement.TestBlockTokenWithDFSStriped#testEnd2End
v1v2 running time = 18125103361
---> v1v2 test failed.
proj: hdfs
u_test: org.apache.hadoop.hdfs.server.blockmanagement.TestBlockTokenWithDFSStriped#testEnd2End
h_list: dfs.blockreport.incremental.intervalMsec@@@hdfs:DataNode@@@-2@@@0@@@10000000
vv_mode: v1v2
result: FAIL
failureMessage: expected:<9> but was:<12>
stackTrace: java.lang.AssertionError: expected:<9> but was:<12>
	at org.junit.Assert.fail(Assert.java:88)
	at org.junit.Assert.failNotEquals(Assert.java:834)
	at org.junit.Assert.assertEquals(Assert.java:645)
	at org.junit.Assert.assertEquals(Assert.java:631)
	at org.apache.hadoop.hdfs.StripedFileTestUtil.verifyLocatedStripedBlocks(StripedFileTestUtil.java:344)
	at org.apache.hadoop.hdfs.server.balancer.TestBalancer.doTestBalancerWithStripedFile(TestBalancer.java:2088)
	at org.apache.hadoop.hdfs.server.balancer.TestBalancer.integrationTestWithStripedFile(TestBalancer.java:2039)
	at org.apache.hadoop.hdfs.server.blockmanagement.TestBlockTokenWithDFSStriped.testEnd2End(TestBlockTokenWithDFSStriped.java:119)
	at sun.reflect.NativeMethodAccessorImpl.invoke0(Native Method)
	at sun.reflect.NativeMethodAccessorImpl.invoke(NativeMethodAccessorImpl.java:62)
	at sun.reflect.DelegatingMethodAccessorImpl.invoke(DelegatingMethodAccessorImpl.java:43)
	at java.lang.reflect.Method.invoke(Method.java:498)
	at org.junit.runners.model.FrameworkMethod$1.runReflectiveCall(FrameworkMethod.java:50)
	at org.junit.internal.runners.model.ReflectiveCallable.run(ReflectiveCallable.java:12)
	at org.junit.runners.model.FrameworkMethod.invokeExplosively(FrameworkMethod.java:47)
	at org.junit.internal.runners.statements.InvokeMethod.evaluate(InvokeMethod.java:17)
	at org.junit.internal.runners.statements.FailOnTimeout$CallableStatement.call(FailOnTimeout.java:298)
	at org.junit.internal.runners.statements.FailOnTimeout$CallableStatement.call(FailOnTimeout.java:292)
	at java.util.concurrent.FutureTask.run(FutureTask.java:266)
	at java.lang.Thread.run(Thread.java:748)


updating test result for file org.apache.hadoop.hdfs.server.blockmanagement.TestBlockTokenWithDFSStriped#testEnd2End
v1v1 running time = 29407908218
updating test result for file org.apache.hadoop.hdfs.server.blockmanagement.TestBlockTokenWithDFSStriped#testEnd2End
v2v2 running time = 98002417038
---> v1v1 and v2v2 test test suceeded.
updating test result for file org.apache.hadoop.hdfs.server.blockmanagement.TestBlockTokenWithDFSStriped#testEnd2End
v1v2 running time = 21509875561
---> v1v2 test failed.
proj: hdfs
u_test: org.apache.hadoop.hdfs.server.blockmanagement.TestBlockTokenWithDFSStriped#testEnd2End
h_list: dfs.blockreport.incremental.intervalMsec@@@hdfs:DataNode@@@-2@@@0@@@10000000
vv_mode: v1v2
result: FAIL
failureMessage: expected:<9> but was:<7>
stackTrace: java.lang.AssertionError: expected:<9> but was:<7>
	at org.junit.Assert.fail(Assert.java:88)
	at org.junit.Assert.failNotEquals(Assert.java:834)
	at org.junit.Assert.assertEquals(Assert.java:645)
	at org.junit.Assert.assertEquals(Assert.java:631)
	at org.apache.hadoop.hdfs.StripedFileTestUtil.verifyLocatedStripedBlocks(StripedFileTestUtil.java:344)
	at org.apache.hadoop.hdfs.server.balancer.TestBalancer.doTestBalancerWithStripedFile(TestBalancer.java:2088)
	at org.apache.hadoop.hdfs.server.balancer.TestBalancer.integrationTestWithStripedFile(TestBalancer.java:2039)
	at org.apache.hadoop.hdfs.server.blockmanagement.TestBlockTokenWithDFSStriped.testEnd2End(TestBlockTokenWithDFSStriped.java:119)
	at sun.reflect.NativeMethodAccessorImpl.invoke0(Native Method)
	at sun.reflect.NativeMethodAccessorImpl.invoke(NativeMethodAccessorImpl.java:62)
	at sun.reflect.DelegatingMethodAccessorImpl.invoke(DelegatingMethodAccessorImpl.java:43)
	at java.lang.reflect.Method.invoke(Method.java:498)
	at org.junit.runners.model.FrameworkMethod$1.runReflectiveCall(FrameworkMethod.java:50)
	at org.junit.internal.runners.model.ReflectiveCallable.run(ReflectiveCallable.java:12)
	at org.junit.runners.model.FrameworkMethod.invokeExplosively(FrameworkMethod.java:47)
	at org.junit.internal.runners.statements.InvokeMethod.evaluate(InvokeMethod.java:17)
	at org.junit.internal.runners.statements.FailOnTimeout$CallableStatement.call(FailOnTimeout.java:298)
	at org.junit.internal.runners.statements.FailOnTimeout$CallableStatement.call(FailOnTimeout.java:292)
	at java.util.concurrent.FutureTask.run(FutureTask.java:266)
	at java.lang.Thread.run(Thread.java:748)


updating test result for file org.apache.hadoop.hdfs.server.blockmanagement.TestBlockTokenWithDFSStriped#testEnd2End
v1v1 running time = 30231401683
updating test result for file org.apache.hadoop.hdfs.server.blockmanagement.TestBlockTokenWithDFSStriped#testEnd2End
v2v2 running time = 33418208445
---> v1v1 and v2v2 test test suceeded.
updating test result for file org.apache.hadoop.hdfs.server.blockmanagement.TestBlockTokenWithDFSStriped#testEnd2End
v1v2 running time = 17798250704
---> v1v2 test failed.
proj: hdfs
u_test: org.apache.hadoop.hdfs.server.blockmanagement.TestBlockTokenWithDFSStriped#testEnd2End
h_list: dfs.blockreport.incremental.intervalMsec@@@hdfs:DataNode@@@-2@@@0@@@10000000
vv_mode: v1v2
result: FAIL
failureMessage: expected:<9> but was:<6>
stackTrace: java.lang.AssertionError: expected:<9> but was:<6>
	at org.junit.Assert.fail(Assert.java:88)
	at org.junit.Assert.failNotEquals(Assert.java:834)
	at org.junit.Assert.assertEquals(Assert.java:645)
	at org.junit.Assert.assertEquals(Assert.java:631)
	at org.apache.hadoop.hdfs.StripedFileTestUtil.verifyLocatedStripedBlocks(StripedFileTestUtil.java:344)
	at org.apache.hadoop.hdfs.server.balancer.TestBalancer.doTestBalancerWithStripedFile(TestBalancer.java:2088)
	at org.apache.hadoop.hdfs.server.balancer.TestBalancer.integrationTestWithStripedFile(TestBalancer.java:2039)
	at org.apache.hadoop.hdfs.server.blockmanagement.TestBlockTokenWithDFSStriped.testEnd2End(TestBlockTokenWithDFSStriped.java:119)
	at sun.reflect.NativeMethodAccessorImpl.invoke0(Native Method)
	at sun.reflect.NativeMethodAccessorImpl.invoke(NativeMethodAccessorImpl.java:62)
	at sun.reflect.DelegatingMethodAccessorImpl.invoke(DelegatingMethodAccessorImpl.java:43)
	at java.lang.reflect.Method.invoke(Method.java:498)
	at org.junit.runners.model.FrameworkMethod$1.runReflectiveCall(FrameworkMethod.java:50)
	at org.junit.internal.runners.model.ReflectiveCallable.run(ReflectiveCallable.java:12)
	at org.junit.runners.model.FrameworkMethod.invokeExplosively(FrameworkMethod.java:47)
	at org.junit.internal.runners.statements.InvokeMethod.evaluate(InvokeMethod.java:17)
	at org.junit.internal.runners.statements.FailOnTimeout$CallableStatement.call(FailOnTimeout.java:298)
	at org.junit.internal.runners.statements.FailOnTimeout$CallableStatement.call(FailOnTimeout.java:292)
	at java.util.concurrent.FutureTask.run(FutureTask.java:266)
	at java.lang.Thread.run(Thread.java:748)


updating test result for file org.apache.hadoop.hdfs.server.blockmanagement.TestBlockTokenWithDFSStriped#testEnd2End
v1v1 running time = 89960723231
updating test result for file org.apache.hadoop.hdfs.server.blockmanagement.TestBlockTokenWithDFSStriped#testEnd2End
v2v2 running time = 34161706362
---> v1v1 and v2v2 test test suceeded.
updating test result for file org.apache.hadoop.hdfs.server.blockmanagement.TestBlockTokenWithDFSStriped#testEnd2End
v1v2 running time = 18451561215
---> v1v2 test failed.
proj: hdfs
u_test: org.apache.hadoop.hdfs.server.blockmanagement.TestBlockTokenWithDFSStriped#testEnd2End
h_list: dfs.blockreport.incremental.intervalMsec@@@hdfs:DataNode@@@-2@@@0@@@10000000
vv_mode: v1v2
result: FAIL
failureMessage: expected:<9> but was:<10>
stackTrace: java.lang.AssertionError: expected:<9> but was:<10>
	at org.junit.Assert.fail(Assert.java:88)
	at org.junit.Assert.failNotEquals(Assert.java:834)
	at org.junit.Assert.assertEquals(Assert.java:645)
	at org.junit.Assert.assertEquals(Assert.java:631)
	at org.apache.hadoop.hdfs.StripedFileTestUtil.verifyLocatedStripedBlocks(StripedFileTestUtil.java:344)
	at org.apache.hadoop.hdfs.server.balancer.TestBalancer.doTestBalancerWithStripedFile(TestBalancer.java:2088)
	at org.apache.hadoop.hdfs.server.balancer.TestBalancer.integrationTestWithStripedFile(TestBalancer.java:2039)
	at org.apache.hadoop.hdfs.server.blockmanagement.TestBlockTokenWithDFSStriped.testEnd2End(TestBlockTokenWithDFSStriped.java:119)
	at sun.reflect.NativeMethodAccessorImpl.invoke0(Native Method)
	at sun.reflect.NativeMethodAccessorImpl.invoke(NativeMethodAccessorImpl.java:62)
	at sun.reflect.DelegatingMethodAccessorImpl.invoke(DelegatingMethodAccessorImpl.java:43)
	at java.lang.reflect.Method.invoke(Method.java:498)
	at org.junit.runners.model.FrameworkMethod$1.runReflectiveCall(FrameworkMethod.java:50)
	at org.junit.internal.runners.model.ReflectiveCallable.run(ReflectiveCallable.java:12)
	at org.junit.runners.model.FrameworkMethod.invokeExplosively(FrameworkMethod.java:47)
	at org.junit.internal.runners.statements.InvokeMethod.evaluate(InvokeMethod.java:17)
	at org.junit.internal.runners.statements.FailOnTimeout$CallableStatement.call(FailOnTimeout.java:298)
	at org.junit.internal.runners.statements.FailOnTimeout$CallableStatement.call(FailOnTimeout.java:292)
	at java.util.concurrent.FutureTask.run(FutureTask.java:266)
	at java.lang.Thread.run(Thread.java:748)


updating test result for file org.apache.hadoop.hdfs.server.blockmanagement.TestBlockTokenWithDFSStriped#testEnd2End
v1v1 running time = 32039956627
updating test result for file org.apache.hadoop.hdfs.server.blockmanagement.TestBlockTokenWithDFSStriped#testEnd2End
v2v2 running time = 24033556281
---> v1v1 or v2v2 test failed.
v2v2 failed in a hypo test
proj: hdfs
u_test: org.apache.hadoop.hdfs.server.blockmanagement.TestBlockTokenWithDFSStriped#testEnd2End
h_list: dfs.blockreport.incremental.intervalMsec@@@hdfs:DataNode@@@-2@@@0@@@10000000
vv_mode: v2v2
result: FAIL
failureMessage: expected:<9> but was:<6>
stackTrace: java.lang.AssertionError: expected:<9> but was:<6>
	at org.junit.Assert.fail(Assert.java:88)
	at org.junit.Assert.failNotEquals(Assert.java:834)
	at org.junit.Assert.assertEquals(Assert.java:645)
	at org.junit.Assert.assertEquals(Assert.java:631)
	at org.apache.hadoop.hdfs.StripedFileTestUtil.verifyLocatedStripedBlocks(StripedFileTestUtil.java:344)
	at org.apache.hadoop.hdfs.server.balancer.TestBalancer.doTestBalancerWithStripedFile(TestBalancer.java:2088)
	at org.apache.hadoop.hdfs.server.balancer.TestBalancer.integrationTestWithStripedFile(TestBalancer.java:2039)
	at org.apache.hadoop.hdfs.server.blockmanagement.TestBlockTokenWithDFSStriped.testEnd2End(TestBlockTokenWithDFSStriped.java:119)
	at sun.reflect.NativeMethodAccessorImpl.invoke0(Native Method)
	at sun.reflect.NativeMethodAccessorImpl.invoke(NativeMethodAccessorImpl.java:62)
	at sun.reflect.DelegatingMethodAccessorImpl.invoke(DelegatingMethodAccessorImpl.java:43)
	at java.lang.reflect.Method.invoke(Method.java:498)
	at org.junit.runners.model.FrameworkMethod$1.runReflectiveCall(FrameworkMethod.java:50)
	at org.junit.internal.runners.model.ReflectiveCallable.run(ReflectiveCallable.java:12)
	at org.junit.runners.model.FrameworkMethod.invokeExplosively(FrameworkMethod.java:47)
	at org.junit.internal.runners.statements.InvokeMethod.evaluate(InvokeMethod.java:17)
	at org.junit.internal.runners.statements.FailOnTimeout$CallableStatement.call(FailOnTimeout.java:298)
	at org.junit.internal.runners.statements.FailOnTimeout$CallableStatement.call(FailOnTimeout.java:292)
	at java.util.concurrent.FutureTask.run(FutureTask.java:266)
	at java.lang.Thread.run(Thread.java:748)


updating test result for file org.apache.hadoop.hdfs.server.blockmanagement.TestBlockTokenWithDFSStriped#testEnd2End
v1v2 running time = 30783396974
---> v1v2 test suceeded.
updating test result for file org.apache.hadoop.hdfs.server.blockmanagement.TestBlockTokenWithDFSStriped#testEnd2End
v1v1 running time = 95449230091
updating test result for file org.apache.hadoop.hdfs.server.blockmanagement.TestBlockTokenWithDFSStriped#testEnd2End
v2v2 running time = 63293739842
---> v1v1 or v2v2 test failed.
v2v2 failed in a hypo test
proj: hdfs
u_test: org.apache.hadoop.hdfs.server.blockmanagement.TestBlockTokenWithDFSStriped#testEnd2End
h_list: dfs.blockreport.incremental.intervalMsec@@@hdfs:DataNode@@@-2@@@0@@@10000000
vv_mode: v2v2
result: FAIL
failureMessage: Cluster failed to reached expected values of totalSpace (current: 1174405120, expected: 1174405120), or usedSpace (current: 457179136, expected: 452984832), in more than 40000 msec.
stackTrace: java.util.concurrent.TimeoutException: Cluster failed to reached expected values of totalSpace (current: 1174405120, expected: 1174405120), or usedSpace (current: 457179136, expected: 452984832), in more than 40000 msec.
	at org.apache.hadoop.hdfs.server.balancer.TestBalancer.waitForHeartBeat(TestBalancer.java:449)
	at org.apache.hadoop.hdfs.server.balancer.TestBalancer.runBalancer(TestBalancer.java:939)
	at org.apache.hadoop.hdfs.server.balancer.TestBalancer.doTestBalancerWithStripedFile(TestBalancer.java:2100)
	at org.apache.hadoop.hdfs.server.balancer.TestBalancer.integrationTestWithStripedFile(TestBalancer.java:2039)
	at org.apache.hadoop.hdfs.server.blockmanagement.TestBlockTokenWithDFSStriped.testEnd2End(TestBlockTokenWithDFSStriped.java:119)
	at sun.reflect.NativeMethodAccessorImpl.invoke0(Native Method)
	at sun.reflect.NativeMethodAccessorImpl.invoke(NativeMethodAccessorImpl.java:62)
	at sun.reflect.DelegatingMethodAccessorImpl.invoke(DelegatingMethodAccessorImpl.java:43)
	at java.lang.reflect.Method.invoke(Method.java:498)
	at org.junit.runners.model.FrameworkMethod$1.runReflectiveCall(FrameworkMethod.java:50)
	at org.junit.internal.runners.model.ReflectiveCallable.run(ReflectiveCallable.java:12)
	at org.junit.runners.model.FrameworkMethod.invokeExplosively(FrameworkMethod.java:47)
	at org.junit.internal.runners.statements.InvokeMethod.evaluate(InvokeMethod.java:17)
	at org.junit.internal.runners.statements.FailOnTimeout$CallableStatement.call(FailOnTimeout.java:298)
	at org.junit.internal.runners.statements.FailOnTimeout$CallableStatement.call(FailOnTimeout.java:292)
	at java.util.concurrent.FutureTask.run(FutureTask.java:266)
	at java.lang.Thread.run(Thread.java:748)


updating test result for file org.apache.hadoop.hdfs.server.blockmanagement.TestBlockTokenWithDFSStriped#testEnd2End
v1v2 running time = 17903831784
---> v1v2 test failed.
proj: hdfs
u_test: org.apache.hadoop.hdfs.server.blockmanagement.TestBlockTokenWithDFSStriped#testEnd2End
h_list: dfs.blockreport.incremental.intervalMsec@@@hdfs:DataNode@@@-2@@@0@@@10000000
vv_mode: v1v2
result: FAIL
failureMessage: expected:<9> but was:<6>
stackTrace: java.lang.AssertionError: expected:<9> but was:<6>
	at org.junit.Assert.fail(Assert.java:88)
	at org.junit.Assert.failNotEquals(Assert.java:834)
	at org.junit.Assert.assertEquals(Assert.java:645)
	at org.junit.Assert.assertEquals(Assert.java:631)
	at org.apache.hadoop.hdfs.StripedFileTestUtil.verifyLocatedStripedBlocks(StripedFileTestUtil.java:344)
	at org.apache.hadoop.hdfs.server.balancer.TestBalancer.doTestBalancerWithStripedFile(TestBalancer.java:2088)
	at org.apache.hadoop.hdfs.server.balancer.TestBalancer.integrationTestWithStripedFile(TestBalancer.java:2039)
	at org.apache.hadoop.hdfs.server.blockmanagement.TestBlockTokenWithDFSStriped.testEnd2End(TestBlockTokenWithDFSStriped.java:119)
	at sun.reflect.NativeMethodAccessorImpl.invoke0(Native Method)
	at sun.reflect.NativeMethodAccessorImpl.invoke(NativeMethodAccessorImpl.java:62)
	at sun.reflect.DelegatingMethodAccessorImpl.invoke(DelegatingMethodAccessorImpl.java:43)
	at java.lang.reflect.Method.invoke(Method.java:498)
	at org.junit.runners.model.FrameworkMethod$1.runReflectiveCall(FrameworkMethod.java:50)
	at org.junit.internal.runners.model.ReflectiveCallable.run(ReflectiveCallable.java:12)
	at org.junit.runners.model.FrameworkMethod.invokeExplosively(FrameworkMethod.java:47)
	at org.junit.internal.runners.statements.InvokeMethod.evaluate(InvokeMethod.java:17)
	at org.junit.internal.runners.statements.FailOnTimeout$CallableStatement.call(FailOnTimeout.java:298)
	at org.junit.internal.runners.statements.FailOnTimeout$CallableStatement.call(FailOnTimeout.java:292)
	at java.util.concurrent.FutureTask.run(FutureTask.java:266)
	at java.lang.Thread.run(Thread.java:748)


updating test result for file org.apache.hadoop.hdfs.server.blockmanagement.TestBlockTokenWithDFSStriped#testEnd2End
v1v1 running time = 90705851999
updating test result for file org.apache.hadoop.hdfs.server.blockmanagement.TestBlockTokenWithDFSStriped#testEnd2End
v2v2 running time = 21413276926
---> v1v1 or v2v2 test failed.
v2v2 failed in a hypo test
proj: hdfs
u_test: org.apache.hadoop.hdfs.server.blockmanagement.TestBlockTokenWithDFSStriped#testEnd2End
h_list: dfs.blockreport.incremental.intervalMsec@@@hdfs:DataNode@@@-2@@@0@@@10000000
vv_mode: v2v2
result: FAIL
failureMessage: expected:<9> but was:<8>
stackTrace: java.lang.AssertionError: expected:<9> but was:<8>
	at org.junit.Assert.fail(Assert.java:88)
	at org.junit.Assert.failNotEquals(Assert.java:834)
	at org.junit.Assert.assertEquals(Assert.java:645)
	at org.junit.Assert.assertEquals(Assert.java:631)
	at org.apache.hadoop.hdfs.StripedFileTestUtil.verifyLocatedStripedBlocks(StripedFileTestUtil.java:344)
	at org.apache.hadoop.hdfs.server.balancer.TestBalancer.doTestBalancerWithStripedFile(TestBalancer.java:2088)
	at org.apache.hadoop.hdfs.server.balancer.TestBalancer.integrationTestWithStripedFile(TestBalancer.java:2039)
	at org.apache.hadoop.hdfs.server.blockmanagement.TestBlockTokenWithDFSStriped.testEnd2End(TestBlockTokenWithDFSStriped.java:119)
	at sun.reflect.NativeMethodAccessorImpl.invoke0(Native Method)
	at sun.reflect.NativeMethodAccessorImpl.invoke(NativeMethodAccessorImpl.java:62)
	at sun.reflect.DelegatingMethodAccessorImpl.invoke(DelegatingMethodAccessorImpl.java:43)
	at java.lang.reflect.Method.invoke(Method.java:498)
	at org.junit.runners.model.FrameworkMethod$1.runReflectiveCall(FrameworkMethod.java:50)
	at org.junit.internal.runners.model.ReflectiveCallable.run(ReflectiveCallable.java:12)
	at org.junit.runners.model.FrameworkMethod.invokeExplosively(FrameworkMethod.java:47)
	at org.junit.internal.runners.statements.InvokeMethod.evaluate(InvokeMethod.java:17)
	at org.junit.internal.runners.statements.FailOnTimeout$CallableStatement.call(FailOnTimeout.java:298)
	at org.junit.internal.runners.statements.FailOnTimeout$CallableStatement.call(FailOnTimeout.java:292)
	at java.util.concurrent.FutureTask.run(FutureTask.java:266)
	at java.lang.Thread.run(Thread.java:748)


updating test result for file org.apache.hadoop.hdfs.server.blockmanagement.TestBlockTokenWithDFSStriped#testEnd2End
v1v2 running time = 17257850318
---> v1v2 test failed.
proj: hdfs
u_test: org.apache.hadoop.hdfs.server.blockmanagement.TestBlockTokenWithDFSStriped#testEnd2End
h_list: dfs.blockreport.incremental.intervalMsec@@@hdfs:DataNode@@@-2@@@0@@@10000000
vv_mode: v1v2
result: FAIL
failureMessage: expected:<9> but was:<10>
stackTrace: java.lang.AssertionError: expected:<9> but was:<10>
	at org.junit.Assert.fail(Assert.java:88)
	at org.junit.Assert.failNotEquals(Assert.java:834)
	at org.junit.Assert.assertEquals(Assert.java:645)
	at org.junit.Assert.assertEquals(Assert.java:631)
	at org.apache.hadoop.hdfs.StripedFileTestUtil.verifyLocatedStripedBlocks(StripedFileTestUtil.java:344)
	at org.apache.hadoop.hdfs.server.balancer.TestBalancer.doTestBalancerWithStripedFile(TestBalancer.java:2088)
	at org.apache.hadoop.hdfs.server.balancer.TestBalancer.integrationTestWithStripedFile(TestBalancer.java:2039)
	at org.apache.hadoop.hdfs.server.blockmanagement.TestBlockTokenWithDFSStriped.testEnd2End(TestBlockTokenWithDFSStriped.java:119)
	at sun.reflect.NativeMethodAccessorImpl.invoke0(Native Method)
	at sun.reflect.NativeMethodAccessorImpl.invoke(NativeMethodAccessorImpl.java:62)
	at sun.reflect.DelegatingMethodAccessorImpl.invoke(DelegatingMethodAccessorImpl.java:43)
	at java.lang.reflect.Method.invoke(Method.java:498)
	at org.junit.runners.model.FrameworkMethod$1.runReflectiveCall(FrameworkMethod.java:50)
	at org.junit.internal.runners.model.ReflectiveCallable.run(ReflectiveCallable.java:12)
	at org.junit.runners.model.FrameworkMethod.invokeExplosively(FrameworkMethod.java:47)
	at org.junit.internal.runners.statements.InvokeMethod.evaluate(InvokeMethod.java:17)
	at org.junit.internal.runners.statements.FailOnTimeout$CallableStatement.call(FailOnTimeout.java:298)
	at org.junit.internal.runners.statements.FailOnTimeout$CallableStatement.call(FailOnTimeout.java:292)
	at java.util.concurrent.FutureTask.run(FutureTask.java:266)
	at java.lang.Thread.run(Thread.java:748)


updating test result for file org.apache.hadoop.hdfs.server.blockmanagement.TestBlockTokenWithDFSStriped#testEnd2End
v1v1 running time = 89850422112
updating test result for file org.apache.hadoop.hdfs.server.blockmanagement.TestBlockTokenWithDFSStriped#testEnd2End
v2v2 running time = 80084220008
---> v1v1 and v2v2 test test suceeded.
updating test result for file org.apache.hadoop.hdfs.server.blockmanagement.TestBlockTokenWithDFSStriped#testEnd2End
v1v2 running time = 18255625027
---> v1v2 test failed.
proj: hdfs
u_test: org.apache.hadoop.hdfs.server.blockmanagement.TestBlockTokenWithDFSStriped#testEnd2End
h_list: dfs.blockreport.incremental.intervalMsec@@@hdfs:DataNode@@@-2@@@0@@@10000000
vv_mode: v1v2
result: FAIL
failureMessage: expected:<9> but was:<10>
stackTrace: java.lang.AssertionError: expected:<9> but was:<10>
	at org.junit.Assert.fail(Assert.java:88)
	at org.junit.Assert.failNotEquals(Assert.java:834)
	at org.junit.Assert.assertEquals(Assert.java:645)
	at org.junit.Assert.assertEquals(Assert.java:631)
	at org.apache.hadoop.hdfs.StripedFileTestUtil.verifyLocatedStripedBlocks(StripedFileTestUtil.java:344)
	at org.apache.hadoop.hdfs.server.balancer.TestBalancer.doTestBalancerWithStripedFile(TestBalancer.java:2088)
	at org.apache.hadoop.hdfs.server.balancer.TestBalancer.integrationTestWithStripedFile(TestBalancer.java:2039)
	at org.apache.hadoop.hdfs.server.blockmanagement.TestBlockTokenWithDFSStriped.testEnd2End(TestBlockTokenWithDFSStriped.java:119)
	at sun.reflect.NativeMethodAccessorImpl.invoke0(Native Method)
	at sun.reflect.NativeMethodAccessorImpl.invoke(NativeMethodAccessorImpl.java:62)
	at sun.reflect.DelegatingMethodAccessorImpl.invoke(DelegatingMethodAccessorImpl.java:43)
	at java.lang.reflect.Method.invoke(Method.java:498)
	at org.junit.runners.model.FrameworkMethod$1.runReflectiveCall(FrameworkMethod.java:50)
	at org.junit.internal.runners.model.ReflectiveCallable.run(ReflectiveCallable.java:12)
	at org.junit.runners.model.FrameworkMethod.invokeExplosively(FrameworkMethod.java:47)
	at org.junit.internal.runners.statements.InvokeMethod.evaluate(InvokeMethod.java:17)
	at org.junit.internal.runners.statements.FailOnTimeout$CallableStatement.call(FailOnTimeout.java:298)
	at org.junit.internal.runners.statements.FailOnTimeout$CallableStatement.call(FailOnTimeout.java:292)
	at java.util.concurrent.FutureTask.run(FutureTask.java:266)
	at java.lang.Thread.run(Thread.java:748)


updating test result for file org.apache.hadoop.hdfs.server.blockmanagement.TestBlockTokenWithDFSStriped#testEnd2End
v1v1 running time = 29717106490
updating test result for file org.apache.hadoop.hdfs.server.blockmanagement.TestBlockTokenWithDFSStriped#testEnd2End
v2v2 running time = 98080055545
---> v1v1 and v2v2 test test suceeded.
updating test result for file org.apache.hadoop.hdfs.server.blockmanagement.TestBlockTokenWithDFSStriped#testEnd2End
v1v2 running time = 18278227663
---> v1v2 test failed.
proj: hdfs
u_test: org.apache.hadoop.hdfs.server.blockmanagement.TestBlockTokenWithDFSStriped#testEnd2End
h_list: dfs.blockreport.incremental.intervalMsec@@@hdfs:DataNode@@@-2@@@0@@@10000000
vv_mode: v1v2
result: FAIL
failureMessage: expected:<9> but was:<8>
stackTrace: java.lang.AssertionError: expected:<9> but was:<8>
	at org.junit.Assert.fail(Assert.java:88)
	at org.junit.Assert.failNotEquals(Assert.java:834)
	at org.junit.Assert.assertEquals(Assert.java:645)
	at org.junit.Assert.assertEquals(Assert.java:631)
	at org.apache.hadoop.hdfs.StripedFileTestUtil.verifyLocatedStripedBlocks(StripedFileTestUtil.java:344)
	at org.apache.hadoop.hdfs.server.balancer.TestBalancer.doTestBalancerWithStripedFile(TestBalancer.java:2088)
	at org.apache.hadoop.hdfs.server.balancer.TestBalancer.integrationTestWithStripedFile(TestBalancer.java:2039)
	at org.apache.hadoop.hdfs.server.blockmanagement.TestBlockTokenWithDFSStriped.testEnd2End(TestBlockTokenWithDFSStriped.java:119)
	at sun.reflect.NativeMethodAccessorImpl.invoke0(Native Method)
	at sun.reflect.NativeMethodAccessorImpl.invoke(NativeMethodAccessorImpl.java:62)
	at sun.reflect.DelegatingMethodAccessorImpl.invoke(DelegatingMethodAccessorImpl.java:43)
	at java.lang.reflect.Method.invoke(Method.java:498)
	at org.junit.runners.model.FrameworkMethod$1.runReflectiveCall(FrameworkMethod.java:50)
	at org.junit.internal.runners.model.ReflectiveCallable.run(ReflectiveCallable.java:12)
	at org.junit.runners.model.FrameworkMethod.invokeExplosively(FrameworkMethod.java:47)
	at org.junit.internal.runners.statements.InvokeMethod.evaluate(InvokeMethod.java:17)
	at org.junit.internal.runners.statements.FailOnTimeout$CallableStatement.call(FailOnTimeout.java:298)
	at org.junit.internal.runners.statements.FailOnTimeout$CallableStatement.call(FailOnTimeout.java:292)
	at java.util.concurrent.FutureTask.run(FutureTask.java:266)
	at java.lang.Thread.run(Thread.java:748)


updating test result for file org.apache.hadoop.hdfs.server.blockmanagement.TestBlockTokenWithDFSStriped#testEnd2End
v1v1 running time = 32827766951
updating test result for file org.apache.hadoop.hdfs.server.blockmanagement.TestBlockTokenWithDFSStriped#testEnd2End
v2v2 running time = 32898949768
---> v1v1 and v2v2 test test suceeded.
updating test result for file org.apache.hadoop.hdfs.server.blockmanagement.TestBlockTokenWithDFSStriped#testEnd2End
v1v2 running time = 19346711893
---> v1v2 test failed.
proj: hdfs
u_test: org.apache.hadoop.hdfs.server.blockmanagement.TestBlockTokenWithDFSStriped#testEnd2End
h_list: dfs.blockreport.incremental.intervalMsec@@@hdfs:DataNode@@@-2@@@0@@@10000000
vv_mode: v1v2
result: FAIL
failureMessage: expected:<9> but was:<10>
stackTrace: java.lang.AssertionError: expected:<9> but was:<10>
	at org.junit.Assert.fail(Assert.java:88)
	at org.junit.Assert.failNotEquals(Assert.java:834)
	at org.junit.Assert.assertEquals(Assert.java:645)
	at org.junit.Assert.assertEquals(Assert.java:631)
	at org.apache.hadoop.hdfs.StripedFileTestUtil.verifyLocatedStripedBlocks(StripedFileTestUtil.java:344)
	at org.apache.hadoop.hdfs.server.balancer.TestBalancer.doTestBalancerWithStripedFile(TestBalancer.java:2088)
	at org.apache.hadoop.hdfs.server.balancer.TestBalancer.integrationTestWithStripedFile(TestBalancer.java:2039)
	at org.apache.hadoop.hdfs.server.blockmanagement.TestBlockTokenWithDFSStriped.testEnd2End(TestBlockTokenWithDFSStriped.java:119)
	at sun.reflect.NativeMethodAccessorImpl.invoke0(Native Method)
	at sun.reflect.NativeMethodAccessorImpl.invoke(NativeMethodAccessorImpl.java:62)
	at sun.reflect.DelegatingMethodAccessorImpl.invoke(DelegatingMethodAccessorImpl.java:43)
	at java.lang.reflect.Method.invoke(Method.java:498)
	at org.junit.runners.model.FrameworkMethod$1.runReflectiveCall(FrameworkMethod.java:50)
	at org.junit.internal.runners.model.ReflectiveCallable.run(ReflectiveCallable.java:12)
	at org.junit.runners.model.FrameworkMethod.invokeExplosively(FrameworkMethod.java:47)
	at org.junit.internal.runners.statements.InvokeMethod.evaluate(InvokeMethod.java:17)
	at org.junit.internal.runners.statements.FailOnTimeout$CallableStatement.call(FailOnTimeout.java:298)
	at org.junit.internal.runners.statements.FailOnTimeout$CallableStatement.call(FailOnTimeout.java:292)
	at java.util.concurrent.FutureTask.run(FutureTask.java:266)
	at java.lang.Thread.run(Thread.java:748)


updating test result for file org.apache.hadoop.hdfs.server.blockmanagement.TestBlockTokenWithDFSStriped#testEnd2End
v1v1 running time = 35239940632
updating test result for file org.apache.hadoop.hdfs.server.blockmanagement.TestBlockTokenWithDFSStriped#testEnd2End
v2v2 running time = 94175380552
---> v1v1 and v2v2 test test suceeded.
updating test result for file org.apache.hadoop.hdfs.server.blockmanagement.TestBlockTokenWithDFSStriped#testEnd2End
v1v2 running time = 16921260249
---> v1v2 test failed.
proj: hdfs
u_test: org.apache.hadoop.hdfs.server.blockmanagement.TestBlockTokenWithDFSStriped#testEnd2End
h_list: dfs.blockreport.incremental.intervalMsec@@@hdfs:DataNode@@@-2@@@0@@@10000000
vv_mode: v1v2
result: FAIL
failureMessage: expected:<9> but was:<10>
stackTrace: java.lang.AssertionError: expected:<9> but was:<10>
	at org.junit.Assert.fail(Assert.java:88)
	at org.junit.Assert.failNotEquals(Assert.java:834)
	at org.junit.Assert.assertEquals(Assert.java:645)
	at org.junit.Assert.assertEquals(Assert.java:631)
	at org.apache.hadoop.hdfs.StripedFileTestUtil.verifyLocatedStripedBlocks(StripedFileTestUtil.java:344)
	at org.apache.hadoop.hdfs.server.balancer.TestBalancer.doTestBalancerWithStripedFile(TestBalancer.java:2088)
	at org.apache.hadoop.hdfs.server.balancer.TestBalancer.integrationTestWithStripedFile(TestBalancer.java:2039)
	at org.apache.hadoop.hdfs.server.blockmanagement.TestBlockTokenWithDFSStriped.testEnd2End(TestBlockTokenWithDFSStriped.java:119)
	at sun.reflect.NativeMethodAccessorImpl.invoke0(Native Method)
	at sun.reflect.NativeMethodAccessorImpl.invoke(NativeMethodAccessorImpl.java:62)
	at sun.reflect.DelegatingMethodAccessorImpl.invoke(DelegatingMethodAccessorImpl.java:43)
	at java.lang.reflect.Method.invoke(Method.java:498)
	at org.junit.runners.model.FrameworkMethod$1.runReflectiveCall(FrameworkMethod.java:50)
	at org.junit.internal.runners.model.ReflectiveCallable.run(ReflectiveCallable.java:12)
	at org.junit.runners.model.FrameworkMethod.invokeExplosively(FrameworkMethod.java:47)
	at org.junit.internal.runners.statements.InvokeMethod.evaluate(InvokeMethod.java:17)
	at org.junit.internal.runners.statements.FailOnTimeout$CallableStatement.call(FailOnTimeout.java:298)
	at org.junit.internal.runners.statements.FailOnTimeout$CallableStatement.call(FailOnTimeout.java:292)
	at java.util.concurrent.FutureTask.run(FutureTask.java:266)
	at java.lang.Thread.run(Thread.java:748)


updating test result for file org.apache.hadoop.hdfs.server.blockmanagement.TestBlockTokenWithDFSStriped#testEnd2End
v1v1 running time = 28568564408
updating test result for file org.apache.hadoop.hdfs.server.blockmanagement.TestBlockTokenWithDFSStriped#testEnd2End
v2v2 running time = 38593018217
---> v1v1 and v2v2 test test suceeded.
updating test result for file org.apache.hadoop.hdfs.server.blockmanagement.TestBlockTokenWithDFSStriped#testEnd2End
v1v2 running time = 20594367812
---> v1v2 test failed.
proj: hdfs
u_test: org.apache.hadoop.hdfs.server.blockmanagement.TestBlockTokenWithDFSStriped#testEnd2End
h_list: dfs.blockreport.incremental.intervalMsec@@@hdfs:DataNode@@@-2@@@0@@@10000000
vv_mode: v1v2
result: FAIL
failureMessage: expected:<9> but was:<10>
stackTrace: java.lang.AssertionError: expected:<9> but was:<10>
	at org.junit.Assert.fail(Assert.java:88)
	at org.junit.Assert.failNotEquals(Assert.java:834)
	at org.junit.Assert.assertEquals(Assert.java:645)
	at org.junit.Assert.assertEquals(Assert.java:631)
	at org.apache.hadoop.hdfs.StripedFileTestUtil.verifyLocatedStripedBlocks(StripedFileTestUtil.java:344)
	at org.apache.hadoop.hdfs.server.balancer.TestBalancer.doTestBalancerWithStripedFile(TestBalancer.java:2088)
	at org.apache.hadoop.hdfs.server.balancer.TestBalancer.integrationTestWithStripedFile(TestBalancer.java:2039)
	at org.apache.hadoop.hdfs.server.blockmanagement.TestBlockTokenWithDFSStriped.testEnd2End(TestBlockTokenWithDFSStriped.java:119)
	at sun.reflect.NativeMethodAccessorImpl.invoke0(Native Method)
	at sun.reflect.NativeMethodAccessorImpl.invoke(NativeMethodAccessorImpl.java:62)
	at sun.reflect.DelegatingMethodAccessorImpl.invoke(DelegatingMethodAccessorImpl.java:43)
	at java.lang.reflect.Method.invoke(Method.java:498)
	at org.junit.runners.model.FrameworkMethod$1.runReflectiveCall(FrameworkMethod.java:50)
	at org.junit.internal.runners.model.ReflectiveCallable.run(ReflectiveCallable.java:12)
	at org.junit.runners.model.FrameworkMethod.invokeExplosively(FrameworkMethod.java:47)
	at org.junit.internal.runners.statements.InvokeMethod.evaluate(InvokeMethod.java:17)
	at org.junit.internal.runners.statements.FailOnTimeout$CallableStatement.call(FailOnTimeout.java:298)
	at org.junit.internal.runners.statements.FailOnTimeout$CallableStatement.call(FailOnTimeout.java:292)
	at java.util.concurrent.FutureTask.run(FutureTask.java:266)
	at java.lang.Thread.run(Thread.java:748)


updating test result for file org.apache.hadoop.hdfs.server.blockmanagement.TestBlockTokenWithDFSStriped#testEnd2End
v1v1 running time = 28750407525
updating test result for file org.apache.hadoop.hdfs.server.blockmanagement.TestBlockTokenWithDFSStriped#testEnd2End
v2v2 running time = 20411460708
---> v1v1 or v2v2 test failed.
v2v2 failed in a hypo test
proj: hdfs
u_test: org.apache.hadoop.hdfs.server.blockmanagement.TestBlockTokenWithDFSStriped#testEnd2End
h_list: dfs.blockreport.incremental.intervalMsec@@@hdfs:DataNode@@@-2@@@0@@@10000000
vv_mode: v2v2
result: FAIL
failureMessage: expected:<9> but was:<10>
stackTrace: java.lang.AssertionError: expected:<9> but was:<10>
	at org.junit.Assert.fail(Assert.java:88)
	at org.junit.Assert.failNotEquals(Assert.java:834)
	at org.junit.Assert.assertEquals(Assert.java:645)
	at org.junit.Assert.assertEquals(Assert.java:631)
	at org.apache.hadoop.hdfs.StripedFileTestUtil.verifyLocatedStripedBlocks(StripedFileTestUtil.java:344)
	at org.apache.hadoop.hdfs.server.balancer.TestBalancer.doTestBalancerWithStripedFile(TestBalancer.java:2088)
	at org.apache.hadoop.hdfs.server.balancer.TestBalancer.integrationTestWithStripedFile(TestBalancer.java:2039)
	at org.apache.hadoop.hdfs.server.blockmanagement.TestBlockTokenWithDFSStriped.testEnd2End(TestBlockTokenWithDFSStriped.java:119)
	at sun.reflect.NativeMethodAccessorImpl.invoke0(Native Method)
	at sun.reflect.NativeMethodAccessorImpl.invoke(NativeMethodAccessorImpl.java:62)
	at sun.reflect.DelegatingMethodAccessorImpl.invoke(DelegatingMethodAccessorImpl.java:43)
	at java.lang.reflect.Method.invoke(Method.java:498)
	at org.junit.runners.model.FrameworkMethod$1.runReflectiveCall(FrameworkMethod.java:50)
	at org.junit.internal.runners.model.ReflectiveCallable.run(ReflectiveCallable.java:12)
	at org.junit.runners.model.FrameworkMethod.invokeExplosively(FrameworkMethod.java:47)
	at org.junit.internal.runners.statements.InvokeMethod.evaluate(InvokeMethod.java:17)
	at org.junit.internal.runners.statements.FailOnTimeout$CallableStatement.call(FailOnTimeout.java:298)
	at org.junit.internal.runners.statements.FailOnTimeout$CallableStatement.call(FailOnTimeout.java:292)
	at java.util.concurrent.FutureTask.run(FutureTask.java:266)
	at java.lang.Thread.run(Thread.java:748)


updating test result for file org.apache.hadoop.hdfs.server.blockmanagement.TestBlockTokenWithDFSStriped#testEnd2End
v1v2 running time = 21034510376
---> v1v2 test failed.
proj: hdfs
u_test: org.apache.hadoop.hdfs.server.blockmanagement.TestBlockTokenWithDFSStriped#testEnd2End
h_list: dfs.blockreport.incremental.intervalMsec@@@hdfs:DataNode@@@-2@@@0@@@10000000
vv_mode: v1v2
result: FAIL
failureMessage: expected:<9> but was:<8>
stackTrace: java.lang.AssertionError: expected:<9> but was:<8>
	at org.junit.Assert.fail(Assert.java:88)
	at org.junit.Assert.failNotEquals(Assert.java:834)
	at org.junit.Assert.assertEquals(Assert.java:645)
	at org.junit.Assert.assertEquals(Assert.java:631)
	at org.apache.hadoop.hdfs.StripedFileTestUtil.verifyLocatedStripedBlocks(StripedFileTestUtil.java:344)
	at org.apache.hadoop.hdfs.server.balancer.TestBalancer.doTestBalancerWithStripedFile(TestBalancer.java:2088)
	at org.apache.hadoop.hdfs.server.balancer.TestBalancer.integrationTestWithStripedFile(TestBalancer.java:2039)
	at org.apache.hadoop.hdfs.server.blockmanagement.TestBlockTokenWithDFSStriped.testEnd2End(TestBlockTokenWithDFSStriped.java:119)
	at sun.reflect.NativeMethodAccessorImpl.invoke0(Native Method)
	at sun.reflect.NativeMethodAccessorImpl.invoke(NativeMethodAccessorImpl.java:62)
	at sun.reflect.DelegatingMethodAccessorImpl.invoke(DelegatingMethodAccessorImpl.java:43)
	at java.lang.reflect.Method.invoke(Method.java:498)
	at org.junit.runners.model.FrameworkMethod$1.runReflectiveCall(FrameworkMethod.java:50)
	at org.junit.internal.runners.model.ReflectiveCallable.run(ReflectiveCallable.java:12)
	at org.junit.runners.model.FrameworkMethod.invokeExplosively(FrameworkMethod.java:47)
	at org.junit.internal.runners.statements.InvokeMethod.evaluate(InvokeMethod.java:17)
	at org.junit.internal.runners.statements.FailOnTimeout$CallableStatement.call(FailOnTimeout.java:298)
	at org.junit.internal.runners.statements.FailOnTimeout$CallableStatement.call(FailOnTimeout.java:292)
	at java.util.concurrent.FutureTask.run(FutureTask.java:266)
	at java.lang.Thread.run(Thread.java:748)


updating test result for file org.apache.hadoop.hdfs.server.blockmanagement.TestBlockTokenWithDFSStriped#testEnd2End
v1v1 running time = 29129489415
updating test result for file org.apache.hadoop.hdfs.server.blockmanagement.TestBlockTokenWithDFSStriped#testEnd2End
v2v2 running time = 36254181728
---> v1v1 and v2v2 test test suceeded.
updating test result for file org.apache.hadoop.hdfs.server.blockmanagement.TestBlockTokenWithDFSStriped#testEnd2End
v1v2 running time = 19420507435
---> v1v2 test failed.
proj: hdfs
u_test: org.apache.hadoop.hdfs.server.blockmanagement.TestBlockTokenWithDFSStriped#testEnd2End
h_list: dfs.blockreport.incremental.intervalMsec@@@hdfs:DataNode@@@-2@@@0@@@10000000
vv_mode: v1v2
result: FAIL
failureMessage: expected:<9> but was:<7>
stackTrace: java.lang.AssertionError: expected:<9> but was:<7>
	at org.junit.Assert.fail(Assert.java:88)
	at org.junit.Assert.failNotEquals(Assert.java:834)
	at org.junit.Assert.assertEquals(Assert.java:645)
	at org.junit.Assert.assertEquals(Assert.java:631)
	at org.apache.hadoop.hdfs.StripedFileTestUtil.verifyLocatedStripedBlocks(StripedFileTestUtil.java:344)
	at org.apache.hadoop.hdfs.server.balancer.TestBalancer.doTestBalancerWithStripedFile(TestBalancer.java:2088)
	at org.apache.hadoop.hdfs.server.balancer.TestBalancer.integrationTestWithStripedFile(TestBalancer.java:2039)
	at org.apache.hadoop.hdfs.server.blockmanagement.TestBlockTokenWithDFSStriped.testEnd2End(TestBlockTokenWithDFSStriped.java:119)
	at sun.reflect.NativeMethodAccessorImpl.invoke0(Native Method)
	at sun.reflect.NativeMethodAccessorImpl.invoke(NativeMethodAccessorImpl.java:62)
	at sun.reflect.DelegatingMethodAccessorImpl.invoke(DelegatingMethodAccessorImpl.java:43)
	at java.lang.reflect.Method.invoke(Method.java:498)
	at org.junit.runners.model.FrameworkMethod$1.runReflectiveCall(FrameworkMethod.java:50)
	at org.junit.internal.runners.model.ReflectiveCallable.run(ReflectiveCallable.java:12)
	at org.junit.runners.model.FrameworkMethod.invokeExplosively(FrameworkMethod.java:47)
	at org.junit.internal.runners.statements.InvokeMethod.evaluate(InvokeMethod.java:17)
	at org.junit.internal.runners.statements.FailOnTimeout$CallableStatement.call(FailOnTimeout.java:298)
	at org.junit.internal.runners.statements.FailOnTimeout$CallableStatement.call(FailOnTimeout.java:292)
	at java.util.concurrent.FutureTask.run(FutureTask.java:266)
	at java.lang.Thread.run(Thread.java:748)


updating test result for file org.apache.hadoop.hdfs.server.blockmanagement.TestBlockTokenWithDFSStriped#testEnd2End
v1v1 running time = 36570221343
updating test result for file org.apache.hadoop.hdfs.server.blockmanagement.TestBlockTokenWithDFSStriped#testEnd2End
v2v2 running time = 22370213540
---> v1v1 or v2v2 test failed.
v2v2 failed in a hypo test
proj: hdfs
u_test: org.apache.hadoop.hdfs.server.blockmanagement.TestBlockTokenWithDFSStriped#testEnd2End
h_list: dfs.blockreport.incremental.intervalMsec@@@hdfs:DataNode@@@-2@@@0@@@10000000
vv_mode: v2v2
result: FAIL
failureMessage: expected:<9> but was:<10>
stackTrace: java.lang.AssertionError: expected:<9> but was:<10>
	at org.junit.Assert.fail(Assert.java:88)
	at org.junit.Assert.failNotEquals(Assert.java:834)
	at org.junit.Assert.assertEquals(Assert.java:645)
	at org.junit.Assert.assertEquals(Assert.java:631)
	at org.apache.hadoop.hdfs.StripedFileTestUtil.verifyLocatedStripedBlocks(StripedFileTestUtil.java:344)
	at org.apache.hadoop.hdfs.server.balancer.TestBalancer.doTestBalancerWithStripedFile(TestBalancer.java:2088)
	at org.apache.hadoop.hdfs.server.balancer.TestBalancer.integrationTestWithStripedFile(TestBalancer.java:2039)
	at org.apache.hadoop.hdfs.server.blockmanagement.TestBlockTokenWithDFSStriped.testEnd2End(TestBlockTokenWithDFSStriped.java:119)
	at sun.reflect.NativeMethodAccessorImpl.invoke0(Native Method)
	at sun.reflect.NativeMethodAccessorImpl.invoke(NativeMethodAccessorImpl.java:62)
	at sun.reflect.DelegatingMethodAccessorImpl.invoke(DelegatingMethodAccessorImpl.java:43)
	at java.lang.reflect.Method.invoke(Method.java:498)
	at org.junit.runners.model.FrameworkMethod$1.runReflectiveCall(FrameworkMethod.java:50)
	at org.junit.internal.runners.model.ReflectiveCallable.run(ReflectiveCallable.java:12)
	at org.junit.runners.model.FrameworkMethod.invokeExplosively(FrameworkMethod.java:47)
	at org.junit.internal.runners.statements.InvokeMethod.evaluate(InvokeMethod.java:17)
	at org.junit.internal.runners.statements.FailOnTimeout$CallableStatement.call(FailOnTimeout.java:298)
	at org.junit.internal.runners.statements.FailOnTimeout$CallableStatement.call(FailOnTimeout.java:292)
	at java.util.concurrent.FutureTask.run(FutureTask.java:266)
	at java.lang.Thread.run(Thread.java:748)


updating test result for file org.apache.hadoop.hdfs.server.blockmanagement.TestBlockTokenWithDFSStriped#testEnd2End
v1v2 running time = 19068442901
---> v1v2 test failed.
proj: hdfs
u_test: org.apache.hadoop.hdfs.server.blockmanagement.TestBlockTokenWithDFSStriped#testEnd2End
h_list: dfs.blockreport.incremental.intervalMsec@@@hdfs:DataNode@@@-2@@@0@@@10000000
vv_mode: v1v2
result: FAIL
failureMessage: expected:<9> but was:<10>
stackTrace: java.lang.AssertionError: expected:<9> but was:<10>
	at org.junit.Assert.fail(Assert.java:88)
	at org.junit.Assert.failNotEquals(Assert.java:834)
	at org.junit.Assert.assertEquals(Assert.java:645)
	at org.junit.Assert.assertEquals(Assert.java:631)
	at org.apache.hadoop.hdfs.StripedFileTestUtil.verifyLocatedStripedBlocks(StripedFileTestUtil.java:344)
	at org.apache.hadoop.hdfs.server.balancer.TestBalancer.doTestBalancerWithStripedFile(TestBalancer.java:2088)
	at org.apache.hadoop.hdfs.server.balancer.TestBalancer.integrationTestWithStripedFile(TestBalancer.java:2039)
	at org.apache.hadoop.hdfs.server.blockmanagement.TestBlockTokenWithDFSStriped.testEnd2End(TestBlockTokenWithDFSStriped.java:119)
	at sun.reflect.NativeMethodAccessorImpl.invoke0(Native Method)
	at sun.reflect.NativeMethodAccessorImpl.invoke(NativeMethodAccessorImpl.java:62)
	at sun.reflect.DelegatingMethodAccessorImpl.invoke(DelegatingMethodAccessorImpl.java:43)
	at java.lang.reflect.Method.invoke(Method.java:498)
	at org.junit.runners.model.FrameworkMethod$1.runReflectiveCall(FrameworkMethod.java:50)
	at org.junit.internal.runners.model.ReflectiveCallable.run(ReflectiveCallable.java:12)
	at org.junit.runners.model.FrameworkMethod.invokeExplosively(FrameworkMethod.java:47)
	at org.junit.internal.runners.statements.InvokeMethod.evaluate(InvokeMethod.java:17)
	at org.junit.internal.runners.statements.FailOnTimeout$CallableStatement.call(FailOnTimeout.java:298)
	at org.junit.internal.runners.statements.FailOnTimeout$CallableStatement.call(FailOnTimeout.java:292)
	at java.util.concurrent.FutureTask.run(FutureTask.java:266)
	at java.lang.Thread.run(Thread.java:748)


updating test result for file org.apache.hadoop.hdfs.server.blockmanagement.TestBlockTokenWithDFSStriped#testEnd2End
v1v1 running time = 90520184362
updating test result for file org.apache.hadoop.hdfs.server.blockmanagement.TestBlockTokenWithDFSStriped#testEnd2End
v2v2 running time = 101299602287
---> v1v1 and v2v2 test test suceeded.
v1v2 failed with probability 19 out of 20
v1v1v2v2 failed with probability 6 out of 20
Total execution time in seconds : 2617
0
