my_type=hypothesis
proj=hdfs
u_test=org.apache.hadoop.hdfs.TestMultipleNNPortQOP#testMultipleNNPortOverwriteDownStream
h_list[1]=dfs.blockreport.incremental.intervalMsec@@@hdfs:DataNode@@@-2@@@1000@@@0
proj: hdfs
u_test: org.apache.hadoop.hdfs.TestMultipleNNPortQOP#testMultipleNNPortOverwriteDownStream
h_list: dfs.blockreport.incremental.intervalMsec@@@hdfs:DataNode@@@-2@@@1000@@@0
updating test result for file org.apache.hadoop.hdfs.TestMultipleNNPortQOP#testMultipleNNPortOverwriteDownStream
v1v2 running time = 13648783973
---> v1v2 test failed.
proj: hdfs
u_test: org.apache.hadoop.hdfs.TestMultipleNNPortQOP#testMultipleNNPortOverwriteDownStream
h_list: dfs.blockreport.incremental.intervalMsec@@@hdfs:DataNode@@@-2@@@1000@@@0
vv_mode: v1v2
result: FAIL
failureMessage: expected:<3> but was:<1>
stackTrace: java.lang.AssertionError: expected:<3> but was:<1>
	at org.junit.Assert.fail(Assert.java:88)
	at org.junit.Assert.failNotEquals(Assert.java:834)
	at org.junit.Assert.assertEquals(Assert.java:645)
	at org.junit.Assert.assertEquals(Assert.java:631)
	at org.apache.hadoop.hdfs.TestMultipleNNPortQOP.doTest(TestMultipleNNPortQOP.java:216)
	at org.apache.hadoop.hdfs.TestMultipleNNPortQOP.testMultipleNNPortOverwriteDownStream(TestMultipleNNPortQOP.java:170)
	at sun.reflect.NativeMethodAccessorImpl.invoke0(Native Method)
	at sun.reflect.NativeMethodAccessorImpl.invoke(NativeMethodAccessorImpl.java:62)
	at sun.reflect.DelegatingMethodAccessorImpl.invoke(DelegatingMethodAccessorImpl.java:43)
	at java.lang.reflect.Method.invoke(Method.java:498)
	at org.junit.runners.model.FrameworkMethod$1.runReflectiveCall(FrameworkMethod.java:50)
	at org.junit.internal.runners.model.ReflectiveCallable.run(ReflectiveCallable.java:12)
	at org.junit.runners.model.FrameworkMethod.invokeExplosively(FrameworkMethod.java:47)
	at org.junit.internal.runners.statements.InvokeMethod.evaluate(InvokeMethod.java:17)
	at org.junit.internal.runners.statements.RunBefores.evaluate(RunBefores.java:26)
	at org.junit.runners.ParentRunner.runLeaf(ParentRunner.java:325)
	at org.junit.runners.BlockJUnit4ClassRunner.runChild(BlockJUnit4ClassRunner.java:78)
	at org.junit.runners.BlockJUnit4ClassRunner.runChild(BlockJUnit4ClassRunner.java:57)
	at org.junit.runners.ParentRunner$3.run(ParentRunner.java:290)
	at org.junit.runners.ParentRunner$1.schedule(ParentRunner.java:71)
	at org.junit.runners.ParentRunner.runChildren(ParentRunner.java:288)
	at org.junit.runners.ParentRunner.access$000(ParentRunner.java:58)
	at org.junit.runners.ParentRunner$2.evaluate(ParentRunner.java:268)
	at org.junit.internal.runners.statements.RunBefores.evaluate(RunBefores.java:26)
	at org.junit.internal.runners.statements.RunAfters.evaluate(RunAfters.java:27)
	at org.junit.runners.ParentRunner.run(ParentRunner.java:363)
	at org.apache.maven.surefire.junit4.JUnit4Provider.execute(JUnit4Provider.java:365)
	at org.apache.maven.surefire.junit4.JUnit4Provider.executeWithRerun(JUnit4Provider.java:273)
	at org.apache.maven.surefire.junit4.JUnit4Provider.executeTestSet(JUnit4Provider.java:238)
	at org.apache.maven.surefire.junit4.JUnit4Provider.invoke(JUnit4Provider.java:159)
	at org.apache.maven.surefire.booter.ForkedBooter.invokeProviderInSameClassLoader(ForkedBooter.java:384)
	at org.apache.maven.surefire.booter.ForkedBooter.runSuitesInProcess(ForkedBooter.java:345)
	at org.apache.maven.surefire.booter.ForkedBooter.execute(ForkedBooter.java:126)
	at org.apache.maven.surefire.booter.ForkedBooter.main(ForkedBooter.java:418)


updating test result for file org.apache.hadoop.hdfs.TestMultipleNNPortQOP#testMultipleNNPortOverwriteDownStream
v1v1 running time = 18502154792
updating test result for file org.apache.hadoop.hdfs.TestMultipleNNPortQOP#testMultipleNNPortOverwriteDownStream
v2v2 running time = 14748206431
---> v1v1 and v2v2 test test suceeded.
updating test result for file org.apache.hadoop.hdfs.TestMultipleNNPortQOP#testMultipleNNPortOverwriteDownStream
v1v2 running time = 14504676815
---> v1v2 test failed.
proj: hdfs
u_test: org.apache.hadoop.hdfs.TestMultipleNNPortQOP#testMultipleNNPortOverwriteDownStream
h_list: dfs.blockreport.incremental.intervalMsec@@@hdfs:DataNode@@@-2@@@1000@@@0
vv_mode: v1v2
result: FAIL
failureMessage: expected:<3> but was:<1>
stackTrace: java.lang.AssertionError: expected:<3> but was:<1>
	at org.junit.Assert.fail(Assert.java:88)
	at org.junit.Assert.failNotEquals(Assert.java:834)
	at org.junit.Assert.assertEquals(Assert.java:645)
	at org.junit.Assert.assertEquals(Assert.java:631)
	at org.apache.hadoop.hdfs.TestMultipleNNPortQOP.doTest(TestMultipleNNPortQOP.java:216)
	at org.apache.hadoop.hdfs.TestMultipleNNPortQOP.testMultipleNNPortOverwriteDownStream(TestMultipleNNPortQOP.java:170)
	at sun.reflect.NativeMethodAccessorImpl.invoke0(Native Method)
	at sun.reflect.NativeMethodAccessorImpl.invoke(NativeMethodAccessorImpl.java:62)
	at sun.reflect.DelegatingMethodAccessorImpl.invoke(DelegatingMethodAccessorImpl.java:43)
	at java.lang.reflect.Method.invoke(Method.java:498)
	at org.junit.runners.model.FrameworkMethod$1.runReflectiveCall(FrameworkMethod.java:50)
	at org.junit.internal.runners.model.ReflectiveCallable.run(ReflectiveCallable.java:12)
	at org.junit.runners.model.FrameworkMethod.invokeExplosively(FrameworkMethod.java:47)
	at org.junit.internal.runners.statements.InvokeMethod.evaluate(InvokeMethod.java:17)
	at org.junit.internal.runners.statements.RunBefores.evaluate(RunBefores.java:26)
	at org.junit.runners.ParentRunner.runLeaf(ParentRunner.java:325)
	at org.junit.runners.BlockJUnit4ClassRunner.runChild(BlockJUnit4ClassRunner.java:78)
	at org.junit.runners.BlockJUnit4ClassRunner.runChild(BlockJUnit4ClassRunner.java:57)
	at org.junit.runners.ParentRunner$3.run(ParentRunner.java:290)
	at org.junit.runners.ParentRunner$1.schedule(ParentRunner.java:71)
	at org.junit.runners.ParentRunner.runChildren(ParentRunner.java:288)
	at org.junit.runners.ParentRunner.access$000(ParentRunner.java:58)
	at org.junit.runners.ParentRunner$2.evaluate(ParentRunner.java:268)
	at org.junit.internal.runners.statements.RunBefores.evaluate(RunBefores.java:26)
	at org.junit.internal.runners.statements.RunAfters.evaluate(RunAfters.java:27)
	at org.junit.runners.ParentRunner.run(ParentRunner.java:363)
	at org.apache.maven.surefire.junit4.JUnit4Provider.execute(JUnit4Provider.java:365)
	at org.apache.maven.surefire.junit4.JUnit4Provider.executeWithRerun(JUnit4Provider.java:273)
	at org.apache.maven.surefire.junit4.JUnit4Provider.executeTestSet(JUnit4Provider.java:238)
	at org.apache.maven.surefire.junit4.JUnit4Provider.invoke(JUnit4Provider.java:159)
	at org.apache.maven.surefire.booter.ForkedBooter.invokeProviderInSameClassLoader(ForkedBooter.java:384)
	at org.apache.maven.surefire.booter.ForkedBooter.runSuitesInProcess(ForkedBooter.java:345)
	at org.apache.maven.surefire.booter.ForkedBooter.execute(ForkedBooter.java:126)
	at org.apache.maven.surefire.booter.ForkedBooter.main(ForkedBooter.java:418)


updating test result for file org.apache.hadoop.hdfs.TestMultipleNNPortQOP#testMultipleNNPortOverwriteDownStream
v1v1 running time = 19063278439
updating test result for file org.apache.hadoop.hdfs.TestMultipleNNPortQOP#testMultipleNNPortOverwriteDownStream
v2v2 running time = 15767372325
---> v1v1 and v2v2 test test suceeded.
updating test result for file org.apache.hadoop.hdfs.TestMultipleNNPortQOP#testMultipleNNPortOverwriteDownStream
v1v2 running time = 15477543620
---> v1v2 test failed.
proj: hdfs
u_test: org.apache.hadoop.hdfs.TestMultipleNNPortQOP#testMultipleNNPortOverwriteDownStream
h_list: dfs.blockreport.incremental.intervalMsec@@@hdfs:DataNode@@@-2@@@1000@@@0
vv_mode: v1v2
result: FAIL
failureMessage: expected:<3> but was:<1>
stackTrace: java.lang.AssertionError: expected:<3> but was:<1>
	at org.junit.Assert.fail(Assert.java:88)
	at org.junit.Assert.failNotEquals(Assert.java:834)
	at org.junit.Assert.assertEquals(Assert.java:645)
	at org.junit.Assert.assertEquals(Assert.java:631)
	at org.apache.hadoop.hdfs.TestMultipleNNPortQOP.doTest(TestMultipleNNPortQOP.java:216)
	at org.apache.hadoop.hdfs.TestMultipleNNPortQOP.testMultipleNNPortOverwriteDownStream(TestMultipleNNPortQOP.java:170)
	at sun.reflect.NativeMethodAccessorImpl.invoke0(Native Method)
	at sun.reflect.NativeMethodAccessorImpl.invoke(NativeMethodAccessorImpl.java:62)
	at sun.reflect.DelegatingMethodAccessorImpl.invoke(DelegatingMethodAccessorImpl.java:43)
	at java.lang.reflect.Method.invoke(Method.java:498)
	at org.junit.runners.model.FrameworkMethod$1.runReflectiveCall(FrameworkMethod.java:50)
	at org.junit.internal.runners.model.ReflectiveCallable.run(ReflectiveCallable.java:12)
	at org.junit.runners.model.FrameworkMethod.invokeExplosively(FrameworkMethod.java:47)
	at org.junit.internal.runners.statements.InvokeMethod.evaluate(InvokeMethod.java:17)
	at org.junit.internal.runners.statements.RunBefores.evaluate(RunBefores.java:26)
	at org.junit.runners.ParentRunner.runLeaf(ParentRunner.java:325)
	at org.junit.runners.BlockJUnit4ClassRunner.runChild(BlockJUnit4ClassRunner.java:78)
	at org.junit.runners.BlockJUnit4ClassRunner.runChild(BlockJUnit4ClassRunner.java:57)
	at org.junit.runners.ParentRunner$3.run(ParentRunner.java:290)
	at org.junit.runners.ParentRunner$1.schedule(ParentRunner.java:71)
	at org.junit.runners.ParentRunner.runChildren(ParentRunner.java:288)
	at org.junit.runners.ParentRunner.access$000(ParentRunner.java:58)
	at org.junit.runners.ParentRunner$2.evaluate(ParentRunner.java:268)
	at org.junit.internal.runners.statements.RunBefores.evaluate(RunBefores.java:26)
	at org.junit.internal.runners.statements.RunAfters.evaluate(RunAfters.java:27)
	at org.junit.runners.ParentRunner.run(ParentRunner.java:363)
	at org.apache.maven.surefire.junit4.JUnit4Provider.execute(JUnit4Provider.java:365)
	at org.apache.maven.surefire.junit4.JUnit4Provider.executeWithRerun(JUnit4Provider.java:273)
	at org.apache.maven.surefire.junit4.JUnit4Provider.executeTestSet(JUnit4Provider.java:238)
	at org.apache.maven.surefire.junit4.JUnit4Provider.invoke(JUnit4Provider.java:159)
	at org.apache.maven.surefire.booter.ForkedBooter.invokeProviderInSameClassLoader(ForkedBooter.java:384)
	at org.apache.maven.surefire.booter.ForkedBooter.runSuitesInProcess(ForkedBooter.java:345)
	at org.apache.maven.surefire.booter.ForkedBooter.execute(ForkedBooter.java:126)
	at org.apache.maven.surefire.booter.ForkedBooter.main(ForkedBooter.java:418)


updating test result for file org.apache.hadoop.hdfs.TestMultipleNNPortQOP#testMultipleNNPortOverwriteDownStream
v1v1 running time = 18786200302
updating test result for file org.apache.hadoop.hdfs.TestMultipleNNPortQOP#testMultipleNNPortOverwriteDownStream
v2v2 running time = 14834017750
---> v1v1 and v2v2 test test suceeded.
updating test result for file org.apache.hadoop.hdfs.TestMultipleNNPortQOP#testMultipleNNPortOverwriteDownStream
v1v2 running time = 13361663028
---> v1v2 test failed.
proj: hdfs
u_test: org.apache.hadoop.hdfs.TestMultipleNNPortQOP#testMultipleNNPortOverwriteDownStream
h_list: dfs.blockreport.incremental.intervalMsec@@@hdfs:DataNode@@@-2@@@1000@@@0
vv_mode: v1v2
result: FAIL
failureMessage: expected:<3> but was:<1>
stackTrace: java.lang.AssertionError: expected:<3> but was:<1>
	at org.junit.Assert.fail(Assert.java:88)
	at org.junit.Assert.failNotEquals(Assert.java:834)
	at org.junit.Assert.assertEquals(Assert.java:645)
	at org.junit.Assert.assertEquals(Assert.java:631)
	at org.apache.hadoop.hdfs.TestMultipleNNPortQOP.doTest(TestMultipleNNPortQOP.java:216)
	at org.apache.hadoop.hdfs.TestMultipleNNPortQOP.testMultipleNNPortOverwriteDownStream(TestMultipleNNPortQOP.java:170)
	at sun.reflect.NativeMethodAccessorImpl.invoke0(Native Method)
	at sun.reflect.NativeMethodAccessorImpl.invoke(NativeMethodAccessorImpl.java:62)
	at sun.reflect.DelegatingMethodAccessorImpl.invoke(DelegatingMethodAccessorImpl.java:43)
	at java.lang.reflect.Method.invoke(Method.java:498)
	at org.junit.runners.model.FrameworkMethod$1.runReflectiveCall(FrameworkMethod.java:50)
	at org.junit.internal.runners.model.ReflectiveCallable.run(ReflectiveCallable.java:12)
	at org.junit.runners.model.FrameworkMethod.invokeExplosively(FrameworkMethod.java:47)
	at org.junit.internal.runners.statements.InvokeMethod.evaluate(InvokeMethod.java:17)
	at org.junit.internal.runners.statements.RunBefores.evaluate(RunBefores.java:26)
	at org.junit.runners.ParentRunner.runLeaf(ParentRunner.java:325)
	at org.junit.runners.BlockJUnit4ClassRunner.runChild(BlockJUnit4ClassRunner.java:78)
	at org.junit.runners.BlockJUnit4ClassRunner.runChild(BlockJUnit4ClassRunner.java:57)
	at org.junit.runners.ParentRunner$3.run(ParentRunner.java:290)
	at org.junit.runners.ParentRunner$1.schedule(ParentRunner.java:71)
	at org.junit.runners.ParentRunner.runChildren(ParentRunner.java:288)
	at org.junit.runners.ParentRunner.access$000(ParentRunner.java:58)
	at org.junit.runners.ParentRunner$2.evaluate(ParentRunner.java:268)
	at org.junit.internal.runners.statements.RunBefores.evaluate(RunBefores.java:26)
	at org.junit.internal.runners.statements.RunAfters.evaluate(RunAfters.java:27)
	at org.junit.runners.ParentRunner.run(ParentRunner.java:363)
	at org.apache.maven.surefire.junit4.JUnit4Provider.execute(JUnit4Provider.java:365)
	at org.apache.maven.surefire.junit4.JUnit4Provider.executeWithRerun(JUnit4Provider.java:273)
	at org.apache.maven.surefire.junit4.JUnit4Provider.executeTestSet(JUnit4Provider.java:238)
	at org.apache.maven.surefire.junit4.JUnit4Provider.invoke(JUnit4Provider.java:159)
	at org.apache.maven.surefire.booter.ForkedBooter.invokeProviderInSameClassLoader(ForkedBooter.java:384)
	at org.apache.maven.surefire.booter.ForkedBooter.runSuitesInProcess(ForkedBooter.java:345)
	at org.apache.maven.surefire.booter.ForkedBooter.execute(ForkedBooter.java:126)
	at org.apache.maven.surefire.booter.ForkedBooter.main(ForkedBooter.java:418)


updating test result for file org.apache.hadoop.hdfs.TestMultipleNNPortQOP#testMultipleNNPortOverwriteDownStream
v1v1 running time = 18388142003
updating test result for file org.apache.hadoop.hdfs.TestMultipleNNPortQOP#testMultipleNNPortOverwriteDownStream
v2v2 running time = 16756293083
---> v1v1 and v2v2 test test suceeded.
updating test result for file org.apache.hadoop.hdfs.TestMultipleNNPortQOP#testMultipleNNPortOverwriteDownStream
v1v2 running time = 15328093228
---> v1v2 test failed.
proj: hdfs
u_test: org.apache.hadoop.hdfs.TestMultipleNNPortQOP#testMultipleNNPortOverwriteDownStream
h_list: dfs.blockreport.incremental.intervalMsec@@@hdfs:DataNode@@@-2@@@1000@@@0
vv_mode: v1v2
result: FAIL
failureMessage: expected:<3> but was:<1>
stackTrace: java.lang.AssertionError: expected:<3> but was:<1>
	at org.junit.Assert.fail(Assert.java:88)
	at org.junit.Assert.failNotEquals(Assert.java:834)
	at org.junit.Assert.assertEquals(Assert.java:645)
	at org.junit.Assert.assertEquals(Assert.java:631)
	at org.apache.hadoop.hdfs.TestMultipleNNPortQOP.doTest(TestMultipleNNPortQOP.java:216)
	at org.apache.hadoop.hdfs.TestMultipleNNPortQOP.testMultipleNNPortOverwriteDownStream(TestMultipleNNPortQOP.java:170)
	at sun.reflect.NativeMethodAccessorImpl.invoke0(Native Method)
	at sun.reflect.NativeMethodAccessorImpl.invoke(NativeMethodAccessorImpl.java:62)
	at sun.reflect.DelegatingMethodAccessorImpl.invoke(DelegatingMethodAccessorImpl.java:43)
	at java.lang.reflect.Method.invoke(Method.java:498)
	at org.junit.runners.model.FrameworkMethod$1.runReflectiveCall(FrameworkMethod.java:50)
	at org.junit.internal.runners.model.ReflectiveCallable.run(ReflectiveCallable.java:12)
	at org.junit.runners.model.FrameworkMethod.invokeExplosively(FrameworkMethod.java:47)
	at org.junit.internal.runners.statements.InvokeMethod.evaluate(InvokeMethod.java:17)
	at org.junit.internal.runners.statements.RunBefores.evaluate(RunBefores.java:26)
	at org.junit.runners.ParentRunner.runLeaf(ParentRunner.java:325)
	at org.junit.runners.BlockJUnit4ClassRunner.runChild(BlockJUnit4ClassRunner.java:78)
	at org.junit.runners.BlockJUnit4ClassRunner.runChild(BlockJUnit4ClassRunner.java:57)
	at org.junit.runners.ParentRunner$3.run(ParentRunner.java:290)
	at org.junit.runners.ParentRunner$1.schedule(ParentRunner.java:71)
	at org.junit.runners.ParentRunner.runChildren(ParentRunner.java:288)
	at org.junit.runners.ParentRunner.access$000(ParentRunner.java:58)
	at org.junit.runners.ParentRunner$2.evaluate(ParentRunner.java:268)
	at org.junit.internal.runners.statements.RunBefores.evaluate(RunBefores.java:26)
	at org.junit.internal.runners.statements.RunAfters.evaluate(RunAfters.java:27)
	at org.junit.runners.ParentRunner.run(ParentRunner.java:363)
	at org.apache.maven.surefire.junit4.JUnit4Provider.execute(JUnit4Provider.java:365)
	at org.apache.maven.surefire.junit4.JUnit4Provider.executeWithRerun(JUnit4Provider.java:273)
	at org.apache.maven.surefire.junit4.JUnit4Provider.executeTestSet(JUnit4Provider.java:238)
	at org.apache.maven.surefire.junit4.JUnit4Provider.invoke(JUnit4Provider.java:159)
	at org.apache.maven.surefire.booter.ForkedBooter.invokeProviderInSameClassLoader(ForkedBooter.java:384)
	at org.apache.maven.surefire.booter.ForkedBooter.runSuitesInProcess(ForkedBooter.java:345)
	at org.apache.maven.surefire.booter.ForkedBooter.execute(ForkedBooter.java:126)
	at org.apache.maven.surefire.booter.ForkedBooter.main(ForkedBooter.java:418)


updating test result for file org.apache.hadoop.hdfs.TestMultipleNNPortQOP#testMultipleNNPortOverwriteDownStream
v1v1 running time = 18450946228
updating test result for file org.apache.hadoop.hdfs.TestMultipleNNPortQOP#testMultipleNNPortOverwriteDownStream
v2v2 running time = 15053756914
---> v1v1 and v2v2 test test suceeded.
updating test result for file org.apache.hadoop.hdfs.TestMultipleNNPortQOP#testMultipleNNPortOverwriteDownStream
v1v2 running time = 13836004870
---> v1v2 test failed.
proj: hdfs
u_test: org.apache.hadoop.hdfs.TestMultipleNNPortQOP#testMultipleNNPortOverwriteDownStream
h_list: dfs.blockreport.incremental.intervalMsec@@@hdfs:DataNode@@@-2@@@1000@@@0
vv_mode: v1v2
result: FAIL
failureMessage: expected:<3> but was:<1>
stackTrace: java.lang.AssertionError: expected:<3> but was:<1>
	at org.junit.Assert.fail(Assert.java:88)
	at org.junit.Assert.failNotEquals(Assert.java:834)
	at org.junit.Assert.assertEquals(Assert.java:645)
	at org.junit.Assert.assertEquals(Assert.java:631)
	at org.apache.hadoop.hdfs.TestMultipleNNPortQOP.doTest(TestMultipleNNPortQOP.java:216)
	at org.apache.hadoop.hdfs.TestMultipleNNPortQOP.testMultipleNNPortOverwriteDownStream(TestMultipleNNPortQOP.java:170)
	at sun.reflect.NativeMethodAccessorImpl.invoke0(Native Method)
	at sun.reflect.NativeMethodAccessorImpl.invoke(NativeMethodAccessorImpl.java:62)
	at sun.reflect.DelegatingMethodAccessorImpl.invoke(DelegatingMethodAccessorImpl.java:43)
	at java.lang.reflect.Method.invoke(Method.java:498)
	at org.junit.runners.model.FrameworkMethod$1.runReflectiveCall(FrameworkMethod.java:50)
	at org.junit.internal.runners.model.ReflectiveCallable.run(ReflectiveCallable.java:12)
	at org.junit.runners.model.FrameworkMethod.invokeExplosively(FrameworkMethod.java:47)
	at org.junit.internal.runners.statements.InvokeMethod.evaluate(InvokeMethod.java:17)
	at org.junit.internal.runners.statements.RunBefores.evaluate(RunBefores.java:26)
	at org.junit.runners.ParentRunner.runLeaf(ParentRunner.java:325)
	at org.junit.runners.BlockJUnit4ClassRunner.runChild(BlockJUnit4ClassRunner.java:78)
	at org.junit.runners.BlockJUnit4ClassRunner.runChild(BlockJUnit4ClassRunner.java:57)
	at org.junit.runners.ParentRunner$3.run(ParentRunner.java:290)
	at org.junit.runners.ParentRunner$1.schedule(ParentRunner.java:71)
	at org.junit.runners.ParentRunner.runChildren(ParentRunner.java:288)
	at org.junit.runners.ParentRunner.access$000(ParentRunner.java:58)
	at org.junit.runners.ParentRunner$2.evaluate(ParentRunner.java:268)
	at org.junit.internal.runners.statements.RunBefores.evaluate(RunBefores.java:26)
	at org.junit.internal.runners.statements.RunAfters.evaluate(RunAfters.java:27)
	at org.junit.runners.ParentRunner.run(ParentRunner.java:363)
	at org.apache.maven.surefire.junit4.JUnit4Provider.execute(JUnit4Provider.java:365)
	at org.apache.maven.surefire.junit4.JUnit4Provider.executeWithRerun(JUnit4Provider.java:273)
	at org.apache.maven.surefire.junit4.JUnit4Provider.executeTestSet(JUnit4Provider.java:238)
	at org.apache.maven.surefire.junit4.JUnit4Provider.invoke(JUnit4Provider.java:159)
	at org.apache.maven.surefire.booter.ForkedBooter.invokeProviderInSameClassLoader(ForkedBooter.java:384)
	at org.apache.maven.surefire.booter.ForkedBooter.runSuitesInProcess(ForkedBooter.java:345)
	at org.apache.maven.surefire.booter.ForkedBooter.execute(ForkedBooter.java:126)
	at org.apache.maven.surefire.booter.ForkedBooter.main(ForkedBooter.java:418)


updating test result for file org.apache.hadoop.hdfs.TestMultipleNNPortQOP#testMultipleNNPortOverwriteDownStream
v1v1 running time = 19123410547
updating test result for file org.apache.hadoop.hdfs.TestMultipleNNPortQOP#testMultipleNNPortOverwriteDownStream
v2v2 running time = 15625151043
---> v1v1 and v2v2 test test suceeded.
updating test result for file org.apache.hadoop.hdfs.TestMultipleNNPortQOP#testMultipleNNPortOverwriteDownStream
v1v2 running time = 14582737374
---> v1v2 test failed.
proj: hdfs
u_test: org.apache.hadoop.hdfs.TestMultipleNNPortQOP#testMultipleNNPortOverwriteDownStream
h_list: dfs.blockreport.incremental.intervalMsec@@@hdfs:DataNode@@@-2@@@1000@@@0
vv_mode: v1v2
result: FAIL
failureMessage: expected:<3> but was:<1>
stackTrace: java.lang.AssertionError: expected:<3> but was:<1>
	at org.junit.Assert.fail(Assert.java:88)
	at org.junit.Assert.failNotEquals(Assert.java:834)
	at org.junit.Assert.assertEquals(Assert.java:645)
	at org.junit.Assert.assertEquals(Assert.java:631)
	at org.apache.hadoop.hdfs.TestMultipleNNPortQOP.doTest(TestMultipleNNPortQOP.java:216)
	at org.apache.hadoop.hdfs.TestMultipleNNPortQOP.testMultipleNNPortOverwriteDownStream(TestMultipleNNPortQOP.java:170)
	at sun.reflect.NativeMethodAccessorImpl.invoke0(Native Method)
	at sun.reflect.NativeMethodAccessorImpl.invoke(NativeMethodAccessorImpl.java:62)
	at sun.reflect.DelegatingMethodAccessorImpl.invoke(DelegatingMethodAccessorImpl.java:43)
	at java.lang.reflect.Method.invoke(Method.java:498)
	at org.junit.runners.model.FrameworkMethod$1.runReflectiveCall(FrameworkMethod.java:50)
	at org.junit.internal.runners.model.ReflectiveCallable.run(ReflectiveCallable.java:12)
	at org.junit.runners.model.FrameworkMethod.invokeExplosively(FrameworkMethod.java:47)
	at org.junit.internal.runners.statements.InvokeMethod.evaluate(InvokeMethod.java:17)
	at org.junit.internal.runners.statements.RunBefores.evaluate(RunBefores.java:26)
	at org.junit.runners.ParentRunner.runLeaf(ParentRunner.java:325)
	at org.junit.runners.BlockJUnit4ClassRunner.runChild(BlockJUnit4ClassRunner.java:78)
	at org.junit.runners.BlockJUnit4ClassRunner.runChild(BlockJUnit4ClassRunner.java:57)
	at org.junit.runners.ParentRunner$3.run(ParentRunner.java:290)
	at org.junit.runners.ParentRunner$1.schedule(ParentRunner.java:71)
	at org.junit.runners.ParentRunner.runChildren(ParentRunner.java:288)
	at org.junit.runners.ParentRunner.access$000(ParentRunner.java:58)
	at org.junit.runners.ParentRunner$2.evaluate(ParentRunner.java:268)
	at org.junit.internal.runners.statements.RunBefores.evaluate(RunBefores.java:26)
	at org.junit.internal.runners.statements.RunAfters.evaluate(RunAfters.java:27)
	at org.junit.runners.ParentRunner.run(ParentRunner.java:363)
	at org.apache.maven.surefire.junit4.JUnit4Provider.execute(JUnit4Provider.java:365)
	at org.apache.maven.surefire.junit4.JUnit4Provider.executeWithRerun(JUnit4Provider.java:273)
	at org.apache.maven.surefire.junit4.JUnit4Provider.executeTestSet(JUnit4Provider.java:238)
	at org.apache.maven.surefire.junit4.JUnit4Provider.invoke(JUnit4Provider.java:159)
	at org.apache.maven.surefire.booter.ForkedBooter.invokeProviderInSameClassLoader(ForkedBooter.java:384)
	at org.apache.maven.surefire.booter.ForkedBooter.runSuitesInProcess(ForkedBooter.java:345)
	at org.apache.maven.surefire.booter.ForkedBooter.execute(ForkedBooter.java:126)
	at org.apache.maven.surefire.booter.ForkedBooter.main(ForkedBooter.java:418)


updating test result for file org.apache.hadoop.hdfs.TestMultipleNNPortQOP#testMultipleNNPortOverwriteDownStream
v1v1 running time = 20624995503
updating test result for file org.apache.hadoop.hdfs.TestMultipleNNPortQOP#testMultipleNNPortOverwriteDownStream
v2v2 running time = 16763989837
---> v1v1 and v2v2 test test suceeded.
early stop after 7 is satisfied
v1v2 failed with probability 7 out of 7
v1v1v2v2 failed with probability 0 out of 7
Total execution time in seconds : 343
0
