my_type=hypothesis
proj=hdfs
u_test=org.apache.hadoop.hdfs.protocol.datatransfer.sasl.TestSaslDataTransfer#testNoSaslAndSecurePortsIgnored
h_list[1]=dfs.blockreport.incremental.intervalMsec@@@hdfs:DataNode@@@-1@@@10000000@@@0
proj: hdfs
u_test: org.apache.hadoop.hdfs.protocol.datatransfer.sasl.TestSaslDataTransfer#testNoSaslAndSecurePortsIgnored
h_list: dfs.blockreport.incremental.intervalMsec@@@hdfs:DataNode@@@-1@@@10000000@@@0
updating test result for file org.apache.hadoop.hdfs.protocol.datatransfer.sasl.TestSaslDataTransfer#testNoSaslAndSecurePortsIgnored
v1v2 running time = 16876490020
---> v1v2 test failed.
proj: hdfs
u_test: org.apache.hadoop.hdfs.protocol.datatransfer.sasl.TestSaslDataTransfer#testNoSaslAndSecurePortsIgnored
h_list: dfs.blockreport.incremental.intervalMsec@@@hdfs:DataNode@@@-1@@@10000000@@@0
vv_mode: v1v2
result: FAIL
failureMessage: expected:<3> but was:<2>
stackTrace: java.lang.AssertionError: expected:<3> but was:<2>
	at org.junit.Assert.fail(Assert.java:88)
	at org.junit.Assert.failNotEquals(Assert.java:834)
	at org.junit.Assert.assertEquals(Assert.java:645)
	at org.junit.Assert.assertEquals(Assert.java:631)
	at org.apache.hadoop.hdfs.protocol.datatransfer.sasl.TestSaslDataTransfer.doTest(TestSaslDataTransfer.java:210)
	at org.apache.hadoop.hdfs.protocol.datatransfer.sasl.TestSaslDataTransfer.testNoSaslAndSecurePortsIgnored(TestSaslDataTransfer.java:190)
	at sun.reflect.NativeMethodAccessorImpl.invoke0(Native Method)
	at sun.reflect.NativeMethodAccessorImpl.invoke(NativeMethodAccessorImpl.java:62)
	at sun.reflect.DelegatingMethodAccessorImpl.invoke(DelegatingMethodAccessorImpl.java:43)
	at java.lang.reflect.Method.invoke(Method.java:498)
	at org.junit.runners.model.FrameworkMethod$1.runReflectiveCall(FrameworkMethod.java:50)
	at org.junit.internal.runners.model.ReflectiveCallable.run(ReflectiveCallable.java:12)
	at org.junit.runners.model.FrameworkMethod.invokeExplosively(FrameworkMethod.java:47)
	at org.junit.internal.runners.statements.InvokeMethod.evaluate(InvokeMethod.java:17)
	at org.junit.internal.runners.statements.RunAfters.evaluate(RunAfters.java:27)
	at org.junit.rules.ExpectedException$ExpectedExceptionStatement.evaluate(ExpectedException.java:239)
	at org.junit.internal.runners.statements.FailOnTimeout$CallableStatement.call(FailOnTimeout.java:298)
	at org.junit.internal.runners.statements.FailOnTimeout$CallableStatement.call(FailOnTimeout.java:292)
	at java.util.concurrent.FutureTask.run(FutureTask.java:266)
	at java.lang.Thread.run(Thread.java:748)


updating test result for file org.apache.hadoop.hdfs.protocol.datatransfer.sasl.TestSaslDataTransfer#testNoSaslAndSecurePortsIgnored
v1v1 running time = 18918613607
updating test result for file org.apache.hadoop.hdfs.protocol.datatransfer.sasl.TestSaslDataTransfer#testNoSaslAndSecurePortsIgnored
v2v2 running time = 18148426150
---> v1v1 and v2v2 test test suceeded.
updating test result for file org.apache.hadoop.hdfs.protocol.datatransfer.sasl.TestSaslDataTransfer#testNoSaslAndSecurePortsIgnored
v1v2 running time = 15695686687
---> v1v2 test failed.
proj: hdfs
u_test: org.apache.hadoop.hdfs.protocol.datatransfer.sasl.TestSaslDataTransfer#testNoSaslAndSecurePortsIgnored
h_list: dfs.blockreport.incremental.intervalMsec@@@hdfs:DataNode@@@-1@@@10000000@@@0
vv_mode: v1v2
result: FAIL
failureMessage: expected:<3> but was:<2>
stackTrace: java.lang.AssertionError: expected:<3> but was:<2>
	at org.junit.Assert.fail(Assert.java:88)
	at org.junit.Assert.failNotEquals(Assert.java:834)
	at org.junit.Assert.assertEquals(Assert.java:645)
	at org.junit.Assert.assertEquals(Assert.java:631)
	at org.apache.hadoop.hdfs.protocol.datatransfer.sasl.TestSaslDataTransfer.doTest(TestSaslDataTransfer.java:210)
	at org.apache.hadoop.hdfs.protocol.datatransfer.sasl.TestSaslDataTransfer.testNoSaslAndSecurePortsIgnored(TestSaslDataTransfer.java:190)
	at sun.reflect.NativeMethodAccessorImpl.invoke0(Native Method)
	at sun.reflect.NativeMethodAccessorImpl.invoke(NativeMethodAccessorImpl.java:62)
	at sun.reflect.DelegatingMethodAccessorImpl.invoke(DelegatingMethodAccessorImpl.java:43)
	at java.lang.reflect.Method.invoke(Method.java:498)
	at org.junit.runners.model.FrameworkMethod$1.runReflectiveCall(FrameworkMethod.java:50)
	at org.junit.internal.runners.model.ReflectiveCallable.run(ReflectiveCallable.java:12)
	at org.junit.runners.model.FrameworkMethod.invokeExplosively(FrameworkMethod.java:47)
	at org.junit.internal.runners.statements.InvokeMethod.evaluate(InvokeMethod.java:17)
	at org.junit.internal.runners.statements.RunAfters.evaluate(RunAfters.java:27)
	at org.junit.rules.ExpectedException$ExpectedExceptionStatement.evaluate(ExpectedException.java:239)
	at org.junit.internal.runners.statements.FailOnTimeout$CallableStatement.call(FailOnTimeout.java:298)
	at org.junit.internal.runners.statements.FailOnTimeout$CallableStatement.call(FailOnTimeout.java:292)
	at java.util.concurrent.FutureTask.run(FutureTask.java:266)
	at java.lang.Thread.run(Thread.java:748)


updating test result for file org.apache.hadoop.hdfs.protocol.datatransfer.sasl.TestSaslDataTransfer#testNoSaslAndSecurePortsIgnored
v1v1 running time = 20051633632
updating test result for file org.apache.hadoop.hdfs.protocol.datatransfer.sasl.TestSaslDataTransfer#testNoSaslAndSecurePortsIgnored
v2v2 running time = 18947048888
---> v1v1 and v2v2 test test suceeded.
updating test result for file org.apache.hadoop.hdfs.protocol.datatransfer.sasl.TestSaslDataTransfer#testNoSaslAndSecurePortsIgnored
v1v2 running time = 21043634890
---> v1v2 test failed.
proj: hdfs
u_test: org.apache.hadoop.hdfs.protocol.datatransfer.sasl.TestSaslDataTransfer#testNoSaslAndSecurePortsIgnored
h_list: dfs.blockreport.incremental.intervalMsec@@@hdfs:DataNode@@@-1@@@10000000@@@0
vv_mode: v1v2
result: FAIL
failureMessage: expected:<3> but was:<2>
stackTrace: java.lang.AssertionError: expected:<3> but was:<2>
	at org.junit.Assert.fail(Assert.java:88)
	at org.junit.Assert.failNotEquals(Assert.java:834)
	at org.junit.Assert.assertEquals(Assert.java:645)
	at org.junit.Assert.assertEquals(Assert.java:631)
	at org.apache.hadoop.hdfs.protocol.datatransfer.sasl.TestSaslDataTransfer.doTest(TestSaslDataTransfer.java:210)
	at org.apache.hadoop.hdfs.protocol.datatransfer.sasl.TestSaslDataTransfer.testNoSaslAndSecurePortsIgnored(TestSaslDataTransfer.java:190)
	at sun.reflect.NativeMethodAccessorImpl.invoke0(Native Method)
	at sun.reflect.NativeMethodAccessorImpl.invoke(NativeMethodAccessorImpl.java:62)
	at sun.reflect.DelegatingMethodAccessorImpl.invoke(DelegatingMethodAccessorImpl.java:43)
	at java.lang.reflect.Method.invoke(Method.java:498)
	at org.junit.runners.model.FrameworkMethod$1.runReflectiveCall(FrameworkMethod.java:50)
	at org.junit.internal.runners.model.ReflectiveCallable.run(ReflectiveCallable.java:12)
	at org.junit.runners.model.FrameworkMethod.invokeExplosively(FrameworkMethod.java:47)
	at org.junit.internal.runners.statements.InvokeMethod.evaluate(InvokeMethod.java:17)
	at org.junit.internal.runners.statements.RunAfters.evaluate(RunAfters.java:27)
	at org.junit.rules.ExpectedException$ExpectedExceptionStatement.evaluate(ExpectedException.java:239)
	at org.junit.internal.runners.statements.FailOnTimeout$CallableStatement.call(FailOnTimeout.java:298)
	at org.junit.internal.runners.statements.FailOnTimeout$CallableStatement.call(FailOnTimeout.java:292)
	at java.util.concurrent.FutureTask.run(FutureTask.java:266)
	at java.lang.Thread.run(Thread.java:748)


updating test result for file org.apache.hadoop.hdfs.protocol.datatransfer.sasl.TestSaslDataTransfer#testNoSaslAndSecurePortsIgnored
v1v1 running time = 23092818197
updating test result for file org.apache.hadoop.hdfs.protocol.datatransfer.sasl.TestSaslDataTransfer#testNoSaslAndSecurePortsIgnored
v2v2 running time = 16697698768
---> v1v1 and v2v2 test test suceeded.
updating test result for file org.apache.hadoop.hdfs.protocol.datatransfer.sasl.TestSaslDataTransfer#testNoSaslAndSecurePortsIgnored
v1v2 running time = 19938429398
---> v1v2 test failed.
proj: hdfs
u_test: org.apache.hadoop.hdfs.protocol.datatransfer.sasl.TestSaslDataTransfer#testNoSaslAndSecurePortsIgnored
h_list: dfs.blockreport.incremental.intervalMsec@@@hdfs:DataNode@@@-1@@@10000000@@@0
vv_mode: v1v2
result: FAIL
failureMessage: expected:<3> but was:<2>
stackTrace: java.lang.AssertionError: expected:<3> but was:<2>
	at org.junit.Assert.fail(Assert.java:88)
	at org.junit.Assert.failNotEquals(Assert.java:834)
	at org.junit.Assert.assertEquals(Assert.java:645)
	at org.junit.Assert.assertEquals(Assert.java:631)
	at org.apache.hadoop.hdfs.protocol.datatransfer.sasl.TestSaslDataTransfer.doTest(TestSaslDataTransfer.java:210)
	at org.apache.hadoop.hdfs.protocol.datatransfer.sasl.TestSaslDataTransfer.testNoSaslAndSecurePortsIgnored(TestSaslDataTransfer.java:190)
	at sun.reflect.NativeMethodAccessorImpl.invoke0(Native Method)
	at sun.reflect.NativeMethodAccessorImpl.invoke(NativeMethodAccessorImpl.java:62)
	at sun.reflect.DelegatingMethodAccessorImpl.invoke(DelegatingMethodAccessorImpl.java:43)
	at java.lang.reflect.Method.invoke(Method.java:498)
	at org.junit.runners.model.FrameworkMethod$1.runReflectiveCall(FrameworkMethod.java:50)
	at org.junit.internal.runners.model.ReflectiveCallable.run(ReflectiveCallable.java:12)
	at org.junit.runners.model.FrameworkMethod.invokeExplosively(FrameworkMethod.java:47)
	at org.junit.internal.runners.statements.InvokeMethod.evaluate(InvokeMethod.java:17)
	at org.junit.internal.runners.statements.RunAfters.evaluate(RunAfters.java:27)
	at org.junit.rules.ExpectedException$ExpectedExceptionStatement.evaluate(ExpectedException.java:239)
	at org.junit.internal.runners.statements.FailOnTimeout$CallableStatement.call(FailOnTimeout.java:298)
	at org.junit.internal.runners.statements.FailOnTimeout$CallableStatement.call(FailOnTimeout.java:292)
	at java.util.concurrent.FutureTask.run(FutureTask.java:266)
	at java.lang.Thread.run(Thread.java:748)


updating test result for file org.apache.hadoop.hdfs.protocol.datatransfer.sasl.TestSaslDataTransfer#testNoSaslAndSecurePortsIgnored
v1v1 running time = 21681241005
updating test result for file org.apache.hadoop.hdfs.protocol.datatransfer.sasl.TestSaslDataTransfer#testNoSaslAndSecurePortsIgnored
v2v2 running time = 17094561105
---> v1v1 and v2v2 test test suceeded.
updating test result for file org.apache.hadoop.hdfs.protocol.datatransfer.sasl.TestSaslDataTransfer#testNoSaslAndSecurePortsIgnored
v1v2 running time = 22825614046
---> v1v2 test failed.
proj: hdfs
u_test: org.apache.hadoop.hdfs.protocol.datatransfer.sasl.TestSaslDataTransfer#testNoSaslAndSecurePortsIgnored
h_list: dfs.blockreport.incremental.intervalMsec@@@hdfs:DataNode@@@-1@@@10000000@@@0
vv_mode: v1v2
result: FAIL
failureMessage: expected:<3> but was:<2>
stackTrace: java.lang.AssertionError: expected:<3> but was:<2>
	at org.junit.Assert.fail(Assert.java:88)
	at org.junit.Assert.failNotEquals(Assert.java:834)
	at org.junit.Assert.assertEquals(Assert.java:645)
	at org.junit.Assert.assertEquals(Assert.java:631)
	at org.apache.hadoop.hdfs.protocol.datatransfer.sasl.TestSaslDataTransfer.doTest(TestSaslDataTransfer.java:210)
	at org.apache.hadoop.hdfs.protocol.datatransfer.sasl.TestSaslDataTransfer.testNoSaslAndSecurePortsIgnored(TestSaslDataTransfer.java:190)
	at sun.reflect.NativeMethodAccessorImpl.invoke0(Native Method)
	at sun.reflect.NativeMethodAccessorImpl.invoke(NativeMethodAccessorImpl.java:62)
	at sun.reflect.DelegatingMethodAccessorImpl.invoke(DelegatingMethodAccessorImpl.java:43)
	at java.lang.reflect.Method.invoke(Method.java:498)
	at org.junit.runners.model.FrameworkMethod$1.runReflectiveCall(FrameworkMethod.java:50)
	at org.junit.internal.runners.model.ReflectiveCallable.run(ReflectiveCallable.java:12)
	at org.junit.runners.model.FrameworkMethod.invokeExplosively(FrameworkMethod.java:47)
	at org.junit.internal.runners.statements.InvokeMethod.evaluate(InvokeMethod.java:17)
	at org.junit.internal.runners.statements.RunAfters.evaluate(RunAfters.java:27)
	at org.junit.rules.ExpectedException$ExpectedExceptionStatement.evaluate(ExpectedException.java:239)
	at org.junit.internal.runners.statements.FailOnTimeout$CallableStatement.call(FailOnTimeout.java:298)
	at org.junit.internal.runners.statements.FailOnTimeout$CallableStatement.call(FailOnTimeout.java:292)
	at java.util.concurrent.FutureTask.run(FutureTask.java:266)
	at java.lang.Thread.run(Thread.java:748)


updating test result for file org.apache.hadoop.hdfs.protocol.datatransfer.sasl.TestSaslDataTransfer#testNoSaslAndSecurePortsIgnored
v1v1 running time = 24547918716
updating test result for file org.apache.hadoop.hdfs.protocol.datatransfer.sasl.TestSaslDataTransfer#testNoSaslAndSecurePortsIgnored
v2v2 running time = 23454351428
---> v1v1 and v2v2 test test suceeded.
updating test result for file org.apache.hadoop.hdfs.protocol.datatransfer.sasl.TestSaslDataTransfer#testNoSaslAndSecurePortsIgnored
v1v2 running time = 20110801599
---> v1v2 test failed.
proj: hdfs
u_test: org.apache.hadoop.hdfs.protocol.datatransfer.sasl.TestSaslDataTransfer#testNoSaslAndSecurePortsIgnored
h_list: dfs.blockreport.incremental.intervalMsec@@@hdfs:DataNode@@@-1@@@10000000@@@0
vv_mode: v1v2
result: FAIL
failureMessage: expected:<3> but was:<2>
stackTrace: java.lang.AssertionError: expected:<3> but was:<2>
	at org.junit.Assert.fail(Assert.java:88)
	at org.junit.Assert.failNotEquals(Assert.java:834)
	at org.junit.Assert.assertEquals(Assert.java:645)
	at org.junit.Assert.assertEquals(Assert.java:631)
	at org.apache.hadoop.hdfs.protocol.datatransfer.sasl.TestSaslDataTransfer.doTest(TestSaslDataTransfer.java:210)
	at org.apache.hadoop.hdfs.protocol.datatransfer.sasl.TestSaslDataTransfer.testNoSaslAndSecurePortsIgnored(TestSaslDataTransfer.java:190)
	at sun.reflect.NativeMethodAccessorImpl.invoke0(Native Method)
	at sun.reflect.NativeMethodAccessorImpl.invoke(NativeMethodAccessorImpl.java:62)
	at sun.reflect.DelegatingMethodAccessorImpl.invoke(DelegatingMethodAccessorImpl.java:43)
	at java.lang.reflect.Method.invoke(Method.java:498)
	at org.junit.runners.model.FrameworkMethod$1.runReflectiveCall(FrameworkMethod.java:50)
	at org.junit.internal.runners.model.ReflectiveCallable.run(ReflectiveCallable.java:12)
	at org.junit.runners.model.FrameworkMethod.invokeExplosively(FrameworkMethod.java:47)
	at org.junit.internal.runners.statements.InvokeMethod.evaluate(InvokeMethod.java:17)
	at org.junit.internal.runners.statements.RunAfters.evaluate(RunAfters.java:27)
	at org.junit.rules.ExpectedException$ExpectedExceptionStatement.evaluate(ExpectedException.java:239)
	at org.junit.internal.runners.statements.FailOnTimeout$CallableStatement.call(FailOnTimeout.java:298)
	at org.junit.internal.runners.statements.FailOnTimeout$CallableStatement.call(FailOnTimeout.java:292)
	at java.util.concurrent.FutureTask.run(FutureTask.java:266)
	at java.lang.Thread.run(Thread.java:748)


updating test result for file org.apache.hadoop.hdfs.protocol.datatransfer.sasl.TestSaslDataTransfer#testNoSaslAndSecurePortsIgnored
v1v1 running time = 24377653273
updating test result for file org.apache.hadoop.hdfs.protocol.datatransfer.sasl.TestSaslDataTransfer#testNoSaslAndSecurePortsIgnored
v2v2 running time = 20377522283
---> v1v1 and v2v2 test test suceeded.
updating test result for file org.apache.hadoop.hdfs.protocol.datatransfer.sasl.TestSaslDataTransfer#testNoSaslAndSecurePortsIgnored
v1v2 running time = 23274999111
---> v1v2 test failed.
proj: hdfs
u_test: org.apache.hadoop.hdfs.protocol.datatransfer.sasl.TestSaslDataTransfer#testNoSaslAndSecurePortsIgnored
h_list: dfs.blockreport.incremental.intervalMsec@@@hdfs:DataNode@@@-1@@@10000000@@@0
vv_mode: v1v2
result: FAIL
failureMessage: expected:<3> but was:<2>
stackTrace: java.lang.AssertionError: expected:<3> but was:<2>
	at org.junit.Assert.fail(Assert.java:88)
	at org.junit.Assert.failNotEquals(Assert.java:834)
	at org.junit.Assert.assertEquals(Assert.java:645)
	at org.junit.Assert.assertEquals(Assert.java:631)
	at org.apache.hadoop.hdfs.protocol.datatransfer.sasl.TestSaslDataTransfer.doTest(TestSaslDataTransfer.java:210)
	at org.apache.hadoop.hdfs.protocol.datatransfer.sasl.TestSaslDataTransfer.testNoSaslAndSecurePortsIgnored(TestSaslDataTransfer.java:190)
	at sun.reflect.NativeMethodAccessorImpl.invoke0(Native Method)
	at sun.reflect.NativeMethodAccessorImpl.invoke(NativeMethodAccessorImpl.java:62)
	at sun.reflect.DelegatingMethodAccessorImpl.invoke(DelegatingMethodAccessorImpl.java:43)
	at java.lang.reflect.Method.invoke(Method.java:498)
	at org.junit.runners.model.FrameworkMethod$1.runReflectiveCall(FrameworkMethod.java:50)
	at org.junit.internal.runners.model.ReflectiveCallable.run(ReflectiveCallable.java:12)
	at org.junit.runners.model.FrameworkMethod.invokeExplosively(FrameworkMethod.java:47)
	at org.junit.internal.runners.statements.InvokeMethod.evaluate(InvokeMethod.java:17)
	at org.junit.internal.runners.statements.RunAfters.evaluate(RunAfters.java:27)
	at org.junit.rules.ExpectedException$ExpectedExceptionStatement.evaluate(ExpectedException.java:239)
	at org.junit.internal.runners.statements.FailOnTimeout$CallableStatement.call(FailOnTimeout.java:298)
	at org.junit.internal.runners.statements.FailOnTimeout$CallableStatement.call(FailOnTimeout.java:292)
	at java.util.concurrent.FutureTask.run(FutureTask.java:266)
	at java.lang.Thread.run(Thread.java:748)


updating test result for file org.apache.hadoop.hdfs.protocol.datatransfer.sasl.TestSaslDataTransfer#testNoSaslAndSecurePortsIgnored
v1v1 running time = 28871811084
updating test result for file org.apache.hadoop.hdfs.protocol.datatransfer.sasl.TestSaslDataTransfer#testNoSaslAndSecurePortsIgnored
v2v2 running time = 24299275852
---> v1v1 and v2v2 test test suceeded.
early stop after 7 is satisfied
v1v2 failed with probability 7 out of 7
v1v1v2v2 failed with probability 0 out of 7
Total execution time in seconds : 440
0
