my_type=hypothesis
proj=hdfs
u_test=org.apache.hadoop.hdfs.server.namenode.TestListCorruptFileBlocks#testMaxCorruptFiles
h_list[1]=dfs.namenode.max-corrupt-file-blocks-returned@@@hdfs:NameNode@@@1@@@100@@@10
proj: hdfs
u_test: org.apache.hadoop.hdfs.server.namenode.TestListCorruptFileBlocks#testMaxCorruptFiles
h_list: dfs.namenode.max-corrupt-file-blocks-returned@@@hdfs:NameNode@@@1@@@100@@@10
updating test result for file org.apache.hadoop.hdfs.server.namenode.TestListCorruptFileBlocks#testMaxCorruptFiles
v1v2 running time = 313253512299
---> v1v2 test failed.
proj: hdfs
u_test: org.apache.hadoop.hdfs.server.namenode.TestListCorruptFileBlocks#testMaxCorruptFiles
h_list: dfs.namenode.max-corrupt-file-blocks-returned@@@hdfs:NameNode@@@1@@@100@@@10
vv_mode: v1v2
result: FAIL
failureMessage: test timed out after 300000 milliseconds
stackTrace: org.junit.runners.model.TestTimedOutException: test timed out after 300000 milliseconds
	at java.lang.Thread.sleep(Native Method)
	at org.apache.hadoop.hdfs.server.namenode.TestListCorruptFileBlocks.testMaxCorruptFiles(TestListCorruptFileBlocks.java:508)
	at sun.reflect.NativeMethodAccessorImpl.invoke0(Native Method)
	at sun.reflect.NativeMethodAccessorImpl.invoke(NativeMethodAccessorImpl.java:62)
	at sun.reflect.DelegatingMethodAccessorImpl.invoke(DelegatingMethodAccessorImpl.java:43)
	at java.lang.reflect.Method.invoke(Method.java:498)
	at org.junit.runners.model.FrameworkMethod$1.runReflectiveCall(FrameworkMethod.java:50)
	at org.junit.internal.runners.model.ReflectiveCallable.run(ReflectiveCallable.java:12)
	at org.junit.runners.model.FrameworkMethod.invokeExplosively(FrameworkMethod.java:47)
	at org.junit.internal.runners.statements.InvokeMethod.evaluate(InvokeMethod.java:17)
	at org.junit.internal.runners.statements.FailOnTimeout$CallableStatement.call(FailOnTimeout.java:298)
	at org.junit.internal.runners.statements.FailOnTimeout$CallableStatement.call(FailOnTimeout.java:292)
	at java.util.concurrent.FutureTask.run(FutureTask.java:266)
	at java.lang.Thread.run(Thread.java:748)


updating test result for file org.apache.hadoop.hdfs.server.namenode.TestListCorruptFileBlocks#testMaxCorruptFiles
v1v1 running time = 91841723856
updating test result for file org.apache.hadoop.hdfs.server.namenode.TestListCorruptFileBlocks#testMaxCorruptFiles
v2v2 running time = 32024436049
---> v1v1 and v2v2 test test suceeded.
updating test result for file org.apache.hadoop.hdfs.server.namenode.TestListCorruptFileBlocks#testMaxCorruptFiles
v1v2 running time = 309155125345
---> v1v2 test failed.
proj: hdfs
u_test: org.apache.hadoop.hdfs.server.namenode.TestListCorruptFileBlocks#testMaxCorruptFiles
h_list: dfs.namenode.max-corrupt-file-blocks-returned@@@hdfs:NameNode@@@1@@@100@@@10
vv_mode: v1v2
result: FAIL
failureMessage: test timed out after 300000 milliseconds
stackTrace: org.junit.runners.model.TestTimedOutException: test timed out after 300000 milliseconds
	at java.lang.Thread.sleep(Native Method)
	at org.apache.hadoop.hdfs.server.namenode.TestListCorruptFileBlocks.testMaxCorruptFiles(TestListCorruptFileBlocks.java:508)
	at sun.reflect.NativeMethodAccessorImpl.invoke0(Native Method)
	at sun.reflect.NativeMethodAccessorImpl.invoke(NativeMethodAccessorImpl.java:62)
	at sun.reflect.DelegatingMethodAccessorImpl.invoke(DelegatingMethodAccessorImpl.java:43)
	at java.lang.reflect.Method.invoke(Method.java:498)
	at org.junit.runners.model.FrameworkMethod$1.runReflectiveCall(FrameworkMethod.java:50)
	at org.junit.internal.runners.model.ReflectiveCallable.run(ReflectiveCallable.java:12)
	at org.junit.runners.model.FrameworkMethod.invokeExplosively(FrameworkMethod.java:47)
	at org.junit.internal.runners.statements.InvokeMethod.evaluate(InvokeMethod.java:17)
	at org.junit.internal.runners.statements.FailOnTimeout$CallableStatement.call(FailOnTimeout.java:298)
	at org.junit.internal.runners.statements.FailOnTimeout$CallableStatement.call(FailOnTimeout.java:292)
	at java.util.concurrent.FutureTask.run(FutureTask.java:266)
	at java.lang.Thread.run(Thread.java:748)


updating test result for file org.apache.hadoop.hdfs.server.namenode.TestListCorruptFileBlocks#testMaxCorruptFiles
v1v1 running time = 98407457134
updating test result for file org.apache.hadoop.hdfs.server.namenode.TestListCorruptFileBlocks#testMaxCorruptFiles
v2v2 running time = 37181473914
---> v1v1 and v2v2 test test suceeded.
updating test result for file org.apache.hadoop.hdfs.server.namenode.TestListCorruptFileBlocks#testMaxCorruptFiles
v1v2 running time = 315221491069
---> v1v2 test failed.
proj: hdfs
u_test: org.apache.hadoop.hdfs.server.namenode.TestListCorruptFileBlocks#testMaxCorruptFiles
h_list: dfs.namenode.max-corrupt-file-blocks-returned@@@hdfs:NameNode@@@1@@@100@@@10
vv_mode: v1v2
result: FAIL
failureMessage: test timed out after 300000 milliseconds
stackTrace: org.junit.runners.model.TestTimedOutException: test timed out after 300000 milliseconds
	at java.lang.Thread.sleep(Native Method)
	at org.apache.hadoop.hdfs.server.namenode.TestListCorruptFileBlocks.testMaxCorruptFiles(TestListCorruptFileBlocks.java:508)
	at sun.reflect.NativeMethodAccessorImpl.invoke0(Native Method)
	at sun.reflect.NativeMethodAccessorImpl.invoke(NativeMethodAccessorImpl.java:62)
	at sun.reflect.DelegatingMethodAccessorImpl.invoke(DelegatingMethodAccessorImpl.java:43)
	at java.lang.reflect.Method.invoke(Method.java:498)
	at org.junit.runners.model.FrameworkMethod$1.runReflectiveCall(FrameworkMethod.java:50)
	at org.junit.internal.runners.model.ReflectiveCallable.run(ReflectiveCallable.java:12)
	at org.junit.runners.model.FrameworkMethod.invokeExplosively(FrameworkMethod.java:47)
	at org.junit.internal.runners.statements.InvokeMethod.evaluate(InvokeMethod.java:17)
	at org.junit.internal.runners.statements.FailOnTimeout$CallableStatement.call(FailOnTimeout.java:298)
	at org.junit.internal.runners.statements.FailOnTimeout$CallableStatement.call(FailOnTimeout.java:292)
	at java.util.concurrent.FutureTask.run(FutureTask.java:266)
	at java.lang.Thread.run(Thread.java:748)


updating test result for file org.apache.hadoop.hdfs.server.namenode.TestListCorruptFileBlocks#testMaxCorruptFiles
v1v1 running time = 100952799178
updating test result for file org.apache.hadoop.hdfs.server.namenode.TestListCorruptFileBlocks#testMaxCorruptFiles
v2v2 running time = 28439178224
---> v1v1 and v2v2 test test suceeded.
updating test result for file org.apache.hadoop.hdfs.server.namenode.TestListCorruptFileBlocks#testMaxCorruptFiles
v1v2 running time = 308707357309
---> v1v2 test failed.
proj: hdfs
u_test: org.apache.hadoop.hdfs.server.namenode.TestListCorruptFileBlocks#testMaxCorruptFiles
h_list: dfs.namenode.max-corrupt-file-blocks-returned@@@hdfs:NameNode@@@1@@@100@@@10
vv_mode: v1v2
result: FAIL
failureMessage: test timed out after 300000 milliseconds
stackTrace: org.junit.runners.model.TestTimedOutException: test timed out after 300000 milliseconds
	at java.lang.Thread.sleep(Native Method)
	at org.apache.hadoop.hdfs.server.namenode.TestListCorruptFileBlocks.testMaxCorruptFiles(TestListCorruptFileBlocks.java:508)
	at sun.reflect.NativeMethodAccessorImpl.invoke0(Native Method)
	at sun.reflect.NativeMethodAccessorImpl.invoke(NativeMethodAccessorImpl.java:62)
	at sun.reflect.DelegatingMethodAccessorImpl.invoke(DelegatingMethodAccessorImpl.java:43)
	at java.lang.reflect.Method.invoke(Method.java:498)
	at org.junit.runners.model.FrameworkMethod$1.runReflectiveCall(FrameworkMethod.java:50)
	at org.junit.internal.runners.model.ReflectiveCallable.run(ReflectiveCallable.java:12)
	at org.junit.runners.model.FrameworkMethod.invokeExplosively(FrameworkMethod.java:47)
	at org.junit.internal.runners.statements.InvokeMethod.evaluate(InvokeMethod.java:17)
	at org.junit.internal.runners.statements.FailOnTimeout$CallableStatement.call(FailOnTimeout.java:298)
	at org.junit.internal.runners.statements.FailOnTimeout$CallableStatement.call(FailOnTimeout.java:292)
	at java.util.concurrent.FutureTask.run(FutureTask.java:266)
	at java.lang.Thread.run(Thread.java:748)


updating test result for file org.apache.hadoop.hdfs.server.namenode.TestListCorruptFileBlocks#testMaxCorruptFiles
v1v1 running time = 88823504509
updating test result for file org.apache.hadoop.hdfs.server.namenode.TestListCorruptFileBlocks#testMaxCorruptFiles
v2v2 running time = 40866594806
---> v1v1 and v2v2 test test suceeded.
updating test result for file org.apache.hadoop.hdfs.server.namenode.TestListCorruptFileBlocks#testMaxCorruptFiles
v1v2 running time = 310314532089
---> v1v2 test failed.
proj: hdfs
u_test: org.apache.hadoop.hdfs.server.namenode.TestListCorruptFileBlocks#testMaxCorruptFiles
h_list: dfs.namenode.max-corrupt-file-blocks-returned@@@hdfs:NameNode@@@1@@@100@@@10
vv_mode: v1v2
result: FAIL
failureMessage: test timed out after 300000 milliseconds
stackTrace: org.junit.runners.model.TestTimedOutException: test timed out after 300000 milliseconds
	at java.lang.Thread.sleep(Native Method)
	at org.apache.hadoop.hdfs.server.namenode.TestListCorruptFileBlocks.testMaxCorruptFiles(TestListCorruptFileBlocks.java:508)
	at sun.reflect.NativeMethodAccessorImpl.invoke0(Native Method)
	at sun.reflect.NativeMethodAccessorImpl.invoke(NativeMethodAccessorImpl.java:62)
	at sun.reflect.DelegatingMethodAccessorImpl.invoke(DelegatingMethodAccessorImpl.java:43)
	at java.lang.reflect.Method.invoke(Method.java:498)
	at org.junit.runners.model.FrameworkMethod$1.runReflectiveCall(FrameworkMethod.java:50)
	at org.junit.internal.runners.model.ReflectiveCallable.run(ReflectiveCallable.java:12)
	at org.junit.runners.model.FrameworkMethod.invokeExplosively(FrameworkMethod.java:47)
	at org.junit.internal.runners.statements.InvokeMethod.evaluate(InvokeMethod.java:17)
	at org.junit.internal.runners.statements.FailOnTimeout$CallableStatement.call(FailOnTimeout.java:298)
	at org.junit.internal.runners.statements.FailOnTimeout$CallableStatement.call(FailOnTimeout.java:292)
	at java.util.concurrent.FutureTask.run(FutureTask.java:266)
	at java.lang.Thread.run(Thread.java:748)


updating test result for file org.apache.hadoop.hdfs.server.namenode.TestListCorruptFileBlocks#testMaxCorruptFiles
v1v1 running time = 88050850494
updating test result for file org.apache.hadoop.hdfs.server.namenode.TestListCorruptFileBlocks#testMaxCorruptFiles
v2v2 running time = 26860117444
---> v1v1 and v2v2 test test suceeded.
updating test result for file org.apache.hadoop.hdfs.server.namenode.TestListCorruptFileBlocks#testMaxCorruptFiles
v1v2 running time = 308385645641
---> v1v2 test failed.
proj: hdfs
u_test: org.apache.hadoop.hdfs.server.namenode.TestListCorruptFileBlocks#testMaxCorruptFiles
h_list: dfs.namenode.max-corrupt-file-blocks-returned@@@hdfs:NameNode@@@1@@@100@@@10
vv_mode: v1v2
result: FAIL
failureMessage: test timed out after 300000 milliseconds
stackTrace: org.junit.runners.model.TestTimedOutException: test timed out after 300000 milliseconds
	at java.lang.Thread.sleep(Native Method)
	at org.apache.hadoop.hdfs.server.namenode.TestListCorruptFileBlocks.testMaxCorruptFiles(TestListCorruptFileBlocks.java:508)
	at sun.reflect.NativeMethodAccessorImpl.invoke0(Native Method)
	at sun.reflect.NativeMethodAccessorImpl.invoke(NativeMethodAccessorImpl.java:62)
	at sun.reflect.DelegatingMethodAccessorImpl.invoke(DelegatingMethodAccessorImpl.java:43)
	at java.lang.reflect.Method.invoke(Method.java:498)
	at org.junit.runners.model.FrameworkMethod$1.runReflectiveCall(FrameworkMethod.java:50)
	at org.junit.internal.runners.model.ReflectiveCallable.run(ReflectiveCallable.java:12)
	at org.junit.runners.model.FrameworkMethod.invokeExplosively(FrameworkMethod.java:47)
	at org.junit.internal.runners.statements.InvokeMethod.evaluate(InvokeMethod.java:17)
	at org.junit.internal.runners.statements.FailOnTimeout$CallableStatement.call(FailOnTimeout.java:298)
	at org.junit.internal.runners.statements.FailOnTimeout$CallableStatement.call(FailOnTimeout.java:292)
	at java.util.concurrent.FutureTask.run(FutureTask.java:266)
	at java.lang.Thread.run(Thread.java:748)


updating test result for file org.apache.hadoop.hdfs.server.namenode.TestListCorruptFileBlocks#testMaxCorruptFiles
v1v1 running time = 82754574881
updating test result for file org.apache.hadoop.hdfs.server.namenode.TestListCorruptFileBlocks#testMaxCorruptFiles
v2v2 running time = 26243402387
---> v1v1 and v2v2 test test suceeded.
updating test result for file org.apache.hadoop.hdfs.server.namenode.TestListCorruptFileBlocks#testMaxCorruptFiles
v1v2 running time = 308411289895
---> v1v2 test failed.
proj: hdfs
u_test: org.apache.hadoop.hdfs.server.namenode.TestListCorruptFileBlocks#testMaxCorruptFiles
h_list: dfs.namenode.max-corrupt-file-blocks-returned@@@hdfs:NameNode@@@1@@@100@@@10
vv_mode: v1v2
result: FAIL
failureMessage: test timed out after 300000 milliseconds
stackTrace: org.junit.runners.model.TestTimedOutException: test timed out after 300000 milliseconds
	at java.lang.Thread.sleep(Native Method)
	at org.apache.hadoop.hdfs.server.namenode.TestListCorruptFileBlocks.testMaxCorruptFiles(TestListCorruptFileBlocks.java:508)
	at sun.reflect.NativeMethodAccessorImpl.invoke0(Native Method)
	at sun.reflect.NativeMethodAccessorImpl.invoke(NativeMethodAccessorImpl.java:62)
	at sun.reflect.DelegatingMethodAccessorImpl.invoke(DelegatingMethodAccessorImpl.java:43)
	at java.lang.reflect.Method.invoke(Method.java:498)
	at org.junit.runners.model.FrameworkMethod$1.runReflectiveCall(FrameworkMethod.java:50)
	at org.junit.internal.runners.model.ReflectiveCallable.run(ReflectiveCallable.java:12)
	at org.junit.runners.model.FrameworkMethod.invokeExplosively(FrameworkMethod.java:47)
	at org.junit.internal.runners.statements.InvokeMethod.evaluate(InvokeMethod.java:17)
	at org.junit.internal.runners.statements.FailOnTimeout$CallableStatement.call(FailOnTimeout.java:298)
	at org.junit.internal.runners.statements.FailOnTimeout$CallableStatement.call(FailOnTimeout.java:292)
	at java.util.concurrent.FutureTask.run(FutureTask.java:266)
	at java.lang.Thread.run(Thread.java:748)


updating test result for file org.apache.hadoop.hdfs.server.namenode.TestListCorruptFileBlocks#testMaxCorruptFiles
v1v1 running time = 87911499366
updating test result for file org.apache.hadoop.hdfs.server.namenode.TestListCorruptFileBlocks#testMaxCorruptFiles
v2v2 running time = 27798098407
---> v1v1 and v2v2 test test suceeded.
early stop after 7 is satisfied
v1v2 failed with probability 7 out of 7
v1v1v2v2 failed with probability 0 out of 7
Total execution time in seconds : 3031
0
